<?xml version="1.0" encoding="UTF-8"?>
<testsuite xmlns:xsi="http://www.w3.org/2001/XMLSchema-instance" xsi:noNamespaceSchemaLocation="https://maven.apache.org/surefire/maven-failsafe-plugin/xsd/failsafe-test-report-3.0.xsd" version="3.0" name="org.mybatis.jpetstore.ScreenTransitionIT" time="147.179" tests="10" errors="0" skipped="0" failures="3">
  <properties>
    <property name="java.specification.version" value="13"/>
    <property name="sun.cpu.isalist" value="amd64"/>
    <property name="sun.jnu.encoding" value="Cp1252"/>
    <property name="java.class.path" value="C:\Users\Pascal.ZARAGOZA\eclipse-workspace\000-testprint\frontend\target\test-classes;C:\Users\Pascal.ZARAGOZA\eclipse-workspace\000-testprint\frontend\target\classes;C:\Users\Pascal.ZARAGOZA\.m2\repository\junit\junit\3.8.1\junit-3.8.1.jar;C:\Users\Pascal.ZARAGOZA\.m2\repository\org\mybatis\mybatis\3.5.4\mybatis-3.5.4.jar;C:\Users\Pascal.ZARAGOZA\.m2\repository\org\mybatis\mybatis-spring\2.0.4\mybatis-spring-2.0.4.jar;C:\Users\Pascal.ZARAGOZA\.m2\repository\org\springframework\spring-context\5.2.5.RELEASE\spring-context-5.2.5.RELEASE.jar;C:\Users\Pascal.ZARAGOZA\.m2\repository\org\springframework\spring-aop\5.2.5.RELEASE\spring-aop-5.2.5.RELEASE.jar;C:\Users\Pascal.ZARAGOZA\.m2\repository\org\springframework\spring-beans\5.2.5.RELEASE\spring-beans-5.2.5.RELEASE.jar;C:\Users\Pascal.ZARAGOZA\.m2\repository\org\springframework\spring-core\5.2.5.RELEASE\spring-core-5.2.5.RELEASE.jar;C:\Users\Pascal.ZARAGOZA\.m2\repository\org\springframework\spring-jcl\5.2.5.RELEASE\spring-jcl-5.2.5.RELEASE.jar;C:\Users\Pascal.ZARAGOZA\.m2\repository\org\springframework\spring-expression\5.2.5.RELEASE\spring-expression-5.2.5.RELEASE.jar;C:\Users\Pascal.ZARAGOZA\.m2\repository\org\springframework\spring-jdbc\5.2.5.RELEASE\spring-jdbc-5.2.5.RELEASE.jar;C:\Users\Pascal.ZARAGOZA\.m2\repository\org\springframework\spring-tx\5.2.5.RELEASE\spring-tx-5.2.5.RELEASE.jar;C:\Users\Pascal.ZARAGOZA\.m2\repository\net\sourceforge\stripes\stripes\1.6.0\stripes-1.6.0.jar;C:\Users\Pascal.ZARAGOZA\.m2\repository\commons-logging\commons-logging\1.1.3\commons-logging-1.1.3.jar;C:\Users\Pascal.ZARAGOZA\.m2\repository\org\apache\taglibs\taglibs-standard-spec\1.2.5\taglibs-standard-spec-1.2.5.jar;C:\Users\Pascal.ZARAGOZA\.m2\repository\org\apache\taglibs\taglibs-standard-impl\1.2.5\taglibs-standard-impl-1.2.5.jar;C:\Users\Pascal.ZARAGOZA\.m2\repository\javax\servlet\jsp\javax.servlet.jsp-api\2.3.3\javax.servlet.jsp-api-2.3.3.jar;C:\Users\Pascal.ZARAGOZA\.m2\repository\javax\servlet\javax.servlet-api\4.0.1\javax.servlet-api-4.0.1.jar;C:\Users\Pascal.ZARAGOZA\.m2\repository\log4j\log4j\1.2.17\log4j-1.2.17.jar;C:\Users\Pascal.ZARAGOZA\.m2\repository\org\hsqldb\hsqldb\2.5.0\hsqldb-2.5.0.jar;C:\Users\Pascal.ZARAGOZA\.m2\repository\org\junit\jupiter\junit-jupiter-engine\5.6.1\junit-jupiter-engine-5.6.1.jar;C:\Users\Pascal.ZARAGOZA\.m2\repository\org\apiguardian\apiguardian-api\1.1.0\apiguardian-api-1.1.0.jar;C:\Users\Pascal.ZARAGOZA\.m2\repository\org\junit\platform\junit-platform-engine\1.6.1\junit-platform-engine-1.6.1.jar;C:\Users\Pascal.ZARAGOZA\.m2\repository\org\opentest4j\opentest4j\1.2.0\opentest4j-1.2.0.jar;C:\Users\Pascal.ZARAGOZA\.m2\repository\org\junit\platform\junit-platform-commons\1.6.1\junit-platform-commons-1.6.1.jar;C:\Users\Pascal.ZARAGOZA\.m2\repository\org\junit\jupiter\junit-jupiter-api\5.6.1\junit-jupiter-api-5.6.1.jar;C:\Users\Pascal.ZARAGOZA\.m2\repository\org\mockito\mockito-core\3.3.3\mockito-core-3.3.3.jar;C:\Users\Pascal.ZARAGOZA\.m2\repository\net\bytebuddy\byte-buddy\1.10.5\byte-buddy-1.10.5.jar;C:\Users\Pascal.ZARAGOZA\.m2\repository\net\bytebuddy\byte-buddy-agent\1.10.5\byte-buddy-agent-1.10.5.jar;C:\Users\Pascal.ZARAGOZA\.m2\repository\org\objenesis\objenesis\2.6\objenesis-2.6.jar;C:\Users\Pascal.ZARAGOZA\.m2\repository\org\mockito\mockito-junit-jupiter\3.3.3\mockito-junit-jupiter-3.3.3.jar;C:\Users\Pascal.ZARAGOZA\.m2\repository\org\assertj\assertj-core\3.15.0\assertj-core-3.15.0.jar;C:\Users\Pascal.ZARAGOZA\.m2\repository\com\codeborne\selenide\5.10.0\selenide-5.10.0.jar;C:\Users\Pascal.ZARAGOZA\.m2\repository\org\seleniumhq\selenium\selenium-java\3.141.59\selenium-java-3.141.59.jar;C:\Users\Pascal.ZARAGOZA\.m2\repository\org\seleniumhq\selenium\selenium-chrome-driver\3.141.59\selenium-chrome-driver-3.141.59.jar;C:\Users\Pascal.ZARAGOZA\.m2\repository\org\seleniumhq\selenium\selenium-edge-driver\3.141.59\selenium-edge-driver-3.141.59.jar;C:\Users\Pascal.ZARAGOZA\.m2\repository\org\seleniumhq\selenium\selenium-firefox-driver\3.141.59\selenium-firefox-driver-3.141.59.jar;C:\Users\Pascal.ZARAGOZA\.m2\repository\org\seleniumhq\selenium\selenium-ie-driver\3.141.59\selenium-ie-driver-3.141.59.jar;C:\Users\Pascal.ZARAGOZA\.m2\repository\org\seleniumhq\selenium\selenium-opera-driver\3.141.59\selenium-opera-driver-3.141.59.jar;C:\Users\Pascal.ZARAGOZA\.m2\repository\org\seleniumhq\selenium\selenium-remote-driver\3.141.59\selenium-remote-driver-3.141.59.jar;C:\Users\Pascal.ZARAGOZA\.m2\repository\org\seleniumhq\selenium\selenium-safari-driver\3.141.59\selenium-safari-driver-3.141.59.jar;C:\Users\Pascal.ZARAGOZA\.m2\repository\org\apache\commons\commons-exec\1.3\commons-exec-1.3.jar;C:\Users\Pascal.ZARAGOZA\.m2\repository\com\google\guava\guava\25.0-jre\guava-25.0-jre.jar;C:\Users\Pascal.ZARAGOZA\.m2\repository\com\google\code\findbugs\jsr305\1.3.9\jsr305-1.3.9.jar;C:\Users\Pascal.ZARAGOZA\.m2\repository\org\checkerframework\checker-compat-qual\2.0.0\checker-compat-qual-2.0.0.jar;C:\Users\Pascal.ZARAGOZA\.m2\repository\com\google\errorprone\error_prone_annotations\2.1.3\error_prone_annotations-2.1.3.jar;C:\Users\Pascal.ZARAGOZA\.m2\repository\com\google\j2objc\j2objc-annotations\1.1\j2objc-annotations-1.1.jar;C:\Users\Pascal.ZARAGOZA\.m2\repository\org\codehaus\mojo\animal-sniffer-annotations\1.14\animal-sniffer-annotations-1.14.jar;C:\Users\Pascal.ZARAGOZA\.m2\repository\com\squareup\okhttp3\okhttp\3.11.0\okhttp-3.11.0.jar;C:\Users\Pascal.ZARAGOZA\.m2\repository\com\squareup\okio\okio\1.14.0\okio-1.14.0.jar;C:\Users\Pascal.ZARAGOZA\.m2\repository\io\github\bonigarcia\webdrivermanager\3.8.1\webdrivermanager-3.8.1.jar;C:\Users\Pascal.ZARAGOZA\.m2\repository\commons-io\commons-io\2.6\commons-io-2.6.jar;C:\Users\Pascal.ZARAGOZA\.m2\repository\com\google\code\gson\gson\2.8.5\gson-2.8.5.jar;C:\Users\Pascal.ZARAGOZA\.m2\repository\org\apache\commons\commons-lang3\3.8.1\commons-lang3-3.8.1.jar;C:\Users\Pascal.ZARAGOZA\.m2\repository\org\apache\httpcomponents\httpclient\4.5.6\httpclient-4.5.6.jar;C:\Users\Pascal.ZARAGOZA\.m2\repository\org\apache\httpcomponents\httpcore\4.4.10\httpcore-4.4.10.jar;C:\Users\Pascal.ZARAGOZA\.m2\repository\commons-codec\commons-codec\1.10\commons-codec-1.10.jar;C:\Users\Pascal.ZARAGOZA\.m2\repository\org\rauschig\jarchivelib\1.0.0\jarchivelib-1.0.0.jar;C:\Users\Pascal.ZARAGOZA\.m2\repository\org\apache\commons\commons-compress\1.18\commons-compress-1.18.jar;C:\Users\Pascal.ZARAGOZA\.m2\repository\org\jsoup\jsoup\1.11.3\jsoup-1.11.3.jar;C:\Users\Pascal.ZARAGOZA\.m2\repository\org\slf4j\slf4j-api\1.7.30\slf4j-api-1.7.30.jar;C:\Users\Pascal.ZARAGOZA\.m2\repository\org\seleniumhq\selenium\htmlunit-driver\2.38.0\htmlunit-driver-2.38.0.jar;C:\Users\Pascal.ZARAGOZA\.m2\repository\org\seleniumhq\selenium\selenium-api\3.141.59\selenium-api-3.141.59.jar;C:\Users\Pascal.ZARAGOZA\.m2\repository\org\seleniumhq\selenium\selenium-support\3.141.59\selenium-support-3.141.59.jar;C:\Users\Pascal.ZARAGOZA\.m2\repository\net\sourceforge\htmlunit\htmlunit\2.38.0\htmlunit-2.38.0.jar;C:\Users\Pascal.ZARAGOZA\.m2\repository\xalan\xalan\2.7.2\xalan-2.7.2.jar;C:\Users\Pascal.ZARAGOZA\.m2\repository\xalan\serializer\2.7.2\serializer-2.7.2.jar;C:\Users\Pascal.ZARAGOZA\.m2\repository\org\apache\commons\commons-text\1.8\commons-text-1.8.jar;C:\Users\Pascal.ZARAGOZA\.m2\repository\org\apache\httpcomponents\httpmime\4.5.12\httpmime-4.5.12.jar;C:\Users\Pascal.ZARAGOZA\.m2\repository\net\sourceforge\htmlunit\htmlunit-core-js\2.38.0\htmlunit-core-js-2.38.0.jar;C:\Users\Pascal.ZARAGOZA\.m2\repository\net\sourceforge\htmlunit\neko-htmlunit\2.38.0\neko-htmlunit-2.38.0.jar;C:\Users\Pascal.ZARAGOZA\.m2\repository\xerces\xercesImpl\2.12.0\xercesImpl-2.12.0.jar;C:\Users\Pascal.ZARAGOZA\.m2\repository\xml-apis\xml-apis\1.4.01\xml-apis-1.4.01.jar;C:\Users\Pascal.ZARAGOZA\.m2\repository\net\sourceforge\htmlunit\htmlunit-cssparser\1.5.0\htmlunit-cssparser-1.5.0.jar;C:\Users\Pascal.ZARAGOZA\.m2\repository\commons-net\commons-net\3.6\commons-net-3.6.jar;C:\Users\Pascal.ZARAGOZA\.m2\repository\org\brotli\dec\0.1.2\dec-0.1.2.jar;C:\Users\Pascal.ZARAGOZA\.m2\repository\org\eclipse\jetty\websocket\websocket-client\9.4.27.v20200227\websocket-client-9.4.27.v20200227.jar;C:\Users\Pascal.ZARAGOZA\.m2\repository\org\eclipse\jetty\jetty-client\9.4.27.v20200227\jetty-client-9.4.27.v20200227.jar;C:\Users\Pascal.ZARAGOZA\.m2\repository\org\eclipse\jetty\jetty-http\9.4.27.v20200227\jetty-http-9.4.27.v20200227.jar;C:\Users\Pascal.ZARAGOZA\.m2\repository\org\eclipse\jetty\jetty-xml\9.4.27.v20200227\jetty-xml-9.4.27.v20200227.jar;C:\Users\Pascal.ZARAGOZA\.m2\repository\org\eclipse\jetty\jetty-util\9.4.27.v20200227\jetty-util-9.4.27.v20200227.jar;C:\Users\Pascal.ZARAGOZA\.m2\repository\org\eclipse\jetty\jetty-io\9.4.27.v20200227\jetty-io-9.4.27.v20200227.jar;C:\Users\Pascal.ZARAGOZA\.m2\repository\org\eclipse\jetty\websocket\websocket-common\9.4.27.v20200227\websocket-common-9.4.27.v20200227.jar;C:\Users\Pascal.ZARAGOZA\.m2\repository\org\eclipse\jetty\websocket\websocket-api\9.4.27.v20200227\websocket-api-9.4.27.v20200227.jar;C:\Users\Pascal.ZARAGOZA\.m2\repository\org\springframework\spring-test\5.2.5.RELEASE\spring-test-5.2.5.RELEASE.jar;C:\Users\Pascal.ZARAGOZA\.m2\repository\org\springframework\cloud\spring-cloud-starter-netflix-ribbon\2.2.1.RELEASE\spring-cloud-starter-netflix-ribbon-2.2.1.RELEASE.jar;C:\Users\Pascal.ZARAGOZA\.m2\repository\org\springframework\cloud\spring-cloud-starter\2.2.1.RELEASE\spring-cloud-starter-2.2.1.RELEASE.jar;C:\Users\Pascal.ZARAGOZA\.m2\repository\org\springframework\boot\spring-boot-starter\2.2.2.RELEASE\spring-boot-starter-2.2.2.RELEASE.jar;C:\Users\Pascal.ZARAGOZA\.m2\repository\org\springframework\boot\spring-boot\2.2.2.RELEASE\spring-boot-2.2.2.RELEASE.jar;C:\Users\Pascal.ZARAGOZA\.m2\repository\org\springframework\boot\spring-boot-starter-logging\2.2.2.RELEASE\spring-boot-starter-logging-2.2.2.RELEASE.jar;C:\Users\Pascal.ZARAGOZA\.m2\repository\ch\qos\logback\logback-classic\1.2.3\logback-classic-1.2.3.jar;C:\Users\Pascal.ZARAGOZA\.m2\repository\ch\qos\logback\logback-core\1.2.3\logback-core-1.2.3.jar;C:\Users\Pascal.ZARAGOZA\.m2\repository\org\apache\logging\log4j\log4j-to-slf4j\2.12.1\log4j-to-slf4j-2.12.1.jar;C:\Users\Pascal.ZARAGOZA\.m2\repository\org\apache\logging\log4j\log4j-api\2.12.1\log4j-api-2.12.1.jar;C:\Users\Pascal.ZARAGOZA\.m2\repository\org\slf4j\jul-to-slf4j\1.7.29\jul-to-slf4j-1.7.29.jar;C:\Users\Pascal.ZARAGOZA\.m2\repository\jakarta\annotation\jakarta.annotation-api\1.3.5\jakarta.annotation-api-1.3.5.jar;C:\Users\Pascal.ZARAGOZA\.m2\repository\org\yaml\snakeyaml\1.25\snakeyaml-1.25.jar;C:\Users\Pascal.ZARAGOZA\.m2\repository\org\springframework\cloud\spring-cloud-context\2.2.1.RELEASE\spring-cloud-context-2.2.1.RELEASE.jar;C:\Users\Pascal.ZARAGOZA\.m2\repository\org\springframework\security\spring-security-rsa\1.0.9.RELEASE\spring-security-rsa-1.0.9.RELEASE.jar;C:\Users\Pascal.ZARAGOZA\.m2\repository\org\bouncycastle\bcpkix-jdk15on\1.64\bcpkix-jdk15on-1.64.jar;C:\Users\Pascal.ZARAGOZA\.m2\repository\org\bouncycastle\bcprov-jdk15on\1.64\bcprov-jdk15on-1.64.jar;C:\Users\Pascal.ZARAGOZA\.m2\repository\org\springframework\cloud\spring-cloud-netflix-ribbon\2.2.1.RELEASE\spring-cloud-netflix-ribbon-2.2.1.RELEASE.jar;C:\Users\Pascal.ZARAGOZA\.m2\repository\org\springframework\cloud\spring-cloud-netflix-archaius\2.2.1.RELEASE\spring-cloud-netflix-archaius-2.2.1.RELEASE.jar;C:\Users\Pascal.ZARAGOZA\.m2\repository\org\springframework\cloud\spring-cloud-starter-netflix-archaius\2.2.1.RELEASE\spring-cloud-starter-netflix-archaius-2.2.1.RELEASE.jar;C:\Users\Pascal.ZARAGOZA\.m2\repository\com\netflix\archaius\archaius-core\0.7.6\archaius-core-0.7.6.jar;C:\Users\Pascal.ZARAGOZA\.m2\repository\commons-configuration\commons-configuration\1.8\commons-configuration-1.8.jar;C:\Users\Pascal.ZARAGOZA\.m2\repository\com\netflix\ribbon\ribbon\2.3.0\ribbon-2.3.0.jar;C:\Users\Pascal.ZARAGOZA\.m2\repository\com\netflix\ribbon\ribbon-transport\2.3.0\ribbon-transport-2.3.0.jar;C:\Users\Pascal.ZARAGOZA\.m2\repository\io\reactivex\rxnetty-contexts\0.4.9\rxnetty-contexts-0.4.9.jar;C:\Users\Pascal.ZARAGOZA\.m2\repository\io\reactivex\rxnetty-servo\0.4.9\rxnetty-servo-0.4.9.jar;C:\Users\Pascal.ZARAGOZA\.m2\repository\com\netflix\hystrix\hystrix-core\1.4.3\hystrix-core-1.4.3.jar;C:\Users\Pascal.ZARAGOZA\.m2\repository\javax\inject\javax.inject\1\javax.inject-1.jar;C:\Users\Pascal.ZARAGOZA\.m2\repository\io\reactivex\rxnetty\0.4.9\rxnetty-0.4.9.jar;C:\Users\Pascal.ZARAGOZA\.m2\repository\com\netflix\ribbon\ribbon-core\2.3.0\ribbon-core-2.3.0.jar;C:\Users\Pascal.ZARAGOZA\.m2\repository\commons-lang\commons-lang\2.6\commons-lang-2.6.jar;C:\Users\Pascal.ZARAGOZA\.m2\repository\com\netflix\ribbon\ribbon-httpclient\2.3.0\ribbon-httpclient-2.3.0.jar;C:\Users\Pascal.ZARAGOZA\.m2\repository\commons-collections\commons-collections\3.2.2\commons-collections-3.2.2.jar;C:\Users\Pascal.ZARAGOZA\.m2\repository\com\sun\jersey\jersey-client\1.19.1\jersey-client-1.19.1.jar;C:\Users\Pascal.ZARAGOZA\.m2\repository\com\sun\jersey\contribs\jersey-apache-client4\1.19.1\jersey-apache-client4-1.19.1.jar;C:\Users\Pascal.ZARAGOZA\.m2\repository\com\netflix\servo\servo-core\0.10.1\servo-core-0.10.1.jar;C:\Users\Pascal.ZARAGOZA\.m2\repository\com\netflix\servo\servo-internal\0.10.1\servo-internal-0.10.1.jar;C:\Users\Pascal.ZARAGOZA\.m2\repository\com\netflix\netflix-commons\netflix-commons-util\0.1.1\netflix-commons-util-0.1.1.jar;C:\Users\Pascal.ZARAGOZA\.m2\repository\com\netflix\ribbon\ribbon-loadbalancer\2.3.0\ribbon-loadbalancer-2.3.0.jar;C:\Users\Pascal.ZARAGOZA\.m2\repository\com\netflix\netflix-commons\netflix-statistics\0.1.1\netflix-statistics-0.1.1.jar;C:\Users\Pascal.ZARAGOZA\.m2\repository\io\reactivex\rxjava\1.3.8\rxjava-1.3.8.jar;C:\Users\Pascal.ZARAGOZA\.m2\repository\org\springframework\cloud\spring-cloud-starter-openfeign\2.2.1.RELEASE\spring-cloud-starter-openfeign-2.2.1.RELEASE.jar;C:\Users\Pascal.ZARAGOZA\.m2\repository\org\springframework\cloud\spring-cloud-openfeign-core\2.2.1.RELEASE\spring-cloud-openfeign-core-2.2.1.RELEASE.jar;C:\Users\Pascal.ZARAGOZA\.m2\repository\org\springframework\boot\spring-boot-autoconfigure\2.2.2.RELEASE\spring-boot-autoconfigure-2.2.2.RELEASE.jar;C:\Users\Pascal.ZARAGOZA\.m2\repository\org\springframework\boot\spring-boot-starter-aop\2.2.2.RELEASE\spring-boot-starter-aop-2.2.2.RELEASE.jar;C:\Users\Pascal.ZARAGOZA\.m2\repository\org\aspectj\aspectjweaver\1.9.5\aspectjweaver-1.9.5.jar;C:\Users\Pascal.ZARAGOZA\.m2\repository\io\github\openfeign\form\feign-form-spring\3.8.0\feign-form-spring-3.8.0.jar;C:\Users\Pascal.ZARAGOZA\.m2\repository\io\github\openfeign\form\feign-form\3.8.0\feign-form-3.8.0.jar;C:\Users\Pascal.ZARAGOZA\.m2\repository\commons-fileupload\commons-fileupload\1.4\commons-fileupload-1.4.jar;C:\Users\Pascal.ZARAGOZA\.m2\repository\org\springframework\spring-web\5.2.2.RELEASE\spring-web-5.2.2.RELEASE.jar;C:\Users\Pascal.ZARAGOZA\.m2\repository\org\springframework\cloud\spring-cloud-commons\2.2.1.RELEASE\spring-cloud-commons-2.2.1.RELEASE.jar;C:\Users\Pascal.ZARAGOZA\.m2\repository\org\springframework\security\spring-security-crypto\5.2.1.RELEASE\spring-security-crypto-5.2.1.RELEASE.jar;C:\Users\Pascal.ZARAGOZA\.m2\repository\io\github\openfeign\feign-core\10.4.0\feign-core-10.4.0.jar;C:\Users\Pascal.ZARAGOZA\.m2\repository\io\github\openfeign\feign-slf4j\10.4.0\feign-slf4j-10.4.0.jar;C:\Users\Pascal.ZARAGOZA\.m2\repository\io\github\openfeign\feign-hystrix\10.4.0\feign-hystrix-10.4.0.jar;C:\Users\Pascal.ZARAGOZA\.m2\repository\org\springframework\cloud\spring-cloud-starter-netflix-eureka-client\2.2.1.RELEASE\spring-cloud-starter-netflix-eureka-client-2.2.1.RELEASE.jar;C:\Users\Pascal.ZARAGOZA\.m2\repository\org\springframework\cloud\spring-cloud-netflix-hystrix\2.2.1.RELEASE\spring-cloud-netflix-hystrix-2.2.1.RELEASE.jar;C:\Users\Pascal.ZARAGOZA\.m2\repository\org\springframework\cloud\spring-cloud-netflix-eureka-client\2.2.1.RELEASE\spring-cloud-netflix-eureka-client-2.2.1.RELEASE.jar;C:\Users\Pascal.ZARAGOZA\.m2\repository\com\netflix\eureka\eureka-client\1.9.13\eureka-client-1.9.13.jar;C:\Users\Pascal.ZARAGOZA\.m2\repository\org\codehaus\jettison\jettison\1.3.7\jettison-1.3.7.jar;C:\Users\Pascal.ZARAGOZA\.m2\repository\stax\stax-api\1.0.1\stax-api-1.0.1.jar;C:\Users\Pascal.ZARAGOZA\.m2\repository\com\netflix\netflix-commons\netflix-eventbus\0.3.0\netflix-eventbus-0.3.0.jar;C:\Users\Pascal.ZARAGOZA\.m2\repository\com\netflix\netflix-commons\netflix-infix\0.3.0\netflix-infix-0.3.0.jar;C:\Users\Pascal.ZARAGOZA\.m2\repository\commons-jxpath\commons-jxpath\1.3\commons-jxpath-1.3.jar;C:\Users\Pascal.ZARAGOZA\.m2\repository\joda-time\joda-time\2.3\joda-time-2.3.jar;C:\Users\Pascal.ZARAGOZA\.m2\repository\org\antlr\antlr-runtime\3.4\antlr-runtime-3.4.jar;C:\Users\Pascal.ZARAGOZA\.m2\repository\org\antlr\stringtemplate\3.2.1\stringtemplate-3.2.1.jar;C:\Users\Pascal.ZARAGOZA\.m2\repository\antlr\antlr\2.7.7\antlr-2.7.7.jar;C:\Users\Pascal.ZARAGOZA\.m2\repository\org\apache\commons\commons-math\2.2\commons-math-2.2.jar;C:\Users\Pascal.ZARAGOZA\.m2\repository\javax\ws\rs\jsr311-api\1.1.1\jsr311-api-1.1.1.jar;C:\Users\Pascal.ZARAGOZA\.m2\repository\com\sun\jersey\jersey-core\1.19.1\jersey-core-1.19.1.jar;C:\Users\Pascal.ZARAGOZA\.m2\repository\com\google\inject\guice\4.1.0\guice-4.1.0.jar;C:\Users\Pascal.ZARAGOZA\.m2\repository\aopalliance\aopalliance\1.0\aopalliance-1.0.jar;C:\Users\Pascal.ZARAGOZA\.m2\repository\com\netflix\eureka\eureka-core\1.9.13\eureka-core-1.9.13.jar;C:\Users\Pascal.ZARAGOZA\.m2\repository\com\fasterxml\woodstox\woodstox-core\5.2.1\woodstox-core-5.2.1.jar;C:\Users\Pascal.ZARAGOZA\.m2\repository\org\codehaus\woodstox\stax2-api\4.2\stax2-api-4.2.jar;C:\Users\Pascal.ZARAGOZA\.m2\repository\org\springframework\cloud\spring-cloud-starter-loadbalancer\2.2.1.RELEASE\spring-cloud-starter-loadbalancer-2.2.1.RELEASE.jar;C:\Users\Pascal.ZARAGOZA\.m2\repository\org\springframework\cloud\spring-cloud-loadbalancer\2.2.1.RELEASE\spring-cloud-loadbalancer-2.2.1.RELEASE.jar;C:\Users\Pascal.ZARAGOZA\.m2\repository\io\projectreactor\reactor-core\3.3.1.RELEASE\reactor-core-3.3.1.RELEASE.jar;C:\Users\Pascal.ZARAGOZA\.m2\repository\org\reactivestreams\reactive-streams\1.0.3\reactive-streams-1.0.3.jar;C:\Users\Pascal.ZARAGOZA\.m2\repository\io\projectreactor\addons\reactor-extra\3.3.1.RELEASE\reactor-extra-3.3.1.RELEASE.jar;C:\Users\Pascal.ZARAGOZA\.m2\repository\org\springframework\boot\spring-boot-starter-cache\2.2.2.RELEASE\spring-boot-starter-cache-2.2.2.RELEASE.jar;C:\Users\Pascal.ZARAGOZA\.m2\repository\org\springframework\spring-context-support\5.2.2.RELEASE\spring-context-support-5.2.2.RELEASE.jar;C:\Users\Pascal.ZARAGOZA\.m2\repository\com\stoyanr\evictor\1.0.0\evictor-1.0.0.jar;C:\Users\Pascal.ZARAGOZA\.m2\repository\com\netflix\ribbon\ribbon-eureka\2.3.0\ribbon-eureka-2.3.0.jar;C:\Users\Pascal.ZARAGOZA\.m2\repository\com\thoughtworks\xstream\xstream\1.4.11.1\xstream-1.4.11.1.jar;C:\Users\Pascal.ZARAGOZA\.m2\repository\xmlpull\xmlpull\1.1.3.1\xmlpull-1.1.3.1.jar;C:\Users\Pascal.ZARAGOZA\.m2\repository\xpp3\xpp3_min\1.1.4c\xpp3_min-1.1.4c.jar;C:\Users\Pascal.ZARAGOZA\.m2\repository\com\fasterxml\jackson\core\jackson-databind\2.10.3\jackson-databind-2.10.3.jar;C:\Users\Pascal.ZARAGOZA\.m2\repository\com\fasterxml\jackson\core\jackson-annotations\2.10.3\jackson-annotations-2.10.3.jar;C:\Users\Pascal.ZARAGOZA\.m2\repository\com\fasterxml\jackson\core\jackson-core\2.10.3\jackson-core-2.10.3.jar;"/>
    <property name="java.vm.vendor" value="Oracle Corporation"/>
    <property name="sun.arch.data.model" value="64"/>
    <property name="user.variant" value=""/>
    <property name="java.vendor.url" value="https://java.oracle.com/"/>
    <property name="user.timezone" value="Europe/Paris"/>
    <property name="os.name" value="Windows 10"/>
    <property name="java.vm.specification.version" value="13"/>
    <property name="sun.java.launcher" value="SUN_STANDARD"/>
    <property name="user.country" value="FR"/>
    <property name="sun.boot.library.path" value="C:\Program Files\Java\jdk-13.0.2\bin"/>
    <property name="sun.java.command" value="C:\Users\Pascal.ZARAGOZA\AppData\Local\Temp\surefire7079255906648570562\surefirebooter7325479746962235262.jar C:\Users\Pascal.ZARAGOZA\AppData\Local\Temp\surefire7079255906648570562 2020-04-22T21-59-26_424-jvmRun1 surefire13267057741232238185tmp surefire_015919616947242191869tmp"/>
    <property name="jdk.debug" value="release"/>
    <property name="surefire.test.class.path" value="C:\Users\Pascal.ZARAGOZA\eclipse-workspace\000-testprint\frontend\target\test-classes;C:\Users\Pascal.ZARAGOZA\eclipse-workspace\000-testprint\frontend\target\classes;C:\Users\Pascal.ZARAGOZA\.m2\repository\junit\junit\3.8.1\junit-3.8.1.jar;C:\Users\Pascal.ZARAGOZA\.m2\repository\org\mybatis\mybatis\3.5.4\mybatis-3.5.4.jar;C:\Users\Pascal.ZARAGOZA\.m2\repository\org\mybatis\mybatis-spring\2.0.4\mybatis-spring-2.0.4.jar;C:\Users\Pascal.ZARAGOZA\.m2\repository\org\springframework\spring-context\5.2.5.RELEASE\spring-context-5.2.5.RELEASE.jar;C:\Users\Pascal.ZARAGOZA\.m2\repository\org\springframework\spring-aop\5.2.5.RELEASE\spring-aop-5.2.5.RELEASE.jar;C:\Users\Pascal.ZARAGOZA\.m2\repository\org\springframework\spring-beans\5.2.5.RELEASE\spring-beans-5.2.5.RELEASE.jar;C:\Users\Pascal.ZARAGOZA\.m2\repository\org\springframework\spring-core\5.2.5.RELEASE\spring-core-5.2.5.RELEASE.jar;C:\Users\Pascal.ZARAGOZA\.m2\repository\org\springframework\spring-jcl\5.2.5.RELEASE\spring-jcl-5.2.5.RELEASE.jar;C:\Users\Pascal.ZARAGOZA\.m2\repository\org\springframework\spring-expression\5.2.5.RELEASE\spring-expression-5.2.5.RELEASE.jar;C:\Users\Pascal.ZARAGOZA\.m2\repository\org\springframework\spring-jdbc\5.2.5.RELEASE\spring-jdbc-5.2.5.RELEASE.jar;C:\Users\Pascal.ZARAGOZA\.m2\repository\org\springframework\spring-tx\5.2.5.RELEASE\spring-tx-5.2.5.RELEASE.jar;C:\Users\Pascal.ZARAGOZA\.m2\repository\net\sourceforge\stripes\stripes\1.6.0\stripes-1.6.0.jar;C:\Users\Pascal.ZARAGOZA\.m2\repository\commons-logging\commons-logging\1.1.3\commons-logging-1.1.3.jar;C:\Users\Pascal.ZARAGOZA\.m2\repository\org\apache\taglibs\taglibs-standard-spec\1.2.5\taglibs-standard-spec-1.2.5.jar;C:\Users\Pascal.ZARAGOZA\.m2\repository\org\apache\taglibs\taglibs-standard-impl\1.2.5\taglibs-standard-impl-1.2.5.jar;C:\Users\Pascal.ZARAGOZA\.m2\repository\javax\servlet\jsp\javax.servlet.jsp-api\2.3.3\javax.servlet.jsp-api-2.3.3.jar;C:\Users\Pascal.ZARAGOZA\.m2\repository\javax\servlet\javax.servlet-api\4.0.1\javax.servlet-api-4.0.1.jar;C:\Users\Pascal.ZARAGOZA\.m2\repository\log4j\log4j\1.2.17\log4j-1.2.17.jar;C:\Users\Pascal.ZARAGOZA\.m2\repository\org\hsqldb\hsqldb\2.5.0\hsqldb-2.5.0.jar;C:\Users\Pascal.ZARAGOZA\.m2\repository\org\junit\jupiter\junit-jupiter-engine\5.6.1\junit-jupiter-engine-5.6.1.jar;C:\Users\Pascal.ZARAGOZA\.m2\repository\org\apiguardian\apiguardian-api\1.1.0\apiguardian-api-1.1.0.jar;C:\Users\Pascal.ZARAGOZA\.m2\repository\org\junit\platform\junit-platform-engine\1.6.1\junit-platform-engine-1.6.1.jar;C:\Users\Pascal.ZARAGOZA\.m2\repository\org\opentest4j\opentest4j\1.2.0\opentest4j-1.2.0.jar;C:\Users\Pascal.ZARAGOZA\.m2\repository\org\junit\platform\junit-platform-commons\1.6.1\junit-platform-commons-1.6.1.jar;C:\Users\Pascal.ZARAGOZA\.m2\repository\org\junit\jupiter\junit-jupiter-api\5.6.1\junit-jupiter-api-5.6.1.jar;C:\Users\Pascal.ZARAGOZA\.m2\repository\org\mockito\mockito-core\3.3.3\mockito-core-3.3.3.jar;C:\Users\Pascal.ZARAGOZA\.m2\repository\net\bytebuddy\byte-buddy\1.10.5\byte-buddy-1.10.5.jar;C:\Users\Pascal.ZARAGOZA\.m2\repository\net\bytebuddy\byte-buddy-agent\1.10.5\byte-buddy-agent-1.10.5.jar;C:\Users\Pascal.ZARAGOZA\.m2\repository\org\objenesis\objenesis\2.6\objenesis-2.6.jar;C:\Users\Pascal.ZARAGOZA\.m2\repository\org\mockito\mockito-junit-jupiter\3.3.3\mockito-junit-jupiter-3.3.3.jar;C:\Users\Pascal.ZARAGOZA\.m2\repository\org\assertj\assertj-core\3.15.0\assertj-core-3.15.0.jar;C:\Users\Pascal.ZARAGOZA\.m2\repository\com\codeborne\selenide\5.10.0\selenide-5.10.0.jar;C:\Users\Pascal.ZARAGOZA\.m2\repository\org\seleniumhq\selenium\selenium-java\3.141.59\selenium-java-3.141.59.jar;C:\Users\Pascal.ZARAGOZA\.m2\repository\org\seleniumhq\selenium\selenium-chrome-driver\3.141.59\selenium-chrome-driver-3.141.59.jar;C:\Users\Pascal.ZARAGOZA\.m2\repository\org\seleniumhq\selenium\selenium-edge-driver\3.141.59\selenium-edge-driver-3.141.59.jar;C:\Users\Pascal.ZARAGOZA\.m2\repository\org\seleniumhq\selenium\selenium-firefox-driver\3.141.59\selenium-firefox-driver-3.141.59.jar;C:\Users\Pascal.ZARAGOZA\.m2\repository\org\seleniumhq\selenium\selenium-ie-driver\3.141.59\selenium-ie-driver-3.141.59.jar;C:\Users\Pascal.ZARAGOZA\.m2\repository\org\seleniumhq\selenium\selenium-opera-driver\3.141.59\selenium-opera-driver-3.141.59.jar;C:\Users\Pascal.ZARAGOZA\.m2\repository\org\seleniumhq\selenium\selenium-remote-driver\3.141.59\selenium-remote-driver-3.141.59.jar;C:\Users\Pascal.ZARAGOZA\.m2\repository\org\seleniumhq\selenium\selenium-safari-driver\3.141.59\selenium-safari-driver-3.141.59.jar;C:\Users\Pascal.ZARAGOZA\.m2\repository\org\apache\commons\commons-exec\1.3\commons-exec-1.3.jar;C:\Users\Pascal.ZARAGOZA\.m2\repository\com\google\guava\guava\25.0-jre\guava-25.0-jre.jar;C:\Users\Pascal.ZARAGOZA\.m2\repository\com\google\code\findbugs\jsr305\1.3.9\jsr305-1.3.9.jar;C:\Users\Pascal.ZARAGOZA\.m2\repository\org\checkerframework\checker-compat-qual\2.0.0\checker-compat-qual-2.0.0.jar;C:\Users\Pascal.ZARAGOZA\.m2\repository\com\google\errorprone\error_prone_annotations\2.1.3\error_prone_annotations-2.1.3.jar;C:\Users\Pascal.ZARAGOZA\.m2\repository\com\google\j2objc\j2objc-annotations\1.1\j2objc-annotations-1.1.jar;C:\Users\Pascal.ZARAGOZA\.m2\repository\org\codehaus\mojo\animal-sniffer-annotations\1.14\animal-sniffer-annotations-1.14.jar;C:\Users\Pascal.ZARAGOZA\.m2\repository\com\squareup\okhttp3\okhttp\3.11.0\okhttp-3.11.0.jar;C:\Users\Pascal.ZARAGOZA\.m2\repository\com\squareup\okio\okio\1.14.0\okio-1.14.0.jar;C:\Users\Pascal.ZARAGOZA\.m2\repository\io\github\bonigarcia\webdrivermanager\3.8.1\webdrivermanager-3.8.1.jar;C:\Users\Pascal.ZARAGOZA\.m2\repository\commons-io\commons-io\2.6\commons-io-2.6.jar;C:\Users\Pascal.ZARAGOZA\.m2\repository\com\google\code\gson\gson\2.8.5\gson-2.8.5.jar;C:\Users\Pascal.ZARAGOZA\.m2\repository\org\apache\commons\commons-lang3\3.8.1\commons-lang3-3.8.1.jar;C:\Users\Pascal.ZARAGOZA\.m2\repository\org\apache\httpcomponents\httpclient\4.5.6\httpclient-4.5.6.jar;C:\Users\Pascal.ZARAGOZA\.m2\repository\org\apache\httpcomponents\httpcore\4.4.10\httpcore-4.4.10.jar;C:\Users\Pascal.ZARAGOZA\.m2\repository\commons-codec\commons-codec\1.10\commons-codec-1.10.jar;C:\Users\Pascal.ZARAGOZA\.m2\repository\org\rauschig\jarchivelib\1.0.0\jarchivelib-1.0.0.jar;C:\Users\Pascal.ZARAGOZA\.m2\repository\org\apache\commons\commons-compress\1.18\commons-compress-1.18.jar;C:\Users\Pascal.ZARAGOZA\.m2\repository\org\jsoup\jsoup\1.11.3\jsoup-1.11.3.jar;C:\Users\Pascal.ZARAGOZA\.m2\repository\org\slf4j\slf4j-api\1.7.30\slf4j-api-1.7.30.jar;C:\Users\Pascal.ZARAGOZA\.m2\repository\org\seleniumhq\selenium\htmlunit-driver\2.38.0\htmlunit-driver-2.38.0.jar;C:\Users\Pascal.ZARAGOZA\.m2\repository\org\seleniumhq\selenium\selenium-api\3.141.59\selenium-api-3.141.59.jar;C:\Users\Pascal.ZARAGOZA\.m2\repository\org\seleniumhq\selenium\selenium-support\3.141.59\selenium-support-3.141.59.jar;C:\Users\Pascal.ZARAGOZA\.m2\repository\net\sourceforge\htmlunit\htmlunit\2.38.0\htmlunit-2.38.0.jar;C:\Users\Pascal.ZARAGOZA\.m2\repository\xalan\xalan\2.7.2\xalan-2.7.2.jar;C:\Users\Pascal.ZARAGOZA\.m2\repository\xalan\serializer\2.7.2\serializer-2.7.2.jar;C:\Users\Pascal.ZARAGOZA\.m2\repository\org\apache\commons\commons-text\1.8\commons-text-1.8.jar;C:\Users\Pascal.ZARAGOZA\.m2\repository\org\apache\httpcomponents\httpmime\4.5.12\httpmime-4.5.12.jar;C:\Users\Pascal.ZARAGOZA\.m2\repository\net\sourceforge\htmlunit\htmlunit-core-js\2.38.0\htmlunit-core-js-2.38.0.jar;C:\Users\Pascal.ZARAGOZA\.m2\repository\net\sourceforge\htmlunit\neko-htmlunit\2.38.0\neko-htmlunit-2.38.0.jar;C:\Users\Pascal.ZARAGOZA\.m2\repository\xerces\xercesImpl\2.12.0\xercesImpl-2.12.0.jar;C:\Users\Pascal.ZARAGOZA\.m2\repository\xml-apis\xml-apis\1.4.01\xml-apis-1.4.01.jar;C:\Users\Pascal.ZARAGOZA\.m2\repository\net\sourceforge\htmlunit\htmlunit-cssparser\1.5.0\htmlunit-cssparser-1.5.0.jar;C:\Users\Pascal.ZARAGOZA\.m2\repository\commons-net\commons-net\3.6\commons-net-3.6.jar;C:\Users\Pascal.ZARAGOZA\.m2\repository\org\brotli\dec\0.1.2\dec-0.1.2.jar;C:\Users\Pascal.ZARAGOZA\.m2\repository\org\eclipse\jetty\websocket\websocket-client\9.4.27.v20200227\websocket-client-9.4.27.v20200227.jar;C:\Users\Pascal.ZARAGOZA\.m2\repository\org\eclipse\jetty\jetty-client\9.4.27.v20200227\jetty-client-9.4.27.v20200227.jar;C:\Users\Pascal.ZARAGOZA\.m2\repository\org\eclipse\jetty\jetty-http\9.4.27.v20200227\jetty-http-9.4.27.v20200227.jar;C:\Users\Pascal.ZARAGOZA\.m2\repository\org\eclipse\jetty\jetty-xml\9.4.27.v20200227\jetty-xml-9.4.27.v20200227.jar;C:\Users\Pascal.ZARAGOZA\.m2\repository\org\eclipse\jetty\jetty-util\9.4.27.v20200227\jetty-util-9.4.27.v20200227.jar;C:\Users\Pascal.ZARAGOZA\.m2\repository\org\eclipse\jetty\jetty-io\9.4.27.v20200227\jetty-io-9.4.27.v20200227.jar;C:\Users\Pascal.ZARAGOZA\.m2\repository\org\eclipse\jetty\websocket\websocket-common\9.4.27.v20200227\websocket-common-9.4.27.v20200227.jar;C:\Users\Pascal.ZARAGOZA\.m2\repository\org\eclipse\jetty\websocket\websocket-api\9.4.27.v20200227\websocket-api-9.4.27.v20200227.jar;C:\Users\Pascal.ZARAGOZA\.m2\repository\org\springframework\spring-test\5.2.5.RELEASE\spring-test-5.2.5.RELEASE.jar;C:\Users\Pascal.ZARAGOZA\.m2\repository\org\springframework\cloud\spring-cloud-starter-netflix-ribbon\2.2.1.RELEASE\spring-cloud-starter-netflix-ribbon-2.2.1.RELEASE.jar;C:\Users\Pascal.ZARAGOZA\.m2\repository\org\springframework\cloud\spring-cloud-starter\2.2.1.RELEASE\spring-cloud-starter-2.2.1.RELEASE.jar;C:\Users\Pascal.ZARAGOZA\.m2\repository\org\springframework\boot\spring-boot-starter\2.2.2.RELEASE\spring-boot-starter-2.2.2.RELEASE.jar;C:\Users\Pascal.ZARAGOZA\.m2\repository\org\springframework\boot\spring-boot\2.2.2.RELEASE\spring-boot-2.2.2.RELEASE.jar;C:\Users\Pascal.ZARAGOZA\.m2\repository\org\springframework\boot\spring-boot-starter-logging\2.2.2.RELEASE\spring-boot-starter-logging-2.2.2.RELEASE.jar;C:\Users\Pascal.ZARAGOZA\.m2\repository\ch\qos\logback\logback-classic\1.2.3\logback-classic-1.2.3.jar;C:\Users\Pascal.ZARAGOZA\.m2\repository\ch\qos\logback\logback-core\1.2.3\logback-core-1.2.3.jar;C:\Users\Pascal.ZARAGOZA\.m2\repository\org\apache\logging\log4j\log4j-to-slf4j\2.12.1\log4j-to-slf4j-2.12.1.jar;C:\Users\Pascal.ZARAGOZA\.m2\repository\org\apache\logging\log4j\log4j-api\2.12.1\log4j-api-2.12.1.jar;C:\Users\Pascal.ZARAGOZA\.m2\repository\org\slf4j\jul-to-slf4j\1.7.29\jul-to-slf4j-1.7.29.jar;C:\Users\Pascal.ZARAGOZA\.m2\repository\jakarta\annotation\jakarta.annotation-api\1.3.5\jakarta.annotation-api-1.3.5.jar;C:\Users\Pascal.ZARAGOZA\.m2\repository\org\yaml\snakeyaml\1.25\snakeyaml-1.25.jar;C:\Users\Pascal.ZARAGOZA\.m2\repository\org\springframework\cloud\spring-cloud-context\2.2.1.RELEASE\spring-cloud-context-2.2.1.RELEASE.jar;C:\Users\Pascal.ZARAGOZA\.m2\repository\org\springframework\security\spring-security-rsa\1.0.9.RELEASE\spring-security-rsa-1.0.9.RELEASE.jar;C:\Users\Pascal.ZARAGOZA\.m2\repository\org\bouncycastle\bcpkix-jdk15on\1.64\bcpkix-jdk15on-1.64.jar;C:\Users\Pascal.ZARAGOZA\.m2\repository\org\bouncycastle\bcprov-jdk15on\1.64\bcprov-jdk15on-1.64.jar;C:\Users\Pascal.ZARAGOZA\.m2\repository\org\springframework\cloud\spring-cloud-netflix-ribbon\2.2.1.RELEASE\spring-cloud-netflix-ribbon-2.2.1.RELEASE.jar;C:\Users\Pascal.ZARAGOZA\.m2\repository\org\springframework\cloud\spring-cloud-netflix-archaius\2.2.1.RELEASE\spring-cloud-netflix-archaius-2.2.1.RELEASE.jar;C:\Users\Pascal.ZARAGOZA\.m2\repository\org\springframework\cloud\spring-cloud-starter-netflix-archaius\2.2.1.RELEASE\spring-cloud-starter-netflix-archaius-2.2.1.RELEASE.jar;C:\Users\Pascal.ZARAGOZA\.m2\repository\com\netflix\archaius\archaius-core\0.7.6\archaius-core-0.7.6.jar;C:\Users\Pascal.ZARAGOZA\.m2\repository\commons-configuration\commons-configuration\1.8\commons-configuration-1.8.jar;C:\Users\Pascal.ZARAGOZA\.m2\repository\com\netflix\ribbon\ribbon\2.3.0\ribbon-2.3.0.jar;C:\Users\Pascal.ZARAGOZA\.m2\repository\com\netflix\ribbon\ribbon-transport\2.3.0\ribbon-transport-2.3.0.jar;C:\Users\Pascal.ZARAGOZA\.m2\repository\io\reactivex\rxnetty-contexts\0.4.9\rxnetty-contexts-0.4.9.jar;C:\Users\Pascal.ZARAGOZA\.m2\repository\io\reactivex\rxnetty-servo\0.4.9\rxnetty-servo-0.4.9.jar;C:\Users\Pascal.ZARAGOZA\.m2\repository\com\netflix\hystrix\hystrix-core\1.4.3\hystrix-core-1.4.3.jar;C:\Users\Pascal.ZARAGOZA\.m2\repository\javax\inject\javax.inject\1\javax.inject-1.jar;C:\Users\Pascal.ZARAGOZA\.m2\repository\io\reactivex\rxnetty\0.4.9\rxnetty-0.4.9.jar;C:\Users\Pascal.ZARAGOZA\.m2\repository\com\netflix\ribbon\ribbon-core\2.3.0\ribbon-core-2.3.0.jar;C:\Users\Pascal.ZARAGOZA\.m2\repository\commons-lang\commons-lang\2.6\commons-lang-2.6.jar;C:\Users\Pascal.ZARAGOZA\.m2\repository\com\netflix\ribbon\ribbon-httpclient\2.3.0\ribbon-httpclient-2.3.0.jar;C:\Users\Pascal.ZARAGOZA\.m2\repository\commons-collections\commons-collections\3.2.2\commons-collections-3.2.2.jar;C:\Users\Pascal.ZARAGOZA\.m2\repository\com\sun\jersey\jersey-client\1.19.1\jersey-client-1.19.1.jar;C:\Users\Pascal.ZARAGOZA\.m2\repository\com\sun\jersey\contribs\jersey-apache-client4\1.19.1\jersey-apache-client4-1.19.1.jar;C:\Users\Pascal.ZARAGOZA\.m2\repository\com\netflix\servo\servo-core\0.10.1\servo-core-0.10.1.jar;C:\Users\Pascal.ZARAGOZA\.m2\repository\com\netflix\servo\servo-internal\0.10.1\servo-internal-0.10.1.jar;C:\Users\Pascal.ZARAGOZA\.m2\repository\com\netflix\netflix-commons\netflix-commons-util\0.1.1\netflix-commons-util-0.1.1.jar;C:\Users\Pascal.ZARAGOZA\.m2\repository\com\netflix\ribbon\ribbon-loadbalancer\2.3.0\ribbon-loadbalancer-2.3.0.jar;C:\Users\Pascal.ZARAGOZA\.m2\repository\com\netflix\netflix-commons\netflix-statistics\0.1.1\netflix-statistics-0.1.1.jar;C:\Users\Pascal.ZARAGOZA\.m2\repository\io\reactivex\rxjava\1.3.8\rxjava-1.3.8.jar;C:\Users\Pascal.ZARAGOZA\.m2\repository\org\springframework\cloud\spring-cloud-starter-openfeign\2.2.1.RELEASE\spring-cloud-starter-openfeign-2.2.1.RELEASE.jar;C:\Users\Pascal.ZARAGOZA\.m2\repository\org\springframework\cloud\spring-cloud-openfeign-core\2.2.1.RELEASE\spring-cloud-openfeign-core-2.2.1.RELEASE.jar;C:\Users\Pascal.ZARAGOZA\.m2\repository\org\springframework\boot\spring-boot-autoconfigure\2.2.2.RELEASE\spring-boot-autoconfigure-2.2.2.RELEASE.jar;C:\Users\Pascal.ZARAGOZA\.m2\repository\org\springframework\boot\spring-boot-starter-aop\2.2.2.RELEASE\spring-boot-starter-aop-2.2.2.RELEASE.jar;C:\Users\Pascal.ZARAGOZA\.m2\repository\org\aspectj\aspectjweaver\1.9.5\aspectjweaver-1.9.5.jar;C:\Users\Pascal.ZARAGOZA\.m2\repository\io\github\openfeign\form\feign-form-spring\3.8.0\feign-form-spring-3.8.0.jar;C:\Users\Pascal.ZARAGOZA\.m2\repository\io\github\openfeign\form\feign-form\3.8.0\feign-form-3.8.0.jar;C:\Users\Pascal.ZARAGOZA\.m2\repository\commons-fileupload\commons-fileupload\1.4\commons-fileupload-1.4.jar;C:\Users\Pascal.ZARAGOZA\.m2\repository\org\springframework\spring-web\5.2.2.RELEASE\spring-web-5.2.2.RELEASE.jar;C:\Users\Pascal.ZARAGOZA\.m2\repository\org\springframework\cloud\spring-cloud-commons\2.2.1.RELEASE\spring-cloud-commons-2.2.1.RELEASE.jar;C:\Users\Pascal.ZARAGOZA\.m2\repository\org\springframework\security\spring-security-crypto\5.2.1.RELEASE\spring-security-crypto-5.2.1.RELEASE.jar;C:\Users\Pascal.ZARAGOZA\.m2\repository\io\github\openfeign\feign-core\10.4.0\feign-core-10.4.0.jar;C:\Users\Pascal.ZARAGOZA\.m2\repository\io\github\openfeign\feign-slf4j\10.4.0\feign-slf4j-10.4.0.jar;C:\Users\Pascal.ZARAGOZA\.m2\repository\io\github\openfeign\feign-hystrix\10.4.0\feign-hystrix-10.4.0.jar;C:\Users\Pascal.ZARAGOZA\.m2\repository\org\springframework\cloud\spring-cloud-starter-netflix-eureka-client\2.2.1.RELEASE\spring-cloud-starter-netflix-eureka-client-2.2.1.RELEASE.jar;C:\Users\Pascal.ZARAGOZA\.m2\repository\org\springframework\cloud\spring-cloud-netflix-hystrix\2.2.1.RELEASE\spring-cloud-netflix-hystrix-2.2.1.RELEASE.jar;C:\Users\Pascal.ZARAGOZA\.m2\repository\org\springframework\cloud\spring-cloud-netflix-eureka-client\2.2.1.RELEASE\spring-cloud-netflix-eureka-client-2.2.1.RELEASE.jar;C:\Users\Pascal.ZARAGOZA\.m2\repository\com\netflix\eureka\eureka-client\1.9.13\eureka-client-1.9.13.jar;C:\Users\Pascal.ZARAGOZA\.m2\repository\org\codehaus\jettison\jettison\1.3.7\jettison-1.3.7.jar;C:\Users\Pascal.ZARAGOZA\.m2\repository\stax\stax-api\1.0.1\stax-api-1.0.1.jar;C:\Users\Pascal.ZARAGOZA\.m2\repository\com\netflix\netflix-commons\netflix-eventbus\0.3.0\netflix-eventbus-0.3.0.jar;C:\Users\Pascal.ZARAGOZA\.m2\repository\com\netflix\netflix-commons\netflix-infix\0.3.0\netflix-infix-0.3.0.jar;C:\Users\Pascal.ZARAGOZA\.m2\repository\commons-jxpath\commons-jxpath\1.3\commons-jxpath-1.3.jar;C:\Users\Pascal.ZARAGOZA\.m2\repository\joda-time\joda-time\2.3\joda-time-2.3.jar;C:\Users\Pascal.ZARAGOZA\.m2\repository\org\antlr\antlr-runtime\3.4\antlr-runtime-3.4.jar;C:\Users\Pascal.ZARAGOZA\.m2\repository\org\antlr\stringtemplate\3.2.1\stringtemplate-3.2.1.jar;C:\Users\Pascal.ZARAGOZA\.m2\repository\antlr\antlr\2.7.7\antlr-2.7.7.jar;C:\Users\Pascal.ZARAGOZA\.m2\repository\org\apache\commons\commons-math\2.2\commons-math-2.2.jar;C:\Users\Pascal.ZARAGOZA\.m2\repository\javax\ws\rs\jsr311-api\1.1.1\jsr311-api-1.1.1.jar;C:\Users\Pascal.ZARAGOZA\.m2\repository\com\sun\jersey\jersey-core\1.19.1\jersey-core-1.19.1.jar;C:\Users\Pascal.ZARAGOZA\.m2\repository\com\google\inject\guice\4.1.0\guice-4.1.0.jar;C:\Users\Pascal.ZARAGOZA\.m2\repository\aopalliance\aopalliance\1.0\aopalliance-1.0.jar;C:\Users\Pascal.ZARAGOZA\.m2\repository\com\netflix\eureka\eureka-core\1.9.13\eureka-core-1.9.13.jar;C:\Users\Pascal.ZARAGOZA\.m2\repository\com\fasterxml\woodstox\woodstox-core\5.2.1\woodstox-core-5.2.1.jar;C:\Users\Pascal.ZARAGOZA\.m2\repository\org\codehaus\woodstox\stax2-api\4.2\stax2-api-4.2.jar;C:\Users\Pascal.ZARAGOZA\.m2\repository\org\springframework\cloud\spring-cloud-starter-loadbalancer\2.2.1.RELEASE\spring-cloud-starter-loadbalancer-2.2.1.RELEASE.jar;C:\Users\Pascal.ZARAGOZA\.m2\repository\org\springframework\cloud\spring-cloud-loadbalancer\2.2.1.RELEASE\spring-cloud-loadbalancer-2.2.1.RELEASE.jar;C:\Users\Pascal.ZARAGOZA\.m2\repository\io\projectreactor\reactor-core\3.3.1.RELEASE\reactor-core-3.3.1.RELEASE.jar;C:\Users\Pascal.ZARAGOZA\.m2\repository\org\reactivestreams\reactive-streams\1.0.3\reactive-streams-1.0.3.jar;C:\Users\Pascal.ZARAGOZA\.m2\repository\io\projectreactor\addons\reactor-extra\3.3.1.RELEASE\reactor-extra-3.3.1.RELEASE.jar;C:\Users\Pascal.ZARAGOZA\.m2\repository\org\springframework\boot\spring-boot-starter-cache\2.2.2.RELEASE\spring-boot-starter-cache-2.2.2.RELEASE.jar;C:\Users\Pascal.ZARAGOZA\.m2\repository\org\springframework\spring-context-support\5.2.2.RELEASE\spring-context-support-5.2.2.RELEASE.jar;C:\Users\Pascal.ZARAGOZA\.m2\repository\com\stoyanr\evictor\1.0.0\evictor-1.0.0.jar;C:\Users\Pascal.ZARAGOZA\.m2\repository\com\netflix\ribbon\ribbon-eureka\2.3.0\ribbon-eureka-2.3.0.jar;C:\Users\Pascal.ZARAGOZA\.m2\repository\com\thoughtworks\xstream\xstream\1.4.11.1\xstream-1.4.11.1.jar;C:\Users\Pascal.ZARAGOZA\.m2\repository\xmlpull\xmlpull\1.1.3.1\xmlpull-1.1.3.1.jar;C:\Users\Pascal.ZARAGOZA\.m2\repository\xpp3\xpp3_min\1.1.4c\xpp3_min-1.1.4c.jar;C:\Users\Pascal.ZARAGOZA\.m2\repository\com\fasterxml\jackson\core\jackson-databind\2.10.3\jackson-databind-2.10.3.jar;C:\Users\Pascal.ZARAGOZA\.m2\repository\com\fasterxml\jackson\core\jackson-annotations\2.10.3\jackson-annotations-2.10.3.jar;C:\Users\Pascal.ZARAGOZA\.m2\repository\com\fasterxml\jackson\core\jackson-core\2.10.3\jackson-core-2.10.3.jar;"/>
    <property name="sun.cpu.endian" value="little"/>
    <property name="user.home" value="C:\Users\Pascal.ZARAGOZA"/>
    <property name="user.language" value="fr"/>
    <property name="java.specification.vendor" value="Oracle Corporation"/>
    <property name="java.version.date" value="2020-01-14"/>
    <property name="java.home" value="C:\Program Files\Java\jdk-13.0.2"/>
    <property name="file.separator" value="\"/>
    <property name="basedir" value="C:\Users\Pascal.ZARAGOZA\eclipse-workspace\000-testprint\frontend"/>
    <property name="java.vm.compressedOopsMode" value="Zero based"/>
    <property name="line.separator" value="&#10;"/>
    <property name="java.vm.specification.vendor" value="Oracle Corporation"/>
    <property name="java.specification.name" value="Java Platform API Specification"/>
    <property name="surefire.real.class.path" value="C:\Users\Pascal.ZARAGOZA\AppData\Local\Temp\surefire7079255906648570562\surefirebooter7325479746962235262.jar"/>
    <property name="user.script" value=""/>
    <property name="sun.management.compiler" value="HotSpot 64-Bit Tiered Compilers"/>
    <property name="java.runtime.version" value="13.0.2+8"/>
    <property name="user.name" value="Pascal.ZARAGOZA"/>
    <property name="path.separator" value=";"/>
    <property name="webdriver.firefox.logfile" value="/dev/null"/>
    <property name="os.version" value="10.0"/>
    <property name="java.runtime.name" value="Java(TM) SE Runtime Environment"/>
    <property name="file.encoding" value="Cp1252"/>
    <property name="java.vm.name" value="Java HotSpot(TM) 64-Bit Server VM"/>
    <property name="localRepository" value="C:\Users\Pascal.ZARAGOZA\.m2\repository"/>
    <property name="java.vendor.url.bug" value="https://bugreport.java.com/bugreport/"/>
    <property name="java.io.tmpdir" value="C:\Users\PASCAL~1.ZAR\AppData\Local\Temp\"/>
    <property name="java.version" value="13.0.2"/>
    <property name="user.dir" value="C:\Users\Pascal.ZARAGOZA\eclipse-workspace\000-testprint\frontend"/>
    <property name="os.arch" value="amd64"/>
    <property name="webdriver.gecko.driver" value="C:\Users\Pascal.ZARAGOZA\.m2\repository\webdriver\geckodriver\win64\0.26.0\geckodriver.exe"/>
    <property name="java.vm.specification.name" value="Java Virtual Machine Specification"/>
    <property name="sun.os.patch.level" value=""/>
    <property name="java.library.path" value="C:\Program Files\Java\jdk-13.0.2\bin;C:\WINDOWS\Sun\Java\bin;C:\WINDOWS\system32;C:\WINDOWS;%JAVA_HOME%\bin;C:\WINDOWS\system32;C:\WINDOWS;C:\WINDOWS\System32\Wbem;C:\WINDOWS\System32\WindowsPowerShell\v1.0\;C:\WINDOWS\System32\OpenSSH\;C:\Program Files (x86)\Druide\Antidote 9\Application\Bin64\;C:\Program Files (x86)\Druide\Antidote 9\Application\Bin32\;C:\Program Files\Git\cmd;C:\Program Files\TortoiseSVN\bin;C:\Program Files (x86)\Subversion\bin;C:\Program Files\PuTTY\;C:\Program Files\nodejs\;C:\Gradle\gradle-5.1.1\bin;C:\Strawberry\c\bin;C:\Strawberry\perl\site\bin;C:\Strawberry\perl\bin;C:\Program Files\MySQL\MySQL Server 8.0\bin;;C:\Program Files\Docker\Docker\resources\bin;C:\ProgramData\DockerDesktop\version-bin;C:\Program Files\MySQL\MySQL Shell 8.0\bin\;C:\Program Files\Java\jdk-13.0.2\bin;D:\developpement\maven-3.2.5\bin;C:\Users\Pascal.ZARAGOZA\AppData\Local\Microsoft\WindowsApps;C:\Users\Pascal.ZARAGOZA\AppData\Local\Programs\Microsoft VS Code\bin;C:\Program Files\TortoiseSVN\bin;C:\Users\Pascal.ZARAGOZA\AppData\Roaming\npm;C:\Users\Pascal.ZARAGOZA\AppData\Local\Programs\MiKTeX 2.9\miktex\bin\x64\;C:\Program Files\MySQL\MySQL Server 8.0\bin;C:\Program Files (x86)\Graphviz2.38\bin;;."/>
    <property name="java.vm.info" value="mixed mode, sharing"/>
    <property name="java.vendor" value="Oracle Corporation"/>
    <property name="java.vm.version" value="13.0.2+8"/>
    <property name="sun.io.unicode.encoding" value="UnicodeLittle"/>
    <property name="java.class.version" value="57.0"/>
  </properties>
  <testcase name="testOrder" classname="org.mybatis.jpetstore.ScreenTransitionIT" time="58.229">
    <failure type="com.codeborne.selenide.ex.ElementShould"><![CDATA[com.codeborne.selenide.ex.ElementShould: 
Element should be text 'Sub Total: $199.00' {#Cart tr:nth-of-type(4) td}
Element: '<td colspan="7">Sub Total: $199,00</td>'
Screenshot: file:/C:/Users/Pascal.ZARAGOZA/eclipse-workspace/000-testprint/frontend/build/reports/tests/org/mybatis/jpetstore/ScreenTransitionIT/emptyMethod/1587585625746.0.png
Page source: file:/C:/Users/Pascal.ZARAGOZA/eclipse-workspace/000-testprint/frontend/build/reports/tests/org/mybatis/jpetstore/ScreenTransitionIT/emptyMethod/1587585625746.0.html
Timeout: 10 s.
	at org.mybatis.jpetstore.ScreenTransitionIT.testOrder(ScreenTransitionIT.java:90)
]]></failure>
    <system-out><![CDATA[21:59:28.951 [main] DEBUG com.codeborne.selenide.impl.CiReportUrl - Variable selenide.reportsUrl not found
21:59:29.047 [main] INFO com.codeborne.selenide.impl.WebDriverThreadLocalContainer - No webdriver is bound to current thread: 1 - let's create a new webdriver
21:59:29.051 [main] DEBUG com.codeborne.selenide.webdriver.WebDriverFactory - browser=firefox
21:59:29.051 [main] DEBUG com.codeborne.selenide.webdriver.WebDriverFactory - browser.version=null
21:59:29.051 [main] DEBUG com.codeborne.selenide.webdriver.WebDriverFactory - remote=null
21:59:29.052 [main] DEBUG com.codeborne.selenide.webdriver.WebDriverFactory - browserSize=1366x768
21:59:29.052 [main] DEBUG com.codeborne.selenide.webdriver.WebDriverFactory - startMaximized=false
21:59:30.769 [main] DEBUG io.github.bonigarcia.wdm.Shell - Running command on the shell: [wmic, datafile, where, name='C:\\Program Files (x86)\\Mozilla Firefox\\firefox.exe', get, Version, /value]
21:59:31.356 [main] DEBUG io.github.bonigarcia.wdm.Shell - Result: 
21:59:31.356 [main] DEBUG io.github.bonigarcia.wdm.WebDriverManager - The proper geckodriver version for your Mozilla Firefox is unknown ... trying with the latest
21:59:31.359 [main] INFO io.github.bonigarcia.wdm.WebDriverManager - Reading https://api.github.com/repos/mozilla/geckodriver/releases to seek geckodriver
21:59:31.400 [main] DEBUG org.apache.http.client.protocol.RequestAddCookies - CookieSpec selected: standard
21:59:31.426 [main] DEBUG org.apache.http.client.protocol.RequestAuthCache - Auth cache not set in the context
21:59:31.432 [main] DEBUG org.apache.http.impl.conn.PoolingHttpClientConnectionManager - Connection request: [route: {s}->https://api.github.com:443][total kept alive: 0; route allocated: 0 of 2; total allocated: 0 of 20]
21:59:31.490 [main] DEBUG org.apache.http.impl.conn.PoolingHttpClientConnectionManager - Connection leased: [id: 0][route: {s}->https://api.github.com:443][total kept alive: 0; route allocated: 1 of 2; total allocated: 1 of 20]
21:59:31.498 [main] DEBUG org.apache.http.impl.execchain.MainClientExec - Opening connection {s}->https://api.github.com:443
21:59:31.530 [main] DEBUG org.apache.http.impl.conn.DefaultHttpClientConnectionOperator - Connecting to api.github.com/140.82.118.5:443
21:59:31.530 [main] DEBUG org.apache.http.conn.ssl.SSLConnectionSocketFactory - Connecting socket to api.github.com/140.82.118.5:443 with timeout 0
21:59:31.635 [main] DEBUG org.apache.http.conn.ssl.SSLConnectionSocketFactory - Enabled protocols: [TLSv1.3, TLSv1.2, TLSv1.1, TLSv1]
21:59:31.635 [main] DEBUG org.apache.http.conn.ssl.SSLConnectionSocketFactory - Enabled cipher suites:[TLS_AES_256_GCM_SHA384, TLS_AES_128_GCM_SHA256, TLS_CHACHA20_POLY1305_SHA256, TLS_ECDHE_ECDSA_WITH_AES_256_GCM_SHA384, TLS_ECDHE_ECDSA_WITH_AES_128_GCM_SHA256, TLS_ECDHE_ECDSA_WITH_CHACHA20_POLY1305_SHA256, TLS_ECDHE_RSA_WITH_AES_256_GCM_SHA384, TLS_ECDHE_RSA_WITH_CHACHA20_POLY1305_SHA256, TLS_ECDHE_RSA_WITH_AES_128_GCM_SHA256, TLS_DHE_RSA_WITH_AES_256_GCM_SHA384, TLS_DHE_RSA_WITH_CHACHA20_POLY1305_SHA256, TLS_DHE_DSS_WITH_AES_256_GCM_SHA384, TLS_DHE_RSA_WITH_AES_128_GCM_SHA256, TLS_DHE_DSS_WITH_AES_128_GCM_SHA256, TLS_ECDHE_ECDSA_WITH_AES_256_CBC_SHA384, TLS_ECDHE_RSA_WITH_AES_256_CBC_SHA384, TLS_ECDHE_ECDSA_WITH_AES_128_CBC_SHA256, TLS_ECDHE_RSA_WITH_AES_128_CBC_SHA256, TLS_DHE_RSA_WITH_AES_256_CBC_SHA256, TLS_DHE_DSS_WITH_AES_256_CBC_SHA256, TLS_DHE_RSA_WITH_AES_128_CBC_SHA256, TLS_DHE_DSS_WITH_AES_128_CBC_SHA256, TLS_ECDH_ECDSA_WITH_AES_256_GCM_SHA384, TLS_ECDH_RSA_WITH_AES_256_GCM_SHA384, TLS_ECDH_ECDSA_WITH_AES_128_GCM_SHA256, TLS_ECDH_RSA_WITH_AES_128_GCM_SHA256, TLS_ECDH_ECDSA_WITH_AES_256_CBC_SHA384, TLS_ECDH_RSA_WITH_AES_256_CBC_SHA384, TLS_ECDH_ECDSA_WITH_AES_128_CBC_SHA256, TLS_ECDH_RSA_WITH_AES_128_CBC_SHA256, TLS_ECDHE_ECDSA_WITH_AES_256_CBC_SHA, TLS_ECDHE_RSA_WITH_AES_256_CBC_SHA, TLS_ECDHE_ECDSA_WITH_AES_128_CBC_SHA, TLS_ECDHE_RSA_WITH_AES_128_CBC_SHA, TLS_DHE_RSA_WITH_AES_256_CBC_SHA, TLS_DHE_DSS_WITH_AES_256_CBC_SHA, TLS_DHE_RSA_WITH_AES_128_CBC_SHA, TLS_DHE_DSS_WITH_AES_128_CBC_SHA, TLS_ECDH_ECDSA_WITH_AES_256_CBC_SHA, TLS_ECDH_RSA_WITH_AES_256_CBC_SHA, TLS_ECDH_ECDSA_WITH_AES_128_CBC_SHA, TLS_ECDH_RSA_WITH_AES_128_CBC_SHA, TLS_RSA_WITH_AES_256_GCM_SHA384, TLS_RSA_WITH_AES_128_GCM_SHA256, TLS_RSA_WITH_AES_256_CBC_SHA256, TLS_RSA_WITH_AES_128_CBC_SHA256, TLS_RSA_WITH_AES_256_CBC_SHA, TLS_RSA_WITH_AES_128_CBC_SHA, TLS_EMPTY_RENEGOTIATION_INFO_SCSV]
21:59:31.636 [main] DEBUG org.apache.http.conn.ssl.SSLConnectionSocketFactory - Starting handshake
21:59:31.845 [main] DEBUG org.apache.http.conn.ssl.SSLConnectionSocketFactory - Secure session established
21:59:31.846 [main] DEBUG org.apache.http.conn.ssl.SSLConnectionSocketFactory -  negotiated protocol: TLSv1.3
21:59:31.846 [main] DEBUG org.apache.http.conn.ssl.SSLConnectionSocketFactory -  negotiated cipher suite: TLS_AES_128_GCM_SHA256
21:59:31.848 [main] DEBUG org.apache.http.conn.ssl.SSLConnectionSocketFactory -  peer principal: CN=*.github.com, O="GitHub, Inc.", L=San Francisco, ST=California, C=US
21:59:31.849 [main] DEBUG org.apache.http.conn.ssl.SSLConnectionSocketFactory -  peer alternative names: [*.github.com, github.com]
21:59:31.849 [main] DEBUG org.apache.http.conn.ssl.SSLConnectionSocketFactory -  issuer principal: CN=DigiCert SHA2 High Assurance Server CA, OU=www.digicert.com, O=DigiCert Inc, C=US
21:59:31.850 [main] DEBUG org.apache.http.impl.conn.DefaultHttpClientConnectionOperator - Connection established 192.168.0.23:58521<->140.82.118.5:443
21:59:31.851 [main] DEBUG org.apache.http.impl.conn.DefaultManagedHttpClientConnection - http-outgoing-0: set socket timeout to 30000
21:59:31.851 [main] DEBUG org.apache.http.impl.execchain.MainClientExec - Executing request GET /repos/mozilla/geckodriver/releases HTTP/1.1
21:59:31.851 [main] DEBUG org.apache.http.impl.execchain.MainClientExec - Target auth state: UNCHALLENGED
21:59:31.863 [main] DEBUG org.apache.http.impl.execchain.MainClientExec - Proxy auth state: UNCHALLENGED
21:59:31.866 [main] DEBUG org.apache.http.headers - http-outgoing-0 >> GET /repos/mozilla/geckodriver/releases HTTP/1.1
21:59:31.867 [main] DEBUG org.apache.http.headers - http-outgoing-0 >> User-Agent: Apache-HttpClient/4.5.6
21:59:31.867 [main] DEBUG org.apache.http.headers - http-outgoing-0 >> Connection: keep-alive
21:59:31.868 [main] DEBUG org.apache.http.headers - http-outgoing-0 >> Host: api.github.com
21:59:31.868 [main] DEBUG org.apache.http.headers - http-outgoing-0 >> Accept-Encoding: gzip,deflate
21:59:31.869 [main] DEBUG org.apache.http.wire - http-outgoing-0 >> "GET /repos/mozilla/geckodriver/releases HTTP/1.1[\r][\n]"
21:59:31.869 [main] DEBUG org.apache.http.wire - http-outgoing-0 >> "User-Agent: Apache-HttpClient/4.5.6[\r][\n]"
21:59:31.869 [main] DEBUG org.apache.http.wire - http-outgoing-0 >> "Connection: keep-alive[\r][\n]"
21:59:31.870 [main] DEBUG org.apache.http.wire - http-outgoing-0 >> "Host: api.github.com[\r][\n]"
21:59:31.870 [main] DEBUG org.apache.http.wire - http-outgoing-0 >> "Accept-Encoding: gzip,deflate[\r][\n]"
21:59:31.871 [main] DEBUG org.apache.http.wire - http-outgoing-0 >> "[\r][\n]"
21:59:31.915 [main] DEBUG org.apache.http.wire - http-outgoing-0 << "HTTP/1.1 200 OK[\r][\n]"
21:59:31.915 [main] DEBUG org.apache.http.wire - http-outgoing-0 << "date: Wed, 22 Apr 2020 19:59:47 GMT[\r][\n]"
21:59:31.915 [main] DEBUG org.apache.http.wire - http-outgoing-0 << "content-type: application/json; charset=utf-8[\r][\n]"
21:59:31.915 [main] DEBUG org.apache.http.wire - http-outgoing-0 << "server: GitHub.com[\r][\n]"
21:59:31.915 [main] DEBUG org.apache.http.wire - http-outgoing-0 << "status: 200 OK[\r][\n]"
21:59:31.915 [main] DEBUG org.apache.http.wire - http-outgoing-0 << "cache-control: public, max-age=60, s-maxage=60[\r][\n]"
21:59:31.915 [main] DEBUG org.apache.http.wire - http-outgoing-0 << "vary: Accept, Accept-Encoding, Accept, X-Requested-With[\r][\n]"
21:59:31.915 [main] DEBUG org.apache.http.wire - http-outgoing-0 << "etag: W/"ba61f8e506943b1a8282aa7e84c16404"[\r][\n]"
21:59:31.916 [main] DEBUG org.apache.http.wire - http-outgoing-0 << "x-github-media-type: github.v3; format=json[\r][\n]"
21:59:31.916 [main] DEBUG org.apache.http.wire - http-outgoing-0 << "link: <https://api.github.com/repositories/25354393/releases?page=2>; rel="next", <https://api.github.com/repositories/25354393/releases?page=2>; rel="last"[\r][\n]"
21:59:31.916 [main] DEBUG org.apache.http.wire - http-outgoing-0 << "access-control-expose-headers: ETag, Link, Location, Retry-After, X-GitHub-OTP, X-RateLimit-Limit, X-RateLimit-Remaining, X-RateLimit-Reset, X-OAuth-Scopes, X-Accepted-OAuth-Scopes, X-Poll-Interval, X-GitHub-Media-Type, Deprecation, Sunset[\r][\n]"
21:59:31.916 [main] DEBUG org.apache.http.wire - http-outgoing-0 << "access-control-allow-origin: *[\r][\n]"
21:59:31.916 [main] DEBUG org.apache.http.wire - http-outgoing-0 << "strict-transport-security: max-age=31536000; includeSubdomains; preload[\r][\n]"
21:59:31.916 [main] DEBUG org.apache.http.wire - http-outgoing-0 << "x-frame-options: deny[\r][\n]"
21:59:31.916 [main] DEBUG org.apache.http.wire - http-outgoing-0 << "x-content-type-options: nosniff[\r][\n]"
21:59:31.916 [main] DEBUG org.apache.http.wire - http-outgoing-0 << "x-xss-protection: 1; mode=block[\r][\n]"
21:59:31.917 [main] DEBUG org.apache.http.wire - http-outgoing-0 << "referrer-policy: origin-when-cross-origin, strict-origin-when-cross-origin[\r][\n]"
21:59:31.917 [main] DEBUG org.apache.http.wire - http-outgoing-0 << "content-security-policy: default-src 'none'[\r][\n]"
21:59:31.917 [main] DEBUG org.apache.http.wire - http-outgoing-0 << "content-encoding: gzip[\r][\n]"
21:59:31.917 [main] DEBUG org.apache.http.wire - http-outgoing-0 << "X-Ratelimit-Limit: 60[\r][\n]"
21:59:31.917 [main] DEBUG org.apache.http.wire - http-outgoing-0 << "X-Ratelimit-Remaining: 57[\r][\n]"
21:59:31.917 [main] DEBUG org.apache.http.wire - http-outgoing-0 << "X-Ratelimit-Reset: 1587586777[\r][\n]"
21:59:31.917 [main] DEBUG org.apache.http.wire - http-outgoing-0 << "Accept-Ranges: bytes[\r][\n]"
21:59:31.917 [main] DEBUG org.apache.http.wire - http-outgoing-0 << "Content-Length: 36274[\r][\n]"
21:59:31.917 [main] DEBUG org.apache.http.wire - http-outgoing-0 << "X-GitHub-Request-Id: E499:1A117:5B770:6D7A8:5EA0A23B[\r][\n]"
21:59:31.918 [main] DEBUG org.apache.http.wire - http-outgoing-0 << "[\r][\n]"
21:59:31.919 [main] DEBUG org.apache.http.wire - http-outgoing-0 << "[0x1f][0x8b][0x8][0x0][0x0][0x0][0x0][0x0][0x0][0x3][0xec][0xbd][0xdb][0x92][0xe3]F[0x96]-[0xf8]+[0x98][0xd0][0x98][0x8d][0xb2]O[0x92][0xc4][0x85][0xf7]iu[0x9d]PF[0xaa]*%EDJ[0xc9][0x94][0xba]N(-[0x8][0x92] [0x89][0xc][0x10]`[0x3]`\2Mf[0xfd]:[0xef][0xf3]r[0xcc]f[0x1e]g>[0xac][0xbe]d[0xd6][0xde][0xee][0xb8][0x10][0x4][0xaf]IF[0xd7]H^[0xdd]i[\n]"
21:59:31.919 [main] DEBUG org.apache.http.wire - http-outgoing-0 << "[0x92][0xc0]v[0x87]_[0x16][0x1c][0x8e][0xb5][0xd7][0xba][0xf9]|[0xb6][0x8][0xbd][0xb3][0xee][0xd9]4[0x8e][0xe7]Q[0xb7]V[0xb3][0xe7]nu[0xe2][0xc6]"
21:59:31.927 [main] DEBUG org.apache.http.headers - http-outgoing-0 << HTTP/1.1 200 OK
21:59:31.928 [main] DEBUG org.apache.http.headers - http-outgoing-0 << date: Wed, 22 Apr 2020 19:59:47 GMT
21:59:31.928 [main] DEBUG org.apache.http.headers - http-outgoing-0 << content-type: application/json; charset=utf-8
21:59:31.928 [main] DEBUG org.apache.http.headers - http-outgoing-0 << server: GitHub.com
21:59:31.928 [main] DEBUG org.apache.http.headers - http-outgoing-0 << status: 200 OK
21:59:31.928 [main] DEBUG org.apache.http.headers - http-outgoing-0 << cache-control: public, max-age=60, s-maxage=60
21:59:31.929 [main] DEBUG org.apache.http.headers - http-outgoing-0 << vary: Accept, Accept-Encoding, Accept, X-Requested-With
21:59:31.929 [main] DEBUG org.apache.http.headers - http-outgoing-0 << etag: W/"ba61f8e506943b1a8282aa7e84c16404"
21:59:31.929 [main] DEBUG org.apache.http.headers - http-outgoing-0 << x-github-media-type: github.v3; format=json
21:59:31.929 [main] DEBUG org.apache.http.headers - http-outgoing-0 << link: <https://api.github.com/repositories/25354393/releases?page=2>; rel="next", <https://api.github.com/repositories/25354393/releases?page=2>; rel="last"
21:59:31.929 [main] DEBUG org.apache.http.headers - http-outgoing-0 << access-control-expose-headers: ETag, Link, Location, Retry-After, X-GitHub-OTP, X-RateLimit-Limit, X-RateLimit-Remaining, X-RateLimit-Reset, X-OAuth-Scopes, X-Accepted-OAuth-Scopes, X-Poll-Interval, X-GitHub-Media-Type, Deprecation, Sunset
21:59:31.929 [main] DEBUG org.apache.http.headers - http-outgoing-0 << access-control-allow-origin: *
21:59:31.929 [main] DEBUG org.apache.http.headers - http-outgoing-0 << strict-transport-security: max-age=31536000; includeSubdomains; preload
21:59:31.930 [main] DEBUG org.apache.http.headers - http-outgoing-0 << x-frame-options: deny
21:59:31.930 [main] DEBUG org.apache.http.headers - http-outgoing-0 << x-content-type-options: nosniff
21:59:31.930 [main] DEBUG org.apache.http.headers - http-outgoing-0 << x-xss-protection: 1; mode=block
21:59:31.930 [main] DEBUG org.apache.http.headers - http-outgoing-0 << referrer-policy: origin-when-cross-origin, strict-origin-when-cross-origin
21:59:31.930 [main] DEBUG org.apache.http.headers - http-outgoing-0 << content-security-policy: default-src 'none'
21:59:31.930 [main] DEBUG org.apache.http.headers - http-outgoing-0 << content-encoding: gzip
21:59:31.930 [main] DEBUG org.apache.http.headers - http-outgoing-0 << X-Ratelimit-Limit: 60
21:59:31.930 [main] DEBUG org.apache.http.headers - http-outgoing-0 << X-Ratelimit-Remaining: 57
21:59:31.930 [main] DEBUG org.apache.http.headers - http-outgoing-0 << X-Ratelimit-Reset: 1587586777
21:59:31.931 [main] DEBUG org.apache.http.headers - http-outgoing-0 << Accept-Ranges: bytes
21:59:31.931 [main] DEBUG org.apache.http.headers - http-outgoing-0 << Content-Length: 36274
21:59:31.931 [main] DEBUG org.apache.http.headers - http-outgoing-0 << X-GitHub-Request-Id: E499:1A117:5B770:6D7A8:5EA0A23B
21:59:31.954 [main] DEBUG org.apache.http.impl.execchain.MainClientExec - Connection can be kept alive indefinitely
21:59:32.172 [main] DEBUG org.apache.http.wire - http-outgoing-0 << "[0xd3][0xc5][0xa0]:[0xc]f[0xb5][0xd0][0x99][0x7]Qm[0x16]|r=[0xcf][0xae]M[0x9c][0xe1]]0[\n]"
21:59:32.176 [main] DEBUG org.apache.http.wire - http-outgoing-0 << "[0xdd]{'[0xc4]/[0x9e]cGNT3[0xf5]f[0xa3]nt[0x8c][0xb3][0x97]gv[0x14]9qt{[0xac][0x88]5[0x11][0xf][0x81][0x17]s/[0xb0]G[0x85][0xc0][0xe2][0xcb][0xe8][0xc0][0xea][0xca][0xe0][0x9f][0xff][0xe2][0xdb]3[0xe7][0xa5]g[0xf][0x1c][0xef]w[0x94]4[0x8d]g^[0xa1][0x9c]\sll[0x88][0xd8][0x9e][0xd4][0xee][0xf5][0xaa][0xd9][0xac][0xea][0x8][0xe4][0x8e][0xce][0xba]I[0xd3][0xbc]<[0xf3][0x83][0x91]sK_[0x9d]]^[0xc][0x9b][0xef]g[0xbf]D[0xff][0xe3][0xd7][0xef]>[0xfd][0x8f][0xde][0x9b][0x87][0xab][0x8f][0xef][0xf5][0xcb][0xde][0xdd]#NA[0x80][[0xaa][\r][0x8e][0xca][0xe2][0xc4]v8q[0xe2][t[0xc6][0xcc][0x8d][0xdd]h[0x8a][0x1f]gv[0x14];!N[0x90][0x7][0xe3][0xaf]Qh[0x8f][0xe3][0xb3][0xee][0xd8][0xf6]"[0x7][0xfd][0xb0][0x88][0xa7]Ax[0xd6][0xfd]|[0xe6][0x5][0x13][0xd7][0xc7])[0xb6]?[\n]"
21:59:32.179 [main] DEBUG org.apache.http.wire - http-outgoing-0 << "[0xd1]]q,kfu:[0x86][0xa9]/[0xd7][0xeb][0xa7][0xe6]/[0xff]~[0xe5][\r]?^6[0xae]{[0xaf][0x9f].[0xcf][0xbf][0xf9][0x86][0xba][0xf4][0xde]F[\r][0x8a]][0xca]_F[0x96]l[0xfa]E[0xe4][0x84][0xc3][0xc0][0x8f][0x1d]?[0xe6]A[0xb3][0xa8][0x89][0xf0][0xb9][0xff][0xa6][0x8e][0x10][0x93]P[0x6][0xe1][0xeb][0xc7][0x17][0x1b][0xc7][0x7][0x5][0x8b]j[0xf9][0xfa]n[0xee][0x92][0xfc][0x91][0xe3][0xc0][0xf3][0x82][0x7][0x9c]_[0xac][0xef][0xf2][0xa0].[0x14]QKOC[0xdd][0xc4][0xdf][0xae]?9$[0x4]N[0xfb]\[0xb][0xe2][0xa9][0x83][0x6][0xc3]e[0xd0]x[0x9a][0xb8][0xd1][0xb6][0x19]Q[0xac][0xe][0x9f][0xf2][0xb9]F[0xff][0xc1][0x90][0xa1] [0x11]Z;t[0x8a][0xe3][0xbf]0U[0x8b]a[0xe4]I[0xa8][0xd0][0x83][0x8f][0xba]|[0xe6][0xb9][0xcc][0xd1][0x16][0x83]h[0x18][0xba][0xf3][0xd8][\r][0xfc]=[j[0xe9]T[0x84][\n]"
21:59:32.180 [main] DEBUG org.apache.http.wire - http-outgoing-0 << "[0xc2][0x89][0xed][0xbb][0x9f][0xec][0x3]B[0xe1][0xd4][0x8][0x11][0x18]`[0xf6]kk>[0x5][0xa7]:[0xf7][0x18]p{[0x9e]+[0xce][0xf9]\[0x9b][0x3][0xc4][0xec][0xe1][0x13]5G[0xe8][0xc][0x1d] [0xda][0xe8][0xf6][0x90]x[0x85][0x93][0x11].~[0x9a][0xd3][0x4]~[0x8f][0xfe][0xa7][0xb6]vc[0xe7][0xd6][0x1e][0xcd]h[0x12][0xf2][0xe4][0xfc][0xfd][0xe5][0xd9]<t$x[0xa6][0x13]v[0x88][0xc9][0x19][0xa3][\n]"
21:59:32.180 [main] DEBUG org.apache.http.wire - http-outgoing-0 << "6[0xe6][0xf0][0x99][0xa9][0x1b][0x9d][0x8a][0xde][0xae][0x18][0xcd][0x9e][0xa1]w[0xeb]F[0xd7][0xb4][0xfe][0x7]B[0xcd][0x17][0x3][0xf][0xf3][0xe9](C[0xaf][0x18]F[0xcf][0xb4][0xba]V[0xbd][0xab]7[0xe9]([0x9][0x99][0xdd][0x9b]/[0x7]v[0x11][0xaa]f4[0xea][0xf5][0x86][0xd9][0xe9] 8M[0xe0][0xe4][0xe3]2v[0xbc]~[0xba][0xf6][0xbe][0xf7][0x6][0xfd]e:4[0xf9]vh]y[0xa3][0x8b][0xd7][0xc6][0xd5][0xc5]O[0xc6][0xe5][0xc7][0xbb][0x6]N[0x95]P[0x95][0xbb][0x83]T$[0xc6]U<[0xd7]_<Zf[0x15][0x83][0xbc]:[0xf9][0x84]c[0x19][0x8c][0xcf][0xba][0xfe][0xc2][0xf3][0x12][0xe8]Gc[0xe6][0xd0][0xec]a[0xea][0xce][0x6]A[0x90][0xd4][0xc8][0xec]4u[0xab][0x1c][0xcb]P[0xaf][0xde][0xdf][0x1f].[0x1f][0xb6]b[0x99][0xb9][0x16][0xcb][0xc][0xe][0xff][0x5]X[0x96][0xd5]v3[0x92]e[0xc7][0xed][0x85]c[0xf2][0xb4][0xc3]Ql9[0xc0][0x97]`X[0x12][0xe9][0x8b][0x10],[0x9]r<[0xfc]J#[0xe6][0x81][0xf][0x83]go[0xf4]J[0x2][0xed][0x8b]][0xc9]y[0xfb]#Wr[0xe6]qp+[0xab][0xc7][0x12][0xe4][0xa1])[0xb6][0xa3][0x96][0xbc][0xc1][0xdf][0xca]#[0xed][0xf9][0xdc]s[0x87][0xc][0xfc][0xb5][0xc7][0xca][0xe4][0x93];G[0x14]tYL[0xe0]'Vf[0xce][0x88][0xbe]r?[0xe1][0x1b][0xd3][0xb2][0xf4]f[0xb3][0x8d]u[\n]"
21:59:32.180 [main] DEBUG org.apache.http.wire - http-outgoing-0 << "nF[0xbc][0x94][0x1b][0x6][0xb][0x1f]`g[0xb5][\r][0x13]Sw[0x15][0xff][0x8][0xd9][0xcc][0x9e][0xd1][0xee][0x1a][0xad][0xae][0xd5]"d[[0xcc]G[0x5][0x8c][0xcc][0x1f]Sg[0x8c][0x1c][0x84][0xc1][0x3][0x80][0xf7]6-fy[0xa9][0xb1][0xeb]J.9=Y[0xce][0xe5][0x17][0xbe][0xeb]`[0xeb][0xf7][0x97][0xc7]E\K[0xa7][0x15]u[0x8a][0xb8][0xf8][0xb8]3[0xe2]~:[0xa7][0xd5][0xe4]6[0xc4]m[0xd6][0x15][0xe2][0xa6][0xf7][0x11][0x85][0xb8]APS[0x88][0x8b]'[0x8f]?[0xc][0xe2]v[0xf4]F[0xbd][0xb3][0x8a][0xb8]xR[0x7][0x18][[0xf5]m[0xa0][[0xef]l[0x7][0xdd][0xc6][\r][0xe8]f[0xc8]u\[0xd0][0xb5][0x9a]m[0xc3][0xca]@[0x97]?[0xee][0x6][0xba][0x97][0xe6][0xf5][0xc5]kZ[0xba]n[0x0][0xdd][0x99]=[0xc][0xa2]= W=[0xb2][0xe7]n[0xd7][0xc5][0x87][[0xf5][0xc8][0xbe]n[0xc7][0xae][0xd8]R[0xea][0x91]}yC[0x9][0xdb] [0xcf][0xbd][0xf8][0xd5][0xf5]f[0xbb][0x8d][0xcd][0xb6][0xe2][0xe2][0xd7]`,^[0xbb][0xfc][0x15][0xf][0xf6]V[0xb7]n[0xae]G[0xe2][0xe4][0x98][0x86][0xfe][0xdc][0xcb][0xdf]%8;>[0xe][0x9b][0xcb]8l[0xee][0x81][0xc3]O[0x9b]q[0xf8][0xc1][0xf5][0xb1][0xd9] [0x1e]X[0xb6][0xee]4([0x10]V [0xac][0xf6]M[0xe3][0xda]q[0xf6][0x1f][0xd2][0xd9]tl[0x10][0xde][0xb2][0xfd]`[0xd4][0xad][0x86]e[0xb4]V[0x11][0xd8]l[0xd5][0xcd][0x6][0x90][0xb9]|[0xff]a[0x1f][0x0][0x16][0xcb][0xe5][0xe7][0xdc][0xc8]p[0xec][0xb8][0xe8][[0xd7][F[0xe]}[0xf9][0xe3]n[0xe8][0xfb][0xd3][0xc3][0xd5][0xa7][0xd7][0xdb][0xd1][0x17][0xcb][0xf7][0x1d][0xd1]W>[0x8b]%[0xb7][0x2][0xb5][0xcf][0x8b]Mo[0xb5][0xcf][[0xf2][0x9a]Z,z[0xd5]>om[0xb9]![0x8e][0xbc][0xd4][0xdd][0x86][0xb2][\r][0xcb][0x4][0xa0][0xae][0xa2]l[0xab]at[0x1a][0x8d][0xe6]:[0x98]5{z[0xa7]k`[0x9d][0xdb]^[0xbf][0xce][0xe5]cL][0xbe][0xe4]zf[0x98][0x95][0x80][0xf5][0xfb][0x7]zE[0x1f][0xe]l[0xaf][0xc8][0x10][0xd8][0x99]4!O[0xcf][0xd1][0x4][0xd0][0xa6]_[0x12]P[0x9e][0x9e][0xb]8[0x8]FO[0xd8][0x82][0xff]v[0xe1]z[0xb1]6[0xe][0x83][0x99]v[0xd3]w:[0xad][0xb6]e7[0xeb]u[0xdd]h[0xf6]?|[0x9d]p=[0xa6][0x93][0xaa]$4T[0xf1]F#ayT[0x86]x[0xad][0x1a][0xda][0x1e][0xee][0xd1][0xf7][0xb5][0xfc][0x99][0xb6][0xdd][0x19][0xe0].[0xda]n[0xb7][0xf4]V[0xb3]i[0xb4]q[0xeb]l[0xb4][0x9b]-K[0x1f][0xb5][0xac][0x17][0xd5][0xdf][0xc2][0xdf]|[0xfa]w[0x15][0xc4][0x8e][0x16]O[0xed]X{[0x0][0x8d][0x4][0xb9][0x91]&_w[0xe2][0x83][0xa3][0xe1]U[0xa8];[[0xcc][0xf0][0x1d]Q[0x1a][0x1c][0xe4][0x8c][0xb4][0xef][0xdc][0xd0][0x19][0x7][0x8f][0x1a]x%[0x11]^(P[0x98][0xa9][0x1d]i[0xc3][0xa9][0xed]O[0xf0]s[0x1c][0xa4]G[0xfc][0xe3][0xff][0xf8][0x9a]zZ[0xd6]W_}[0xa5][0xfd][0xe0][0xe3][0x95][0x82]6[0xf][0x83][0x81][0xe7][0xcc][0xa2][0xa4][0x16][0x15][0xed][0x16][0xf]([0xd7][0xef]4C[0xaf][0x1a][\r][0xed][0xeb]W ,[0xe0]=[0xa3][0xfd][0xa2]{[0x9b][0x1c][0xa2]i[0x17][0xb][0xd4]4[0xe0]Z[0xd1]L[0xf1]c[0xfc][0xe7]"
21:59:32.233 [main] DEBUG org.apache.http.wire - http-outgoing-0 << "?[0x16][0xa8][0xb][0xaa]%[0xdb][0xee][0x1c][0xaf]9[0xe4][0xe5][0xa0][0xdb][0xa9][0x18][0xb0][0x19]f[0x91]6[D1[0x5][0xd2][0xb4][0x81][0xa3][0xf9][0x1][0xfa][0x15][0xef]9F/[0xb5][0xdc][0xfb]M\?[0xce][0xc0]o[0xda]C[0x10][0xde]i[0x81][0xaf]%[0x95][0xd0][0xdc][0xb1][0xf6][0x14],[0xb4][0x99][0xed]/[0x10][0xf5]I[0x4]J[0x9e][0xe]57F[0x95][0xc2]`1[0x99]j6N[0x7][0x9b] +![0xa9][0xc1]K-Z[0xc][0xf1]{[0x94][0xb4]L[0xda]&[0x9a][0xf6][0xeb][0xd4][0xf5]"[0x94][0xea]hv[0xe8]p[0xe1]x[0xa7]G[0xe5][0xdb][0xb8][0xbe][0xb9]=[0xbc][0xb3][0xc1][0x9][0x99]hc[0xf7]Q[0x1b][0x7][0xa1][0xe8]![0xd9]~/[0xa9]^[0xa2]:C[0xdb][0xc7]![0xfe]H[0x9b][0x5][0x88]2rb[0x1b]Q)[0xca]4x[0xa0]V[0xe3][0x8b][0xb2]QM[0x1c][0xc2][0x9d][0xec]F[0x11][0xda][0xd3][0xf5][0xa9]=E[0x88][0x1b][0xd1][0x5][0xb2]y[0xf8]][0xd1][0x7]-r[0x86][0xf4][0x87][0x16][0x8c][0xb9][0xe1]G[0xc1]pA[0xcd][0xcd][0xbf][0xa6][0x17][0x81][0xee][0xfb][0x15]e[0xe3]eN[0xbe][0xbf][0xfe]Nm[0x86][0x86][0xd7][0xa2][0x98][0x9a]vj[0xdf]S[0xd7]8[0xda][0xcd][0xa5];[0xc][0x83]([0x18][0xc7][0xda]/n[0x84]&[0xd5][0xde][0xc5][0x8b][0x91][0x1b][0xe0]rG Q[0x84][0xee]`[0x11][0xdb][0x18][0x1e][0xa2]V!^<[0xb9]3[0xe7][0x3][0xaa][0x8a][\r]o[0xcf][0xc3][0x0]Cup[0xdd][0xa1][0x16]=[0x81]X3[0x93][0xad][0xe2]h[0x3][0xc][0x98][0xf0][0x89].[0x16][0xe7]T5[0xad][0x87][0xcb][0x14]1p[0xb9][0xb6]v[0xc7]#o[0xb0][0x98]h[0xb8][0xf1][0xa0]3[0xd0][0xe0][0xe0][0x9e]8[0xfe][0xff][0x16]kT[0xda]r[0x3][0xcb])[0xb0]4t[0xcf]G[0x18][0xfc][0xd9][0x88]}[0xb7][0x98][0xcf][0x83][0x10][0x3][0xf][0x9d][0x92][0xcc][0x8][0xd4][0xec][0x1c][0xd4][0x9d][0xc0]M[0x8f][0xd3]pqv[0x18]S[0xf][0xae]N[0xb0][0xfc][0xf0][0xa3]:R5P}[0xbc][0xbb][0xf3][0xd1][0xec][0xf8]ST5[0xba][0xbc][0xf4][0xe8]%[0x86][0x1c]O8z[0xdd][0x17][0x6][0x18][0xf1]<^[0x9c]H[0x1b][0x80][0xec]E-%[0xbb][0xf6][0xaf]D[0x5][0xfb][0xc5]u[0x1e]>[0xe4]F^[0xfe][\n]"
21:59:32.250 [main] DEBUG org.apache.http.wire - http-outgoing-0 << "d[0xb5]y[0x9c][0xe0]l4#z*_?[0xc][0xb9][0xa1][0x13][0x1][0x1c][0x16][0xbe]/[0x6][0xa8][0x8]mc[0x84]Q[0x1f][0x8b][0xbe][0xa0][0xea]$[0xd5]M[0x8e][0xa4][0xeb][0xc6]8s[0xf0][0x1f][0xcc][\r][0x8c]Sg[0xb6][0xf0][0xec][0x18][0xcd][0x16][0x84]"[0x6][0xf][0xf6][0xf9][0xf4])[0xc2]+J[0xf][0x83][0xf7][0xde][0x1d]:I+[0x8]@[0xa1][0xda][0xe4][0xca][0x91][0xbd][0x9b][0x0][0x80][0xec]f[0x9a][0xa4]h[0x8b][0xb1][0x1b][0xa2]B7[0x8e][0xcf][0xed][0x9]x [0x88][0x1b]9[0xe8]y[0x9e]H([0x8c][0xa2]%[0x17],J[0xcb]7K[0xf][0xbf][0xfe][0xea][0xc].[0x98]8[0xa7][\r]=[0x97][0xe0]E[0xc]d[0x87][0xe6]:Fp[0x8e][0xb]@[0xc7][0xcf][0xae][0xc0][0xff][0xea]kC{n[0xf]\[0xcf][0x8d][0x9f]>[0xa4][0x9d][0xf6][0xdb]Y[0x9f][0x9e][0x9f]0[0x14][0xfa][0xbf][0x9d][0x89]n[0xc2][0x99][0xc9]woE?[0xe5]O[0xe5][0xf1][0xe1]&[0x1d][0xd6][0x7][0xd4]wq%[0x4][0xb4][0xd7][0x82][0xfb][0xd3][0xa7][0xe0]Ku[0x97][0xbd][0xad][0xd1]6v2Ce[0xeb][0xcb][0xce][0xc9]^[0xfb][0xe6][0xfa][0x9d].p[0xc][0xb6][0x86][0x6][0x82]JL[0xe7][0xf9][0xce]Cv[\r].FO4w[0x86][0xee][0xd8][0x1d]R[0x81][0xb2][0xa1]^[0xf2][0x4][0xc][0x17][0xc][0x7][0xb2][0xc1]%[0xb6]`[0x15]C[0xd5][0x9a][0x89][0xd1][0xe8]<[0xda]3[0xa0]0[0xee][0x7][0xe8]j[0xc0][0xed][0x98]1G[0x0][\r]Z[0xae][0xec][0xba]De[0x97][0xb0][0x85][0xba][0xe9][0xf2][0xe2]j[0x9]'[0x1d][0xd1]s`1[0xd2]m[0x7][0x8][0xa6][0xc9][0x7][0xc1][0x97][0xdc]*k;[0x85][0xa1]][0x94][0x11]:[0xf1]"[0xf4][0xb5][0xe5][0xce][0xa1][0xb]sl[0xcc][0x96]1!.[0xe6]4[\r][0x13][0x8a][0x98][0xf4]r[0xd2][0xb6]4[0x2]E[0x1c]1[0xdc][0x97][0xe0][0xe1][0x95][0xb8][0xfd][0xd1][0xef][0xf4][0xaf][0xa2][0xbd][0xc2][0x9c][0x4]W[0x6][0x3][0xf8][0x12][0xf7][0x9b][0xc0]wb[0x8c]Ct[0xa8]=[0xc4][0xd8][0xa7]"[0xc4][\r]3[0xbd][0x9]j[0x1a][0xd8][0x88][0x8d][0xaa][0x8e][0x86]Cw2Z[0xd8][0xc0][0xdf][0x90]:[0x4]Us[0xc1][0xd8][0xb]}[0xcc][0xf]y[0x1a][0x3][0xf][0xf5]@n[0x96][0x8a][0xca][0xd1][0x9d]z[0xe1][0xd3][0xeb]~[0x9c][0xc9]qR[0x4][0xa1][0x11]MW[0x96][0xab][0x11]&v[0x1c][0xc][0x3]o[0x9]1[0x93]%[0x0][0xe1][0x8a][0x8d][0xf6][0xe1][0x93]p/[0x8][0xd0][0x95]S[0xdb][0x1b]'-[0x92][0xbf][0x1c][0x82][0x8e][0xa5][0x16][0xf9][0xce]}[0xcc][0x3]&[0xda][0x83]`[0x8d][0xba][0xce]FS[0xcc][0xe6]1[0xc2]fk[0x85][0x99]=[0xc2]r[0x83][0xee]^([0xdc]Mn[0x0][0xe2][0x8a][0xf2]@[0x4][0x18][0xd7][0x1e]l[0x17]'[0x8b][0xdb][0xe1][0xd2][0xc5][0xa0][0xf]F[0xd1][0xd4][0xbe][0xc3][0xdd][0x0]3[0x7][0xb1][0xc0][0x8a]Z`[\r]3[0x11]q[0xc4]U[0x88][0xe1]CK[0x96][0x81][0x83]1[0xe5][0xe0][0xbe]"[0xb9]Z[0x9][0xae]D[0xd3]`[0xe1]a[0xd0][0xce][0xd0]8[0xb8]k[0x89][\n]"
21:59:32.251 [main] DEBUG org.apache.http.wire - http-outgoing-0 << "[0xf1][0x4][0x17]q0[0x9a]y[0xe8]Q/[0xd2][0xe4][0xc9][0xe0]B[0xe][0xce](m[0x8][0x1a][0x7]`[0x3][0xe][0xc1][0x17][0xd3][0x9c]0D[0x9f][\r]A.[0x8d]4L[0x9a][0x91]6Z[0xf0]@HF[0xb4][0x88])@[[0x14][0xf4][0xeb][0x14][0x15][0xb4][0xb9][0x8c][0xe4][0xa0][0x7][0xae]7[0x8f][0x9f][0xc0][0x1f][0xbb][0x93][0x5]n[0x9b][0xa2][0x97]][0xff][0x1e][0xab]&[0x9a]k[0xf3]E[0xac][0x81]~a[0xbf][0xcc].;_[0xb6][0x98][0x5]t[0x1a]b[0xd1][0x92][0xc7][0xf6][0x1e][0xec]'L'[0xcc]l@[0x2][0x11]C5[0xed]\[0xf4]Q[0xd6]v[0x1]n[0xe4][0xb8][0x95][0xf1][0xa0][0x14]M([0xc7][0xe8][0xc][0x3][0x2]X[0x88]x)[0x10][0xd2][0x98]M[0xaa][0xc7]k[0x5]Q[0x11][0xb9][0xc6]z@[0x8b][0xf2]<d0M[0xaa][\r][0xe6],[0xaf]->[0xa4][0xed][0x94][0xd4][0xc6]{J[0x9b][0x93][0xe2][0xdc][0xfc][0xfc][0xfa][0xfc][0xe2][0xf2][0xf5][0x87][0xae][0x96],[0x8d][0xb7]0E[0x6]^0[0xa8][0x9][0x1a]nM[0x9c][[0x9d][0xf1][0x1d][0xfa][0xe6][[0xc1]@[0xd1]zA[0xe0][\r][0x82][0xc7]\H[0xdc][0x17][0x1c]/[0x98];[0xe1][0xd2][0xa2][0xdb][0xf1]+[0xef][0xdf][0xd5][0x80]TQ[0x8d]N[0x89]j2[0xc0][0xad][0xc][0xc0]As7[0xf][0xf4][0x10]Z[0xc6][0xf6][0x87]N.[0xf4][0xc3]<[0xae][0x8e][0x9f]\[0xac][0xd8][0xa3][0x85][0x17][0xe3][0x1d][0xb6]3[0x90],mL[0xd8]8[0xfa][0xb]os[0xe3]<[0xa2]p[0xac]|0[0x1][0x19][0xbc][0xca][0xa1]3k[0x83][0xad][0x15]F[0xb5]ji[0xd5]j[0xaf][0x92]{[0x16][0xba][0xaa][0xb6]|[0xa3][0xe1][0xd2]v\[0xa4][0xd1]z[0x80][0xd7]gYE"[0xb1]0[0xaa][0xce][0x92]e[0x1e][0xb3][0x8c][0xd1]r[0x8b][0xa8]6u[0xbc]"
21:59:32.255 [main] DEBUG org.apache.http.wire - http-outgoing-0 << "y[0xcd][0xec][0xb4]Z[0xba]n[0xd5][0xd0][0xfb][0x15][0xdc]Gq[0xcd][0x15]y[0x8e]3[0xaa][0xdc][0xf3][0x92][0xb0]2[0xac]$[0xb]l[0xc6][0xc7][0x9b]l[0x1][0x93][0x15][0xf4][0xe0][0xde][0xb9]K[0xbd]s[0x19][0xe0].[0xec][0xd4][0xd2]c[0xf9][0xcc][0x4][0xfb][0xde][0xe2][0x1][0x89][0x16]@[0xd9][0xf9][0x80][0xf7][0xa7][0xea]$[0x8]&[0x9e][0xc3]U[0x8c][0x80][0xcb][0xe]([0xf5][0xf3][0xa8]&[0x17][0xd0]qG[0xdf][0xe0]Y+-d[0xec][0xf8][0xee][0xe3]R[0xd4][0x9f][0x1d]L9[0xdc][0xf7][0xbf]$[0xea]}([0x9f][0x90]9r[0xbe]crae[0x17]U"[0xac]|[0x87][0xe]Zg[0x18]-];5#[0xe6][0xea][0x12][0xe9]?[0x1f][0xaa]JlF.`[0xbf][0x85]Q[0xc9][0x0][0x3][0x87]?k4[0xc][0xde]Z[0xcc]Sa[0x88][0xa7][0xa0][0x19]j[0xe6][0xdc][0x8b][0xcf]b[0xe5][0x85][0xcf]r[0xe5][0xc5][0x85][0x97]<cd%[0x1c]r[0x8d]x[0x80][0xa5][0xa7]9[0xf1]@[0x92]\[0xa3][0x98]/[0xaf][0xbc] r[0xc4][0x83][0xc9][0xcf]N4[0x7][0xb8]9[0xfd][0xfc][0xc][0xa7]&$[\n]"
21:59:32.255 [main] DEBUG org.apache.http.wire - http-outgoing-0 << "I:[0xfd][0x0][0xb3]h[0xc5][0xdc][0x17][0x98][0xa1]|[0x1a][0x86][0x6][0xad]|[0xaa]%[0x11][0xb3]v[0xed][0xbf][\n]"
21:59:32.256 [main] DEBUG org.apache.http.wire - http-outgoing-0 << "[0x82];[0xd7]9VQK[0xc1]r[0xa5]\ [0x93]#v[0xde][0x9][0x8][0xde][0xf3]zhe[0x80];$&[0xe3]bVM[0xb1][0xe0][0x95][0xf8][0x96][0xcb][0xf8][0xea][0x1e][0xad]i[0xe3][0x6][0xb0]T[0x8c]h[0xcf][0xd7]xd[0x7][0x1c][0xbd][0x2][0x93][0xf0][0xee][\r][0xad]F[0x86][0xce][0x1c][0xb7][0xb5]=[0xeb][0xc0]7"Q[0x83][0xd7][0xf4]'[0x9e][0x8f][0xe2]E[0xb4]\[0xf8][0x9a][0x92][0x96][0xaa][0x81][0x8e][0xe7]J`9E[0x8b][0x85][0xd3][0xd5][0xa2]P[0x90][0xa8][0xc4]wX?[0x83][0x96][0x8f][0xf5][0x83][0x18]`{[0x16][0xbf]GG[0x14]K[0x12][0xe5][0xff][0xd5][0x89][0xe9][0xd9]c$[0xc6][0xdc][0xe9]J_.'-;[0x99]U[0xc3][0xf8][0xa4]Eg[0xc5][0x88][0x92][0xdf][0x88][0x15][0xe].:[0x1c][0xe1]i[0x1f][0x98][0xb7]g[0xf1][0xbb][0xc][0xbe][0xd5]BD[0xe1][0x97][0xf6][0xa3];[0xc3][0xbe][0xd1][0xa9];|[0xb9][0x1c]Y6m[0xc3]=G[0xd9]K[0xe5][0x88][0xb2][0xaf][0x9c][0x87][0x93][0xa3]MV[0x86],3x[0x87][\r][0xb3][0x83][0x6][0xf7].]|[0x95][0xb]/[\n]"
21:59:32.257 [main] DEBUG org.apache.http.wire - http-outgoing-0 << "[0xfc][0x19]+[0xf4][0xdd][0x90][0x1b][0xf]i[0xad][0xaa][0xbe][0xe1]&[0x91][0xf][0x95][0xc3][0xed]w[0xd8]<[0xfd][0xc1]y[0x8a][0xde][0xda][0xd8][0x92][0x4][0x82][0x87][0xfb][0x8e][0xdd][0x4]3[0xe4][0xbd]h5[0xde]Ra[0xbc]B[0x7]t[0xbd][0x12][0xb9]*'[0x98]'rPde[0x88][0x96]|[0xe7][0xc4]=,[0x8][0x83]E|[0xe8][0x5][0xee]pw[0xca][0x15][0x92][0x96][0xfa][0x1c][0x98][0x84]r[0x8b][0x98][0x84][0xfb][0x97][0xe7][0xc8][0x1b][0xd6][0xcf][0xce][0x98][0xb6][0x14][0x87][0xa7][0xb8][0x1b][0x95][0x96]#.[0xfe]=ou[0xf5][0x2][0xac][0xf7][0xf0]X[0xe5][0xbc][0xe3][0xfb][0xd2][0x9]z[0xbc][0xb4][0x9c][0xa4][\n]"
21:59:32.257 [main] DEBUG org.apache.http.wire - http-outgoing-0 << "[0xbc][0xbf]*[0x97][0x12]');_[0xc0]R[0xa1][0xbc][0x8c]8][0x91][0x1c]^[0x14][0x98][0xf5][0xfd][0xb1]fqY[0xc4]t[0x1e]s[0xa1][0xd8]v[0xc6][0x16][0x2][0xad],[0xf7]y:-<[0xec][0x89][0x15]^TC0[0x11][0x8b]C[0xaf]<y[0x97],[0xf6][0xd7]=[0xfe].[0x17][0xc0]m[0x14][0xd5][0xe4][0xad][0xf3]\>[0xc9]/[0x15][0x92]n[0xdb][0x8d][0xe][0xbf][0x8e][0xe5]b$[0x0][0xbd][0xb9][0xe0]rD[0x92][0xa4]F[0xf][0xa3][0xc0][0x9e]/.[0x3][0x93][0x8]9[0x97][0x12][0xc9][0xb8][0x80]cE.[0x89][0xa9][0x5][0x83][0x8f][0xb8][0x1][0x1d]^[0xe9][0x4]q[0xc5]0][0xbb];}p[0xff][0xe6][0x9f]$[0xbf][0xca][0x87][0xa7][0x2][0xb9][0xd0])[0x12])[0xc3][0xdc][0x5][0xf0]gz[0xbc][0xe2]_[0xb1][0xeb]K[0xaf][0x3]h?=[0xc4][0xb2]-w[0x1c][0x8e][0xaa]nP[0x13][0xd1]{Mq[0xa8][0xe8]U'[0x1c]-m.[0xd0][0xe7]4l[0xfa][0xe8][0xb6]=lzhZ[0xe3]s[0xb1][0x95][0x9d][0xab][0xcb][0x83]5L[0xd2][0xd3]Q[0x9f][0xec][0xb9]0[0xfd][0xab]B[0x1b][0xe3][0xe2]Q[0x5][0x8f][0x1d][0xc9]F[0xf8][0x8d]xV[0xd2][0xe4]x<0[0xe0][0x88][0x9f][0xeb]*r[0x9a][0xf0][0xc5][0xcb][0xbb][0x8a][0xc6]O\[0x7][0x86]ETzh[0xab][0xe0]=[0xc6][0xf0][0x8e][0xa3]bI[0xaf]%[0xe3][0xe5][0xc0][0xa0]Hq[0xaf][0xc8][0xe9][0x90]l[0xcf][0xc4][0x9a][0x80]2[0x8d][0x96]?_[0x10][0xf6][0x81]_$Vh[0xc7][0x94]k[0x8b][0xcd]gg[0x88][0x9b][0x9a]6t[0xb0]1[0x8f]w[0x12][0xcb][0xc3]g[0x9f].[0x1b][0x8d][0xfd]J[0x12][0xe][0xaf][0xcd][0xd3]p\[0xce][0xa5]\[0xf9][0xca][0xcb]8[0xf0][\n]"
21:59:32.258 [main] DEBUG org.apache.http.wire - http-outgoing-0 << "[0xf8]u9[0xd6][0xe9][0x15]q[0x19][0x1c][0x19]k[0xdb]/[0x1c][0x1a][0xd8][0x97]X[0x1a][0x17][0x14]Q[0xb4]v[0xae][0x9a][0xfb][0xee][0xff]%[0xb7][0x4][0x4][0x93]oo[0xb9][0xb6][0xb4][0xac][0xd4][0xce]=[0xb4][0x8e][0xd6]s[0x1e][0xf][0xed][0xc9][0x8]Q*X[0x17][0x85][0x18]'[0x88]"#[0xf1][0xb8][0x83]^[0xc5][0xf2][0xb8][0xc3]z[0xec][0x8][0xe3][0x8e][0xc2][0x16][0xc7][0x9d][0xd8][0x96]8p[0x18]`[0xa3][0x1c]{[0x1a]|[0xd5]=z[0x19][0x91]Ld[0xb1]2[0xc3][0xdb][0x85]C[0xdb]5F[0xb4]J2[0xa5][0xc5][0xfe][0x3]E[0xe3][0x92][0xd2][0xfd][0x1c][0xb1][0x1e][0x1d]Xwz[0x85][0x2][0xee][0xc5][0xa4][0xc2][0xf]R[0xe9][0xdb][0xa9][0x9b]o[0xa1]G[0x81]W[0xa1][0xda]5[0xbd][0x17][0xf5]r[0xc1]s[0x9b][0xef][0xaf][0xdd][0x8f][0xce] [0x10]o[n[0xbe][0xb7]#[0xbc][0xea][0xf9]~[0x1]VH[0xf9][0xd1][0x1f][0xe9][0xa7][0x8f]\[0xf7][0xef][0xb1]l[0x9e]=i?[0xe2][0xad][0x10][0xfe]Z[0xe4]o$[0xb9][0xf0][0x81][0xfe]f[0xe2]CV#[0xf0]u~5~[0xf3]}[0x10]M[0x17][0xb6][0xf6]-n[0x18][0xa8][0xf1][0x9a]Rp[0xcc]@[0x1c][0xc0][0xe7][0xfc]`{s'[0x9a]j?[0x84]H[0xcf][0xf7][0xed][0xf2][0x93]f[0xf4][0xce][0xde][0xc6][0xfb][0x87][0x91][0x3][0x9e][0x2][0xde]m[0x6][0xe2][0x15][0xc6][\r][0xce][0x8a]][0xed][0x1d]J[0x9b][0x96][0x9f]yG[0x7]D[0xf4][0xbb][0xc1][0xc5]][0xba][0xe8][0xff][0xb7][0xe]^[0x9a]Gn[0xf9][0x19][0x1f][0xf1]b[0x1a][\r]>[0xc3][0x81]|[0xc6][0xd5]b[0xe]r[0xc3][0xb7][0xf6][0x4][0x9b][0xe5][0xe5]g[0xf8]t[0xc4][0x80][0xf][0x10]3k[\n]"
21:59:32.258 [main] DEBUG org.apache.http.wire - http-outgoing-0 << "y[0x84][0x99][0xa8][0x95][0xbd][0xe6][0x1c][0xbc]5[0x9c][0xcd][0xe9][0x8e]5][0xc4]1&[0xa6]8[0x11][0x9a][0xc][0x1a][0x1a]1?[0x1c]E{[0xd7]fO[0xf1]4Z[0xf8]4-[0xf8][0xd0]_<[0xbc]![0xfd][0xe][0xef][0xc0][0xc0]z[0xb8]/[0xaf][0xd6]=[0xe]q[0xef][0x82][0xf1][0xf8][0xec][0x18][0x14]W[0xa3][0xd3]n[0x1b]z[0xa7][0x9]:[0xe9][0x91][0x84]j[0x92][0x88]'[0x11][0xaa])[0x4]?[0x81]P[\r]^[\r]'[0xd4]Z[0xd9]4[0xcb]<[0xdf][0xbc]P[0xcd][0xeb][0xc6][0xf5][0xc5][0xe4][0xf1][0xf2][0xe2][0x8e][0xa8][0xc1][0x5][0xa1][0x1a][0x11]"
21:59:32.261 [main] DEBUG org.apache.http.wire - http-outgoing-0 << "[0x7][0xbb][0xe6]E[0xa1][0x9a][0xe1][0xa8]=n[0xdb]-0[0xc5][0xf4][0xb1]]w[0x1c][0xcb]h[0xe8][\r][0xb3]aX[0xce][0xb8]c6[0x87]mc[0xd8][0xb4][0x9d]V[0x9d][0xf2][0xc4]s[0xba]7"[0x9c]R[0xb4]![0xad][0x9e][0xbd][0xf2][0x92][0x89][0x1e][0xc2]"?[0x87]s[0x84][0x8b]![0x0];J[0xd1]f[0x8d]6V1[0xd3]n_U[0x88][0xac][0xad][0xf7][0xd7][0x85][0xc8][0xce][0xfd]g[0xc8][0xcc][0xd8]M[0xd1][0xc6][0xaa][0xe8][0x8d][0x1e]x[0xbe][0x10]u[0xd0]Y[0xd1][0xa1]L[0xd1]F[0xef]T[0xc][0x9d][0x8e]2[0x9b]][0x9d][0xd3][0x8b]O[0xa0]hSo[0xd7][0x9b]F#[0xd5]W[0x90][0x1f]wHr[0xd0][0xaf]/~2/{[0xef]7[0xe8]+[0x0][0xbd][0xe]P[0xb4]I[0xfb]S[0x2][0xb2][0xd2][0xe7][0xca]$[0xc0][0x14][0x9a][0xad][0x95][0xe7]+B[0x90]J[0xf6][0xfd][0xaf]N[0xf6]E[0xaa][0x99][0xa5][0x9b]%I[0x10][0x9d][0x96][0xde]([0xcb][0x80][0xc8][0x0][0xaf][0x1]m[0xad][0xf2][0xc][0x88][0xfc]1&g[0x3][0x9f]"[0x3][0x2][0xc8][0xb5]"tS[0x82]f[0xc7]X[0x8a]'[0xd2]b[0x2]y[0xd3]l3[0xf9]q[0xf] [0xde][0x90]m[0x96]V}/[0xa1][0x1b][0x5][0xc4]*[0xe1]W%[0xfc][0xfe][0xd3]'[0xfc]n[0x97][0x1c]3[0xea][0x8d][0x8e]a[0x94][0x0]q[0xc3]@[0x1a][0x94]^[0xaa][0xb3]7[0x16][0x9f]L[0xff]f#[0x16][0x9f]F[0xff]F[0x80]o[0xaa]#?[0xee][0x81][0xc5][0x1b][0xf4]o[0x8][0x8b][0x95][0xfe]M"[0xaa][0x9c][0xbf][0xc7][0xa8][0x7][0xfc][0xdc]B[0x9f][0xe8][0xe0] [0x9f]+[0xc9][0xda][0x9c][0x0][0xf2]?[0xbb][0xf4][0xc2][0xe]H[0xdc][0xae][0xd7][0xa1][0x1a][0xbb][0x9a][0x17]l[0xe9]z[0xdb][0x80]D[0xd9][0xaa][0xfa][0xc2][0xde]@\[0xee]E[0xf1][0xc9][0xe4]o[0x4][0xee][0x92]n6k?[0xca][0x8f]{[0xc0]0[0xed][0xe9][0xae][0x91]!#[0x18][0xc6][0xfe][0xbb][0x92][0xbf][0x99]-[0x9][0x8c]+[0xc]V[0x18][0xbc]Y![0xfe][0x9f]a[0x93][0x95]2[0xe7][0xc0][0xbb]([0x13][0xe0][0xdd]&[0xcc]`Y[0x9d]f[0xb3]D[0xb][0x12][0x92][0xbc]$[0x9c]}[0x4][0xfc]e[0xed][0xf1][0xe7][0xdc][0x94][0xc8]`[0xec][0xf8][0xfb][0x11][0xa4]W[0x9e][0x3]_l[0xdb][0xe4][0xed][0x1b]J[0xa5][0xce][0x93][0x8d]a[0xda]S[0xde][0xc][0xbe][0xbb][0xab][0xdf][0xa8][0xad][0x8][0xb5][0x15][0xa1][0xb6]"[0xfe][0xe9][0xb7]"[0xb6][0x81]o]o[0xeb]u(h[0x15][0xd5][0x1f]a[0xe][0x83][0xfd][0x9][0x88][0x92][0x1d][0x1]~y[0xdf][0xf8][0x99][0xe1][0xf7]4[0xaa]8[0xe2][0xe5][0xff][0x11]UqD[0xc0]2U[0x9c][0xc1]h[0xd0][0xac][0xf][0xc7]Fs[0xd0]l[0xef][0xa7][0x8a][0x93]?sX[0xb7][[0xa6]a[0xe]l[0x3]\[0x86]14q[0x6]C[0xa7][0xd9][0x4][0xf1][0xa1]>[0xb4]3U[0x9c][0xdb][d5[0xb0][0x16][0x87][0xa0][0xd9]q[0xba]v[0x18][0xfd]/[0xf8]X[0x14][0xc9]ae[0x18]R9[0xd9][[0xdf]$M[0x9d]M[0x15]~[0x8e][0x9d]9[0xfb]bo[0xd1][0x14][0xd2]L!a[0x5][[0xbb]I[0xf5]R2[0x5][0xa2]-i[0xd6],)[0x13][0xd5][0x8c][0xa6][0xd1]z[0x91]S;[0x99][0x13][0x97]j[0x8][0xc9][0x8f][0x90][0x12][0xe9][0xc9][0x85][\n]"
21:59:32.262 [main] DEBUG org.apache.http.wire - http-outgoing-0 << "y[0xdf]$8D[0xf2]3X#[0xb1][0x80]I[0xf2][0x8b][0x9d][0xea][0xb0]D[0xa0]\UoS[0xfd][0x1f][0x12][0xf]*([0xb0][0xf0]G([0xeb]d:,[0xeb][0xf5][0xde]j[0xfd][0xbf]!=[0xbc][0x8f][0x88][0xff][0x81][0xda][0x8][0x8d][0x1][0xca]3[0xa7][0xdf][0x98])N[0xff][0xb4]%m[0x13][0x92][0x14][0x10][0xa9][0x9e]#J[[0xe7]t}[0x8f][0x95]d[0xca][0x2][0xca][0xa4]z[0xa1]"#E.8[0x9b][0x9f][0xf4][0x8]H[0x99][0x87]r[0xf3][0x1f][0xa6][0xe][\n]"
21:59:32.263 [main] DEBUG org.apache.http.wire - http-outgoing-0 << "[\r]I[0x1d]HV[0x90][0x1a]5[0xd7][0x14][0xe7]o[0xdf][0xa4]I[0xed][0xa4]Uc[0xfb][0xd0]]A[0x89]E[0x9e]]N[0xf4][0xc7][0x8e][0x87][0xd3][0x9c][0xae][0xc0][0xea][0xe5]G[0x8e][0x1d][0xe][0xa1]![0x2][0xb5] T[0xe5][0xca][0x9d]Lq[0x19][0xff][0xf8][0xcf][0xff][0x19]A[0xfe]dl#[0xd7][0x1c][0x15][0xc0][0xf8][0x5]+[0x8f][0xd3]p[0xb3][0xc6]x#[0xd4]}[0xbc]@XD[0x14][0xb4]D[0x12]e[0x1d][0x8c][0xb][0x12][0xb][0x98][0x80][0xff][0xe7]/i'[0x89][0x16][0xe5][0xe4]~[0x96][0xb0][0xa2][0xf6][0x84]{N[0xa0]y[0xc8][He[0x1a][0xf2][0xd1][0x93][0xa4]lYG[0xc][0x4][0x11][0x83]:*[0xa9]kr|[0xc4][0xaa][0xc][0x10]8[0x1][0xf3][0x9b][0xb4][0xe][0x12][0xd5][0x12]q[0xb5]|I[0xac]t[0x94]^[0x93][0xc6]#[0x98][0xf4]![0xc8]_*[0xea]f[0xd7][0xa9]iFU[0xeb][0xd7]H&J[0xba]aD5Y[0x95]*[0xf2][0xbe]k$[0xd9][0x81]E{T[0xbb][0xa4][0xf6]I[0xd2][0xe2]+[0xe8][0xd1][0xbe][0xa8][0x9f][0xa6][0x99][0x8][0xf0][0xbf][0xfe][0xed][0xfa][0xf2][0xf5][0x17]E[0xb1][0xd6]U#[0xe9][0xb5]][0xab]S[0xdf]X[0x9d]}[0xa2][0x89][0xb][0xcc][\r][0xc4]<[0xd5]q[0xfd]([0xcc][0x8b][0x8][0xe5]\F [0xb4][0x4][0x1a])$TVzG[0x94][0xf3]&[0xa6]N[0xa2][0x81][0x2]w[0xa8][0xc8][0x95][0xca]Gs[0xbc]i$[0x85][0xa0]5[0x81]R[0x19]-[0x11]c}G[0xf6][0xa9][0xfb][0x13]=[0x89]D5[0xa7]/[0x4][0xa2][0xfa]@[0x18][0x87][0xc4]=[0xe4][0x90]+[0xd7]UH[0x94]@xPC[0xc5][0x6][0x1e]m[0xc1][0xc]I[0xe6][0x10]([0x2]2[0x0],[0x2][0xf]&T[0x8][0x9d][0x8d][{[0x80]/[0x17][0xb8]m[0x88]I&[0xa6][0x94][0x14][0xa5][0x2][0x1c][0xf8][0xa9][\n]"
21:59:32.264 [main] DEBUG org.apache.http.wire - http-outgoing-0 << "[0xb].[0x9c][0x95]4[0x9c]Q9[0x2],[0x11]@[0xd7][0xb7][0xbc]H[0xa5][0xc7]cGz[0x93][0x1a]@E[0xe][0x8]F:b[0x91];[0xf1]3[0xf1][0x15][0xa8][0x8c][0xad][0xdc][0xb8] )[0x93][0x93]Uy[0xa9]9[0x8f][0xe0][0xd9]s*[0xb5]PVY[0x9]/[0xae]4[0xb][0x8e]{"A[\r]k[0xaa][0x90]bM[0x8e]Q[0xaf][0xdd]9Oy[0xb5]3![0xc6][0xa5][0x9]Y[0x15][0x11][0x87][0x94] H[0x15]hH[0xae][0x84][0x4][0x97][0xa8][0xf4][0xb2][0xde][0x14][0xe4][0x1a][0x82]E[0x84][0xd6][0x9e][0x0]tf[0xa0][0xcf][0x8e]05[0x91][0x1][0x80]f[0xb7][0xa5][0x0][0x91][0xad][0xdd][0xbb][0xe1][0x82][0xf5][0xaa][0x90][0xb3][0xee][0x8a][0xf][0xa4],[0xf6][0x80]j[0xa6][0x8d]K[0xb7][0x8e][0x9f]A[0xe1]E[0x87]%PP[0xd1].[0xc2]`>/[0xdc]><g[0x2][0x97]1[0x90][0xf5]=[0xe8]<@[0xf4][0xe]y[0x1f][0x9a]$[[0xa3][0xcb]ej_N[0xaf][0x87]PI[0x9e][0x3][0xfd][0x14]BM[0x92][0xeb][0x81] [0x4]7L[0xee]l[0x8]u[0x89][0xc6][0xea][0xfe][0xed][0xec][0xf5][0x8f][0xaf]/__[0xf5]~;[0xeb]j[0xff][0xfa][0xfe][0xfd][0x9b][0x8b][0xfb][0xbd]/o)[0xa9]$[\r]I'[0xd0][0xf0]b[0xd5]$[0xc][0x97]D[0x8e]L[0xb6][0xe3][0xc][0x85][\r][0xc0][0x1d][0x84]L[0x9d][0x7]LL+,ZV(V[0xd1]<[0x82] [0xb]"
21:59:32.278 [main] DEBUG org.apache.http.wire - http-outgoing-0 << "[0xab]WQ[0xfb][0x92][0xe4][0x19][0xf5][0x1d]+[0xd4]=[0xb8][0xb8][0x9][0x13][0x96]#[0xa7][0x14][0xa3][0x95][0xa7][0x9f][0x94]'[0x93][0xb2]k[0x19][0x99][0x1c]C[0xd5][0x1f][0xd9][0xe1][0x9a][0xb1][0xfa]n[0x99]z[0xbc]~[0xb4][0xca][0xe][0xd0][0xfa][0x95]J[0x96]NCbK[0xd0][0xc0][0x12][0xa9][0x8][0xc4][0xc3]B[0xfd]X[0xec]*[0xe9]'m[0xf5]x[0xed]_[0xdf]^[0xff][0xdc][0xfb][0xb7]>[0x8b][0xd7][0x0]+[0x80]3R[0x94][0x8e][0x6][0x6][0x94][0x83][0xc4][0xf0]E9[0x1c]]6-[0xf2]2@[0xe8][0xa6][0xb9][0x9b][0xde][0xaa][0x7][0xd0][0xe0][0xc2]8[0xe1][[0xbe]h[0x5]V[0xf8][0x11][\r]![0x1b]N[0xb4]([0xec][0xe7]Hy/[0xc8]F[0x86]U[0xd5][0xf1]I-i[0x80][0xad][0xc8]?![0x17][0x94][0x95][0x9e]P[0xab][0x9c][0xda]R2@RQ[0x1c]Q[0xc2]%[0xc9][0x3].[0xcf]H[0xbe]o[0xa7][0xa2]Oso1[0xe3][0x85][0x5][0xdd][0xd9][0xf3][0xa3],[0xed]([0x11]([0xbf][0xea][0xc9][0x15];[0x83]\[0x4][0xeb][0xc2][0xe5][0x86]XZ=\[0xd8][0xc8][0xa1][0xc7][0x9a]Hv>Mi{F[0x96]OT'[0xa1]{[0x88][0xdb][0xee][0x98][0x4]F[0x96] [0xb]C[0x93][0x85][0x5][0xa5]^[0x12]/[0x81][0xfd][0x0][0x93]R :M[0xd9][0x8a]3[0x1e]c9%:[0x85]W[0xd1][0xbb][0x82]^N[\n]"
21:59:32.278 [main] DEBUG org.apache.http.wire - http-outgoing-0 << "[0x91]'[0x81]TYDr[0x9f][0x86]!,.[0xf7]z[0x11][0xa3][0xde][0xc3][0xe9][0x93]l[0xa9]h[0xea][0xce][0xa1].[0xa5]][\n]"
21:59:32.278 [main] DEBUG org.apache.http.wire - http-outgoing-0 << "[0xb][0xd4][0xb4][0xa8][0x8a][0xf6]Fh9%"Li[0x83]P{[0xba][0xbe]\[0xf4]-[0xf][0xc5][0x5]5Y[0xbe][0x8f][0xb][0x82]V"[0x1b][0x91]&'9][0xd1][0xf8][0xd8][0x14][0x88][0x1a][0xc6]Cn[0x4][0xe6][0xeb][0xd4][0xc5][0xca]57[0xc6][0xbf]}"|[0xa3][0xdc][0xe][0xc0][0xb0][0x1d]b[0xce][0x86][0x89][0xb8]&K[0xe5]qq[0xc]aGQ[0x18]F%:(-R4[0xc8][0xd8][0xb3]'4[0xc4]q[0xff]Z[0x85][0xfc]Dv[0x93][0x81][0xc0][0x9e]@[0xd8]K{@[0xba][0x2][0x96]<T[0xf9]([0x6][0x96][0x84][0xb9]&{[0xc7][0xcb][0xc9]D[0xda][0x8f][0xef]j[0xd4]Z[0xc9][0xda]M[0xde][0xda][0xb0][0xf2][0xfa][0xf6][0xdd]E[0xe][0x15][0xf3][0xb5]}`[0x1d]-[0x10]N[0x13],[0xf]|LA[0xb9]r[0xe3];[0x87][0xd0][\r]L[0x83][0xe3];q!})[0x6][0xd3]OV[0x9f]([0xe7]G[0xb2][0x1e][0xc4][0x95]]a[0xd9][0x90]_X[0x8f]\[0x8c]1[0xe4]][0xc7]T[0x13][\r]Mp[0xf][0x91][0x9c][0xe4][0x16][0x81]![0xea]x^zYN[0xf1](j[0xd3][0x9b]~[0x89]|[0xcd][0x9e]i[0xd3]J[0x10]G[0xe8][0xee][0x88][0xf6][0x94]i]J[0x10][0x7]c[0xab](S[0xb3][0xe7][0xc0]R[0x82]8[0xdb]%[0x99][0x90][0xb8]+[0xb6][0xa3]([0xc5]V[0x8c][0xc0]U[0xad][0x9a]=[0xdb]}[0x17][0xb5][0x94][0xd5]BD[0xe1]J[0x10]g[0xcf][0xc6][0xde]c[0x90]+A[0x9c][0xed][0xea]lJ[0x10]'[0x93]kS[0x82]8BxG S[0xa9]P[0xcd][0x9e][0x93]u[0x17]d,-'[0xa9][0x82][0x12][0xc4][0xa9][0xb1]R[0xea][0x16][0x8d][0xc5][0xc2],[0xce][0xee]p[0x99][0xc4][0x8e][0x12][0xc4][0xc9]dg[0xf1][0xbc][0x9f]SqU[0x82]8[0xa9][0x1e][0xef]r[0xc3][0xe4][0x5]qxB*}[0x9a]/[0x14]!Q[0xfa]4_[0x91][0xec]MQ'D[0xe9][0xd3]x_)}[0x1a])[\n]"
21:59:32.279 [main] DEBUG org.apache.http.wire - http-outgoing-0 << "[0xa5][0xf4]i[0x94]>[0x8d][0xd2][0xa7][0xa9][0xfd][0xb3][0xeb][0xd3][0xd0][0x82]@[0xac][0xd2][0xcb][0xdc]H[0x8e]"[0x92]W[0x90][0xd4]?[0x8e]"N[0x3][0x86]m[\r][0x8b][0x92][\r][0x8e][0xa5][0x88]##[0x9e]F[0x11]g9[0xf8][0x9][0x14]q[0xea][0x99]"[0x8e],k[0x99][0xfb][0xbb][0xa4][0x88]c\~|c][0xf5].)[0xe1][0xa2][0xa0][0x88]#[0xe2][0x94]([0xe2][0x18][0xad]N[0xbd]a[0xf][0xdb][0x16]rb:[0xa3][0x91]m[0x80][0x9b]2l[0xf]G[0xb6]>l[0x8e][0xec][0xd1][0x0]LA[0x98][0xe5][\r](#Z[0xd2][0x88][0xf1][0xd7]6)[0x9c]sA%pF=[0xd0][0x93][0x9c]0a/[0x9b][0xed][0x86][0xd1]^[0xae][0xff]O[0xcd]_[0xfe][0xfd][0xca][0x1b]~[0x4][0x87][0xf9][0xe2][0xfd][0xe3][0xf5][0xf9]7[0xdf]P[0xd7][0xdf][0xc3][0xd8]#[0xbc]][0x84][0x1e]|[0xe3]R[0xad][0x13][0xfe]22[0xa4]|![0xbd]g[0x93][0x4]tv6X[0xd4][0xc][0xe][0xff][0x97][0xfb]oh[0xf4][0xc0][0x14]M[0x4]![0xda][0xf4][0x19][0xbe]([0x4]+c[0xd7][0xaf][0xd6][0x9a][0xe4][0xe2][0xb][0xd5][0xc8][0x11][0xc4]V[0x8f][0xdf]+o[0xa3]p[0xfa][0xe1][0xa2][0x12][0xe5][0x81][0xbe]D([0xa7][0x18]q[0x82]Ww[0xd1][0xe7][0x1a][0xfd][0xe7][0xd6][0x1d][0xfd][0x8e][0xe6][0x94][0x89]q[0xc5]>[0xda][0xa1]Ya4p[0xac][0x9c][0xba]b5[0xbf]Xl[0xa2][0x18]p_[0x1][0x9d][0xe2][0xf9][0xfb][0xcb][0xe8][0x14]#[0x1c]'[0xcf][0xa3][0x18][0x95][0xcc][0x5]Aq[0x1b][0xdd][0x8a][0xf0][0x4][0x17][0xd0]2[0xc5]Dy[0x8f]YE[0xbd][0xeb][0xc6][0xce][0xad]=[0x82][0xd4][0xe3]Yw[0xc][0x9a][0x9b][0xf3];[0xb4]qBl?1[0xb7]Q~W[0xca][0x13]6*f[0xbb]g[0x9a],[0x96][0xb3]^R'9[0xaa][0xa1]w[\r]V[0x8f]8[0x81][0xa4][0x8e][0xde]6[0xad]z+[0xcd][0x9c][0x90][0x1f]w[0xc8][0x9c]x[0xb8][0xbe]x[0xf3][0xe9][0xea]b[0xb8]!s[0x2]h[0xba]VR[0x87][0xc1]f[0xee][0x5][0xf0]z[\n]"
21:59:32.280 [main] DEBUG org.apache.http.wire - http-outgoing-0 << "[0xcf][0xba][0x9f][0xcf][0xbc][0x0][0x9e]lh[0xda]B[0x1f][0xe0]([0xce][0xe8]P[0x98]8[0x10][0xf8][0xcd]:)[0xc5][0x81][0x9a][0x2]*[0x9a]K[0xfc][\r]X;[0x4]t[0xd2][0x93][0xf][0x16][0xf]+VMab[0x10][0x1d][0xd2][0x13]$L[0xdc][0x90][0x1]7[0xd9][0x92][0x85]av[0xc][0xe4][0xc0][0x95][0xa4][0xc0]5`d[[0xae][0xcb][0x93][0xa2][0xa6]!Qs1[0x87][0x3][0x1a]P[0xdc][0x8e][0x81]/[0xa6]nt*[0xfa][0xca]1[0xa7][0xc8][0xc1][0x0][0xfc][0xad][0xe8][0xf2][0x94]@[0xe2]1[0xf3][0xe0][0x18][0xbe][0x9b]i[0x12][0xb2][0xfc][0xb8];[0x9a][0xff]}C[0x12]rZ[0xf5][0x12]][0x1e][0x85][0xe6][0xa0][0x4][0xe7][0xd6][0xf1]j[0x85][0xeb]&[0xfa][0xe9][0xfc][0xd4]Qz[0xd7]R+[0xdc]x[0x1e]uk[0xf0][0x99][0xdb][0xa1][0xb1][0xfe]yV[0xb8]_[0x82][0xe6]m[0xe4]37K[0x14]%[0xcc][0x8e]n[0xea][0x9d]5[0xe2]>[0xf9]e[0xb0][0xb1]Fhme[0xa9][0xfc][0xec][0x80]~[0x1a]q[0x1f][0xb1][0x1e]_[0x6][0xf4][0x16][0x1a]pkbs[0xb2]<[0xdf][0x2][0xe8][0xe5][0xe2]>[\n]"
21:59:32.280 [main] DEBUG org.apache.http.wire - http-outgoing-0 << "[0xce][0x15][0x9c]/m*[0xed][0x82]P[\n]"
21:59:32.280 [main] DEBUG org.apache.http.wire - http-outgoing-0 << "[0xce][0xff]tp[0xae]w:[0xed]V[0xc9][0xe2][0xdc][0xc4][0x9a][0xbd]^[0xc7][0x1e]fI[0x8a]t[0xe][0xa9][0x1b][0xac]>[0xb1]iy[0xae]w[0xc5]1[0xcf][0x89][0xe6]'S[0x8][0x12][0xab][0xf1][0xe5][0xad][0x96][0xe6]."[0x15][0x12][0xcb][0xff][0xbe]e[0xab][0xa5]D!"
21:59:32.291 [main] DEBUG org.apache.http.wire - http-outgoing-0 << "H[0x1][0xb9][0x2]r[0x5][0xe4][0xeb][0x1f]A[0xfe]$[0xbb],[6Y,[0x8]n[0xb6]iUY[0x94][0xba][0x80]&[0xb2][0xd5][0xd9][0xb2][0xcb][0x82][0xbd][0xe9][0xf6]v[0x18][0x17][0xc7]<'[0x8c][0x9f]FhH[0xac][0xc7]S[0xb1]M[0xf9]q[0x8f][0xf5][0xf8][0x6][0xb1]M[0xda]`A[0xad][0x8b]BC[\n]"
21:59:32.292 [main] DEBUG org.apache.http.wire - http-outgoing-0 << "[0xc3][0x15][0x86]+[0xc]W[0x18][0xee][0xce][0xc5][0xb][0xe5][0x98][0xde]@[0xca]Wg[0xe4][0xc0][0x13][0xc1]e[0xee][0xac][o[0xb6][0xc0]M[0xc0][0x92][0xbb][0x88][0xe1][0x9d]V[0xbd][0xd9]h4[0xb7][0xae][0xc5][0xf9][0x5][0xe3][0x96][0xb5][0xf8][0xc9]d[0x93][0xd7]m[0x95]gp[0xf8][0xfb][0x7]"k[0xc0][0xeb][0xca]+R[\r][\n]"
21:59:32.293 [main] DEBUG org.apache.http.wire - http-outgoing-0 << "[0xdb]g|K'[0xef]H[0xe8]5[0xd8][0xf9][0xfd][0xf7][0x9a]<[0xbd]v[0xf][0xe3]fA[0xf4]8[0xa2]\[0x91][0x8]X"W[0xd4]1Z[0xf5]V}[0x8c][0x97][0xac][0x96][0x93][0x9][0xe8]L'Kv[0xaa][0xb2][0xba][0xf0]"[0xf4][0xe3][0xd0][0xf6]jH[0x93][0xad][0xe5]O[0xcc][0x4][0x89]J[0xd4]o[0xde][0xe0][0x9c]`[0xb4][0x18]"[0xa9][0xbb][0xf]Khw[0x18][0xc3][0x9d][0xcb][0xc1][0xb7]N[0x88][0xbc]s{[0xc0][0xc9][0xec]H[0xae][0xb7][0xe7][0xf2][0xef][0x84][0xf5]$[0xd4]T[0xc0][0xd9][0xcc]~s)z[0xc4][0xde][0x8a][0xc8]9[0x87][0x8c][0x1][0xc7][0x13]9[0xd5]Y0m8u[0x86]w2[0xaf]V[0xa6]|[0x93]4[0x6][0xa9][0xa9][0x88][0x94][0xe4][0xfe][0xbf][0xba][0xfe][0x1c][0xf9][0xd9][0xf4][0xc2][0xfc][0x9b]1[0xaa][0x83]4})[0xa0]@*.[0xe7]$|A[0x91][0xa9]*PiY[0xae][0xab][0xc]/T[\n]"
21:59:32.294 [main] DEBUG org.apache.http.wire - http-outgoing-0 << "[0xc6]c[0x12]u[0x90]R0/Id[0x2])[0xcb],L[0x4]#3$Q'[0x11][0xa0][0xcd][0x81][0xac]s[0x8]E[0x84][0xa4]![0x1]5[0x0][0x96]^H[0x9d]3[0xd9][0xcd][0x90]\[0xb7][0xb3]>X[0xe7][0x18][0xf9]Uj[0xab]G[0xde][0x85][0x10][0xb0][0x88]^[0x88]BX[0x18]A[0xa4]lC:[0x4]J[0x9]b[0x16]"W[0x9c]z[0xc0][0xcb][0xf2][0xd9]+B[0xa0]H[0xa3][0xa6]E[0x8c]y@[0xf9][0xd9][0xfd][0xbf][0xbe][0xee]i5[0xe9][0xea]Y[0xfb][0x9c][0xb9][0xe0][0xfe]N[0xa3][0xb5]"
21:59:32.300 [main] DEBUG org.apache.http.wire - http-outgoing-0 << "[0x96]y[0xf8][0xd5][0xc6][0xb][0xcf][0x93]23[0x94]f[0x8d]tp[0xce][0xf7][0xc7][0xb7]Z[0xa2]p[0xa0]e[0x87]CR[0x2]*JR4[0xe8][0xaf][0xa1]3[0xd1][0xbe][0xc3][0x10]r[0x9e]r[0xf9][0xdb]B [0x88]j[0x3]1[0x4]8[0xda]AW[0xc1]A[0xb2]we[\n]"
21:59:32.301 [main] DEBUG org.apache.http.wire - http-outgoing-0 << "[0xc3]7[0xed]_[0xff]v[0xfd][0xae]wu~[0xf9][0x1a]][0xc4]I[0xe3]T&R[0xba]G[0xac][0xe9][0x11]h[0xb6][0xb8][0xf8][0x9c]b[0x11]w[0x17]D[0x3][0x9c][0xda][0x9b][0xb7][0x9a]g?!I[0x1d]9[0xd9]Y[0x12]wi[0xc9]Y;[0xbc]Ey[0xab][\r]A[0x8c][0x99][0x9a][0xe0]T[0xd7]P[0xd3][0xfc][0xf5]#;[0x9c][0xbd]3EFH[0xd6][0x81]_nt[0xf9]"[0xc9][0xf3][0xa7][0xb][0x15][0x9b][0x15][0x18]X[0xd4]Pq0[0xaf]x[0xd8]t[0x87][0xe6]K[0x8][0xe9] j[0xb][0xde][0xf8]~[0x8c][0xcb]T[0x9f][0x1c][0x8c][0xc][0xb4][0x82][\r][0xc9][0x8]2-[0x85]B[0x11][0xfe][0xc6][0xd4][0xab]B[0xaf][0x8]cu[0xec][0xc0][0x5][0x12][0xc3][0x96]4[0x19]\dN[0x8b][0x16]M[0xd2][0xe7][0x9b]M:[0x9e][0xa4][0x3][0xf2]9[0xf7][0xbf]f[0x83][0x98]Z[0x16][0xbc][0x12]);[0xa2][0xf5]q[0xdd]q@[0xe3][\r]5[0x82][0xd2][0x8c]SE[0xc2]>[0xc4][0x10][0xe8]#[0x89][0x16][0xf5][0x91]V[0x8f][0x99]'[0x5]i[0xfa]q[0xb8]p[0xfa][0x10][0x1c][0x98][0x80]`1![0x11][0x1]y[0x96][0x6][0xe1])L|[0xcf][0x8b][0xa0][0xe8][0x0]k[0xc2][0xbe][0xeb][0x8f][0x83][0xaf]_[0xf4]_j}[0x88]a[0xf8][0xfc][0x17][0x4]?D][0xfb][0x9c][0x4][0x85][0xef]p[0x86]O28![\n]"
21:59:32.302 [main] DEBUG org.apache.http.wire - http-outgoing-0 << "[0x14]S][0x16][0x9e][0x80]JeEP[0xb][0xb5]![0xcd][0x6][0x94][0x0][0x80][0xa8][0x8a][Lu[0xe4]F[0xa4]03[0xfa].[0x8][0x89][0xfd][0x86][0xaa][0xf5]s[0xd7]([\n]"
21:59:32.310 [main] DEBUG org.apache.http.wire - http-outgoing-0 << "E[0x9f][0x90]`[0x0][0xa5][0xf3]'m[0xf5]o[0xdf]h[0xcd][0x86][0xd0][0x96][0xb2][0x97][0x84]x8,] [0x4]N<[0x8c]j[0x88][0x81]$[0xd2][0x10][0xc9][0x81]P[0x11]K*Y*[0x4][0xd3][[0x84]P[0xca]A[0xb][0x1]q[0x84]~[0xe][0xcd][0x4];[0x9c][0xb5][0xa6][0xe3][0x97]R8[0x85]U[0x80]2[0xfd][0x6]j[0x8][0xc1][0xf6][0x19][0xe1][0x1c][0x89]f[0xd4]B[0xb8]"![0x17]D[0x91]bQa[0x9e] [0xc0][0xa7][0xe1][0xb2] [0xcd][0x8a]^[0xc8]9[0x89]U[0xe5][0x1][0x86][0xe5][0xc0]$[0xee]l[0x2][0xd6][0xe4][0xea][0x8][0xd7][0xd1]?[0x13][0xe8][0xbc][0xb0]B[0x8][0xa0][0x9c][0xba][0x9d][0xe1][0x92]cQMr[0xba].[0xb0]2[0x16]~[0xba][0xc0][0x5]9[0xba][0xf3][0xd2][\r]R[0x9e][0x9][0x8a]*[0xa4]$$UQP[0xc0][0xcc][0x19][0x91][0x3]h[0xc8][0xfa]$[0x19][0xfa][0x92][0xa4][0x9b][0xe8]?[0x8c]-L[0x9d][0x14][0xdd][0x11]][0x9c][0xbc][0xc3][0xa5][0xa4]=%[0x85]nd[0xa8][0xac][0xd2][0xb8][\n]"
21:59:32.310 [main] DEBUG org.apache.http.wire - http-outgoing-0 << "4>K[0xb8]0,[0xdf][0x13][0xaa]A[0x0]h[0x1e][0xcc]Y`[0xe][0xd2]2[0xa2][0x12][0xe3][0x10][0x92]D[0xa4] Bc[0xd0][0x8e][0xff][0xf1][0x9f][0xff][0xa7][0x94][0xf][0xe1][0x1b][0x1d][0x9][0xbc][0xa1]^[0xf8][0x16][0x95][0xa2][0xc6]A[0xcb][0x94]@[0xbb][0xbc][0x1e][0xdc]B[0xe0][0x94][0x1e][0xdc][0xd1][0xbd][0x11]3L62[0xb][0xe9]h3[0x7].[0xa1]y[0xe4][0xe3]^D[0x5][0xa9][0xed]1"P[0x9a]3&[0xf1][0x19][0xc][0x2]v[0x14]O[0xc][0xca]SY48[0xee][0xe6]|qS-[0xc0]u[0xb7][0xa9]L<'[0xf3][0xa2][0xce][0xa7][0x1d][0xc8][0x9b][0x96][0xcc][0xaa][0xcb][0xdf]$B[0xc7][0x9d]-[0x96][0xe6]BA[0xcf][0xe4][0x95]P[0xbe]C[0xdb][0xf6]_[0x9]L[0xa9][0xf4]p#[0xef][0xd3][0xa5]$[0xc2][0xf][0x90]^![0xee][0x16][\r][0xa7][0xfe]"[0x1e]W[0xda]}[0xfa]s[0xec]>&m[0xc5][0x92]y5[0xa3]j[0x14]Tu[0x6][0x8b]L:[0xa6][0x2]9&[0xcf]~$ A[0xc3][0xa3][0x3][0x84]j[0xd2]'[0x16][0xc5][0xa1][0xd2][0x12]oi[0x12][0xcc]C?[0x2]"y[0x0][0xf3]p[0xc0][0x1c][0xe7][0xcc]J[0xd9][0xcf][0xa4][0xe5]%[0xc4]e([0xd6][0xb1][0x1b]3[0xb9]Q[0xe4]z[0x98][0x1b][\r]S[0xc][0xb7]\4JD5f[0x99]&[0x14][0xbe][0xce][0xeb][0xf7][0xa0]N]c[0xf5][0xfb][0x82][0x1a][0x82][0xa4][0x9b][0x96][0xdd]5[0xae][0xc1][0xbd][0xeb]<[0x90][0xea][0xd1]K[0x82]%[0xfe]F[0xea][0x1][0xa1][0xc6]ry[0xc3]Wr[0x1c]:[0xba]e[0xd6][0xe1][0xda]B[0xbb]"[0xc7][0xa2][0xa3][0xcb][0x88][0xa7][0xa1][0xa3]/[0x7]?[0x1][0x1d][0x1d][0xa2]P[0x9]qQ[0x96][0xb5][0x81][0x8e][0xfe][0xe9][0xf2][0xe3]O[0xfa]U[0xef][0x8e]v[0x86][\n]"
21:59:32.311 [main] DEBUG org.apache.http.wire - http-outgoing-0 << "tt[0x11][0xa7][0x84][0x8e]>[0x83][(SP[0x15][0xd9][0x1c][0x4][\n]"
21:59:32.311 [main] DEBUG org.apache.http.wire - http-outgoing-0 << "E6Wd[0xf3][0x9d][0x89]4[0xa4]-[0xff][0x1d][0xc8][0xe6]m[0xd8][0xb2]V[0xf4]:9[0xb3][0xea]V[0xb7][0xce][0x82][0xd3][0xa5][0xfe][0xad][0xfc]^[0xd6][0x80][0x97][0xa1][0xd9][0xad][0x9f][0xc8][0xbf][0x15][0xec][0x1f][0xdc]'[0x12]2[0x8b][0xfc][0xb4]}[0xef]|[0xd2][0xb8]b[0x84][0xfc][0x89][0x92]^[0xd6][0x88][0xf4][0x3])+b[0xa5]^[0x5]\V'[0x4][0xa6][0x9e]=ph[0xe3][0x94][0xf7][0xb5][0x14][0xd3]<[0xc9]1R[0xdc][0xc4][0x1d][0xe8]v[0x8a][0xcc][0xf2]g#[0xb3]X[0xad]:[0x81][0xd3][0xea][0x6]:,[0x9d][0xdb][0xc6][0xea][0xf6]y[0xe]X[0x8d]V[0xd7][0xd4][0xcb][0xb6][0xcf][0xcb][0x8e]9[0xc5];P[0xa0][0xdf][\n]"
21:59:32.311 [main] DEBUG org.apache.http.wire - http-outgoing-0 << "[0xd3]|[0x15][0x11][0x8f]H4'[0xec]n[0xe8][0xc9]kP[0xf9]iG$7./.[0xb7] 9[0xf4]_[0x17][0x8f]p[0xbb]RP[0xae][0xd6][0xb6]*[0x91]rw[0x92][0xf8][0x1f]im[0xfb][0x5]4s[0xb]lr[0xc3][0x84]CK[0xf1]](8[0xe6][0xcd]-P[0xde][0xe9][0xea][0xa5]t[0x96]<[0x94]'[0xc7]<'[0x94][0x17] [0xf1][0xc8]X^[0xef][0xb4][0xe5][0x86][0x5][0xaf][0xca];[0x85][0xf4][0xf3]2[0xeb],[0xb1]*[0xbf][0xee]Mv[0xc1]r[0x95]2D[0xcf][0xa7]j[0x9f]B[0xed]S[0xfc])[0xf7])[0xbe][0x4][0xcb][0xdb][0xad][0xa6][0xa1][0x97]r[0xcc][0x1b][0xad][0x6]x[0x8b][0x9b]W[0xe6][0xed]nc+[0x9c][0xe3][0x98][0xe][0xad][0xde][0x9f][0x1d][0xce]O[0x92]2$[0x0][0xbc][0xb3][0x4][0xe7]h[0xbe]m[0x9]C[0x9][0x9c][0xdf]m[0x81]s[0x95]0[0x14][0x8b]'c[0x5][0xe6][\n]"
21:59:32.312 [main] DEBUG org.apache.http.wire - http-outgoing-0 << "[0xcc][0x15][0x98]w[0xcf]r[0xe]M[0xb5][0xad][0xd9][0xfc]u[0xc3]j[0xd3][0xe2][0xb2][0xb8]0o[0xd6][0xdb][0xcd]v[0xbb][0xc4][0xd2][0xb6][0xb0][0xec].M[0xff],;[0xe6]9[0xb1][0xfc]T[0x9]C[0x8c][0xe4][0xed][0xfc]&[0xb]>[0xed][0x8c][0xe4][7YT[0xba][0x90]Z[0x93]+[0xa1][0xaa]T7m[0x97][0x14][0xd7]?[0xc9][0xfe][0xca][0x96]t[0xa1]z[0xd3]l[0xea][0xe4]?^Dq[0xb3]Yg[0xad][0x96]b[0xd6]g[0x1e][0xa0][0xdb]][0x83][0x5][0xaf][0x8a]L[0xf3][0xc2]1[0xbc]hN[0x10]?I[0xba][0x90][0xd8][0x18][0xcf][0xbf][0xf0]l[0x90][0xc6]"
21:59:32.319 [main] DEBUG org.apache.http.wire - http-outgoing-0 << "[0xc1]Nkql[0x93]o{[0xe1][0xa9][0x92][0x85][0x14][0x82]+[0x4]W[0x8].D[0x9][0xf3][0xb][0xf1]-[0x8][0xde]0[0x9b][0xcd][0xb6]U[0xf2][0xae][0xd3][0xd0][0xb1]o[0x8e][0xff]m[0xc6][0xf0]N[0xd7][0xdc]a!.[0x8e]yf[0xc]?[0x8d][0xb9][0xb9][0xe0][0xe1][0x1d]1[H[0x4][0x94][0xd9]B[0x9c]"[0x90][0xd8]^[0xd3]V[0x19][0xec][0xf8]([0xbf][0x5]>P[0x3]J[0xad][0x18][0x13][0xab][0x16][0x94]cb[0xa3]g\S[0xe6]U[0x8b][0xbc][0x1f][0xe6][0xe8][0x83]z[0x8a][0xbc]&[0xb3][0xaa][0x13]U[0x9d]rd[0xe0][0xaa]M&[0x88]dm[\n]"
21:59:32.320 [main] DEBUG org.apache.http.wire - http-outgoing-0 << "[0x1a]8[0xb8][0xdb][0xcc][0xf1][0x6][0x97][0x1e][0x99][0x4][0xec]G)[0xf3];[0x88][0x1c][\n]"
21:59:32.320 [main] DEBUG org.apache.http.wire - http-outgoing-0 << "[0xd3]R[0x8a][0xb1][0xc4][0xfa][0xa6]$[0xf][0x9f][0x8d]2G[0x8e][\r][0xe];[0xd3][0xac][0xbf]w}[0x95][0xba]N2Kw[0xb][0xa7][0x1e][0xc1]9[0xdf][0xa3]_[0x9e][0xf9]"[0xb9][0xa8][0xb5][0xcf][0x89][0xbb]*e[0x81][0xc4][0xf6][0x1c][0xd9]B2oF[0xb0]{[0xc9][0xe2]Sz[0xa1][0xe6][0x99][0xcc]?[0xe0]Bg[0xda][0xf]v[0xbc]T[0x8b][0x15]F[0xfd]M[0xca][0x95]F[0x92][0x7][0xf2],> s[0x7][0xd2][0xb7]d[0x1a][0xe][0xe][0xad]^[0xb5][0xda][0x5][0xf][0xcf][0x2][0x1f][0x1a][0x19][0x17][0x11][0xa8][0xe2][0xa3]WI[\n]"
21:59:32.321 [main] DEBUG org.apache.http.wire - http-outgoing-0 << "[0x15]([0xf5]p[0x16][0x6][0x1d][0xbc]/S:[0x8a]?%[0xb6][0x8a][0xa2][0xf6]`[0x99][0x7]h"[0xab][0x83]$[0x9c]d[0xfe][0xf0]2i[0xc9][0xe2][0xf4][0xbc][0xc0]%[0x16][0x1d][0x8a][0x94][0xb][0xe6][0xb9][0xe7]{[0x7][0xd5]N[0x83]RB[0x8]WO[0xe6][0xcc],[0xd5][0xab][0x8f]a[0x2][0xae][0xa8]My[\r][0xcc][0x3]N[0xc].K[0xaf])[0xe3][0xb9][0x97]_[0xd8][0x92][0x19]2[0x9b]|[0xca][0xba][0xe5][0xc6][0x97][0x88][0x91]:L[0xd2][0xa8]e[0xfd]/[0xc]Kvw[0xa7][0xc]1N[0x17][0xc2][0xa8]/[0xf8][0xec]V[0xa2][0xf8][0xc9][0x93][0x19]][0xc5]V"3e[0x1a][0x91][0xb9][0xcc][0x80][0xb]dE[0x4][0xf]H[0x10][0x9][0x89][0x7]-[0xcd][0xe4][0xf3].[0xf0][0x89][0xaf][0x88];[0xe2][0xc4][0x1e][0x19]7[0xe9][0x18]i[\r]O[0xae][0xa2][0xce][0xc][0x8c]i;$[0x7]a[0xe2][0xa3][0xc3]<[0x94][0xeb][0x98][0x18]?'V[0xbc][0x11][0x12][0x1f][0x88][0x96]."[0xc][0x1c]\ [0x15][0xed][0xc0]Q\[0xa7][0xeb]#[0xed][0xd7][0x1c]K[0xbc]?Z`[0xc8][0xa1][0x9b][0x13][0xbb][0xe9][0x19][0xc6][0x9d]4[0xb7][0xb5]=j[0x89]9u[0xaf][0x86])[0x89][0x83]r[0xee][0x99][0x9b][0x7][0x3][0x15][0x98]?[0x11][0x99]2[0xee][0xc][0x8a][0xf3][0xe8][0x92]$[0xf3]G[0xe]M[0xcc][0xfe]b[0x1d][0x92]n$[0xf]Xr[0xde][0x1e]8H[0x98]#[0x90][0x19]!A[0x85]/]v"[0xd5][0x8c][0x80]F[0xd6][0x8e]rH[0x8][0x9b]d[0xe][0x10][0xec]V][0xb4][0xbe][0xcc][0xc0][0xa0][0x1a]%[0x8e][0xed][0xc9]5[0xe7][0xda][0xe1][0xc7]`[0x82][0xee][0xa6][0x84]*4[0x18]2[0xba]e[0xf6][0x90][0xf3][0x88][0xec][0x13][0xfa];[0xe7]Q[0xcb][0xa9][0x83]T[0x3]Q[0x8b][0xed][\r][0x81][0xe4]&[0x19][[0xa4][0x85][0xb8]d[0xf1]:wB[0x8f]QM[0xcb][0x95][0x98]K[\r]LR[0x8a]@[0xa2][0xac][0xc8]n[0x13][0x6][0xf3][0xe8]s[0x99][0xf2][0x92]4[0x89][0x88]"[0x87]D[0x9e]J[0x9f][0x15][0x8c]3[0xe4][0xcc][0x2]`r[0x82][0x1c][0xe2][0xd2]u!y1[0xbb][0xb4][0xfc][0xb8]H[0xc7][200[0x14][0xec][0xd1][0x88][0xb3][0x8]@?C[0xf6]*'A,[\r][0x97]}[0x1a][0xa5][0xbf]R[0x0]ME[0x2]cq9k[0x10][0x99]r[0x11][0xb9][0x1a]5Y[\r][0xce][0xeb]@[0xae][\r][0xdc][0x91]b[0x15][0x84]O[0xb9][0xd1]#"[0x95][0xf]![0xb6]o[0x17][0xd7]CC[0x88]/[0x9][0xed][0x81]nA$[0xe4]t[0xa1][0x9d][0xb2][0xc4][0xce]\[0xc3][0xbc][0xfb][0xdb][0xb9][0xc1]c[0xe][0xf3]Z&U[0x88][0x11]C[0xad][0xc1][0xe3][0xd1][0xa3][0x91][0x8e]P[0xd9][\r][0x12][0xe3][0x92]r]qB[0xd6]B=[0x8c]G[0x8a]%[0x92][0x84][0x10][0xf][0xb9][0x8f]2$,[0xa3])[0xbb][0x8e][0xb3][0xbc][0xe8].[0xb8]d[0xab][0x8b][0xc4][0xa6]$[0xe7][0x11]{[0xfc][0x98][0xd1][0xc8]'v[0xe9][0xba][0x93]Q[0x91][0x14][0x8f]f1L[0x9a][0x12][0xb2]h[0xa4][0xcb]q^[0x10]a[0x6][0xc2][0x8b][0xb6]I[0xcb][0x18]s\_[0x9b]"[0x91][0x90][0xb2]g)aO&79~[0x84][0xec]@[0xba][0xc1]a[0xd8]"[0x91][0x97]][0xb8]E[\n]"
21:59:32.322 [main] DEBUG org.apache.http.wire - http-outgoing-0 << "Z[0xda].[0xca][0xad][0x96]3+v[0xa2]9P[0xd2][0xd9][0xd3][0xc2]M[0xb9][0xd5]*[0xb7][0xda][0xf8]*[0x88][0xb3][0xa4]x[0xb1][0xcc]Pn[0xb5]rV[\r][0xe3]=g[0xd4][0x1e][0xe][0xa6][0xca][0xad][0x96][0x90][0x8b]n[0x7]7[0xfd]Kd[0x80][0xce] [0xd8]!R[0xd9]O[0xd7][0xe6][0xcb][0xe5][0x88][0xb2][0x91]B[0xff]N[0xc0][0xc0][0xe9][0xca][0xcd][0xca][0x90]e[0x6][0xef][0x16][0xc3][0xe9][0xab] [0xb8]s[0xf7][0xc5][0xec]]l7[0xaf]r[0xe1]E[0x81][0xe4][0x88][0xbc][0xdb]M[0x2][0xf]W-[0xf0][0xa6][0xd3]GC[0x88]n[0x88]{[0xb][0xac]7[0xc2][0xc5]0[0xae][0xe6]C[0xa5][0xc6][0x93]7}R[0x92] ![0x89][0xcc][0x95][0xf2][0xc0][0xe6][0x94][0xc5][0xac][0xc6][*[0x8c][0x13]K[0x1]][0xaf][0xe8]i[0x11][0xcf]x[0x1f]r[0xae]D[0xdb]=5wiD9([0xb2]2DK[0xe6][0x8c]d[0xf7],t[0xf]lPn[0xb5][0xca][0xad][0xf6][0xa6][0xff]^$r[0xb3][0x87][0xe9][0x9e]cm[0x97][0x1][0x9e][0xf]/[0xc6][0xb6][0x80]_[0x9a][0xe0][0xc7][0x9a][0xc5]e[0x11][0x95][[0xad]r[0xab][0xdd]S[0xa3]F[0xb9][0xd5]f[0xdb]`7[0x17][0xd8]L[0xc3][0xb6][0x9e][0xbc]?[0xe5]n|[0xfb]Hb([0xb7]Z[0xe5]V[0xeb][0x84][0xd9]2[0xaf][0x92][0xa9][0xa5]`;[0xb8][0x92][0xdb][0xe][0x86]d[0x8]6~[0xcf]='[0x84][0xc][0xb][0x84][0x9e][0xe][0x1c]p[0x11][0xa9][0x86]A[0x80]+[0x8c]+$[0x17][0xc5]7[0x9c]%e[0x97]l[0x1][0xb7][0xcf]8V[0x8e][0xb2][0xca]Q[0xf6][0xbf][0xd6]Q[0xf6][0x92]T[0xc2][0xde]:>^d[0xb9][0xb9][0xb9][0x91]#B\L&HT[0x9a][0xe1]@1[0xec][0xa1][0xdd][0xa5]}[0xf][0x91][0xb9][0x95][0xc3]k[0xb3][0xa7]x[0x1a]-|[0xd2]K[0xe3]C[0xf1][0xf0][0x8a][\n]"
21:59:32.322 [main] DEBUG org.apache.http.wire - http-outgoing-0 << "[0xba][0x85]xa[0x19][0xdc][0xaf][0x1c][0xce][0xde]g[0xf7]8[0xc4][0xbd][0x83]<[0x17][0x9d]p[0x1c][0xe1][0x1a][0xd8]Ku[0xac]6I[0xb2][0x1f]K[0xb8]FF<[0x8d]p[0xcd]r[0xf0][0x13][0x8][0xd7][0xe0][0xf5][0xb1]L[0x1c]0dY[0x1b][0x84]k[0x9e][0xae]{[0xaf][0x1b][0x97][0x9f]&$K_[0x10][0xae][0x11]q[0x94]pM[0xde][0x13]J[0xb9][0xa4][0xb2][0x2][0x5][0xdb][0xa3]*[0x97][0xd4]e[0xd3][0xde]?[0x1b][0xf9]t'[0xe1][0x1a][0xbd]S1[0x1a]=[0xd3][0xea]ZP[0xa5][0xe1][0xc][0xad]U[0xe1][0x9a]v%=[0xaa][0xde][0xe9][0x1a][0xac][0xc2]p|[0x97][0xd4]"
21:59:32.356 [main] DEBUG org.apache.http.wire - http-outgoing-0 << "v[0x13]6[0x84][0x6][0x99];[0x93][0x19][0xa9][0xfc][0xb4][0x3][0x8f][0xd3][0x4]B~[0xba][0xec][0xbd][0xd9][0x90]S[0x5][0xa4]T[0xc2]5[0xa9]{[0xb5]J[0xaa]RIU*[0xa9]j[0xbf][0xa4]*[0xab]e[0x99][0xed]vI[0x86]l[7K3[0xaa]R[0xc4][0x84][0xaf][0xb4]^j[0xc1][0x94]C[0xd5][0xf4][0x98]S[0x10]9[0x1]~+[0xba]5[0xab][0x80]xL[0xad][0x3][0x6][0xf2]d[0x8d]+[0x80]\[0xdf][0x1d][0xc8][0xcf][0xb7][0x0][0xb9][0xd2][0xad]QH[0xae][0x96][0xb6][0xee][0xa5][0xed][0x17]i[0x1d]t[0xf4][0x8e][0x1][0xbf][0xa5]bb[0x15][0xd2]c7#9[0xd6][0xbe]B[0xda]q5[0xad]*[0xbf]>[0x16][0xc7]<'[0x92][0x9f]P[0xb6][0x86][0xa0]\Oek[0xc4][0xa7][0x9d][0xa1][0xfc]b[0x93]l[\r][0xdd][0x82][0xb8][0xe2]J[0xb6]F%X[0xa9][0x4]+[0x95]`[0xb5][0x9a]`[0xb5]M[0xe9][0xc0]j[0xc3][0xe7][0xba][0xcc][0x8e][0xc9]0[0x1b]u[0xc3],[0xb1]c*[0xdb][0xc9][0xd8][0x8c][0xe6]b[0xb7][0xe3][0xd9][0xd1][0xfc]4[0xaa]5[0xbc]0_Bs[0x92][0xf6][0xd9][0x9a])+wX[0xb6][0xa1][0xb9]R[0xad]Q[0xaa]5[0xbc][0xf1]L.C[0xd8][0xc6][0x93][0xf2][0xbe][0xb7][0x8b][0xfd][0xd7][0xaa]J[0x19][0xf8][0xcf][0xa6][0xc]l[0xd6]uS'[0x7][0xbd][0xe2][0xb2][0xdc][0xe8][0x98]z[0xbb]T[0x80],[0xbf][0xc5][0xd2]X[0x93]+[0xbb]t[0xc][0xbb][0xef]='[0x94][0x9f]L[0xb4][0x86][0x81]<[0x15][0xad][0x11][0x9f]v[0x7][0xf2]M[0xca][0xc0][0xb4],W[0xa2]5jE[0xae]P\[0xad][0xc8]WW[0xe4][$[0xf][0xea]M[0xbd][0xc3]6[0xa8]E[0x10][0xaf][0x9b][0x1d][0x1d][[0xc0][0xab][0x9a]5y|[0x16]K[0xed][\r][0xcb]ql[0x93][0x1b][0x8c][0xf3][0xcf][0x89][0xe1][0xa7][0xd1][0xac]a[0xc8]&JL[0xf6][0xae][0x13][R[0xbb][0xae][0xc4][0xdf]o[0xd9]"W[0x9a]5[\n]"
21:59:32.357 [main] DEBUG org.apache.http.wire - http-outgoing-0 << "[0xc0][0x15][0x80]+[0x0][0xdf][0x1b][0xc0][0x1b][0xa6][0xd9][0x82]j[0xcd]*[0x80][0x3][0xd6][0x8d][0xe][0x10]j3[0x82][k[0xc]:[0xf2](/[0x8e]yf[0x4]?[0x8d]b[0x8d] [0xe0][0x1d]Q[0xb1]F[0x4],S[0xac][0x81][0x9f]0[0xbc]5[0xc9][0xe1][0x92][0xf4]3bR[0x98][0x99][0xc1][0x1c]9[0x8a]a2[0x9c][0xf8][0x2]C[0xbb]c[\n]"
21:59:32.357 [main] DEBUG org.apache.http.wire - http-outgoing-0 << "[0x19][0x1][0xf8][0xca][0x8e]8C[0x1f][0x82]4p[0xc7]E[0x96]{"{[0x3]q[0x92]\[0x12]>[0x12][0xe3][0xb4][0xc3][0x9][0x14].[0x10][0x90]T1H[0xbc]$[0xf7];[0x87]`[0x91][0xe]x-[0xa6][0x9]|[0x1f] [0xc]0`[0x1][0xf][0x91][0x84]?[0x80][0x10][0x7]K[0x8d][0x90][0xcc][0x5]K\$[0xca]7[0xf8]Z[0x88]d[0xd8]C[0xca]U[0xb][0xa0]k@^[0xa2]$[0x5]p[0x3][0xa9][0x92][0x11][0x4]bH+!/v#,)[0xd3]t[0xfc]_[0x1d]D[0x85][0xd6][0x86][0xed]A0[0x83]%[0x1a][0xe0][0x1][0x9][0xc5][0x10]r[0xb5]f[0x1f][0xd1][0x80][0x9a]#[0xc][0xee]9ff[[0x8a][0xb7]C,f[0xe0][0xf][0x9d][0xf]l[0xb5][0x8a][0x3][0xe9]*@[0x14]'[0x9b][[0x96][0x98]([0xf1]^[0xbd][0xb5][0xbd][0x19]h[0xb4][0xb7]P[0xc5][0x89][0xa1][0xf4][0x2][0xe9][0x4][0x19][0x8][0xe1]sQ[0xd0][0xa8][0xd0]h[0x8]Gi5K[0xdc][0xc2][0xdf]-[0xc0][0xb0][0x5][0xc3][0x9d].0[0xab][0x17][0x1a]1[0xf1][0x85][0xac]@@[0x8][0x9f][0xd8]7[0x15]S;[0xd3]gb[0xea][0x8a],V[0xf8]u[0x8f][0xa8][0x1e]c[0x97]T]X[0xd7]@ji[0xe4]T[0x1c][0x84][0xe5]t^[0x8c][0x85].[0xd3][0xf][0xfc][\n]"
21:59:32.358 [main] DEBUG org.apache.http.wire - http-outgoing-0 << "[0xd5][0xdc][0x9d]@[0x14][0x85][0xfa][0xbf][0xf]Z{[0x96]:U4)[0x87]r[0x7]EO[0xab][0x99][0xc6][0x97][0xc2][0x9][0x99][0xa5]9[0xf4]"[0xa8]]Yy[0x1][0x5][0xc1][0x96][0x14][0xa5]Ad[0x4][0x12]%[0xa4][0xc1]A[0x16][0xce][0xf8]RVG[0xfa]/[0xa3][0x17]\2[0x8b]e[0xdb]`:^\[0xa2]6[0x82][0xb8][0x8b]OY[0x97]4[0xaa]!XA[0xf2][0xf][0xf8][0x94][0xbf]8[0xe1][0xec]M}[0xc6][\n]"
21:59:32.358 [main] DEBUG org.apache.http.wire - http-outgoing-0 << "[0x15][0xb9]z[0xf4][0xa1][0x9f][0xd1][0xcd][0xf5][0xe0]/B[0xc4][0x2]2<[0xa4][0xef][0x0][0x17]hX[0xe8]R[0x8f]i[0x90] [0xc2][0x99]E[0x95][0x9b][0xa5][0x9e][[0xd1]1[0x82]3p[0xc9][0xa0][0xe4]Z[0xa6][0xde][0xa9][0x91][0x90][\r][0xa1]1?[0xb]H[0x9c][0x85][0x9a]P[0x94][0x18].[0xa2]xx[0x9b]x[0xac][0x92]PL2[0xdc]s[0xd7]F[0xb2][0x19][0xe4][0xdc]J34[0x86][0xa1][0xee]0[0xa0][0xf1][0xcc][0x2]D4dn[0x96][0xcd]k?p[0xe1]7[0xd2][0xa6][0xf5][0x83]([0x87]s[0xf2]"[0x9e]v[0xc2]tXT[0x2]^[0xaf][0xac][0xb6][0xa3][0xc9]$'[0xed][0xeb][0xba][0xde]f[0x17]SN[0xcb][0x87][0xd6][0x14]R}BHt[0x88]([0x9c][\r][0xa8]}[0xdd][0xd0][0xf5][0x17][0xa4][0x6][0x12]`Z[0xb2][0xdb],Y[0x9e][0xe]0[0xd9][0xee]2[0x83][0xd9][0xfe][0xf][0x8e]3[0xaf][0x9c]{P[0xbf][0x81][0xf9][0xb5][0x18][0xe0][0xd2][0xc8][0x18]u[0xe0][0xab][0x19]Bw[0xc8][0x87][0xf]u*[0xcd][0xc2]=[0x1e]xP[0xbc][0xc9][0xae][0x93][0xc2][0x93][0x8f]/[0xfd][0xf6][0x4][0xf5][0xac]`[0xe1][0xc9][0xce][0x1a][0xc1]A[0xe][0xea]Y,2[0x94][\n]"
21:59:32.358 [main] DEBUG org.apache.http.wire - http-outgoing-0 << "[0xc0][0x94][0xb4][0x1a][0xfb][0xdd].UG6[\r]7[0x1e][0xb4]O"lB[0xd2]L[0xc7],[0xf0][0x85][0xf7]p[0xa4]QK[0x89]kf[0x94]r}[0xba][0x95]Q[0x83][0xa3]:[0x1d][0x1d]c[0x4][0x7][0x8f][0x96][0xbc][0x85]}[0xed][0x6]F[0xc4]pdF[0xf5][0xa5][0xf5][0xec][0x9b][0x8b][0xf][0x1a]7|"S[0x92][0x8c]6[0xa1]uB[0x93][0xc2][0x11]?[0x89][0xa2]Ho[0x8][0x0]&O[0xcf][0xf][0xee]\p[0x80][0xf0][0x2][0x93]![0xde][0x18][0xfa][0x6]s][0x13])[0xde]r[0x0]`[0xac]O[0x10][0x9c].ET2s[0xef]-[0xb4][0x19]<[0xa9]G[0xd1][0x14][0x99][0x1d][0xa2][0x96]y[0xe8][0x93]-[0xc4]X[0x9a][0x13][0x7]J[0xc0]\\[0x5][0xc4]W[0x80]E4[0xc5][0x9f][0xb4];Xn'S9[0x13][0xf7][0x9][0x86]h [0xcd][0x1d][0xd3]Mal[0xc3][0x1b]|m[\r][0xd0][0xe8]hrL~H[0xb3][0xe4][0xef][0x19]Pd[0x11]}a[0xa4]}[0xc1]z68\T[0x2]7[0xa7][0x7][0x1b][0x18][0x1][0x18]A/[0x93][0x1e]U[0xc9][0xc8] [0xd5]4R[0xaa][0xca]_"[0xa9][0xd9][0xbc][0xd4]n[0xa6]X[0xc][0x85][0x1f]^fe[0xe6][0xd4][0xc9]D[0x9][0x89][0x14][0x8e]^5[0xcc][0xbc][0xfe][0xd9][0xcd][0xb7]0[0x82][0xc5][0xc0][0xd6][0xae][0xc9][0x89][0xdb][0xfb][0x90]+7_Nr[0xba][0x14][0xcc]au#8[0xc2]C[0xef][\r][0xbe][0xf3]0[0x86][0x17][0xb7]I[0xda][0xd9][0x8e][0x17]s[0x92][0xb1][0x11][0xa5][0xd2]P_R8[0xa2][0xa9][0x97][0xc0]7[0xce]Y[0xe0]&[0xe0][0xb1][0xc7][0xb8]t?[0xc6]|[0x17]Y[0xea]i=[0x8][0xa8][0xe1]F,[0x95]|[0xb2][0xf2][0xed]{t[0x5][0xdf][0x1][0x12][0x17][0xed][0x9c]"
21:59:32.363 [main] DEBUG org.apache.http.wire - http-outgoing-0 << ":[0x8f][0xb8][0xe9]@UH[0x8e]T[0xba][0xc7]&[0x87]A[0x16][0xf]"^kQ[0x16][0xf7]$Lii[0xc3][0xc][0x95])[0x82][0x11]%[0xc5]hh[0xb7][0x15][0xba]']A[0xa4][0xb][0x88]t[0xc5] [0x1f][0xf9]i[0xc]f}`A7 [\r]A[0xb7][0xd8][0x82]\[0x1c]r[0x8a][0xc5]Z"[0x19]L[0xc1][0xe0]#[0xe6][0xfa][0x7][0x98][0x94]{[0x0][0xc0][0xac][0x9f]y[0xe1][0xb0][0xb2]8[0xc0]8[0x92][0xe0][0x85]A[0xcd]N[0xd7]<[0xb2][0xe0]`[0x9][0xfc]"[0x89]![0x92][0xc7][0xca]][0xc2][0x9b][0x19]a[0x13][0x86]w[0xb2][0xb5][0xc1][0xcb][0xa5][0xeb][0xb9][0xe3][0xff][\r][0x8a][0xbc][0xc][0xd0][0xbf][0xe2][0x8e][0x8d][0xa5][0x8][0x16]T[0xde]bB[\n]"
21:59:32.363 [main] DEBUG org.apache.http.wire - http-outgoing-0 << "^[0xe9][0x5][0x8e][0xdc][0x88][0xba]![2T[0xb8][0xc7]hY[0x84][0x88]8[0xc]&[0xf2]t{![0xe8][0xc3][0xb1]s[0xcf]~B[0xcf][0xb3]|[0x12][[0xa1]S[0xd5]r]'[0xda]Z[0xca]g=8[0x9e]W[0x11][0xda]M$[0xd7][0x94]j.a"fbH[0x99][0xbe]Rn`[0x8b]07[0xdf][0x93][0xbc][0xdf][0x93][0xf6]#[0x94][0xd9][0xf0][0xd7]"[0xcc][0x8f][0xef]K[0xdb][0x87]2a0d|[0x12][0xf7]<[0xb1][0xe2]r[0xe8][0xb]L+R[0xa5]J[0x9][0xe3]X[0x6]J[0xc0][0x90]/[0xc2][0xc6]XF[0x8d][0x83][0xc7]J[0x14],[0xc2][0xa1]SA[0xa0][0xa8][0x8a][7 [0xc4][0xae][0x6][0xe1][0xa4][0x16][0xe3]F[0x85]k[0xcb][0xd3][0x13][0x97][0xfe]N[0xdb][0x9f][0xc2]&[0xff][0x94]H[0x93][0x12]iJ[0xc1][0xa4][0xb6][0x87][0xc][0x86][0xc8]t[0x96][0x89][0xce]4[0x9a]n[0xfa][0xaf]=[0x1e][0xc8][0xaf]0[0xb5][0xef]x}4t[0xe6][0xa7][0xd1][0xff]XS[0xd2]R5[\n]"
21:59:32.364 [main] DEBUG org.apache.http.wire - http-outgoing-0 << "[0xda]I'[0x10]i[0x90][0xb5]P"M3[0xe8][0x8c][0xb2]^[0x8e][0xe8][0x80]%[0xf5][0xa4]=[0xdb]}[0x8f][0x11][0xa8]D[0x9a][0x94]H[0x93][0x12]iZ[0x5]o%[0xd2][0x14]W[0x95]H[0x93][0x12]iR"Mx[0x4]YzBp[0xd6][0x89][0x1b][0xbd][0xc2][0xb3][0x13]mk[0xd4][0xb0]/[0x92][0xbb][0x93]'{![0xe9][0x9e]JN[0xc8][0x8d]t[0x91]I[0xb0]x[0xb7][0x2]xg,[0xaa][0xbd][0x11][0x9b]+[0xe7]r[0x8f][0x86][0x97][0xb][0xc5]]!w[0x94][0xd7][0x8b][0xfb][0x92]b[0xe4][0xe2][0xf4][0xcd][0x5][0x97]S[0xd8][0x5][0xfc][0xd2]Ky7[0xc][0xdd]y,[0xf7][0x5][0xb9][0x80]dG[0xf1]K#[0x97][0xc4][0xd4][0xe4][0xe3][0xf8][0xc1][0xa1]e[0xcc]TkXn[0xe0]d[0xf1]xC[0xa7][0x8a].[0xe2]K[0xc1]ce[0xb8][0xc0]n_([0xc5][0xe7][0xb3][0xe3]X[0x8c]>[0xaa][0xba]AM[0xfc]UK[0xf][0x15][0x8d][0xcc][0xaf]"[0xb2][0xc3][0xf9][0xd5]D[0x1a]6[0xdb][0xb5][0x10][0x9a][0xf6][0x1b][0xc2][0xa6][0x87]RX[0xe]}.d[0x96][0xe][0x94][0xb8][0xc9]i[0x95]+[0x91][0xa6][0x1b],[0x9d][0xb1][0xc1]B[0xcb]G[0xec]pc[0x9b]'[0xeb][0x88]}[0xf4]}&NL[0xec]6D[0x81][0x1a][0xf9]P[0xc8][0x6]a[0xa7][0xc6][0x19]B[0x1a]Z[0x1b]BM[0x88][0xed][0x1b][0xe0]]pX[0xf8][0xd1][0xd8][0xaf]$[0xe1]*[0xb9]p<[0x1a][0x12][0xb5]Py[0x19][0x7][0x16]1[0x93][0xda][0xa6][0xf2]282[0xf4]@[0xbf]P[0xbf]K[0x89]4y_[0x91][0xf6]Sql[0xbc][0xe3][0xd7][0x16][0x7]v[0x95]x[0xe7][0xc1]=[0xd4][0xa3][0xcd]w[0xf9][0xf0][0xad][0x1][0x87][0xf1][0x6][0x2]/>[0xe][0x1d][0xc5][0xb1][0x12]iR"MG[0x16]i2[0x1a]z[0xdb]2I}[0xe3]X"M2[0xe2]iD[0x9a][0x96][0x83][0x9f]@[0xa4][0x9]>#[0x92][0x9d]g[0xc8][0xb2]6[0x88]4=^[0xf5][0xce][0xeb][0x97][0x9f][0xde]<[0xe1][0x94][0x82]H[0x93][0x88][0xa3]D[0x9a][0x94]H[0x13][0x1e]U[0x16]q[0x80][0xd7]e[0xce][0xa8][0xa7]D[0x9a]0S[0xf8][0xa5][0xd4]![0xd9]A$[0x87][0xd0][0xdd]D[0x9a][0x9a],[0xd2][0xa4]w[0xeb][0xcd][0xae][0xd9]X+[0xd2][0x94][0x1c][0xd5]hI[0x9e][0xf4][0xf1]E[0x9a]Z[0xe0][0x1][0x2][0xf]%4[0xca]O[0xdb][0x89][0xcb]C[0xe3][0xaa][0xf7][0x9a]Pr[0x3]q[0x19]H[0xa9]D[0x9a][0x94][0xb4][0x87][0x92][0xf6][0xd8]?][0xf2][0x8f][0x4][0x88]_"[0xed][0x81]\[0xc1][0xe]e4[0x17][0xd3]O@j[0xb6]J-[0x93][0xf5][0x14]2a[0x99][0xcc][0xe9][0x81]%[0xe9]'[0xf9]c[0xac]S[0xa5][0x9f][0x0][0xfd]VT[0x9a]V[0x11][0xf1][0x88]*M[0x8c][0xdd][0xcd][0xc4]6Y~[0xda][0x19][0xc9]?n[0xb2]M[0xa6]z+[0x95]&[0x5][0xe5][\n]"
21:59:32.364 [main] DEBUG org.apache.http.wire - http-outgoing-0 << "[0xca][0x15][0x94][0x83]]s[0x1b][0xaf][0xe6][0xa1]l[0x95][0xf6]0[0xf5]:[$[0x17][0xa1][0xbc]e[0xb6][0xf5]R[0xe7][0xe4][0xc][0xca][0xe1][0x9c][0xcc]B[0xa6][0x9b][0xa0]<9[0xe6][0x14]y([0xeb][0xa0][0xfc]t2M[0x8c][0xde][0xf5]N~U^[0xc7][0xfd]n[:[0xa1]\[0x95]_[0xdc]mY[0x95]+[0x99]&[0x85][0xe5][\n]"
21:59:32.365 [main] DEBUG org.apache.http.wire - http-outgoing-0 << "[0xcb][0x15][0x96][0x1f][0x8a][0xe5]F[0xa3][0xde]l[0x94]([0xee]A[0xa2][0xc9]4[0x8d][0xe6][0x16]8ou[0x1b][0xad]mp[0x9e][0x1c][0xf3][0xec]p~[0x12][0x9d]&[0x1][0xe7]KK[0xf3]z}w8[0xdf][0xb6]4W:MJ[0xa7]I[0xe9]4[0x9d]u[0xd3][0x9b][0xba][0xfd]gs[0x6][0xf8][0x82]=[0x16][0xa3][0xdd][0x82]R[0x13][0xd0][0xa8][0xb8]07[0x1a]V[0xdb]h[0x97][0x8b]|[0xac]lLoZ[0x9a]'[0x9b][0xd7][0xcf][0x89][0xe5][0xa7][0x12]jj5Z[0x96][0xde]H<[\r][0xe4][0xa7][0x9d][0x90][0xfc][0xd3][0xe5][0xc3][0xd5]FO[0x3][0xda]d[0x1]][0xc1]2[0xab]B[0x94][0x5][0x89]^[0x8e]w[0xd6][0xf5][0x17][0x9e]G[0x8f]>HdB*[0xe7]Y[0xf7][0xf3][0x19][0x92][0xcb]\[0x1f][0xa3][0x1d]l9[0xca]x[0x8c]c[0xf9][0x98]`u:[0x86]Y[0xd0][0xe5][0xfe][0xa9][0xf9][0xcb][0xbf]_y[0xc3][0x8f][0x97][\r][0x98]*<][0x9e]CO[0x6]H#[0xc3][0xfb][0xcb][0xe2][0x8b][0x1a][0xfe]2[0xb2][0xaa][0xc2]M[0x0]Iv[0xa1][0x1c]Ul#[0xb4][0xa8][0x89][0xf0][0xb9][0xff][0x86][0xee]c[0x93]P[0x6]![0xb9][0x93]3z6[0xdb][0xbe][0x9a][0xca][0xd7]w[0xb3][0xad]K[0xfe][0xc8]q@[0xb9]\H[0x85]+[0xd6][0xb7]l[0x8e][0xa7]'[0xd6][0xd2][0xd3]P7[0xf1]7[0xf2][0x92][0xe][0x9][0x81][0xd3]>[0xd7][0x2]J[0x4][0xbd][0xa5]6![0x1d]<[0xf6]b[0xd9]/[0xd6][0x17][0xd9][0xb7]dWu<[0x19][0xbd]\[0xcc][0xc5]@[0xf0][0x12])w[0x1b]W[0x87]<.[0xa4]x[0x8b][0xcc][0xfd]=[0xaf][0x12][0xa7]R[0x84][0x9d][0xdf][0x3]f[0x95][0xd8][0xc3];;[0x17][0xfc]L[0xa4][0xae]}[0xae][0xcd][0x91][0xcd]i[0xf][0x9f][0xa8][0x87][0xc0][0x5]s[0x90][0xda]9[0xba][0x15][0xbf][0xed][0xd7]W[0x85][0x93][0x11]N[0xee]w[0xbc]G[0xff][0xe3][0x13][0x12][0xdb][0x9d][{[0x4][0xe2][0xd6]Yw[0xc])[0x3][0xe7]w[0xc8]h[0x4]H6*[0xdf][0x19][0xd9]"[0xb1]d[0xe9][0x1d][0xfc]"
21:59:32.368 [main] DEBUG org.apache.http.wire - http-outgoing-0 << "[0xaf]Db[0xc9][0xe8][0xb4][0xda][0xad][0xb5][0x9b][0xdc][0xed][0x9e]av[0xad]z[0xd7]j[0xaf]_J'[0xc7][0xd4]Y[0xc5][0xe3]9[0xe1]7[0xc3][0xb1]cop[0xe7][0xb0][0x97]^\[0x9a];a/[0xbf][0xaa][0xdc][0xe4]'#[0xb1]W[0xaa][0x8a][0xbc]<[0x93][0xd8][0xcb][0xc0]V[0x82][0xbc][0x85][0xf7][0xfe]8[0x8a]`[0xd0]0[0xdb][0x8d][0xa2][0xfc]j[0x82][0xbf][0xaf][0x9f][0xae]/[0xde]?^o[0xc7]_c-[0xfe][0x8a][0xf0]_[0x80][0xbf][0xab][0xb5][0xde][0x8c][0xc2][0xab][0xc7][0xef][0x85][0xc5]Er[0xc4][0xc1][0x88]\[0x1e][0xe8]Kp[0xb9][0x18][0xf1][0x8b][0xd0][0xb9][0x18][0xec]x[0x18][0xbd][0x12][0xf9]K[0x91][0xba][0x18]p_[0xbc].[0x9e][0xbf]?j[0x17]#[0x1c][0x7][0xbb][0x8b]Q[0x9f][0x19][0xc1];u[0xb3]Uf@[0x80][0xb7][0x94][0x86]I?[0x94][0x88],[0xe5][0xde]AZ[0xeb][0xa4]NW[0x8e]yf[0x8]?[0x8d][0xc8][0x92] [0xd0][0x1d]QdI[0x4][0x94]"K[0xc8][0x84]%u[0x4][0x8][0x2]=[0xb8][0xa4][0x9e]4e[0x5][0x19][0x8f][0x94]A[\n]"
21:59:32.369 [main] DEBUG org.apache.http.wire - http-outgoing-0 << "rH[0xac]I[0xc2][0xec][0xeb][0xc5][0xc][0x87]P[0xd6]'<h[0x85][0xf0]A"[0x84][0x81]E[0x6][0x88][0xd8][0x9e][0xe3][0xbb]8FJ[0x19][0x90][0xc][0x0]$@[0xa4]FK7I[0xe][0xd0][0xb4]J"[0xe8][0xa3]5Z[0xda][0xd7]t*[0xab][0x1b]9[0xe1][0xb]:[0x86]~OCYU[0xc3]X=[0x84][0xe][0xdb][0xa2]=Du[0x1e]N[0xa1][0x3][0x0][0xf1]#[0x91][0xea][0x9c][0x93][0x15]Z[0xa7]*D[0xd2][0x4][0xfd][0x85]O[0xaa]![0xd0],x[0x8b][0xb3][0xe7][0xf1][0xb7][0xe][0xae][0xc2][0x85]q|^[0x86][0x87][0x92][0xff]![0xee][0x84][0x94][0xe9]H[0xeb][0x8b]?H[0xc7]@T[0x1f]2[0x16][0xee][0xf8][0xa9][0xff]R[0xeb]C[0xd1]`[0xe6]B[0x1e][0x84].1[0xfd][0x96]>[0xf4][0xdd][0x89][0xf])[0x8f][0xbe][0x16][0xcc]Y[0x80]*'h[0x91][0xf5][0xb]]BZ[0x19][\r]jO[0xa8][\r][0x9a][0x94][0xea]&UX[0xa0]t[0x80][0x87][0x1e]H[0xc9][0x8]M[0x1a][0x88] [0xb8]R[0x87] [0xed][0x17][0x12]}B?Cv[0x84]z[0xf5]!d[0x1d][0x91]%u[0x89][0x15][0x19][0xa0][0xe4][0xdc][0x7][0xa8][0x15][0xb0][0xcc][0xc1][0x0]:.$[0xde]A"[0xb]b[0xac][0xa0][0x99]Hy[0xc1][0x99][0x84][0xc1][0xc2][0x1f][0xf5][0xf9][0x2][0xfb][0x15]?@n[0xc1][0xc][0xe3][0xaa]/[0x1a]b[0xec][0xd9][0x13][0xd6]FA[0x15][0x9e][0xc4]` [0x89][0xf][0xdb]#)[0x94]'[0xa1][0x99]Ev[0xc9]$[0xf5][0xc4][0x12]+|[0xc5][0xa4][0xa4][0x94]\[0x6][0xb]qH-[0x85]k[0xd1]T[0xfd]\[-W[0x82][0xeb][0xb]z9e4P${.DuHBIj/![0xb][0x2][0x92]RPu`%[0xa7]B[a[0x2][0xc8][0xcb][0x14][\n]"
21:59:32.370 [main] DEBUG org.apache.http.wire - http-outgoing-0 << "![0xf9][0xb]B[0x0][0x4][0x7]e[0x8d][0x96][0xd0][0x98][0x4]t[0x95][0xac]b[0x81]+O[0xe4]LHE[0x4]1H[0xbb][0x85][0x4][0xb8][0xa8][0xbd][0xf3][0xd3][0x83][0xb5][0xbc]d[0xf5][0x1e]H[0xda][0xeb][0xc1]~[0x92]%B[0xe4][0x4]y[0x8][0xa2][0xd1][0x92][0xd3][0xd3][0xcb][0xac],Ix[0x88][0x12][0xc5][0xc4][0x1d][0x9][0xb5]"[0xa1][0x14]&[0xe5][0x9f][0x84][0x8][0x8]w[0xdb]0[0x8])[0xd5][0xc3]{[0x12][0x81][0x85]`[0x8f][0xd6][0xff][0xcc]2!][0x8d][0x9e][0x97][0x87]p[0x94][0x90][0x9a][0xa1][0xda]B[0x99][0x8]R[0x18]1t/\[0xce][0xdf][0x81][0xd6]Y[0xae][0x16]49[0x84]r[0x93]P[0x9a]Y[0x9a][0x3]y[0x85][0xa4][0x9c][0xf6]P[0xee][0xf4][0xa4])d[0xdb]a8[0xc7][0xc1]0[0xf0][0x92]F[0x84][0xca][0xd9]|[0x8e][0xa1][0x9]-[0xa8]9[0xa9][0x81]d[0x8a]![0x1a]<[0xb3][0xbd][0xbc]DO[0xd2][0xec][0xa9][0xfa][0x13][0xc9]*Q[0x9a][0x1][0x86][0xe]][0x6][0xf5]}?[0x95]=[0xe9][0xca][0xc1][0x88][0xbe][0x1b][0xbb][0x8f][0x90]G[0x81]DS[0x18][0x8][0xd1][0x1d][0x1e][0xcd]I[0xc5][0x1a][0xcd]\m[0xaf][0x81]aS{[0xe1][0xe5];[0x91]"[0x88]L[0xcd][0xfc]|=[0x97][0xa3]y[0xe4][0xe0]w[0xca][0xa0][0x81][0xa4]Wv i[0xc5]$[0x5][0xa4][0xb0][0xe8][0xd8]![0xe4][0xa2]HD[0xcc][0x96]C[0x10]88[0xc1][0xcc][0xa0][0xb6][0xc1][0xc3]X[0xae][0x1e][0x99][0xfc][0x9c][0xcc][0xee]B[0xf3]`K[0x1][0xe8]K[0x9a]1z[0xd5]jn[0xd6][0x8a][0xf9].[0x80][0xb0]C[0xd2]0o[0xde][0xde][0xd7]1[0xd0][0xe2][0x87] [0xbc][0xa3][0xa1]>[0xbc][0xcb][0xcd][0xa5]k[0xe8][0x8c]![\r][0xc8]F[0x85][0xa3]'[0xa8][0xf][0xcd]R)[0x1e]V?[0x81][0xe2][0x9]f[0xc]fV[0xdf][0xb][0x86][0xb6]7[0x85]\\[0x1f][0xf5][0x8d][0x2][0xef][0x9e][0xf5][0xe8][0xc4][0x18][0xc3][0x8]B!M[0xcd][0x1e]a[0xc7]%[0xc2]9y[0x99][0xa0][0x7][0xd2][0xbb]"[0xd5]4[0x1a]dT}9P[0xe8]O[0xd9]F"[\n]"
21:59:32.370 [main] DEBUG org.apache.http.wire - http-outgoing-0 << "[0xe6]+[0xf5][0xe1]C[0x8][0x9]![0xc4][0x13]U}[0x9][0xfc][0x15][0x1a]z[0xf4][6[0xc6][0xf2][0x1][0x5][0xcc]-8[0xbb]I[0xd3][0xec]1n)Z3S[0xb8][0xd2]0[0x93]xf[0xa4] Q[0x90][0xc3]#[0xc1]$[0xba][0x80][0xba][0x8][0x80]B[0xa4][0x9e][0x16]0[0x16][0x95][0x1c]`w[0xa3][0xa4][0xd2][0x8c]~[0xa4][0xbf]Eb:[0x18][0x1][0xa4]Yc[0xe3][0x16][0xe3][0xb0][0xc4][0x82][0xc6]*[0x83][0xb9].[0xcd]7[0x9])F[0x89][0xae][0xe4]3[0x5]n[0xc9]y[0x9b][0x8e][0x9b][0x81]K3QjL=$[0xea]IcB^[0xdc][0x1f]H[0xb6][0xcc][0xd6]n%H[0xde]B[0xc8],[0xfd]P[0xc1][0x99][0xb7][0x98][0xcc][0x84][0x2]A[0xf8][0xf4][0x12]*nP[0xed][0x19]Q[0xfd][0x12][0xbd][0x1a]jK[0xd1][0xdd]/[0x81][0xc7][0xd4][0xc2]P[0xf1][0xa2]{F[0xb0][0x98]L[0xc5][0xbd][0x3][0xe2]Z[0x84]yi[0x18][0x88]Q[0xa1][0xc3][0xa7][0xf2][0xe2][0x9c]G[0xa4][0x90][0xb1][0xd8]b~[0xf6][0xf8][0xda]{[0xdf]}[0x94][0x91]#[0xed]k[0xec]2^[0xbf]{[0xa9][0xfd]H[0xae]G/[0x96]G[0x5]o[0xc][0xa0]}i[0x89]L[0xb7][0x18][0xd1]f[0xa4][0xe4][0x97][0x85][0xd6][0xc6][0xa4][0xf8]H[0xe2]DB[0xef][0x8b][dYh[0xe9]W[0x92][0xc][0x8a][0xe2][0x11][0x89]kQ[0xe0]O[0xc8][0x95][0x9]Y<Quq[0x8b][0xc9][0xb5]>P^[0x1b],&[0x9][0xaa]'ES[0x93][0x84][0x8e]8[0x87]U[0xfa]XM[0x8][0x99]G[0xd4]n[0xce]x[0x8c][0xc6]L/[0xf5][0x9f]\[0x91][0x87][0xda][0xf2][0xa6][0xff][0xca][0xb]"Gd[0x10][0xfe][0xec]D[0x90][0x5][0x8c][0x9c]=[0x85]>0[0x97][0xf9][0xb4][0x9a][0x94]+([0x89]X[0xa5]GdY[0x1e][0xcb][0x8b][0x1c][0xab][0xa8][0xa5]`[0xb9]R[0x96]4m[0xf6][0xbc][0x9e]=[0x84]K[0x94]tNUI[0xe7][0xc4]U$[0xe1]^A[0xb0]TI[0xe7][0xdc][0xf4]/[0xed]Gw[0xe6]~[0x92][0x88]r[0xba][0x99][0xb7]\[0x8e][0x80][0x96]$[0x93]X[0xa0][0xd9][0x9][0xcb][0x96][0xb9][0xc6][0xa2][0x1c]"
21:59:32.372 [main] DEBUG org.apache.http.wire - http-outgoing-0 << "Q6r[0x8d][0xa5]H[0xc1][0xe9][0xca][0xcd][0xca][0x90]e[0x6][0xef][0x16][0xc3][0xa9]Py[0xd8][0xb3]T[0x16][0xeb][0xac]9[0xd0]D[0xac][0xb2][0xa0][0x83]H[0xe8]e[0x0][0xfd][0xea][0x1e]wO[0x8])W[0xaf]r[0xe1]E[0x81]?[0xe3][0xee][0xb6][0x1b]r[0xeb]U[0x13]:[0x85][0xb5]L[0xd2][0xa6]x[0x93][0xc8][0x87][0xca][0xe1][0xf6];[0xac]@~p[0x9e]"[0xa8][0x18]bBa[0x85][0x16][0xed]ya[0x9]x+[0xe9][0x1c]%[0x9d][0x93]<[0x90][0x89][0xc1][0xfb][0xde][0xa7]uh/xe[0xcf][0xa1][0x84][0xec][0x88]l[0xf3]=G[0xd7].[0xd3][0xa6][0xb4][0x9c][0xa4][\n]"
21:59:32.373 [main] DEBUG org.apache.http.wire - http-outgoing-0 << "wx[0xc0][0xf0][0xa5]F[0xcb]I[0xca][0xce][0x17][0xb0]T(O[0xf3][0xd3][0x15][0xc9][0xe1]E[0x81][0xc9]br[0x18][0x1f]k[0x16][0x97]ELA[0x83][0xb]=X[0xe6]D[0x9][0x99]@[0x0]&[0x83][0xe9][0xf4][0xaf][\n]"
21:59:32.373 [main] DEBUG org.apache.http.wire - http-outgoing-0 << "m[0xbd][0x89][0xfb][0x81][0xdc]![0xad]@[0xc5]zx[0xc7][0xad]M[0xa2]#[0x89][0xe][0xcd][0x81]"[0x10][0xa4]8"evx[0x87]L[0x9][0x99][0xc8][0xd6]VB&[0xac]8[0xb2]46[0xa0][0x1]w[0x4][0x91][0x9b]?[0x84][0x90][0xc9][0xd9]1[0x98][0x0][0x86]^[0xaf][0xd7][0x1b]&9[0x9e][0x1e]K[0xd5]BF<[0x8d][0xaa][0xc5]r[0xf0][0x13][0xa8]Z@[0xda]<a[0x1f][0xc8][0xb2]6[0xa8]Z<\][0xfc][0xa4][0x83][0x8]A[0x4][0xae][0x82][0xaa][0x85][0x88][0xa3]T-[0x94][0xaa][0x85]R[0xb5]H[0xd4]<[0x14];"[0xe3][0xb7][0xed][0xa6]jQ[0xaf][0xe8][0x82]s[0x6]U[0xb]N[0xac]N[0x95][0xe4]o[0xed][0x18]<QS7`[0xd8][0x9d][0x1c]UotMf[0xaf][0x1d]_[0xd5][0xa2][0xd9]j[0x99][0x8d]f[0x92]?'?m[0xa7][0x8a][0xfd][0xdd][0xba][0xfa][0xf4][0xc6][0xb8][0xfa][0xb8])[0xe]H[0xa9]T-T[0xfa][0x9c]J[0x9f][0xdb]N[0xf8]^[0xa5]eA[0x1f][0x8][0xf3]}wRn1[0xc2][0xff]/[0xe8]b[0xdb]R[0xa1][0x91]$[0xd7]i[0xb4]J[0x18][0xbf][0xa6]aZF)[,[0x85][0xcc][0xf6][0xfa][0xdc][0xb9][0xfc]1[0xc][0xab][0xa7]`[0x8b][0x1][0xfd]VT-V[0x11][0xf1][0x18]K}qS[0xa8]1v[0xb7][r[0x91]+?[0xed][0x8a][0xe4][0xd7][0x17][0xc3][\r][0x99][0xd0]To[0xa5]j[0xa1][0xa0]\A[0xb9][0x82][0xf2]5[0xb9][0x1b][[0xa1][0xbc][0xa5][0xeb][0x8d][0x16][0x92][0x10][0x8a][0xc9]s[0x8d][0x86][0xd5][0xa9]C[0xb8][0xa8][0x84][0xf9][0x9b][0xe0]t[0xc3]X[0x9f][0xbc][0x91]?[0x86][0xa5]/[0x9e][0x13][0xcb]O'k[0xc1][0xf0][0xdd]X[0x2][0xf3][0x6][0x92][0xc5][0xb7][0xc9]Z[0xc8]eyo'0[0xcf][0x12][0xb8]U[0x1a][0x7]g[0xee][0x15][0xd6]P[0x18]L*[0x8d][0xc3][0x95]Y6"[0xb5][0x11][0xd4][0xdc][0xd5]][0xf][0x95][0xc6][0x11][0xcf][0xc9]t}[0xa7]\[0xea]?[0xc8][0xba][0xbc][0xdd][0xae][0xb7]K[0xd6][0xe5][0xad]f[0xc7]hZ[0xd6]F4[0xa7][0xcd][0x8c]u[0xaa][0x16]+[0x1b][0x1e][0xcf][0x8e][0xe6]'Q[0xb5][0x10]hN{[0xf1][0x94][0xfd]&?[0xed][0x8e][0xe6][0x93]-Ks[0xa5]j[0xa1]T-[0x94][0xaa][0x85]R[0xb5]8Hn[0xce]h4u[0xdd]*[0xc1]r[0xb3][0xd3][0xc1]"[0xb4]\[0xd5]b[0x5][0xa7]KT-V[0x8e]yN,?[0x95][0xaa][0x5]a7R[0x15]sH[0x8e]O;"[0xb9]y[0xb9]1[0xb3][0x9a]6Y[0x94][0xaa][0x5][0xaf]3[0xc1][0xdf]O[0xf5]:[0xf6]Z[0x82][0xa7]'*U[0x8b]-[0x1a]?YKE_[0x9a]+[0x9d][0x85][0xda][0xf7]=`v[0xe6][0xfe][0xf9][0xd1][0xd9][0xb9][0xc7]YR[0xe7][0xeb][0xb2]$[0x89][0x81][0xb9]~JU[0xb][0xb3][0xde][0xb6]:[0xa4][0xeb]Y[0xdc][0x18]1[0x9a][0x10])[0x6][0xb6]l[0xda][0x18]it[\r]V[0xac][0xd8][0x0][0xbf][\r][0x1c][0xc3][0xf2][0xce][0xcf][0x9][0xbf]'Q[0xb5][0x10][[0xda][0xd6][0xd2][0x6]7[0x1e]5v[0xdb][0x13][0xb9][0xbe][0xb8][0xdc][0xb2][0x8a]F[0x9d][0x95][0xaa][0x5][0x96][0x91][0xf1]t1P[0xdb]! [0xf8] [0x7]l[0x17]9[0x9c][0xe2][0x9b]7[0xb5][0x1d][0xf2]G[0xdb][0xe][0xd9][0xa6]Kd[0xe8]f[0xbb][0x85][0xd7][0x91]E[0x4][0xaf][0xd7][0xb1][0xe7]mm[0xd9][0xdb][0xd6][0xd7][0xab][0xef][0xa7]{[0xdb][0xc9]1[0xcf][0xc][0xe1][0xa7]Q[0xb5][0x10][0x4][0xba]#[0xaa]Z[0x88][0x80]R[0xd5][0x82]T![0xbe]C[0x9a]7[0xa7][0x91][0xd2][0xbf][0x8a]v~[0x1f][0xb8]i[0xda]1[0xe5]p"[0x93][0xf7][0x8e][0xb2][0xf9][0x93][0xbc]l[0xa4][0xa2][0xf][0x91][0xac],r[0xea][0xa7]H2[0x8d][0xe2]`>_[0xca]@[0xff]5[0x91]=[0x10]b[0x16][0x14][0x82][0x92]}[0x1f][0xd2][0x18][0x8e]O[0x9][0xb3]Bg[0x1]?FS[0xa4][0xa1][0xd2]xH[0x95][0xc][0x90].[0xa3]W[0xf5][0xe5][0xd4][0xd7]DTa[0xe1]#[0xd3]x[0xc4][0xc6]n[0x88][0xfa][0xc4][0xb5][0xe3][0x8a]"[0x13]UV[0x8e].E[0xa3]b[0xb1]0[0x9e]#C7[0xd2][0x9c]G[0xe4][0xe9]"[0x2]\[0xfa][0xaa][0x9a][0xd6]#[0xe5][0x1]N[0xdf][0x85][0x98][0x86]3[0xbc][0xb]F[0xd0][0xf8][0xa2][0x14][0xf3][0x0]5[0x80]@[0xc5][0x82][0xac]@3%[0x0]J[0xb5]E[0xf6]k[0xb4][0x80][0x86]E[0x14]AD"[0xbd][0x10][0xaa]9W[0x1c][0xed][0x80]$f[0xe4]'#[0x93]"[0x97]&N*[0x0][0xa4][0xfb][0x80][0xd3]HW[0x1]^~[0x94][0xd4]M[0xb2][0xe]B[0xec]CT[0xc1][0xf6][0x9f] M[0xe1][0xb][0x15][0x1][0xd2]M[0x8][0x90][0x98]1C>[0xf8] I[0xce][0xa6]kC[0xf2][0xf][0xb8][0xd0][0x9c]^.[0xea][0xce][0x99][0xbb][0xf4]K[0xee][0xe2]4[0xa4][0x1f]s[0xd2]v[0x92] [0x9c][0xe9][0x1a]T[0x8f]D[0x95][0xd5][0x1b][0xf5][0xb6]N[0xf4][0xd0][0xa3]QeE[0xc4][0x13]Qe[0x97][0x82][0x9f][0x84]*[0x9b][0x1a][0xc0][0x1][0xc0][0xa8]i6Qe//[0xde][0xeb][0xd7][0x17][0xe7][0x8f][0xb4]N[0xb6]'[0xb7]>[0x92][0xba][0xb0][0x15]s/[0xc6];[0x19]"[0x13][0xe0][0x96][0xb2][0xb6]0[0xc2][0xa3])~[0x9c]A[0x8b][0x91][0x5][0xe2][0xe4][0xc1][0xf8]k[0x14]"[_[0xb2][0xe8][0xd0][0xf][0xb]$[0xa0]/I8[0xae][0xbe][0x9b]QBb[0xb9][0xb5][0x1a][0x89][0xa6][0xac][0xbe][0x99]QBb[0xf9]g[0xdb][0x83][0x16]s_[0xfa]p\\[0x1d][0xee][0xfb][0x88]\<[0xff][0x7][0xe5]b[0x84][0xe3]<.[0x17][0xa3][0x1e]"$[0xb6][0x1b]U[0xd6][0xaa][0x18]f[0xcf][0xb4][0xba][0x86][0xd5][0xb5][0xf8]A[0xb6][0x94]*[0x9b][0x1c]e[0x1a][0xdd]:[0xbf]]:[0x1]U[0xb6][0xde][0xee]4[0xcd][0xf4][0xf9]S|[0xda][0xe1][0xf9][0x13][0xe8]xg^~[0xdc][0xfc][0xfc][0xa9][0xc][0xe0][0xb2][\r]+[0xf5][0xc]:"iV[0xf9] y[0x10]l[0x89][0xc7]W[0xc8][0xf1]>[0xc0][0x17][0xfe][0xf7][0xcf]5[0x82][\r][0x8e][0xa9][0x0][0xb1]H[0xf3][0xa8][0xfd][0xf3][0x0][0xe2][0x6]m[0xdc][0xad][0xfc][0xaa]v[0xbd][0x3][0x11][0xf2][0xd5][0x87]P[0xc3]0[0xc9]A[0xa1]d[0x17]1[0xf][0x99][0xcd]5[0xbb][0x88]+[0xc7]"
21:59:32.376 [main] DEBUG org.apache.http.wire - http-outgoing-0 << "[0x9c][0xe6][0x11]t[0xd5][0x0][0xe][0xcf]J[0x85][0xe4][0x81]cRe[0x9][0xbb][0xad]%$'[0xd2][0xc2][0xd6][0x9d]D[0x81][0xe4][0x9f][0xb6]![0xb9][0xa2][0xca]*[0xaa][0xac][0xa2][0xca]*[0xaa][0xec][0xa1]T[0xd9]v[0xa3][0xa1]7[0xf1][0xe2][0xbd][0xb8][0x9f]h4:k4rS[0x98][0xc6]2y[0x1d][0xb7]j[0xe5][0x98][0xe7][0x84][0xf2][0x13]2e[0x19][0xcb]Sn[0x95][0xf8][0xb4];[0x96]o[0xe6]VI3O[0xc5][0x94]%~[0xa3]Z[0x96][0xab]e[0xf9][0xce]<[0xd7]?[0xd2]>[0xc5][0x17]-[0xcb][0xf5]:,[0xe0]V[0xb1][0x1c][0x90][0xd5]2:[0xe5][0xec][0xaa][0x14][0xa9][0x1b][0xeb][0xf3][0x1e]V[0x8e]yv4?[\r]S[0x96][0xf1];Qjh[0x8a]O[0xbb][0xa3][0xf9][0xeb][0x8d][0xef][0xf8][0xf5][0x8a]b[0xca]*[0xa6][0xac]b[0xca]*[0xa6][0xec][0x81]LY[0xab][0xd9][0xd6][0xcb][0xb6]X[0xf4]z[0xc7]ln[0xd9]d1[0xbb][0xf5][0xad][0x9b],8[0x86]W[0xef][0xcf][0x89][0xe5]'c[0xca][0xd6];p>M[0x85]%[0xc4][0xa7][0x9d][0x90][0xbc][0xf7]w[0xe3][0xaa][0xb7]YXB[0xf9][0xbf]I[0x8e][0x96]b[0xca][0xca][0x86][0x10]/@s[0xac][0xd6][0xa3][0xed][0x80]+[0xa6]l[0xca][0x8],6[0xf2]!/[0xfd]6,[0xa6][0xb7][0xf0][0xac][0xcc][0x86][0xa1][0xb7]i[0xc9]\[0xdc][0x17]i[0xb7][0xcd]N[0xb9][0x93]2V[0xc9]V[0xcf][0xa8]w[0xeb]F[0xd7]l[0xac][0xdf][0xe2]N[0x8e][0x11]n[0xcb][0xcf][0x89][0xbe][0xa7]![0xca][0xf2][0xb2][0xb9][0x81][0x1b][0x9][0xa7][0x9b][0x89]O;A/[0xbd][0xa8][0xfc][0xf4]~[0xcb]"Z[0x11]e[0xd5]nH[0x14][0xdf][0xba]j7D[0xed][0x86][0xc0][73Y[0xaa]m[0x1]p[0xab][0xae][0x1b][0xf5][0xb2][0xcd][0x10][0xa3]n[0x82]([n[0xff][0x96]nt[0xd4][0xc1][0x0]Y[0xf][0xe1]L[0x11]1qL[0xfd][0xb9][0x17][0xd0][0x19][0x1c][0xfe][0xfe][0x81][0xd9]n[0x3]p87[0xbf][0xb4][0xe7][0xcd][0xb1][0x1a][0x4][0x8d][0xc1][0xf3][0xb4][0xf3]*A5yz-[0xa3][0xcf][0x1d][0x95](K[0xbc][0xbe][0x1c]Q[0xf6]|$][0xdc][0x4]Q[0x16][0xe2][0xf3]0[0xf1][0xaa]|[0x8c]F[0xe]lQ&[0xe],[0xcf][0xc8][0xc1][0x8b]8[0xa4][0x1]|c[0x98][0x98]y[0xf3]m[0x18]<[0x90]CW/[0x8][0xbc]A[0xf0][0xf8][0x81]}[0xb4][0x96][0xed]{<[0x1b][0xcc][0xcf][0xa9][0x93][0xd2]R[0xc1]L[0xc5][0xca][0x81]H[0xa6]d[0x92]#[0x82][0x13][0xbd][0xf5][0x12]*[0xf4][0x1][0xec][0x88]`{[0x3]O&'[0x4][0xf9]53V[0xaa]ho2[0x9f]&A[0x16][0x9d][0x81][0xb5][\n]"
21:59:32.376 [main] DEBUG org.apache.http.wire - http-outgoing-0 << "#[0x1c][0x90]HQ[0xb6][0x3][0xab][0xa1][0xa1]=[0xb7][0x7][0xae][0xe7][0xc6][0xd2][0xe1][0x8a][0xdd][0xc2]P[0xd4]U[0xe0][0xbf][0x83][0xb6]1D[0xb8]a[0x0][0x6][0x9d][0xfb][0xb7][0x1][0xc7][0xbf][0xe]][0xf8]A[0xf7][0xe9]z`[0xcc]FR[0xe1]|I[0xa9]S[0x94][0xe0][0xd8]b[0x81][0x82]j[0x82][0x97]:[0x81]![0x8e][0xb0]~#[0x13](x[0x1e][\r][0x17][0x9e]0[0xf7][0xa1][0xb3]dLM[0x4]M[0x9][0xb2][0xc4]?^1T[0x13][0xae]YL[0xd5][0x5]yu[0xe4]p;pk[0xf6][0xa1][0xca][0xef]9[0xd2]`[0xe3][0xe7]D[0xcd][0xbc][0xff]Ac[0x19][0xf2][0xc4][0xe0]JT[0x8c]mh@)[0xd7][0xbe][0xfe][0xd6][0x1e]i?;[0xff][0xb1]p[0xa2][0xf8][0x5]]M][0xaf]k_[0xc3]7N[0xfb][0x8e]<[0x81]^[0xe4][0x8c]x[0xbe][0x85][0xc7]S[0x1c][0xda] [0xf9][\n]"
21:59:32.377 [main] DEBUG org.apache.http.wire - http-outgoing-0 << "[0x17][0x9b]<5[0xd8][0xf]4[0xf][0x6]K[0xe8]Kb[0x85][0xc4]n[0xbc]@GP[0xcd][0xc8][0xb2][0xe][0x97]/J[0xcd]u[0x12];F[0x89]h[0xb9]"[0xb6]:T56;T[0x11][0xa1][0xb8][0xc8][0xc4][0xc6][0x88]![0xc6][0xef][0x4][0x14]f[0x10][0x91][0xd1][0x8b][0xd2][0xc1].[0xcf][0xac][0x86]{[0xf]1[0xb0][0xd3][0x8a][0xe6][0x19][0xd8]I[0xfb]&qSR3[0xc][0xb7]&[0xda],[0xf0]][0xf8]![0x9][0x1e][0xf8][0xf0][0xe][0x83]/[0xc7]oNN![0x1e]8[0x86][0x18][\r][0x1c][0xf8]m[0x91][0xab][0xd7][0x0]W/[0xfc][0xee][0xb2][0x8]d[0x9f][0x18][0xc]0[0x1f]`[0x82]%[0xda][0x8b][0x9a][0xb4][0x12].|_[0x10][0xb8][0xc9][0xe9].[0xd2]F[0x8b][0x90]>&[0xd5]`[0xbe][0xb6][0x3][0xa7][0xa5]x*~gs[0xb9][0x81]tT"[0xf6]7[0x8a][0x93][0xee]U[0x96][0x16][0xc1]q[0x11]&s[0xe4]$[0xc6][0xd4]hv[0xa0]#[0xb7]6[0xf2][0x2][0x9c]P[0xac][0x2][0x19]=[0xe5][0x8a]g,t[0x9c][0x98]+[0xe]tkb[0x90][0x83][0x1c][0xb4][0xcc]G[0xa7]kF[0x13]?[0xd8][0xae]t[0xd0]b{H6[0xd5]"bvDf[0x8a]p[0xf6][0x92]D[0xf5][0xa4]b[0xb9][0xb1][0xf0][0xd7][0xd0][0x9e]O[0x1d][0x1c]5[0xf4][0x16]D[0xf1]E[0x13]J[0xf2][0xb6][0xf0]H[0xa4][0xcb][0xa2][0xb][0x99][0x83][0x1d]O}t[0xe7]<[\r][0x2];$[0xdb]B|[0x95][0xd6][0xdb]f[0xde]x[0xde]d[0xed][\r][0x9f][0x82][0xba]Q[0xb][0xf4][0xd9][0xc0][0xe][0xe0][0xe4]:[0xa0][0x9e]'[0x86]o[0x88]u[0x81]+[0x92]^[0x84][0xf8][0xf4]~[0x8e][0xbf]9[0x92][0x8][0xc][0xd7]kb [0x93]][0x19][0xd3][0xe4][0x9][0xd6]|[0xb0][0xed][0xa5]}#[\r]y[0x8c]3[0x10][0xfc]1_[0xa8][0xee]dx[0xe6][0xe][0xa7][0xda][0xc]P#;w[0xd5][0xcd]L[0xcc]S[0xc6]@[[0x9a]Sa[0xb8],5[0x2][0xfb]eE[0xd4]i[0xae][0xff]RNe\[0xbb][0xf3]([0x6]v[0xea][0xa8][0x18][0xdb]3[0x17]~[0x8b][0xf6]h[0x91]UB{[0xff][0xdf][0xf4]o[0xcf][0xdb][0xfc][0x9f]o[0xbf][[0xa2][0xe1][0xdb][0xfe][0x1d][0xf7][0xd6]_[0xc1][0xc6][0xd7][0xbe][0xb][0x1]#[0xa0][0xdc]#.L[0xee][0xc4][0xd0][0xc3]$[0x2][0x8c][0xe7]z[0xe7][0xcd][0xc]<|[0xd8][0xcb]Ip[0x99][0x81][0xc2]oO[0x8][0x19]h[0xce][0xdb][0x1e][0xa1][0x1e]~[0xcc]@UX[0x9]f[0xdd][0xa0][0xcc][0xae][0x12]g[0x14]evu[0x2][0x9b][0x9]y[0x17]|E[0x1e][0x4][0xb8][0xf7];0.[0x9c]K?[0xb8][0x9b]~[0xb9][0x7][0xd5][0xe9]j[0x81][0xbb])[0xd7][0x1]P@[0xb][0x5][0x9a][0xb6]7[0xfd][0xef][0xe0][0x98][0x19][0x81]I[0xe7][0xf8][0xc2][0xae]b[0xcf][0xe2][0xf7]p[0x1d]+[0x96]$[0xca]_6[0xa1]:][0xe9][0xca][0xec]*[0x16][0xb7]sev[0x15][0xf8][0xa7][0x1b]f[0xca][0xec]*[0x18]FU[0xe4][0xed]d[0xe6],p[0x1][0xc6][0xa2]>[0xf7][0x85]2[0xbb][0xca][0xdc][0xca][0xe0][0x11][0x92]X[0xd2][0x8]<[0xc4][0x17][0x2][0x88][0xc9]j[0xec]t[0xe3]t[0xa9][0x18]Yr[0xf9]c[W[0x9b][0xca][0x17][0xec][0xa3][0xed]][0xbb][0x8b][0xd3]T[0xe9][0xe3][0xa1][0xa8]B[0xa9][0x9][0xd5][0x9e][0x8d][0xb0]K[0x15]J[0xcb]I[0xaa][0xa0][0xcc][0xae]j[0xb5][0x1d][0xba][0xba]0[0x8b][0xb3]A[0x9b][0xd9]g)[0xb3]+[0x91][0xb1][0x9c]s[0xa5][0x1a][0xc1][0x96]*v*[0xf0]d[0xa6]Tc[0x1e]rr[0x19][0xa8][0xf1]"[0xf1]@_*"
21:59:32.380 [main] DEBUG org.apache.http.wire - http-outgoing-0 << "ev[0x95][0xfa]~[0x8d][0xc6]~[0x5][0xfe][0xef]pp[0xe][0x9d][\n]"
21:59:32.380 [main] DEBUG org.apache.http.wire - http-outgoing-0 << "[0xb9][0xbb]c[0x97]l[0xa8][0xb9][0xad][0x13][0xaf]M[0xe9][0xcb]t`k+[0xb3]+ev[0x5][0xef]l[0xa7][0x92]L;[0xf1][0x0][0x5][0xdd][0x0][0xde][0xef][0xb9]Iw_[0xc5][0xae]Dt[0xe0]0[0xc3]V[0xd8][0x88]4[0x13]*|K[0xe3][0xed][0x1a][0xe][0xff][0xbd][0x1d]a[0xb7][0xeb][0xfb][0x5]v[0xca]r[0x91]sT[0xe6][0x8f][0xf4][0xd3]Gql[0x80][\r]3[[0xfb][0x16][0xbb]w[0x88][0xb4][0xe6]p[0x1c]3[0x10][0x7][0xf0]9?[0xd8][0xde][0xdc][0x89][0xa6][0xda][0xf]!R[0xdb]}[0xbb][0xfc][0xa4][0x99][0x8d][0x99][0x85]M$w[0xe4][0x4]c[0xec]`[0xcd][0x2][0x9]g[0x97][0xee][0x1d]v[0x92][0x1d]l[0x16]Fn[0xf9][0xa9][0x1f][0xb1][0x11][0x8f][0xeb][0x9a][0xe1]@.[0xef][0x1d][0xed][0x88]~[0x1f]D[0xf1][0xca][0xe1][0xb5][0xd9]S<[0x8d][0x16]>vDY[0xfc][0xe2][0xe6][0x17][0xf][0xdb][0xc4][0xdf]a{|>[0xf][0xee]W[0xe]g[0x89][0x9f]{[0x1c][0xe2][0xde][0x5][0xe3][0xf1]Q[0x84][0x14][0xda][0x96]e[0xd6][[0xe4][0x99]u$[0x1d][0x5][0x19][0xf0]$2[\n]"
21:59:32.381 [main] DEBUG org.apache.http.wire - http-outgoing-0 << "[0xcb][0xb1][0x8f][0xaf][0xa2]`tR[0xc3]1Y[0xd4]z[0x11][0x85][0xc9][0xa7][0xcb]Oo[0xf4][0xab]O?[0xd1][0x9b][0xf7]e[0x11][0x5][0x19]F[0x89](([0xbf][0xb1]U}[0x87][0x89][0x1b][0xc5]*[0xd1][0xec][0xcf][0x9d]h[0xb6][0x83][0x88]B[0xab]b[0xe8][0x15][0xcb][0xe8][0x19][0x9d][0xae][0xde][0xe8][0xd6][0xd7][0xf8][0x8d][0xe5][0x8e][0x82][0xd4][0x82] [0xab][0x1e]_D[0xa1]a[0x1a][0x96]QORo[0xe5][0xa7][0xed][0xdc][0xa4][0xf7]O[0x97][0xbd][0xcb][0xc7][0xab]M"~[0x84][0x94][0xca]oLe[0xde]*@[0xfc]s[0x3][0xe2][0x6][0x82][0xe9]V[0x11][0x5][0xb3][0xd3]n[0xb4];[0xab][0xc][0xd3]z[0xbb][0xad][0x97]H[0xb1][0x96]AfQ[0x8a][0xb5][0xec][0x98][0x13]0L[0x9][0xfd][0x8a]~c%[0x88]xD[0x11][0x5][0xc6][0xee]v[0x92]x+?[0xed][0x8a][0xe4][0xd7][0x17][0x1b][0x12]o[0xb9][0xde]JDAA[0xb9][0x82]r[0x5][0xe5][0x87][0x8a](XV[0xc7]l[0x95][0xc8]j[0x9b] [0xa1][0x96]$[0xb][0xe4]a[0xba][0xd9][0xb5]JE[0x14][0xca][0x8e]yN(?[0x9d][0x88][0x2][0xa3]w[0xea][0x2],?[0xed][0x8a][0xe5][0x1b]][0x80]3,W"[\n]"
21:59:32.381 [main] DEBUG org.apache.http.wire - http-outgoing-0 << "*m@[0xa5][\r]$[0xef][0x87]w2[0xb]S"[\n]"
21:59:32.381 [main] DEBUG org.apache.http.wire - http-outgoing-0 << "[0xee]'[0x88][0xc9][0x9a][0x96]n[0x98]f[0x89][0x88][0x82]a[0xd5][0xdb]-[0xbd][0xcc][0x9]8[0xf][0xd5][0xd8][0xf2]0[0xca][0x12][0x7][\n]"
21:59:32.381 [main] DEBUG org.apache.http.wire - http-outgoing-0 << "[0xc7][0x9c][0xca]$a[0xed][0xca][0x9c][0xe1][0xfc]$*[\n]"
21:59:32.381 [main] DEBUG org.apache.http.wire - http-outgoing-0 << "[0x4][0xe0][0x8d]TEA~[0xda][0x11][0xce][0x8d][0xcb]O[0x1b]T[0x14][0x18][0xce][0x95][0x8a][0x82]RQP*[\n]"
21:59:32.381 [main] DEBUG org.apache.http.wire - http-outgoing-0 << "JE[0xe1]0[0x15][0x5][0xcb][0xd4];f[0xc9][0x1e][0x8b]Uo[0x9a]-[0xbd]DE![0x87][0xd3][0x8d]6v[0xb0][0xb7]`9[0x1d][0xc3]J[0xb][0xcf][0xb9]4?[0x95][0x8a]B[0xc3]4u[0xbd][0x93]m[0x97][0xf3][0xa7][0x9d][0x90][0xfc][0xe3][0xf9][0xc3]uo[0x83]R%#y[0x96]~[0x9c]Z[0x0][0xfb][0xe0]8[0x93][0xa1][0x90][0x17][0xd8]#h[0xb4]w?[0x9f]y[0x1][0xb2][0xa6]0[0xda][0xf3]Z[0x3][0x94]Xlu:[0x6][0xf9][0xc3][0xe5]e3j[0xfe][0xf2][0xef]W[0xde][0xf0][0xe3]e[0xe3][0xba][0xf7][0xfa][0xe9][0xf2][0xfc][0x1b]z[0xa3]i[0xdf][0xdb]xYL[0x89][0xe3]/#K[0xfa][0xcb]Rj[0xb9][0xdc][0xb9][0x13]V[0xb3]5[0x11][0xfe]/[0xf7][0xdf][0xd0][0xb]e[0xe4]T[0x88] T[0xf0][0x19][0xbe]Xl2[0xce][0xd7]w[0x1a][0xcf][0x8a]9y9[0xe][0x80]RQP*[\n]"
21:59:32.382 [main] DEBUG org.apache.http.wire - http-outgoing-0 << "[0xdb][0xe0]<[0x93][0x81]8[0x8e]^p[0x16][0xef][0x99]U[0x14][0xf4][0xb6]a[0xb5]J[0x16][0xd3][0x96][0x5][0xcd][0x80][0x92][0x1c]\[0xc0][0xaf]Q[0xd1][0xf1][0xf6][0xb0][0xde][0xb5][0x1a]][0x9d][0xf3]kK6[0xb9][0xf3][0xc7]0D?'[0xfc]f8v[0xec][\r][0xee]F[0x13][0x97]B[0xa0][0xc3][0x9b]"[\r][0xb4][0xdb]6[0x95]`[0xf9][0xaa][0xb2][0xf7][0xf7][0xf5]2[\n]"
21:59:32.382 [main] DEBUG org.apache.http.wire - http-outgoing-0 << "[0x9][0xf6]*[0xbf]1%*[0xa9]d[0x14]v7O[0xff][0x93][0xec][0x87]l[0x91]Q[0x0][0x10][0x1][0xc0][0xb1]P.[0xea][0xe0]4[0xea][0xe4][0xbf][0xbe]es[0xbb][0xde]mt[0xd6]@xB[0x12]1[0x0][0xf3]l+[0xf9][0xcc][0x10]~[0x12][0xbf]1[0xc2]Z\[0xca][0xf1]d[0x14]d[0xc0][0x9c][0x8c][0xc2]J[0xbe][0xff];[0xc7][0xe][0x91]8[0x1c][0x91][0x88][0x2][0x12][0xeb][0x91][0xca][0x9c]$o{[0x1][0xe8][0xd5]dw5[0xb0][0x91][0xbe][0x8]}$[0xdc][0x82]~IY[0xd1]d[0xa1][0x15][0x7][0xc4][0xdc][0x84][0xcf][0x17][0x94][\n]"
21:59:32.383 [main] DEBUG org.apache.http.wire - http-outgoing-0 << "(1[0x1f][0xe2][0x8][0xf]Ax[0x7][0xd1][0x0][0xdf]G[0x8a][0xb]EJ[0x98][0xad][0x15][0xed][[0x4][0xbb][0xa3]|l[0x11][0x1f]|[0xce]9b[0x93][0xaa][0x1][0xa7][0x14][0xbf]6[0xf4][0xf4][0xe0][0x12]W[0xb4][0xf2][0xbc][0xfe]4_{[0x18][0xc0][0xff]p[0x18]#=[0x1a]9[0xc3]s{B[0x19][0xf0]Y[0xd1][0xef]([0x13]\[0xa4]>[0xa7]Y[0xc4]l[0xff]5@n$[0x92][0xbf]![0xec][0x80][0xe4][0xec][0xf4][0x4]*[0xfe]g[0xb0]^[0x91]{[0x9c][0xc5][0x90]_P[0xfa]<[0xd4][0x1c] =[0xd0][0x8f]p=[0xd1]{<[0x8][0x90]-[0x94][0xcc][0xe3][0xe6][0xef][0xde][0x82][0x87][0x84]v[0x18][0xf5][0xa9]2[0x8f]R[0xec][0x81]t[0x1a][0xdc][0x9][0xf9][0x9a]Q{"[0xdf][0x1b][0xe9][0xce][0xe];[0xa0][0xa1][0xd9][0xd0][0x0]h[0xbe][0x7][0x7][0xd9][0xe7]sd[\n]"
21:59:32.383 [main] DEBUG org.apache.http.wire - http-outgoing-0 << "[0xa0][0x95][0x17]s[\r]i[0xce][0xb8][0xa6]`[0x2][0xb6][0xad]3:[\n]"
21:59:32.383 [main] DEBUG org.apache.http.wire - http-outgoing-0 << "[0xe3][0xb5][0xd5]j[0xb5][0xeb][0xad][0x16]=[0xe3]D[0x91][0x13]G[0xc5]g[0x9c][0xb9]+[0x1f]o[0xf8][0x99]f[0xbd][0xec]G[0x8]r[0xb4][0x8d]<[0x87][0x9a][0xc]x[0x12][0xc6][0xeb]r[0xec][0x93]0^[0x13][0xdf]0Y[0xd4]z[0xc6][0xeb][0xd0][0xba][0xfa]4[0x1][0xe3]uX[0xca]x[0xa5]0[0x8a][0xf1][0xaa][0x18][0xaf][0x8a][0xf1]:[0xea][0xe1][0x6][0xe2][0x84]5e[0x1b]&[0xbd][0x1][0x87][0xff]W[0x8]Xg[0xbc]L[0xfd][0x2][0x8b][0xee]6[0xad][0x8a][0xde][0xa9][0x18][0xcd][0x9e][0xa1]w[0xeb][0x9d][0xae][0xc1][0xaf]Vm[0xc3]rG5Z[0xf2][0xa8][0xe3]3^[0xc9][0xdf][0xbb][0xd9]I[0x84]P[0xe5][0xa7][0xed][0x8f][0x91]?[0xd5]/?[0xdd][0x99][0xd7][0x9b][0x84]P[0xb1][0x12])[0x9a][0xe4][0xa4][0xdb]x[0xbc]GV[0xb2][0x89][0xa7]|[0x14]w[0xd8]9,[0x9a][0xdb])[0x1f]Ee[0x1b][0xf6][0x7][0xb5][\r]3[0x1b]-[0xe8][0xed][0xaf]>K[0x1a][0x96][0xde](q'X[0x86]L[0xab]T[0x90][0xaf]p[0xcc][0xa9][0x4][0xf9][0x8][0xfd]J[0x18][0xaf]ED<[0xe2][0x86][0xa0][0xc0][0xee][0x84][0xf1]*?[0xed][0x8e][0xe4][0x9b][0x19][0xaf][0xd2]j[0xc6]2[0xab]X[0xf9]V'[0x9f][0x80][0xdf][0x9e]=p<[0xf9][0xba]CA[0xb9]X[0x9][0xa1]YR4[0xde][0xfc][0xb4]%[0xc4][0x8a][0x15][0x94]"
21:59:32.388 [main] DEBUG org.apache.http.wire - http-outgoing-0 << "+[0x7][0xc8][0xad]>[0xc9][0xc7]y[0xa3]S[0x1c]jG~[0xaf][0xb3]C[0xf2]B[0xb3]i[0x95][0xbc]X[0xef][0xb4][0xca][0xf7][0x4][0xd3]%2[0x16][0xbf]f[0xa9]7[0xc1]2[0x92][0x9b][0xa7][0xf2]&X[0x8b][0xe4][0xa7]#[0xbc][\n]"
21:59:32.389 [main] DEBUG org.apache.http.wire - http-outgoing-0 << "[0xf0]N|f[0xe4][0xa7][0xdd][0xa1]|3CJ[0xb9][0x86][0xe5]^[0xa6]*[0xd7]0[0xa5][0x93][0xad]t[0xb2][0x97]u[0xb2][0xb7]Cy[0xa3][0xd3]h[0x95]@y[0xab][0xd3][0x6][0x9a][0x97][0xbe][0xa4][0xcf][0xa3][0xb9][0xc1]ooV_[0xd2]/[0x1d][0xc3][0x9b]"[0xa7]y[0xc3]S[0xbe].?[0x1d][0xdf][0x95][0xf0][0xbb][0x95]z[0xcd][0xc8]O;[0xa2][0xb9][0xb5][0xd1]k[0x86][0xb7]X[0x14][0xdf]U[0xf1]][0x15][0xdf]u[0x1b]Aju[0xf9][0xb][0x91]{@[0x8c]X\[0x1f][0xf2][0xac][0xf6][0x87]X[0x96]#G[0xa1][0xd1]1[0x1][0xd9][0xc5][0xb7][0xf5][0x86][0x8e][0xec][0xd9][0xd6][0xa6]=[0x16][0xa3][0x8b]7[0xf1]b[0xd5][0xbd][0x16][0xcb]s[0xc7]<'[0x96][0x9f][0x8c][0xef][0xaa]w[0xd0]*[0xc9]fyC|[0xda][0x8e][0xe4][0xef][0xc1]u}][0xbf][0xbe][0xd8][0xe0][0x1a][0xc6]H[0xae][0xf8][0xae][0xfc]"Z[0xf1]][0x15][0xdf]u[0x1b][0x9c][0xff]a[0xf8][0xae][0xad]z[0xb3][0xde],[0xc1][0xdf][0x86]eY[0xa5][0xe8][0xb][0xb1][0x1c][0xa3][0xd5][0x3][0xf4][0xd6][0x9b][0x9b][0xb2][\r][0xb2]cN[0x98]mP[0xbe][0x92]>[0x9][0xdd][0x95][0x97][0xcd]:[0x91][0xed][0x89][0xee]*?m[0x87]^~Oi]^[0xb0]v[0x19][0x11]w0[0xb0]r6[0x9][0x15]8[0xd9]$[0xd0][0xab][0xe8][0xae][0x8a][0xee][0xaa][0xe8][0xae][0x8a][0xee]J[0xb9]D[0xbb][0xbb][0x86][0x99]F[0xab][0x85][0xdc][0xb0][0x92][0x5]4R\[[0x9d]-[0x9b]![0xed]n}M[0xc2]X[0xb6][0x19][0x82]c[0xfe]+ [0xfc]TtWb[0xcf][0x1d][0x95][0xee][0x9a]s[\r][0x83]-[0x6][0xb9][0x16][0xc1][0x15][0x88]9[0xa6]y?[0x1c][0x9][0xf4][0xec][0xd0]#^[0xd1][0x91][\r][0xcd]=[0x8c]t[0x98][0x0]KF@[0xc4][0xbe][0x9c][0xcd][0x1c][0x1f][0xae]c]"[0x82]VR[0xe3][0xa7][0x6]L[0xa2][0xb4][0xaf][0xb1][0xe6][0xd0]&pD[0x2][0xe3][0xe9][0x85][0xf8][0xfd][0x1d][0x88]>[0xbe][0xbb][0x98]iV[0xb5][0xb1][0xfa];[0x1d]C[0xdc][0xd2][0x82][0x8f][0x19][0xd4]P[0xcc][0x9c]|[0xbf][0xb8]$M[0xab]ho[0xaf][0xdf][0xf5][0xb4]~M[0xca]I[0xd7]>[0xcb]?4@R[0x8d]DS[0x83][0x87]Z"V[0xc]o![0xf2][0x87]"[0x87][0xae][0xa2][\n]"
21:59:32.389 [main] DEBUG org.apache.http.wire - http-outgoing-0 << "[0xb2][0x88][0xa6][0x81][0x92];[0x9b][0xa1][0xbe][0x19][0x9f]U[0x94][\n]"
21:59:32.389 [main] DEBUG org.apache.http.wire - http-outgoing-0 << "r[0xd2][0x18][0xf4]$[0x8]>[0xab][0xf3][0x18];[0x10]}%'[0xa3]hJ^E[0x15]4[0x80];[0x87][0xd2][0xb2][0xe7]B[0xd6][0xa4][\n]"
21:59:32.389 [main] DEBUG org.apache.http.wire - http-outgoing-0 << "[\r][0x0]z,^2$[0x13][0x7][0x8a]B[0xa2]x1r[0xe1][0xcf]#l[0x88][0x86][0xc1][0x2]nG[0xb][0xdf]y[0x84]|3[0xb8][0x81][0xa0][0xe6][0xc2][0xab][0x8][0xfe]]\[0xcf][0xbc]U[0x99][0xb4][0xb0][0xca][0xaa][0xb6][0x8f][0x93][0x9a][0xc6]&j[0xa9]#[0x1][0xb]ms[\r][0x1d]?1B[0x1]?[0x19]%f[0xc2][0xbd]k[0x1c][0xd3][0xb8][0xf9][0x96][0x5][0xbb][0x93]V[0xcb][0x99][0x12][0x89]f[0x1b][0x86]v[0x4]/,[0x18][0xbc][0xa1][0xef]Q[0xd4][0xbd][0x1b][0x6]>FJ[0xc][0xf][0xa2][0xd0][0xa5][0x82][0xd9][0xeb]h@fq[0xb0]E[0xb][0xc8][0x1a][0xce][0x13][0x17].[0xfc][0xe8]D[0x8b][0xc1]"k[0x8]^[0x18][0xfb][0xb5]QD[0xe1][0xe2]![0x86][0xd2]j[0xff][0x8c][0x82]Yu[0xec]zNU[0xd0][0xc7][0xde][0xf8][0xaf][0xa6][0xae][0x7][0x92]1[0x98][0xbc]l5[0x15].[0xd0][0xb6][0x89][0xb7][0x16][0x1d]([\n]"
21:59:32.389 [main] DEBUG org.apache.http.wire - http-outgoing-0 << "[0x9][0x6][0x1f][0xd1][0x1]([0x0][0x3][0x95][0xa8][0xc7]T(*D[0x95][0x5]=[0x19]Vk[0x18]XI[0xdb][0x97][0xda][0xc1][0xfd][0x18]L[0xc8][0xbb]L[0xb8]P[0xe5][0x90][0x10]sd[0xb2][0xa0][0x8b]&[0xe7][0xb1][0x11][0x13][0xc2][0xd9][0xa0][0xaa][0x8f][0x1d][0xc8][0xc4])[0xaf][0x9f][0xf5][0xea]k;$[0xf7][0xaa][0x1][0xda],G[0x10][0xd7]l4[0xd1]l[0x8e][0x18][0xa8]z[0xde]ao[0xcc][0xcd]UpZ[0x13]W4[0xf4][0x2]2[0xc4]J[0xc7][0x16]h[0xdf]Y1[0x9]O{[0xe4]`l[0x93]8[0xf8]H2[0xb5][0xdf][0x12][0x17][0xfb][0x17]1[0xbf][0xfb][0xd4][\n]"
21:59:32.390 [main] DEBUG org.apache.http.wire - http-outgoing-0 << "c[0xfb][0x1e][0xb3][0x6]m/[0x98][0xdc][0xc9]O[0xab][0xa1][0xfa][0xe3]x[0xce]g[0xbf]E[0xdd][0xfb]/[0xb5]>[0xa9]b,}[0x11]E^[0xfe][0xb3][0x9c]hZ[0xbe]d>7[0xa5]|[0xdf][0xd2][0xd0][0x89]na[0x89][0x6][0x16]:[0x8f][0x14][0xee]F[0x9a][0xc6]ii}[0xe9][0xbe][0x95][0x15]Ge'E[0xe1]ojuQw.[0xbc][0x8f][0x1e]"[0xc][0xfb][0xed][0xac][0xfb][0xaf]o[0xaf][0xee][0xfd][0xdb]og[0xd9][0xb5][0xf4][0xc8][0x88][0x8c][0xe9][0xe8][0xbd][0xa7]9[0xd8][0xea]}?[0xe0]O}T[0x81][0x98][0xe8][0xe0][0xc1]c<{[0xb0][0xde][0x1b][0x9][0xac][0xec][0x8f]\b[0xd4]sK[0xc1]r[0xc]tv[0x1b](!:[0x80][0xc1][0x94][0xde][0x17]c[0xc]e[0xf3]*[0xc2]D[0x17][0x82][0xec]4[0xcc][0xc4]d[0xcf][0xf1][0xff][0xa9][0x6]7[0xfd]2/[0x1][0xf8][0x7]fl|[0xb9]uD[0x8d][0x12]:[0x94]r[0xa0]E[0xee][0x84][0xf2][0xe],[0xb3]2H[0x8c][0xde][0xd8][0xe6][0x8e][0xfc][0xda][0x96]*'*N[0xc3][0xe6][0xd5][0xbb]w[0xdc]:k*[0x7][0xaf][0xb4][0xb4][0x8b]D[0xe3][0xcf][0x2][0xe0][0xbd][0xe7][0xe][0xe0][0xa0][0xe4]ea[0x84][0xf3][[0x8c][0x6][0xcb]][0xc7]%[0xa6][0x0][0xaa][0xc3]pQb[0xb1][0xc4]S[0x11][0xbf][0xc9][0x8c][0x84][0xfc][0x98]^[0xc1][0xe0]^[0x0]#3HjG[0xd0][0xb3][0xc7][0xfc][0xd1][0xe4][0x96]X2/5X[0xa2]y[0xce]8&[0xb4][0x4][0xe0][0xb][0xeb]JQn[0xe6]E[0xd3][0xff] [0xfa]dl[0xbb][0x1e][0xae][0x8b]~[0x96][0xd3][0x9a]N[0x97]S[0xc5][0xc5]ml[0xe4]b2`[0x6][0xc2][0xa9]0[0x1b][0x16]}[0xb2][0xf5][0xac]qRF[\r][0xca][0xfa][0xb0][0x9][0x1][0xbe][0xcb]zJ[0xa7]9[0xf6][0x15][0xec][0xf3]!Hh[0x80][0xdb][0xdc][0xc][0xd9][0xf][0xe1]Kjz[0xdc][0x17][0x16][0x98]@[0xa2][0x2]}[0xa4]sL1*[0x9]\l[0x97][0xfd][0x4]q"[0x9f]G[0xf9]"[0x10]*[0x7][0xd4]5[0xeb]Z[0x84]l[0x11][0xfc][0xf6]5[0x8c][0xdf][0xd0][0x8c][0x83]'mI[0xf4][0x9c]o[0xa4][0xf4][0xaf][0xa2]mvj[0x94]wjM[0xaf]ZFU[0xcf][0x9d][0x85][0xb]"?C[0xc2]]2B[0xfc][0x80]T[\n]"
21:59:32.390 [main] DEBUG org.apache.http.wire - http-outgoing-0 << "[0xa4]c[0xd3]-[0x16]=[0x93][0x9d][0x85];xr[0xd2][0xc6]|[0xf]j[0xd0]l}[0x90]fd7NaH'[0x81]*[0xbd]{[0xf7]e_V#{[0xec][0xf0][0xdf][0xb8][0xe8][0xaa][0xb8])[0x8d][0x18][0x15][0xe9][0x1e]_~[0x14]P`[0xe0]bQ[0xe0][0xbf][0xff][0xf9]M[0xb4]zN[0x86][0xae][0xd5][0x91]3[0xb6][0x17]^[0xfc][0x16]w[0xf1][0xa8]J[0x90]"
21:59:32.395 [main] DEBUG org.apache.http.wire - http-outgoing-0 << "[0x92]E[0xce][0x1d][0x85][0x8c]x[0xa4][0xc4]OR,>[0x9e]1[0x1e]][0xc7]M[0xff][0x15][0xe1]q2[0xb1][0xa3]9[0x16][0x10][0xce][0x9e][0xc6].[0xa1]#N[0xab]ap,[0x86]q[0xb5]$[0xe2][0xb3]{[0xd8][0xc9][0xa5]@[0xd1][0xdf]m[0xcf]+[0xdb][0xc5][0xb2]fMI[0xa2]q[0xe5][0x8f][0x5][0x83][0xb7][0xd3][0xd5]B9[0xc9][0x1]*_[0x5][0xc1][0x9d]+][0xf4][0xe0].[0x97][0xdd][0xb4][0xf6]lw[0x89][0xa4]5[0xc7]_[0xcc][0xaa][0xe9][0xcd][0xe8][0x95]X[0x8b][0xf3][0x88][0xfe][0x8a][0x17][0x8c]X]/[0x15]#[0xba][0xfe][0x8d][0xf][0xe7]P[0x97]*[0x13][0x8e]\[0x1f]X[0x16][0xed]Y[0xfc].[0x83]o[0xb5][0x10]Q[0xf8][0xa5][0xfd][0x8][0xff][0xd1]Or^[0xef]Y[0xf0][0x1e][0xd7][0xbd]\[0x8e],[0x1b][0xb7][0x8f]g){[0xa9][0x1c]Qv[0xfe][0xce][0xba][0x97]?[0xd6][0x1e][0xd7][0xac][0x9c][0xe4][0xb6][0xdb][0x8d]%[0xcd])[0xef][0x8][0xef][0xf0]|[0xfc][0x3][0x92]&K[0x1c][0xa8][0xe0]J-,[0x97][0x0]][0xaf][0xf8]q|[0xb4][0xe7]p[0xdd]e[0x9e][0xac][0x94]![0x86]K[0xce][0xe4]m[0xcf]B[0xf7][0x18]/[0xff]DNr[0xa5][0xf6]j{^[0xf9].[0xcd]]Z[0x8e]h[0xf2][0xf7][0xbe][0xb2]qS6n[0xce]P[0xdc]?[0xa5][0xf9]6[0xf][0x8d][0xe5][0xdd][0x9b][0xc][0xbd][0x1f][0xac]a[0x92][0xd8][0xec][0x6]9[0xb7][0xca]t[0xdb]([0xe7][0xe2][0x86][0x1d]<[0xda][0xd3][0xa0]M[0xaf][0xe1][0x1d]G[0xc5][0x9d]YK[0x8c][0x1c][0xf][0xb4]{[0x9a]8q[0x85]|[0xc9][0x83]E[0xcc]O[0x92]7[0x98][0xd1]_[0x1a][0x13][0xfb][0x5][0xcb]1[0xa9][0x9e]b[0xa5][0x82][0xec][0xf5]a[0xde]qi[0x9f][0xeb][0xa7][0xaa][0x8a][0xed]E[0xda][0xfe][0x13][0xa6]WT[0xdb]/[0x8f]L[0x15].FN[0xdc][0xdc][0xb4][0x9c][0x9b][0xdb][0x81]m[0xac][0xcc][0xe1][0x9c]07[0x8e][0xe1][0xe0]>[0xaa][0xc0]e=[0xc4]([0xc1][0xce][0xae][0x18]u[0xb1][0x1d]/[0xe][0xb5],[0xc3][0xe6][0x0]N[0xe6]8=[0xda][0xb4]H&[0xdb];v[0x98]&[0x83][0xb4][0x3];N[0xd9][0xad][0xfd][0xb3][0xdb][0xad]Q[0xa7][0x1f]E[0x80][0x2][0x89][0xc5]m[0xb3]C/h[0x8e]$@![0x3][0x9e]D[0x80]b9[0xf6][0x9][0x4]([0xda][0xd5]D[0x80]B[0x16][0xb5]^[0x80][0xe2][0xef][0x10]([0x9c]<][0xf7][0xce]K[0x4](D[0x98][0xe3][0x8]P[0xa4]4[0x1a][0xc9][0xab]P[0xa2][0x89][0x19][0xfb][0xac]vp^u[0xda][0xaa]2[0x4]6[0xe3]>[0xd7][0x2][0xec],Be[0x12][0xfa]1[0xbf][0xa3][0xb1][0xd9][0x1b]m[0x17][0xd6]i[0x16][0xeb][0x8b][0xec][0xd4][0xb2]0[0xc0]uh[0xe7][0x8c]P[0xa1]/M[0xbd][0xcb][0xc5][0xcc]'`[0xe3][0xea][0xa0][0x7]a[0xfb][0xee]'~[0x1][0xb5][0xe7]U[0xee]+%[0x91]Ub[0xf9][0xad][0xec][0xdc][0xe3]py[0xf3]u[0x19]:.[0xf4][0x84]nE`4[0x9][0xbd]U[0x0][0xb3][0x80][0xf4][0x83][0xf0])rc[0xe7][0xd6][0x1e][0xe1][0x85][0xee][0xbe][0xc2][0x11][0xa4]w[0xd8]3[0xcc][0xae]eHZ@[0xa9]pDz[0x14][0x18][0xba][0x9c]mq[0x2][0xe1][0x8][0xc8][0x9e][0xb7][0xcd][0x86][0x4][0x8e][0xba][0xf8][0xb4][0x3]![0xeb][0xd3][0xe5][0xc5][0xeb][0xfa][0xe5][0xc7][0xf7][0x1b][0x8]Y@8e[0x95][0xa6][0xfc]u[0x94][0xbf][0xce]v[0x15]a[0x95][0xd6]@[0xa8]*[0xa5]dF[0x8c][0xac][0xec][0xc9]`Z[0x8d]v[0x13]R[0xd4][0xc5][0xb4][0x6][0xd3]lQ[0x12]r[0x89]"O[\n]"
21:59:32.395 [main] DEBUG org.apache.http.wire - http-outgoing-0 << "[0x99][0xe0][[0xb5][0xd7]$[0xa8][0xad][0x1c]s[0x8a][0xa4][0x6][0xa0][0xdf][0x8a]p[0xc4]*"[0x1e]S8[0x82][0xb1];[0x15][0x8e][0x10][0x9f]vG[0xf2]M[0xc2][0x11]Toe[0x95][0xa6][0xa0]\A[0xb9][0x82][0xf2]C[0xad][0xd2][0xcc]V[0xbd][0xd1]*[0xd1][0x93]5:[0xad]6[0x10]~[0x13][0x94]w`[0xce][0xb3][\r][0xca][0x93]c[0x9e][0x13][0xca]O[0xa8][0x1c][0xc1][0xe8]M[0x92][0x9f][0x9c]&!>[0xed][0x8e][0xe5],x[0xb9]&M"[0xc5]re[0x95][0xa6][0xac][0xd2][0x94]U[0x9a][0xb2]J[0x13];[0x1a][0xf9]\[0x89][0xed][0xca][0x11]M[0xbd][0xd5].[0xd1]s[0x3]Pu[0xcc]r[0xa7]4=]tC*s[0xeb][0xc2]<9[0xe6][0xd9][0xd1][0xfc]$Ni[0x84][0xdf][0x1d]=[0xbf][0xc7][0x82]O;[0xa2]y[0xe3][0xf2]b[0xdb][0x1e][0x8b]R[0x8e]P[0xca][0x11]J9b[[0xaa][0xb1][0xda]b)[0xdd]b[0x81]MO[0xbb]n[0x95][0xad][0xcb][0xeb]z[0x3][0xbf]m\[0x99]7L[0xe9][0xe1]P[0xa2][0x1c][0x91][0xe0]}z[0xcc]sb[0xf9][0xa9][0x94]#x%^_Z[0x97][0xd7]a[0x85][0xb1][0xcd][0xad][0xe7]'[0xde]-[0xbf][0xba][0xd8][0xb6].[0x7][0xcf][0x2][0xd2][0x9c][0xc2][0x99]C[0xe9]rBCbUHZ[0xe9]r.[0xb9]=[0x94][0xeb][0x8f][0x1e][0xef][0xe5]`[0x11]5[0xa3]/}EX[0xc][0xb8][0xef][0x8b][0xc2][0xe2][0xf9][0xfb][0xbf].,F8[0xce]K[0xc3]b[0xd4]#[0xeb]rns[0xeb][0xb1]Z0).1[0xa2]7[0xea][0xad][0x86][0x85][0xb4][0xe6][\r][0xdb]+u[0xbc][0x85]\[0xe3]D[0x9f].[0xda][0xe9][0x18]^[0xb4]?'[0x88]ghx[0xec]]r[0xcb][0xcc][0xef][0xac]X[0xe6][0xae][0x8]~[0xf9][0xe9][0xcd][0x96][0x9d][0x15][0xd4]Y[0x9]P([0x1][\n]"
21:59:32.396 [main] DEBUG org.apache.http.wire - http-outgoing-0 << "%@[0xa1][0x4]([0xf6][0x15][0xa0]h7Zf[0xd9]:[0x1c][0xee]OV}[0xf3][0xcb][0xce][0xba][0xde]5[0xd7][0xb8][0xcf]g[0x10][0x8e]cN[0xe6]>[0xbf][0xee]eg[0x6][0x87][0xbf]`[0xb7][0xa5][0x1]RU7[0xf3][0xa5][0xd6][0xfb]W[0xc9][0xd3]k[0xa4][0x1]![0xd8]sG[0x14][0xa0][0x10][0x1][0xcb][0xfd][0xd6][0x90][0xd4][0xda]'n[0xf6][0xcf]2[0xdf][0xb1][0xff][0xe1][0xeb]d[0xdb]p[0xb4][0x92][0x12][0xa3]W[0xcd][0x16]^[0xfd][0xa6]$u[0x18]r-gI[0xe6]#1[0x19][0xfe][0x85]6w[0xc2][0x99][0x8b]dz[0x91]:My[0xb6]c8#[0xe3][0xb][0xce],pGH[0xd1][0x15]y[0xe3]S[0xc7][0x9d]L[0x91][0xde][\r][0xe3]3o[0xc4][0xb4][0xde][0x8a][0x86][0xbc]$[0x8d]xI[0xa8][0xa5][0xc8][0x80];N=[0x97]c[0xc9][0x9a][0xa6][0x8a][0x15]}[0xf0][0xd6][0xaf][0x90]T,[0x93][0xee][0xd2][0xf4][0xe3][0xbd][0x9a]f[0x8f]d[0x9a][0xe5][0xe2]^[0xc8][0xa6][0xa2][0x4]eJ[0xd1][0x85][0x1d][0xdd][0x90][0x93][0xff][0x90]"[0x1e]i[0xc1][0x1c][0xa2][0x90]"s[0x98]r[0x99][0xc3][0xd0]~"[0xc1][0x80][0xc2][0xa1][0xa2][0xf1][0x90][0xcc]M[0xde]m[0xe4][0xdc]f#[0x5][0xdb]A[0xaa]4[0xce]D.6I1h[0xe3]0[0x98]qr6}[0x8a][0x9e][0xe0][0x92]4C[\n]"
21:59:32.396 [main] DEBUG org.apache.http.wire - http-outgoing-0 << "uL9[0xda]H[0xc8][0xd6]PL[0xc4]^x[0xc8]Q[0x9e][0x83][0x9b][0xa5][0xf5]o~;[0xab][0xc8][0x93];{[0x89][0xa4][0xfe][0x1a][0xe5]W[0xd7][0xe2][0xa0][0x96]~[0xfb][0x81][0x93][0xf3])h[0x1f]R[0xc][0x11]:VT[0x10][0xe9][0xda]$[0x8a]1F[0x2][0xff]8x[0xbc][0x9e]3[0xeb][0x8e][0xb3]+K[0x12]("
21:59:32.398 [main] DEBUG org.apache.http.wire - http-outgoing-0 << "T0V[0x97]B[0xe3]$[0xca][0xc4]M,[0x1e]!R[0xd9]D[0x9c]&[0xc5][0x11]P[0x1e][0xfa]m&[0x84]$[0xbe][0xee]W*2[0x9f][0xba][0xff]"I[0xfb][0x86][0x8e][0x3][0xea][0x3]M[0x81][0xa9][0xb8][0xe4][0xf4][0xba][0xa9][0x18]\/[0x1e]38[0x11]{[0xb0][0x80]vE[0xbe]6[0xab][0xd5]Kr[0xb5])}[0x19]'![0x8d][0x9c][0x9e]F[0xe2][0xc5]\[0x1c][0xba][0x92][0x1e][0x9e]N%[0xce][0xfb][0x8e][0xaa]H[0xf5][0x10]eS[0xe8][0xc5][0x9a]dp[0x9a]h2j1}|}[0xd4][0xf4][0xc8]uQ[0xeb]U[0x83][0x82][0xd2][0xbf]%G[0xc3][0x8a][0xd6]c[0xf1][0x80][0xa5][0xdc][0xb1]}[0x80]`[0x8f][0xd1][0x9e]+[0x83][0xfa][0x88]E` :0g[0xbd][\r][0xea][0xaa][0x9c][0xe6]F[0x1f][0x19][0x1a]I[0xa2]K:[\r]_J=[0x17][0x12]*[0x88][0x96][0x86][0xf][0xa2]-98&Z[0x1d][0x8d][0xe6][0xea][0xf8][0xf9][0xd1][0xf5][0x17][0x8f][0xda]c[0xbb][0xa9]}[0xed]6[0xdb][0xcd][0xca]B[0xe4]p[0x9].He[0xb6][0x88][0x80]]<$[0x84][0xf2][0xe]k[0x3][0x1c][0x87]q[0xde]l[0xd6][0xf5][0x16][0xc9][0xc4][0x1d][0x8b]q.[0x2][0x9e][0x86]q[0xbe][0x14][0xfb][0x4][0x8c]s[0xc]s[0xf9][0xbc][0xd2][0x14]Em`[0x9c][0x9b]W[0x1f]z[0xb8][0xfa][0xc4]By[0xb1]=[0xb9][0x95]o[0x81][0xe9][0x9e])[0xc2][0x1c][0x87]q[0xbe][0xba]1C/[0xaa][\r][0xb3][0xdd]0[0xb0]e[0x98][0xdf][0xf][0xfb][0xa9][0xf9][0xcb][0xbf]_y[0xc3][0x8f][0xaf][0x9f][0xae]/[0xde]?^[0x9f]C5[0xb3][0xef]m[0xd4][0xa3][0xb8][0x10][0xe0]/#C&}[0xd1][0xd6][0x86][0x94][0xbc]a=[0xd1]EM[0x84][0xff][0xcb][0xfd]740[0xa0][0xe]![0x82]P[0xc1]lD[0xb6]77[0x3]'[0xd1][0xfd][0xb7]P[\r][0xe5]%[0xa0][0xbc][0x4][0xfe][0x94]^[0x2][0xbb]Y[0x1e]6[0xe1]zH[0xba][0xa5]V[0xbd]k[0xb1][0xe8]])s=9[0xaa][0xde][0xee][0xea],{w[0x2][0xe6][0xba][0xde]l[0x19][0xf5]TJT|[0xda]a'[0xe7][0xe1][0xea][0xe3][0xf0][0xf1]j[0xa3][0x94]([0x90]R1[0xd7][0x15][0xdd]Q[0xd1][0x1d][0xf7][0xbe][0xa5][\n]"
21:59:32.408 [main] DEBUG org.apache.http.wire - http-outgoing-0 << "[0xfb]i[0xcc][0xf7]?[0xb9] ?[0x98][0xeb][0x10][0x84].[0xdb][0xce]i[0x98][0xc4][0xfd]([0xd9][0x8f]O [0xb3][0x1];[0xd9]u[0xd6]*[0xf9]cNf[0xad]B[0xdb][0x17]Eq[0xe5]UD<[0xe6][0x9e]<a[0xb7][0x95][0xf2]c[0xc4][0xa7]][0x91][0xfc][0xf2][0xd3]&~[0xc][0xd5][1[0xd7][0x15][0x94]+(WP~8s[0xbd]m[0x99]x[0xaa]-&!5[0xe1][0x92][0xb5][0x11][0xc9][0xb1][0xf8]5[0xd8][0x98][0xb6][0x84][0x1e][0x93][ [0x8b]cN[0xf1]fu[0x1d][0x92][0x9f][0x90][0xb8][0xce][0xe0][0xbd][0xb4]('r[0xd1]V[0x82][0xc]/[0xca]/[0xc5][0xb6][0xc5][0x1a][0xe2]z[\n]"
21:59:32.409 [main] DEBUG org.apache.http.wire - http-outgoing-0 << "[0xe5][0x8a][0xb8][0xae][0x88][0xeb][0x8a][0xb8][0xae][0x88][0xeb][0x7][0x11][0xd7]-[0xb3]S[0xa6][0xf2][0xf][0xd4]j4[0xb6][0xa2][0xb9][0xd8][0xca][0xd8][0x8c][0xe6][0xe2][0x98]gG[0xf3][0xd3][0x10][0xd7][0x81][0xe6]p[0x16][0xc3][0x1d][0x8c][0xd3][0x90][0xc4][0xa7][0x1d][0xd1][0xfc][0xd3][0xd5]F[0xe2]:[0xa1][0xb9]"[0xae]+[0xe2][0xba]"[0xae]+[0xe2]z|+eU[0xf6]IB2[0xac][0xb6][0xd1]n[0x80][0xba]W\[0x96][0xd7][\r][0xc3][0xdc][0xb8]0ov[\r][0xfa][0xff][0x8d][0xb][0xf3][0xdc]1[0xcf][0x9][0xe5]'[0xe3][0xad][0xf3][0xee][0xf8][0xd2][0xe]K}[0x97][0xc]$[0xb9]W[0xbe]m[0x87]E[0xf1][0xd6][0xd5][0x8a]\[0xad][0xc8][0xd5][0x8a]|uE[0xbe][0x8d][0xb7]n6[0x1a]z[0xb3][0x4][0xc4][0x1b][0x9d]z[0x1b][0xfb][0x6][[0xb6][0xc9][0xd7][0xd1][0xd6][0xf3][0xdb][0xe4]'[0xa3][0xad][0xaf][0xdb]\9[\r]m[0x9d][0xf7]URq[0x17][0xf1]i[0xc7][0x95]8[0xf6]U6[0x89][0xbb][0xd0]J\[0xd1][0xd6][0x15][0x80]+[0x0]W[0x0][0xbe]?[0x80][0x1b][0xed]V[0x9d](_[0xc5]Ux[0xb3]i[0xb6];[0xe5][0xba].[0xb9][0xad][0xef][0xb5][0xb6][0x89]+[0xc7]<[0xe7]*[0xfc]d[0xac]u@-[0xf6]R[0x8e][0xc8]Z[0x17][0x1]s[0xac][0xf5][0xd4][0xa4][0xb0]"[0xfc][\n]"
21:59:32.411 [main] DEBUG org.apache.http.wire - http-outgoing-0 << "S[0x83][0xc2]h[0x1f][0x87][0xc2][0xf1][0xc2][0xf3]"[0x16][0x88]fS>[0xd7][0xbf][0xf] [0x1d]M[0xbc]S4[\r]z[0x1a]TT[0xdf][0x86][0x93][0x17][0xb]W[0x93]y[0x18][0xec][0xcf]p[0x8a][0x96][0x9c][0x13][0x80][0xd0][0xce]lc"[0xd1]nsE,[0xb1][0xb2][0xe2]2[0xd9][0xd6][0x8a][0xcc][0xa8]R[0x87]C[\r][0xa2][0xee][0xc3][0xbb][0x80][0xfd][0xea][0xa4][0xd6]f[0xc3][0xc5],[0xf4][0x2][0xce]V[0xd2]'[0xb][0xc1][0xd3]O[0x9b][0xc3]'[0x14][0xe0]W[0xec][0x80][0xc8].[0x8c][0x15][0xed][0x8d]O[0x8b][0x12][0xb6]l[0xa3][0x6][0x81]s[0xe4][0x4][0xb6]j[0xa0][0x97]3[0xa3][0xdb]w[0xe2][0x87] [0xbc][0x3][>[0x9e]W[0xe7]S7[0x9a]>U[0x88][0xc8]H[0xec][0xf0][0x8a]8[0x16]v\[0x99]}[0xe3][0x83][0x8b]k[0x1c][0xda]8$%r[0xa3]~d[0xca][0x7][0xbe]8[0xc][0xf6][0x84]{[0x98]o[0xdf][0xbb][0x13]4([0x95][0x9][0xab]@[\r][0xc9][0x5]$=*,[0xcf]lbg[0x87][0xf4][0xd2]DC[0xb6][0x0][0x15][0x84][0x1a][0x8c][0x12][0x8e][0xf9][0xfb][0x9f][0x14][0xf5][0xfe][0xd1][0x1d][0x84]v[0xf8][0xa4][0xc1]a[0x8f][0xbc]1[0xfd]![0x99]>[0xe6]M[0xb6]2[\n]"
21:59:32.412 [main] DEBUG org.apache.http.wire - http-outgoing-0 << "[0xb5]^[0xad]3[0x17][0x18][0xdf]$Dx[0xf8]uq[0xd1][0x9e][0x87][0xde][0xf][0xc0][0xf1][0xe]][0x98][0xdb]L[0xe8][0xba][0xf3][0x9e]Z[0xf7][0xae][0x8d][0xab][0x99][0xdb][0x3][0xd7]sc*[0xc0][0xa5]v[0x1][0x19]?g[0x15]g{h[0xbf][0xd1][0x13];[0xe7]I"|[0xc2][0x8d][0xe7][0x6][0xde][0xa5][0xa2][0x99]![0x98]Q5[0xa9]blaH[0xad]H[0xbd][0xe0][0x13][0xd9][0xdd][0x83][0x82] [0x88][0xfc]`[0xdf]'[0x9d][0x93]0[0x9d][0x7]p[0xe5]ACP*C[0x12]g8[0xc5][0xc0][0x82][0xa1][0xde]"[0xe6][0xb6][0xa7]+[0x1d][0xc6][0xb]\-[0xaa]I[0xec]u[0xe]+!([0xa1]V[0xe3]#[0x99][0xc0][0x81][0xe8]B[0xee]sD[0xab][0xe]|[0xb6]U[0xc4]E%E[0x81][0xfd][0xfe]+[0xcf][0x98]%[0xaf][0xc6][0xef][0x88]'-z[0x85]([0xe5] {[0x8b][0x83](3$e{[0xb][0x9a]?Y[0xe9][0x9]r~[0xee][0x90][0x87])|[0xff]D[0x16][0x2]l[0xda][0xd8][0xf0][0xa8][0xa2]A[0x92]V;[0xf7][0xea][0xcd][0x9b][0xcc][\r][0x95]r[0x1e]8[0xb7] z[0x9a][\r][0x2][0x8f][0xc9][0xe3]hjLN\[0xd7][0xc8][0x8d]`[0x1c][0xf8]DW6K[0xfa]A[0xd6]5[0xad][0x83][0x18][0x83]Y[0xfc]R[0xcf][0x96][0xcd][0x14]x[0x18][0xb6][0xe5]rav[0xf1][0x10]Y[0xb1]ly[0xa1][0xf1]i[0xc][0x9][0x18]9[0xd4][0x9d]7}i'[0xf2][0x9a]~[0xd9][0x96][0x8f][0xb3][0x1d][0xf2][0xd1]_[0x88]A[0xc][0xbf]U[0x91][0xf6][0xa1][\r][0x17]P^[0x86][0x87][0xa2][0xb4]v=[0xe][0xe1][0xdd][0xc0][0x3]O[0x93][0xd2]R"
21:59:32.416 [main] DEBUG org.apache.http.wire - http-outgoing-0 << "[0x8f]Ex[0x17][0x1]OCx_[0x8a]}[0x2][0xc2]{[0xb3]j[0xc8]w[0xe]MQ[0xd4][0x6][0xc2][0xfb][0xe3]u[0xef][0xa7][0xfa][0xd5]GN[0xcc]-[0x10][0xde]E[0x18]Ex[0x87][0xb5]R[0xcf][0xc1][0xdc]![0xc9]jEx[0xe7][0x96][0xe0][0xd7][0xe][0x8a][0x14][0xf4][0xe7]&[0x5][0xed]Fx[0xaf]W[0xcc]&I[0xb5]7:[0xdd][0x6]o&[0x95][0x12][0xde][0xc5]QVWo[0xe1][0xc0][0xd3][0x10][0xde][0xa1][0xf1]`[0xb4][0x9b][0x89][0xf8][0x8c][0xfc][0xb4]}[0xf][0xe8][0xd2][0xba]"[0xf1][0x99][0x8f][0x9b][0xc4]g[0x80][0x94][0x8a][0xf0][0xae]X[0x92][\n]"
21:59:32.417 [main] DEBUG org.apache.http.wire - http-outgoing-0 << "[0x10][0xff][0xdc][0x80]([0xd3][0xed][0xe]y[0x1d]k[0x1a][0xcd]N[0xb3]Q"[0xd5]n@[0xa6]\[0x80]&[0xf][0x99][0xeb][0x14]!W[0x8e]9[0xc5]>[0x10][0xd0]o[0x85][0xf0][0xbe][0x8a][0x88]G$[0xbc]3v[0xb7][0x92][0xd7][0xb1][0xf2][0xd3][0xce]H[0xbe][0x91][0xf0]N[0xf5]fz[0xa7]bI[0xaa]-}[0xb5][0xa5][0xaf][0xb6][0xf4]W[0xb7][0xf4][0xb7][0xca][0xfb][0x1a][0x10][0x9c]1K[0xe4]}[0xdb][0xf5][0xb6][0xde]n[0x95]K[0xd1][0xa4]@[0xdd][0x96][0xab][0xe4][0x12][0x96][0xe4][0xca]1[0xcf][0x9][0xe6][0x5]P<:[0x9a]'[0xef]f[0x5][0x9a][0x17][0x92][0xe0][0x91][0xfc][0xee]}[0xef][\r][0xfe][0xfa][0xcb]th[0xfe][0xf2][0xed][0xd0][0xba][0xf2]F[0x17]r][0xbe][0xf1][0xdd],[0xa1][0xb9]bI*[0x96][0xa4]bI*[0x96][0xe4][0x81],I[0xe4][0x9b]v[0xf4][0xd5][0xf7][0xb3][0xed]N[0xa3][0xbe][0x5][0xca][\r][0xbd]k[0xac]S[0x15]K[0xa0][0x9c][0x8e]9[0x99][0xaa][0xd8][0xba]u[0xf9][0xa9]X[0x92][0xc][0xdd][0x9d]D[0x1b]R~[0xda]uY~[0xdd][0xdb][0xa4][\r]I@[0x9e][0x11][0x83]^[0x9e])u_[0xa5][0xee]K[0xfe][0x9d]E[0x9][0x9c][0xb9]R[0xf7][0x85]NY[0xf2][0xbe][0xe2][0xcf][0xa2]&[0xb0][0x95]%[0xd9]2[0xdb][0xed][0x12][0x96]d[0xd3][0xec][0xb4]7/[0xc7][0xb1]om[0xae]KAM1[0x1c][0xc7][0xb0][0x92][0xcb]s.[0xc7]30<[0xfa]J|[0x9][0xc0][;[0x88][0xfb]&+[0xf1][0x1d][0x0]\[0x89][0xfb]*q_%[0xee][0xab][0xc4]}[0xf7][0x15][0xf7]m[0xd5]A[0xdf]^][0x85][0x1b][0x86][0xde]i57C[0xb8][0xe]'[0xd3]u[0xf6]w[0xb9][0x1d][0x15]q[0xcc]3C[0xb8][0x84][0xc3]#[0x8b][0xfb][\n]"
21:59:32.417 [main] DEBUG org.apache.http.wire - http-outgoing-0 << "[0xde][0xc6][0x11]i[0x92]"`[0x8e]&[0x99]c`[0xfd]L[0x94][0xa2][0x84][0xaf][0x95][0xf0][0xc1][0xfc][0xc5]l[0xe0][0x84]B[0xb]5[0x8a]G[0x1]xaL[0xba][0x1a][0xdb] [0xb6][0x9][0x16][0x9e][0x7][0xbd]Y[0xe6][0x90][0x11]5,[0x97][0xb8][0xa6]U][0xdf]e[0xbd]X[0xed]k[0x12][0xc4][0x8c][0xb4][0x9b]w[0xe][0x98][0xee]b[0xa6]}e[0xb5][0xdb][0xf5]L!7[0xa7]4[0x98][0x1c][0xf2][0xb7][0x9f]j[0x91]<[0xba][0xe6]F[0xd1][0xc2][0x89]jt[0xce][0x8b][0x17][0x82][0x84]%[0xb9]Q[0x89][0xfe],[0x11][0xf9]F[0xa2]fC/[0xc8]8[0x89]v[0x14][0xa7][0x97]$[0x19][0x9b]I][0xbe]j[0x1a]Vi[\r]@[0xf6][0x3][0x17][0xd1][0xce][0xbf][0x8]Ij[0x80]S^[0xbc]8[0x12][0xcd][0xa9][0x1]+,"[0xf7][0x1c][0x8d][0xe6][0xc4][0x1]ODs[0xca][0xc7]>[0x9][0xcd])[0xd5][0xf5]4[0xb8][0xa8]M4[0xa7][0xab][0xde]9[0xa8]N[0xaf]KiN[0x14]F[0xd1][0x9c][0x14][0xcd])*[0x1a][0xe6]([0x9a][0x13]$[0xba][0xf]y[0xc6][0xfe]#[0xd9][0xca][0xec]Ls2H[0xd7][0x13][0x4]&[0xb1][0xa3][0xb7][0x8e][0xe6][0xc4]G[0xd1][0x81][0xfc]\y|]O[0xab][0xa5]w[0x90][0x14]([0x9][0xa0][0xf2][0xd3].[0xbb]p[0x97][0x17]w[0xc6][0xe5][0xc5][0xdf]78[0xb4]4[0x95][0xae]gn[0x1f]][0x9][0x1d]+[0xa1][0xe3]?[0xa5][0xd0][0xf1][0x97][0xd1][0x9c][0x1a][0x96]^[0xf2]>[0xa5]n[0xad]q1[0xc7]#Z[0x8a][0x98][0x1b]XN[0xcb][0xc7][0x9c][0xe6]1nU[0xd6]s[0x15][0x10][0x8f][0xba][0x1b]G@[0x9e]h[0xc1][0x9] [0xdf]A[0xb][0xee][0xd2][0x12]@[0xce][0x12][0xf6]k[0xb4][0xe0][0xa8][0xde][0x8a][0xe5][0xa4][0x8][0xab][0x8a][0xb0][0xaa][0x8][0xab][0x87][0xca]z[0x1a][0xad]N[0xa3][0x83][0xad][0xb7]b[0xe6]r[0xc7][0xb2][0x1a]F[0xb9]Ds[0x1e][0xcb]7l[0xc9][0xa5]X[0xce][0xc7]<'[0x96][0x9f][0x92][0xe4][0x4]0[0xef],[0x81]ygg0G[0x8a][0xd6][0x16]0W$'ErR$'Er:[0x90][0xe4]To[0x96]By[0xb3]n[0xb6][0x8d]r[0x19][0xa1][0x4][0xca]M[0xa3][0xab]o[0x83]r:[0x86]7;[0x9e][0x13][0xca]OGr[0x2][0x90][0xb7]3[0xb6]*[0xda]u{[0xe5][0xfa]b[0x93][0x92][0x10][0xad][0xca][0x15][0xc9]I[0xa5][0x1d][0xa8][0xb4][0x3][0x95]v[0xb0][0x9a]v[0xb0][0x95][0xe4][0xd4][0xd4][0xdb]&[0xd6][0xdd][0xc5][0xf5][0xb8][0xd9]i46/[0xc7]M[0xbd]km [0xaa][0xf2]r[0x9c][0x8e]9!Q[0xb5]|k[0xe5]D$'@[0xb6]a[0xe5][0xf7][0xc7][0x89]Z[0xb0]Mb_n[0xab][0xf4].[0xb7][0xac][0xc4]QgErR$'ErR$[0xa7][0xbd]INf[0xdd],[0xd9][0x1a][0x87][0x82]|[0xa7][0xdd]*[0x15][0xf3][0xcc]m[0xa8]l[0xa2][0xa9]&[0x1b]*[0xe2][0x98][0xe7]\[0x85]ghxt[0x8e][0xd3][0x91][0xa5][0xe0][0xb0][0xf8][0xa6]'[0x94]`[0xf4][0x84]n[0xbb][\n]"
21:59:32.417 [main] DEBUG org.apache.http.wire - http-outgoing-0 << "[0xa0][0xe][0x16]O[0xed]x[0xc9][0xfa][0x97]L`q[0x18][0xb1][0x87]X/[0xab]h[0x5][0x9c][0xf2][0x94],)[0x0]&[0xcd][0xa4][0xab]D>J[0xc4][0xd0]r[\n]"
21:59:32.417 [main] DEBUG org.apache.http.wire - http-outgoing-0 << "s[0xef][0x16]0[0xda][0x86]8[0x16][0xb1][0xa0]~u[0x6][0x17][0xa1][0xb][0xfe]T[0x5]oW[0xc8]m[0x9a]hR7dM.9K[0x19][0xe9][0xe8][0xc1][0x1a]J[0x8b]W2{[0xce][0x8c][0xd2][0xd3][0xbf]XV[0x8e][\r][0xc7][0xbf][0x1a][0x8d][0xfd][0x8a][0xef]<T[0xa4][0xd6][0xd2][0xb][0xcd]w&A[0xec][0xb2][0xb8][0x1c][0x84][0xb8]\[0xa8]{[0xf5]GN[0x4][0xcf][0xec][0xd1][0xab][0x9c][0xee]X[0xbf][0xd6][0xf][0x9d][0xff]X[0xac]|[0x9d]?[0x9d][0x9c][0xc2][0xc7][0x90][0xf8][0x1a][0xd8][0xc3];[0xc1][0xae][0xe2]K[0xd3] [0xe0][0x86][0xc3][0x1e]J[0x94][0xf3][0xfe][0xfa][0xba][0xa7][0xf5][0xc1][0xcf][0x82][0xe9]w[0xe0][0xd7]>[0xcb]?4@eM[0xb0][0xac][0xc0]W[0x1f][0x92]9;[0xda][0x3]Ru[0xb1][0xd4][0xfe][0xd2]H[0xd7][0xeb][0xb0][0xcb][0x9f]81=QaIT[0xa1][0xd0][0xcc][0x2][0xdb][0xa6][0xa7][0xb7]Z[0x15][0x8][0x8c]}yU [0xd7][0xb6]R[0x15][0x88][0xc]z[0xee][0x4][\n]"
21:59:32.418 [main] DEBUG org.apache.http.wire - http-outgoing-0 << "}[0xa4][0xc2][0x15][0x89][0xee] :[0xdc]M:[0x1a][0xe4]O[0x87]]=d[0xf7]FD[0xb7][0xab][0x88][0xf8]/R[0x9][0xc3]7~[0x1c][0x6][0xa3][0xc5][0x10][0xe4]:[0xee])Q[0xfc]M[0xff][0xb5][0xe7][0xcc][0xb0][0x1d][0xfc][0xca][0x83][0xa3];[0x8e][0x81][0xb0]3[0x7]+[0xe8][0xf8][0xfa]`k[\n]"
21:59:32.418 [main] DEBUG org.apache.http.wire - http-outgoing-0 << "z[0xf1][0x12][0xca]d[0xf2]7LA[0xae][0x2][0x84][0xe4]lX[0xc4][0x9f][0xac][0xe][0x85]r[0xb8][\n]"
21:59:32.418 [main] DEBUG org.apache.http.wire - http-outgoing-0 << "o[0xfc]{[0xe8][0xdf]"
21:59:32.420 [main] DEBUG org.apache.http.wire - http-outgoing-0 << "[0x8d]^[0x5][0x10][0x2][0x84][0xd8][0x1d]l[0xd5][0x8f]_[0xfc]j[0x19]\[0xf4]U[0xf0]n1[0x9c][0xa2][0xe4];[0xf7][0x4][0xd7][0x9c][0x8f][0xce][0xc5][0xbd][0xf7][0xa9]q{[0x1]&?[0xa4][0xf2][0x9c]wB[0xb4]2[0x1b]n[0xa3]`[0x18]U[0xc3]([0x87]2z[0xd5]<D[0xf][0xae][0xa4][0x18]T[0x80]T[0x12]S-[0xba]W[0xc2][0xa7][0xfd][0xf8]M-[0xd5][0xe8]d[0xfc][0x14][0x4]~vfPb[0x8c][0xb4][0xdc][0x88][0xfb][0xc5][0x8d]\[0x1a]l\[0xb1]d[0x18]$[0x83]57[0x1a][0xe4][0x94][0xc9][0xe3][0xba][0x88]&e[0x9][0xe5][0x7] [0x19][0x9]>[0x12][0x94]{[0xd0][0xcb]"[0xe5][0xbd][0x85][0xf][0x95][0xc5][0xd1]~[0xe0]h{N[0x88][0x8d]=[0xe8]x[0xf6]w[0x1][0xb0]}[0xf][0x1f][0xd2],[0xbf][0xe5][0xb3]v[0x8a][0xf][0xe5][0xc3][0x19][0xb8][0xb5][0x85]3[0xb6][0x82][0xfb]-[0xc3][0x11][0xda]6[0xb9][0x86][0x8b][0xd7]?[0xbe][0xee][0xbd][0xde]|GHN[0xda][0xe5][0xba][0x9d]Gg[0xb8][0x88][0x9d][;z[0xf2][0x87];][0x89]<[0x83][0x8f]M[0xee][0xcf]Kb[0xa5]$[0xd8][0xe8][0x8f]~p[0x9e][0xa2][0xb7]v[0x8][0x85]P[0xe0][0xd1][0x9e]P[0x80]5[0x2][0xc4]^G[0xb5]([0xe][0x17][0xc3][0xb8][0xba][0x1a][0x8e][0xef][0xd3][0x98][\n]"
21:59:32.420 [main] DEBUG org.apache.http.wire - http-outgoing-0 << "[0xf]Sw8[0xa5][0xa5][0x5][0x8f][0x8f][0x84][0x18]}#[0x7][0x1f]V[0x1][0x18][0x91]T[0x91][0xc3]n[0x5][0xe0]D[0x13][0xb2]c[0x1d][0xe0][0x8f]*w[0x8][0xf3]B[0xcc]=[0xe]{N][0xaf][0xf5]0[0xbe][0xe][0xb][0xce]Ay[0xfc]Th[0x90][0xbe]H[0xf4]/[0xa3][0x97][0x90]-[0x85]*(tp[0xa1][0x94]:[0xa2][0xbc]4[0x92][0xd0][0x8c]m[0xe8]~[0xda][0x10][0x6][\r]ib[0xf4]y\[0x83][0xf0][0xed]xr[0xf2][0xdc][0xf4][0x5][0xfc][0xfd][0xec]D[0x90][0x4][0x8d][0xf6][0x84][0xc1]P[0x9e][0x95][0xb4][0xf8]r,[0xd1][0xda][0x12]w^[0x81][0xf3][0xed][0xfc][0xca][0xcb][0x83]#[0x95][0xb5][0x1a]P[0x16]HLv[0xbe][0xf8][0x81][0x93]I[0x88]>[0x84][0xe0][0xbd][0xe3]k[0x8][0x9e][0xda]Z[0x1f][0xb7][0x9c][0x5]f[0x7]7[0xc4]K[0xe0][0x5][0x1a])[0xc0]b [0xd4][0x92]+b[\r]TZ2[0x90][0x86],[0xd6]qX[0xc4][0xdd]C[0xac][0x95][0xa9][0xf6]X[0x8a]a[0xd1][0xd4][0x94][0xc8][0xf5]$[0xe3][0xb0][0x98]j[0x1e][0xb8]t'[0xbd][0x4][0xda][0xe1][0xf7]a",\[0xd1].[0xdc][0x88]pY[0xfb][0xce][0xb3][0xa3])7[\n]"
21:59:32.421 [main] DEBUG org.apache.http.wire - http-outgoing-0 << "[0xad]>[0xe6][0xde]b[0x82][0xd3][0x88][0xe5]c[0xbb]>*[0x90][0x13]d[0x1d][0x90][0x0][0xee][0xd8]^xq2b[0xa3]i[0xb0][0xf0]F[0xda][0xd4][0xf1][0xe6][0xda][0xc][0xa2][0xb5][0xa8][0x96]P[0x91][0xfd][0xc7][0xfe]_oE[0xa4]Wi$[0xaa]d[0x92]+@C#[0x8a][0x3]n[0x81][0x7]h[0xc1]b0[0xfc][0xe3]?[0xff]oj[0x1d]Ti[0x6][0xda]?[0xe6][\r]k[0xd2][0xd2][0xca][0x88][0xd4]C[0x89]S[0x1a][0x92][0x88][0xef][0xbe][0xfc]{[0xd3]l[0xbc][0x10],[0xff][0x11][0xe6][0x1][0xcb][0x0]c[0xf8][0x89]e[0xa8]h[0xd3][0xb7][0xa9][0xa2]p[0xc4][\n]"
21:59:32.421 [main] DEBUG org.apache.http.wire - http-outgoing-0 << "[0xc0]I[0xa7]$[0xf2][0xbd]$&[0xcb][0xc3][0x16]\[0xd0][0xa1]C[0xea][0xbf][0xe8][0x1c],[0xd6]Y[0x84][0x17][0xa8].[0xdb]dI[0xcb][0x17][0xdf][0xa1][0xf5]F[0x1a][0x9a],[0xe7][0x6],[0x92][0x1a][0xf8][0xdb][0x9b][0xff]~[0x11]^[0xda][0xe1][0xf0][0xcd][0x9b][0xd2][0xb]J~[0x14][0xb9][0xb][0xb4]j%[0xb1][[0xe7][0x91][0xd0][0x1a][0xeb][0xe7][0x8][0xda][0xb4][0xa2][0xa1][0xfb]3;[0xc4][0x17]N[0x1c];Uj!9[0x6]r[0xdf]z[0xc1][0xa4][0xea]Ah[0xd7][0xcb]k'#[0x80][0xe8]p[0x17][0x89][0x1a]r[0x1d][0x8f][0x19]+p[0x88]b[0xd3][0xb5]-|[0xc][0x83][0x11][0xba]5[0xf0]Y[0xcd][0x97]N[0x19][0xda]>[0x89][0xfc]b$K!c[0x87][0xc1][0xb3][0x82]u:[0xdd]PK[0x1a]C<J[0xe1][0xbe]A[0xa3][\r][0x8][0xe7]G[0xf6][0xd8][0xd1]^[0xbd][0xbd][0xfe]U[0x13][0xca][0xc1][0xe2][0xfc]l[0xd5][0xeb]I[0xb1][0xe5][0x1c]j[0xf0][0xba][0xc3][0xcc]#u.[0x9][0x5][0xa6][0x90][0x89]q7[0xc][0xc2]p[0x1][0xf1]gt[0x81]G[0xc3][0x11]P[0xe3][0xd8]3[0x1a]]i[0xf3][0x89]*E[0x1]0[0xdd][0x9d][0xa1]N[0xc1][0x10][0xb2][0xb4]4[0x12])M%[0xe][0x9f]d[0x96][0xca]CH:[0xd1]$[0xa2][\r]1[0xe9]'[0x1a][0x9c][0x9c][0x99][0xc2][0xbd]w[0xe7][0x86][0xd3]I0[0x9f][0x96][0xf6]^[0xf2][0xa3]L<[0xc1]#L0[0xf1]]h[0xc][0xf7][0xa3][0xc8]{[0x1b][0x6][0x8f][0x98][0xa2][0xbc][0xc8]H>[0xbe][0xe5][0x9e][0x3]F[0x87][0xac][0xfb][0x8c]J[0xd0]T[0xa4][0x3]i&[0x8e][0xdd][0xc9]BH[0x82]k[0xc1][0xe0]#[0xe9][0x1c]sB[0x8a][0x1c]G[0x1f][0x17][0x10][0xd8][0xfe]XZ[0xf][0xf1]S[0x92][0xff]B[0xed][0x84][0xf6][0xe9][0xd3][0xfe]:WB[0x94][0xfa][0x80][0xa9]H][0x8a][0xeb]$[0xa4][0x80]29[0xb7][0x15][0xab][0x6][0x1f]\[0xe][0xb6][0x19][0xee][0x8][0xf8]}[0xc][0xc4]h[0x8a][0xf5][0xb4][0x90][0xbb][0xbe][0xa5][0x7][0xbb][0x1e][0xda][0x1c]IA[0xd1]m[\n]"
21:59:32.422 [main] DEBUG org.apache.http.wire - http-outgoing-0 << "n[0xd4]}[0xc8]\[0x16])C[0x9]D4Ln#[0xc7][0xe]=[0x17][0x93][0xed][0xa0][0xaa][0x8][0xb8][0xcc][0x8b]l[0x13]$"[[0xa7];[0xc6][0xe3][0xed]8x[0xbc][0x16][0xd3][0x89][0x95][0xda]1[0xa6][0x7][0x0]][\r][0xac]w[0x8c][0xf9]{[0xa7][0xc2][0xe5][0xa7]X+[0x1b]'[0xfa][0x92][0x9a][0xbc]y{[0xdf][0xd4] [0xe9][0x1d][0x13]5o[0x87][0x8e][0x16]S[0xc3]m[0xb6][0x9b][0x95][0x85][0x7] [0xf2][0x5]s[0xaf]2[D[0x9e][0xf6][0xf5][0x8f][0xa4]U[0xa6]Yfe[0xe0][0xe2][0xc6];X[0xb8][0xc0]b[0x1e][0x19][0xe2][0xbc][0x1f][0x83][0x89][0x86]b"[0xa8][0xcd][0xe3][0x16][0x1]ItyO[0xf9]y[0x81][0xe5][0xe8][0xc][0xcf][0x80]4[0x1f]i[0xb2][0x13][0xc2][0xe1]Q4[0xc0][0x1c][0x10]g[0xbe][0x99]a[0xf0][0xdd]c[0x84][0x1]<[0xb2][0x10]t[0xfb][0xc6][0xb8][0xfc][[0xaf][0xf7][0xf6][0xe2]([0x19]M[0x8d]f[0xb][0xc6][0x91]G[0xcc]h[0x92][0x1]O[0x92][0xd1][0xb4][0x1c][0xfb][0x4][0x19]Mx[0xb2][0x92][0xef]%dQ[0xeb]3[0x9a][0xde][0x9b]W[0x9f][0xde][0x1b][0x97][0xa5][0x19]M"[0xcc][0xe][0x19]M[0xb4][0xa3]%[0xe][0x1e][0x85][0xf6]8>[0xeb][0xe2]F[0x10]9[0xc8]JX@u><[0xeb]~>C[0xef][0xbb]>v[0xc4][0xce][0x17]q[0x90]S[0x16][0x90][0xb5]4[0xcc]v[0x83][0xdc]+[0xf2]/O~j[0xfe][0xf2][0xef]W[0xde][0xf0]#4[0x9b].[0xde]?^[0x9f]C/L[0xec]{[0x1b][0xd5])f[0x92][0xf0][0x97][0x91]!w[0xb3][0xe8]V/[0xa9][0xc5]U,[0x9b]k[0x8b][0x9a][0x8][0xff][0x97][0xfb]o[0x88]75[0x9]e[0x10][0xf2][0xd2]<[0xc3][0x17][0x8b][0xbd][0xb9]{8I[0xe9]7+[0xfd]f[0xc][0x3][0xce]O*[0xe][0xc7]][0xc4]C[0xfe]|[0x89]MVEo[0xf7][0xc][0xa3]k[0xd5]7%6%G[0xd5][0xf1]"
21:59:32.424 [main] DEBUG org.apache.http.wire - http-outgoing-0 << "[0x9e][0xf8]T[0xfa][0xcd]x[0x11]b5[0xd2][0xc4]&[0xf1]i[0x87][0x17][0xb7][0xe4][0xa4][0xfb][0xe9][0xaa][0xb7])[0xb1][0x9][0x18][0xa8][0xf4][0x9b][0x15][0x1d]^[0xd1][0xe1][0xf7][0xbe][0xa5][0xfe]Y$[0x86][0xb6][0x8a]~[0xea][0xed]6s%[0x8b][0xf4][0x1b][0xa3][0xb1][0xce][0xc7]+[0x85][0xcc]f[0xd7]d[0xc8],[0x91][0xfc][0xcc][0x1d]c[0xe9][0xa7][0xa2]P[0xd2]~~n[0x8b][0xa2]"W[0x85][0x5]D<ff[0x13]a[0xb7][0x99]r([0xc5][0xa7]][0x91][0xfc][0xf2][0xe3]&[0xe]%![0xb9][0xca]lRP[0xae][0xa0]\A[0xf9][0xa1][0x99]Mz"
21:59:32.426 [main] DEBUG org.apache.http.wire - http-outgoing-0 << "[0x9b]\[0x93]J[0xa0][0xdc]0[0x8c]f[0x1b][0xc][0x9d][0x12][[0xdd][0x95][0xf5][0xef]&0O[0xd6][0xc8][0xa7]`[0xe2][0xac][0x3][0xf3][0x13][0xa6]6[0x1][0xbf][0x9b][0xcd][0xfc][0xba][0x1c][0x9f]vDs[0xf3][0xea][0xe3][0xb6]u[0xb9]JmR[0xa9]M*[0xb5]I[0xa5]6[0x1d][0x96][0xda]d6[0x9b][0xa5]X[0xde][0xd0]uc[\r]-^@[0xb9][0xd9][0xad][0x9b]][0xa3][0xb9]q][0x9e];[0xe6]9[0xa1][0xfc]d[0xa9]M[0xbc][0xa5][0x92][0xda][0xaa][0x88]O;[0x2]96X[0xde]o`[0xc6][0xd3][0xb2]<c[0xf3]+[0xfd]f[0xde][0xe0]^[0xdd]S[0x17]|![0xbc][0xf1]>dk2=[0x19][0x8f][0x92])[0xf1][0xe8][0xf0]@x_[0xf7][0xb9][0xc6][0xc][0x84][[0xda][0x99][0xff][0x9d][0xb6][0xe0][0xc9][0xf4][0xef][0x90][0x88][0xca]-P[0xed]6oP[0x8d][0xd9][0x96][0xda][0xa4]w,[0xb3]Ub[0xa8][0xd2]h[0xb3]w[0xfa][0xa6][0xe5]8[0xf6]VZ[0x1b]1[0xdc][0xe8][0xd6][0x93]c[0x9e][0x13][0xc3]30<[0xf6][0xbe][0x8a][0xb5][0x4][0xe0][0x16]R[0xbf][0xb6][0xa6]6[0xf1][0xe][0xf9][0xe5]F_,[0x9][0xe0]*[0xb5]I[0xa5]6[0xa9][0xd4]&[0x95][0xda][0xb4]gj[0x93]n[0xd4][0xcd]2sC[0x90]?:[0xf4][0xfd]&[0x4][0x7]@[0xf3][0xce][0xf7][0xa6][\r][0x95][0xe4][0x98]gF[0xf0][0xd3][0xc8]7[0xb]B[0xc6][0x11][0xe5][0x9b]E@[0x99][0xda][0xf4]/[0xff][0xf2][0xe6][0xf2][0xed][0xf5][0xcf][0xbd][0xf3][0xab]^W{3[0xd6][0x9e][0x82][0x5][0x91],[0x97]8[0x8a][0x9c][0x17][0x94]d3[0xbd][0xe4]C[0xc0]6[0x2][0x1b]p[0xe][0x12][0xc6][0x8][0xac][0xc3] [0xfd]U[0xb3][0xaa][0x96][0x6][0xe5]d[0x10]"[0xe3])[0xd8][0xcb]![0x18][0x96]6[0xc2][0x81][0xef]5[0x1]G[0x91][0x88]B[0x19][0x81][0xb5]4[0xc3]%[0x8a][0xc1][0xb1][0xb2][0xc3][0x91][0xa0][0xaf]uk[0xb5]=[0xf2][0x9b]^T[0xff][0xe5]_[0xf2][0x94][0xc0]\r[0x95]HF[\n]"
21:59:32.426 [main] DEBUG org.apache.http.wire - http-outgoing-0 << "[0xc1]2c[0xbe]'h\spM[0xe8][0xef][0x94][[0x9d]g[0xa2][0x1d][0xc6]|[0xa6][0xf4]*[0xca]1"[0xe]![0xf1][0xd9]R[0xea]s[0xbe]RK[0x8c]r[0xd0][0xd1][0x8a][0x8d][0x92][0xd0][0xaf]rt[0xe0][0xfe]gf[0x3]wA[0xd6][0xfb][0xef]K[0xca][0x1f][0xa8][0xa9] [0xc1][0x11][0xfd]*#JR[0xa6][0x97];v[0x87][0x9c][0xd0][0xf5][0xbf][0x8b].[0x98][0xd9]OL[0x1f][0x6]]S&qq[0xf][0xa2][0xd3][0xc4][0x14][0xa2]O[0xa1]6[0x4][0xa5][0xce][0x8f]q[0xe0] [0xb4][0xc3]'[0xc1][0xf9]z+[0x88][0xc2] [0x86][0x81][0xc6])[0x88][0xc2][0xff][0xf8][0xcf][0xff][0x89][0xc][0x9]I[0x1f][0xef]k[0xa0][0x8e][0x83][0xb2][0x9][0xb6][0xa1]`3[0xf7][0x83][0xd0][0x5]?[0xa8][0x9f][0xd0]F[0xc1][0xae]E-e[0x14][0x11][0x0][0xd4]J>[0x86]x[0x98]4[0xae]$[0xb3][0x91]W[0x83][0x8f]L[0x9e][0xa5]+[0xba]w[0x9d][0x7][0xe2][0xae][0xbe][0x14][0xb4]G[0x11][0x81][0xcb][0x6]-3[0xa4][0x8a][\n]"
21:59:32.426 [main] DEBUG org.apache.http.wire - http-outgoing-0 << "J[0x1e]e[0xad][0x81][0x94][0xc8]L6be[\n]"
21:59:32.427 [main] DEBUG org.apache.http.wire - http-outgoing-0 << "Z[0xbb][0xa8][0xfd][0x15](l[0x18][0xc9][0xe0][0xb3][\r][0xd0][0x17][0xdd][0x81]g[0xfb]w[0x94][0xa4]F[0xf1])[0xcd][0x9]yD[0x1a][0xf2]Y[0x16]D[0x84][0x97]ME[0xc4]GP[0x3][0xef][0xdd][0x0]d:P[0x9b][0x5]Cu[0xa4][0x8d][0x16]<[0xc8]o[0x6][0x8b][0x89]fX[0x96][0xd5][0xb2][0x9a][0xd9][0x0][0xc1][0x97],[0xf5]][0x95][0x92][0xdf][0xd5] [0x9c][0xd4]@[0x83]~[0xb8][0xc5]/[0xd5][0xe1][0xc4][0xfd][0x8b];[0xfa]F[0x9e][0xf5][0x82][0x98][0x9c] [0xf9]J~[0xae][0xa8][0xe8][0x12][0xcf][0x15][0x8d][0x9f]'[0xc7][0x83][0xe6]jU[0xf5][0xfc][0xf0][0xc9][0xd1]\9[[0x8c]Z[0x1e]W[0x4]:=s[0xe8][0x91]U[0x0][0xe2]*zK[0xe4]j[0x11]5[0x95]~[0x86]hzF[0xb3]<lpS[0xc6][0xda][0xca][0xc0][0xce][0xa6][0xf0][0x9a]Ax[0x1c]V[0xa0][0x5]u[0xb1]N[0x7][0xa8]$[0x9d][0xf3][0x86][0x8]x[0x1a]V[0xe0]R[0xec][0x13][0xb0][0x2][0xeb][0x19]+P[0x14][0xb5][0x81][0x15][0xf8][0xe9][0xb2]7l\[0xf7][0xee]Jt[0xce]E[0x98][0x1d]X[0x81]hvE[0x7]T[0x1b]4[0xb6]2[0xd8][0xca]I<s"Jq[0xcb][0xee][0xf][0xc5]~[0xd9]M[0xe7][0xdc][0xa8]X[0x90][0x13]h[0x91][0xce][0xb9][0xb0]L)[0xd5]9O[0x8e]2[0xea][0xdd][0xc6][0xa9]t[0xce]a[0xfd]b[0x18][0xa9]Y[0x95][0xf8][0xb4][0xc3]f[0xc7][0xc3]uo[0xf8]x[0xb9][0xd1]m[0x10]H[0xa9][0xe8][0x80][0x8a]C[0xa2]8$[0x8a]Cr0[0x87][0xa4][0xd9][0xc0][0xab][0xc7][0x12][0xe][0x89]i[0x9a][0xe5]Z.+[0x90]Y[0xb2][0xe1][0xb1]r[0xcc])6<[0x80]~+t[0xc0]UD<[0xe6][0xb6]5cw[0xaa][0x8d]+>[0xed][0x8e][0xe4][0x9b][0xb4]q[0xa9][0xde][0xcc]|[0xb1][0xcc]*V[0xbe][0xd5][0xc9]',n[0x95]y[0xac]z[0xf9][0xa8][0xd6][0xb6][0xaa][0xb5][0xed][0x86][0x97][0x8f][0xdb][0x98][0xdd]FG7[0x0][0xda][0xab]P[0xde][0xd1]M[0xbc][0x93],[0xd9][0xba]NQ[0x1a]&?[0xeb][0xb6][0xae]W[0x8e]yN$/ [0xe2][0xb1][0xa1][0xdc]J[0x92][0x18]-[0x82]r[0xb][0x84][0xc9][0xad]o [0xc5][0xa2][0xfc][0xd3][0xf9][0x6][\n]"
21:59:32.427 [main] DEBUG org.apache.http.wire - http-outgoing-0 << "I[\n]"
21:59:32.427 [main] DEBUG org.apache.http.wire - http-outgoing-0 << "[0xe5][0xd8]uWP[0xae]^C[0xaa][0xd7][0x90][0xea]5d[0xe1]5[0xe4]V(o[[0xa6]e[0x95][0x10]I[0x0][0xf0][0x9d][0xb6]Y[0xee]#[0x9b]C[0xea]:+[0xe0]nZ[0x97]7[0xe4][0xa6][0xc8][0xb3][0xa3]y[0x6][0x8a][0xc7]DsC[0x87]Ez[0xba][0xc5]">[0xed][0x80][0xe6][0x8f][0xb0][0x91]{[0xba][0xde][0xba][0xc5][0xa2][0x98][0xdd][0x8a][0xd9][0xad][0x98][0xdd][0x8a][0xd9]} [0xb3][0x1b][0xcc][0x11]Z[[0xae]&\[0x82]l[0x82][0xe5]z[0xc9][0xc2][0xdc][0xac][0xe8]F[0xcf][0x4]k[0xbb][0xd9]5[0xd6][0x9][0x9e][0xe7][0x8f]9[0x99][0xe0][0xf9][0xba]-[0x96][0x93]1[0xbb]i![0xde]"[0x95][0x15][0x12][0xcf][0xe0]e9[0xf1])w[[0x96]_}b[0xd7][0xe4]5Vr[0xb4],W[0xcc]neZ[0xa1]L+[0x94]i[0xc5]![0xa6][0x15][\r][0x8b][0xec]s[0x8a] ^7Z[0xcd][0xf2]D[0xcb]d9[0xe]C[0x8a]:[0xbf]Y[0xdc][0xb0][0x1c]O[0x8f]y[0xce][0xe5][0xf8]i[0x98][0xdd][0xbc][0x93][0x92][0x9a]V[0x88]O[0xbb][0x2][0xf8][0xe5][0xa7]M[0xa6][0x15][0x12][0xc0][0x15][0xb3][m[0xa9][0xa8]-[0x15][0xb5][0xa5][0xb2]'[0xb3][0x1b][0xfb])[0x9d]N[0xc9][0x8e][0x8a]i[0xb4][0xe1]GT[0xba][\n]"
21:59:32.437 [main] DEBUG org.apache.http.wire - http-outgoing-0 << "O7T[0x9a]]}[0x9d][0xee][0xc9][0xca]1[0xcf][0x8c][0xe0][0xa7]av[0x3]jq[0xc3]:"[0xb3][[0x4][0x94][0xcc][0xee][0xaf][0xbe][0xfa]JK[0xb8][0xc6]PcMD4![0xe3][0x8][0xa1](M[0x92][0xc6]'X[0xb0][0xe]yK[0xb0][0x16]3[0x91][0xa2][0x13][0x13][0x6]H8[0xa7][0xea][0xa7][0xa0][0x8f]B[0x10]8[0x6][0xd5][0x93][0xa4][0x91][0xe9][0xc4]![0x9][0x1b][0x8f]H[0xe3]u[0xa3]F+[0x14]q[0xc9][0xda]A[0x3][0x89]U[0x7][0x89][0xd5]"
21:59:32.441 [main] DEBUG org.apache.http.wire - http-outgoing-0 << "[0xff][0xcd][0xa7]:[0x9][0x2]+[0xce]}[0x17][0xc3]*"[0x86][0xa2]^s[0xd2][0x1f]z[0x8b][0xa5][0xa2][0x85][0xec]hJ[0x1a][0x96][0xb2][0x95]9[0xea]0kW[0x82]5[0xe][0xdb][0x9][0x4]e)J[0xbe][0xb2][0xd0][0x1][0x13][0x16][0x9c]sR%[0x85][0xd4]D7[0x19][0xda][0xc4] [0xad]'[0x12][0xc9]$FLJ[0xd8]=,V[0xa4][0x4][0xeb]+[0x1b]*[0xb4][0x15][0xfa]![0xc] [0x91][0xb][0xdf][0xf][0xff][0xe][0xb4][0xe1]@[0xfb][0xef][0x1f][0x17][0x93][0x9]^[0x96][0xcc][0xc0][0xa6][0xfe][0xcd]?[0xe][0xb3]U[0xc7]k#[0xeb][0x98]z[0x97]"[0xe0]i[0x98][0xad]K[0xb1]O[0xc0]l[0x5][0xd5]Y>[0x93]6DQ[0x1b][0x98][0xad]xEt[0xfe]t)[0x9e]Ec{r+[0x9f]GI[0xac]H[0x84]Q[0xcc]VL[0xea][0x1e][0xcb];[0xa2]Q[0x95][0xd0][0xa5][0x12][0xba][0xc4]0PB[0x97][0xbf][0xbf]<[0xdb][0x95][0xd9][0xaa]7[0x89][0xd9][0xda]hH[0x9][0xcb]5[0xcc]V:[0xaa][0xdd][0xd5][0x8d]n[0x83][0x8d]oE[0x86][0xc2]Y[0xf7][0xe6][0xf3]fEZ[0xee][0x89][0x9a][0xcc][0x19][0xc9][0x13][0xac]@"[0xe6][0x9c][0xa9]Hbx[0xcd][0xec]X[0x9d]fj1+?m[0xd8]{[0xd3][0xb8][0xfc]tgn[0xb6][0x98][0x5]R*f[0xab]b[0xb6]*f[0xab]b[0xb6][0x1e][0xcc]l[0xc5];[0xf4][0xb2]'[0xbe][0xb6][0xd9]\[0xf7][0xbc]'[0x11][0xd3][0xec][0xea][0xed][0xb5];v[0xd9]1[0xfc]Lx[0x8a][0xe7]=[0x80][0xdf][\n]"
21:59:32.441 [main] DEBUG org.apache.http.wire - http-outgoing-0 << "[0xb1]u[0x15][0x10][0x8f][0xf8][0xfe]\@wK.q[0xe5][0xa7][0xdd][0x81]|[0xb8][0xe1][0xb5][0xb][0xd5][[0x11][[0x15][0x92]+$WH~ [0x92]c[0x87]nM[0x8e][0x82][0xae][0xb7][0xd7]q[0xa1]2[0x98]^'[0xab]cT[\n]"
21:59:32.441 [main] DEBUG org.apache.http.wire - http-outgoing-0 << "p[0xff][0x9c]P~:f[0xab]@[0xef]D[0xe5]R~[0xda][0x1d][0xcb]7[0xa9]\[0xa6]X[0xae][0x98][0xad][0xea]=[0xba]z[0x8f][0xae][0xde][0xa3][0xaf][0xbe]G[0xdf][0xce]l[0x85][0xc4]N[0x13][0xa0]]|[0x91]n[0xd6];[0xf0]WB"Z[0x9][0x1d]*E[0xea]d+[0xa3][0xf4]Uza[0xbb][0xe3][0xd9][0xd1][0xfc]$[0xcc]V[0xb3]S[0xd7][0x1b]F[0xa2][0x94]&?[0xed][0x82][0xe6]W[0x17][0xe7]0][0xda]$uIh[0xae][0x98][0xad][0x8a][0xd9][0xaa][0x98][0xad][0x8a][0xd9]z [0xb3][0xb5]i[0xe9][0x94][0x8c]P[0xc4][0xf2][0xb6][0xde]h[0x13][0xe3]u[0x3][0x94][ [0xb7][0xf2][0xae][0xf4][0x6]([0xa7]c[0x98]9[0xf5][0x9c]P~*f+/[0xc4];[0x89][0x95][0x88][0xfc][0xb4][0xb][0x90][0xf3]^yo[0x93][0x95][0x8][0x1][0xb9]b[0xb6][0xaa][0x15][0xb9]Z[0x91][0xab][0x15][0xf9][0xea][0x8a]|[0x9b]f[0xb1][0xd1]n7[0xcd][0x12]?([0xb3]i[0x18][0xd0][0xe4][0xdd][0x80][0xe1]z[0xa3][0xdb][0xd8][0xba][0xb9][0x92][0x1c][0xf3][0x9c][0x18]~[0x12]f[0xab][0xd8]I![0xa9]7JM[0x90][0x9f]v[0x6][0xf0][0xb][0x16]:[[0x93][0x9a] [0x1]\1[[0x15][0xb3]U1[[0x15][0xb3]u_f[0xab]n[0x99][0x6][0xa4]z[0x8a][0xab]pl[0x1b]t[0x9a][0x0][0xf6]M[0x8][0xe][0xe7][0x90]m[0xab]p[0x1d][0xc7]<[0xfb]*[0x1c][0x8]~[0x1a]f+[0xa0][0x16]8|Df[0xab][0x8][0x98]2[A)%[0x96][0x9f][0xf6][0xb5][0xa9][0x1b]-d[0xf1][0xe1][0x1d][0xc3][0x8b][0x84]_[0x9a][0xe3][0xbc][0xfe]:[0x85][0xe3][0xbc]o[0xdf][0xbb][0x13][0x8][0xe2]B[0xea][0x17][0x1c]N;[0xd5]|[0x15][0xd2][0xa5][0xec]q[0x1f]9[0x90][0x95][0x85][0xbb];[0xa4]d[0xd9][0xe1][0xe2][0xc1][0x85]d[0xb1][0xeb]Ct[0xd7][0x1d]i[0xbd][0x1f][0xdf]iC'[0x8c][0x85][0xae][0xae][0xf3][0x92][0x84]fo[0x92]s[0xf2][0xbf][0x1c]&[0xab]J[0x9a][0xc1]i[\r]r[0xe5][0xbc][0xd0][0x4][0xf3][0xf5][0x1][0xda][0xb2]dD/[0xe8][0xac][0x82]u{[0xed]kx[0x80][0xba]~[0xf7]R[0x3]Uv1[0xa4]K[0x93][0xf4]^h[0xe4][0xc2][0xa1]][0xe8][0xff]j[0xa0][0xde][0x92][0xf6]k[0xf4][0x4][0xe][0xe0][0xc][0x97][0x8b]@^[0x10][0xdc][0xb1][0xe2][0xf1][0xad][0xb4][0xbb][0x87]Q[0xbc][8rnC[0xef][0xf9][0xeb][0xfe][0xdb][0xf3][0xde][0xdf][0xfa][0x9a][0xe3][0xdf][0xbb]a[0xe0][0x93]J[0xae][0xed]i[0xf7][0xd0][0xae][0xb5][0x7][0x9e][0x3]oy[0x7]a[0xc0][0xc]F@*_[0xea][0xf8][0xda][0xf3][0xb9]'[0xe5][0x87][0xc1][0xd4][\r]<[0x10]m[0x99]&,[0xa8][0xc3][0x89]h/8[0xb9]A8b[0xda][0xb1][0xb0][0x9b][0xb7]=/x[0x10][0x1a][0xc2][0xb8]T[0xdf][0xa1][0xfe][0x82][0xe6][0xb0][0xbf][0x98][\r][0xc0][0xd4][0x85][\n]"
21:59:32.441 [main] DEBUG org.apache.http.wire - http-outgoing-0 << "p[0xa0][0xe1][0x9a] wLU[0x9f][0xd9][0x8f][0xee][0xc]=4J[0x18][0xc9]IX[0xaa][0x7][0xae]Y[0x14][0x16][0xed]AO6[0xda]%[0xf4][0xe4]WSg([0xda][0x8a]d[0xa2]=[0xa7][0x2][0xa1]c[0x90][0x95][0xa9][0x16],{[0x1c][0x8c]Py\[0xb6][0xd0]5[0x6]s[0xfa]?[0x16][0xe]t[0xaf][0x5][0xad]z[0x18],|h[0x1f][0xa7][0xa7][0xd0][0x91][0xe8][0x5]{D[\n]"
21:59:32.442 [main] DEBUG org.apache.http.wire - http-outgoing-0 << "[0xc7][0x83]'\[0xf7][0xd1][0x8][0xc4][0x8d]N[0xbb]N[0xf][0xbc][0xc7][0x92][0xc6][0xd5]9[0xe0][0x89][0x8][0xc4][0xf9][0xd8]' [0x10][0x9b]9[0x2]1[0x17][0xb5][0x89]@|[0xd5][0xbb][0xab]_][0xf0]#[0x81]@,[0xc2]([0x2][0xb1]"[0x10][0xaf]J[0xbc]*[0xef]"[0xe5]][0xb4]3[0x81][0xd8][0xea][0x19][0x9d][0xae][0x5]y[0x1][0xd6][0xfd]ZG [0xe6][0xa3]`/'[0xb6]aOA 6[0xf5][0x6][0xdf]#[0xc4]35[0xda][0xe9][0x99][0xfa][0xe3][0xb9]![0x11]r[0xcd]35[0x90]R[0x11][0x88][0x15][0xed]L[0xd1][0xce][0x14][0xed][0xec]@[0xda][0x19][0x9e][0xe0][0xda][0xad]F[0xc9][0x83][0xb5][0xd9][0xa1]o[0xcb][0x1f][0xab][0x5]bZ]k[0x9d]l[0xb][0x9e][0x8][0xd3]cN&[0xdb][0x2][0xf0][![0x10][0xaf][0x2][0xe2]Q[0x9][0xc4][0x4][0xdd]I[0xda]?[0xa4][0xb8][0xe8][0xd3][0xee]@[0xbe])[0xed][0x9f][0xea][0xad][0x8][0xc4][\n]"
21:59:32.442 [main] DEBUG org.apache.http.wire - http-outgoing-0 << "[0xc9][0x15][0x92]+$?[0x10][0xc9][0x8d]v[0xbd][0xa3][0x97][0xf9]rZMk-[0xe3],][0xfb]n[0xd8] ]>[0xe6][0x14][0xaf][0xb8][0xd6]![0xf9])[0xf9][0xc3][0x4][0xde][0x89][0xc8][0xb9][0x80]r[0xec]"o[0x93][0xe0]BR[0x1f][0xaf][0xc9]7[0x89][0x9c][0xa7]P[0xae][0xf8][0xc3][0x8a][0xad][0xa0][0xd8][\n]"
21:59:32.442 [main] DEBUG org.apache.http.wire - http-outgoing-0 << "[0x8a][0xad][0xb0][0xca]V[0xd8][0xca][0x1f]n[0x11][[0xa1]DM[0xd1]l[0xe9]fcm2H[0xb2][0xe4][0xd6][0x1b][0xeb]9g[0xcb][0xc7]<;[0x98][0x9f][0x88]>l[0xea][0xcd]zFZ[0xe0]O;[0x82][0xb9]y[0xb5][0x91][0xb4]@`[0xae][0xe8][0xc3][0x8a]>[0xac][0xe8][0xc3][0x8a]>| }[0xb8][0xde][0xa9][0x93]x[0xe2][\n]"
21:59:32.442 [main] DEBUG org.apache.http.wire - http-outgoing-0 << "q[0xa1][0xd1]&[0xa9][0xc5]u[0x1b],[0x10]K[0xd4][0xeb]]k[0x3][0xf3][0xcc][0xea][0xc9]c8[0x8b][0xfb]9[0x91][0xfc]t[0xec]a,[0xca][0x1b]K[0x8b][0xf2][0xc6][0xee][0x8b][0xf2][0xde][0xb6]E[0xb9]b[0xf][0xab][0xf5][0xb8]Z[0x8f][0xab][0xf5][0xf8][0xea]z|"
21:59:32.445 [main] DEBUG org.apache.http.wire - http-outgoing-0 << "+{[0xb8]n[0xe9][0xad][0x12][0xc][0xef] g{=[0x84][0xd3][[0xc5]&^?n[[0x8c]'[0xc7]<'[0x84][0x9f][0x88]<L[0x9b]*YR6[0xda]q[0x1d][0x8e]M[0x95]MI[0xd9][0xb4][0xe][0xcf][0xe8]r[0xca]4[0xae][0xaa][0xc][0x91][0x95]!rU[0x99][0xc6][0x81][0xa8][0x18][0xf8][0xb5][0xad][0xf8][0xdd]2[0x1b][0xed][0x12]Y[0xdc][0x86])L+[0xd6]-[0xc2][0x9][0xc1][0xad][0xae][0xb9]^[0xd8]<}[0xcb])[0x8e]yf[0x4]?[\r]y[0x18]P{\[0xf2][0xb0][0x8][0x98][0x93][0xc5]=[0x1f][0x81]7K[0xfc]P[0xfe]C[0xbb][0xb9][0xed][0xd9]w[0x8e][0xf6][0xda]s[0x88][0xe5][0xaa][0xbd]Co8~4[\r][0xe2][0xdb][0xc3]([0xbd]1[0xa2]U [0xe2]G[0xd1]*Q[0x1a][0xed][0x5]8[0xa3][0xb3][0x19]Tv[0xb3][0x92]}[0xe7][0x1][0xa5]C[0x8]7^D[0x7][0x16][0x6][0xe5][[0x9c]\[0x12];[0xc][0x16]Lz&[0xca],[0xd1][0x80]on[0xff][0xea][0xc4]Z[0xcf][0x9d]9[0xf8][0xe1][0xd0][0xd2]&N\[0x89]e[0x88][0xb4][0xcc][0x97][0xda]`[0x11]k.[0xfe][0x9f][0xc8][0xaf][0xb1][0xf6][0x84]r[0xdc][0xd9]\4[0x0][0xda][0x17]$[0xd9]K[0xf0][0x86][0x3][0xdf][0x89]c[0xe6]O[0x13]s[0x17]ddAi&>[0xf5][0xed][0xc2][0x8f][0x16][0xf3]y[0x10][0x92][0xe]q0wB[0x9e]V[0xb7][0xff]_{[0xd7][0xda][0xdc][0xb6][0x91]e[0xff][\n]"
21:59:32.445 [main] DEBUG org.apache.http.wire - http-outgoing-0 << "[0xca][0xf9]bW[0x85]"[0x9e]$[0xc8][0xad][0xd4][0x8e][0xc7]R[0x12]U[0x99][0x94][0x1f]R[0x92][0xa9]$%[0x81]$HA&[0x9][0x6] [0xf5]r[0xb9]j[0xfe][0xc6][0xfe][0xbd][0xfd]%{nw[0x3][0x4][0xc1][0x6][0x9][0xd1][0x80]v7[0xee][0xa9][0xd4][0xd8][0xa0][0x1b][0x8d][0xc6][0xeb][0xa0][0xfb][0x9e]s[0xcf][0x15][0x12]hHi[0x83])[0xef][0x9f].[0xdd]i[0xa6][0xeb][0xec]I[0xfe]NW[0x93][0xab]qc[0xed][0xf5][0xbb][0xd3][0xc3]n[0x9e][0xe8][0xe0]UzR[0xcb]0[0xcc][0x9e][0xd8]x5[0x9d]>[0x14][0x9f][0x9e]D[0x85][0xfe][0xfb][0xc7][0x7][0xe8][0x82]G[0x19][0x7]f[0xec]GL+[0xbc][0x1e]b[0x6]Ie[0x9e][0x90][0xf4][0xe4][0x4][0xcb][0xa6]9[0x18][0x8f][0x86][0x96]?t[\r][0xc7][0x18][0xda]f[0xdb]kym[0xc7]k[\r]<[0xcb][0x1b][0x99][0xba]e;[0x1d][0xc7][0xd6]a[0xf1][0xf0][0x8a][0x8b][0xdb][0x97][0xd7][0xf0]i[0xd6]P[0xaa][0x9e][0xdf][0x83][0xf0][0x11]W[0xdd][0xd3][0xbc][0xd5]2[0x9c][0xb1][0xb]LW[0xf3][0xd8][0x1f]{[0xab][0xe9][0x12]B[0xee][0x89]6[0xf5]o[0xfd]){`F[0xfe]`5[0xc1]m[\r][0xa6][0xa3][0x98]$[0xcb]B^[0xfe][0xbd]vw[0x1d][0xc][0xaf]y[0x97][0x10]eC[0xac]}u|[0xf2][0xcf][0x8b][0x9f][0xae][0xbe]'[0xad][0xf3]|[0xc2]5[0xdc]W[0xa7][0xfd][0x1f][0xcf][0xae][0x1a][0xac];[0xb9][0xc]{[0xe4]/[0xc8]bz>|[0xd0]V[0x8b]I[0x4]C[0xe6][0x11][0x89][0xbc]![0xeb]o[0x1f][0x19][0xb4][0xcb][0x5][0x89][0xae][0xb5][0xcb][0xc4][0x8f][0x9a][0x1e][0xab][0x4]$[0x13]a<[0x89][0xfb][0xc7]^[0x0][0x8e][0x8e])[0xfb][0xf1]"D0[0x82][0x86][0xb7][0xb5]8[0xb3][0x9][0xf4][0xdb][0xe1]([0x82][0x90]<[0xe2][0xcf][0x9b][0x8f]g[0x94][0x9c][0xa3]5[0xf6]7Rpk[0xad][0xe][0xed][0xb]y:[0xa9][0xd6]}2{^[0xb2][0xb7][0x85][0x9e]E[0xba][0xed]+[0xa4][0xf][0xe0][0x18][0xa4]y[0xdf]2[0xb0][0xc6][0x83][0x18][0x85][0xb7][0x18]9[0xae][0xdd][0x84]FqGCb[0xe3][0xc8]H[0xf2][0xe9]l>[0xe0]J[0xb0]g[0x9b][0xc6][0x89][0xa7][0xe1][0x1a][0x8a][0xfa]p[0x15]';&[0x97][0x15][0x98][0xb3][0x9a][0xc2][0x88]{4[0x82]Y5[0xd4][0xe3][0xe4][0x2]JW?[0x98][0xa3]`i[0x1c]@@[0xe]x[0xc2][0xdb][0xbb][0xc0][0xeb][0xc6][0x8e][0x95]9}[0xe8][0xf8]Y[0xf7]4p:[0xe4][0x9b])^[0xb9]q[0xc0]o[0xfd][0x87][0x93][0xd7][0xc7][0xbd][0x13]~v[0xd9][0xcb]"^[0xd8][0xcc][0xbb][0x97][0xca][0xe7][0xb5][0xdf][0xde][0xad]qj[0x14][0xe]W,[0x3][0x80][0x9e][0x1a][0x1a][0xd1]z[0x8f][0xa1][0xb7][0xf0][0x6][0xb8][0x9][0xcb][0x0]c[0xc5][0xf1][0xe7][0xc7]*[0xfd]d[0xf][0xa6][0xe1][0xa0]9[0x83][0xbf][0xb8][0x1f]5[0xf9][0xae]G[0xb3][0x11][0x92]9[0xf0][0x9e]'^[0xe0][0x1b][0x87][0xf0][0xef]=z[0xff][0x9]T[0xaa]:T%N[0xde][0xb6]e[0xb7]m[0xa6][0xcd][0xa9]H[0x88]/:[0xac]E[0x88][0xbf][0xd9]w[\r]B|[0xe3]([0xa9].%[0xe]U,[0xc4][0xff][0xd8]?[0x1e][0xea][0xfd]c[0xa6]N[0xca][0x9][0xf1]y7J[0x88][0xaf][0x84][0xf8]J[0x88]/[0xbc][0xdc][0x9b]a4[0x89][0xf1][0xa6]('[0xef]rN[0xde][0xad][0x86][0xa1][0xe3][0xbf]s[0xc3][0xe8]Zv[0xd7]`|[0xc6][0xb6][0x10]?[0xd3][0xca]1[0xba]&kU[0x83][0x10][0xdf][0xb6];-+[0x15][0xe2][0xf3][0xad][0x12][0xf1])[0xa0][0xe3]'[0xb3][0xf7][0xb8][0xcb][0x9d][0x4]H[0xa9][0x84][0xf8]J[0xbe][0xa9][0xe4][0x9b]J[0xbe]y[0xa8]|[0xb3][0xad][0xbb][0xa6]%[0x13][0xe2][0xeb][0x1d][0x1b][0xb1][0xab]|[0x8c]j[0x13]2-i[0xe9]&Y[0x9b]:bT@[0xbf]-%[0xfe]6"V[0xa9][0xc4]g[0xd8][0x9d]*~[0xf8]Vy$[0xdf]eSB[0xe3]VJ|[0x5][0xe5][\n]"
21:59:32.446 [main] DEBUG org.apache.http.wire - http-outgoing-0 << "[0xca][0x15][0x94][0x1f][\n]"
21:59:32.446 [main] DEBUG org.apache.http.wire - http-outgoing-0 << "[0xe5][0x8e]n[0xb6][0x1d]Y[0x1d]U[0xc7][0xb0]%IU[0x9b]0[0xed]H[0x9][0xe3]\[0x1b]6C~N([0xaf]Q[0x8a][0xcf][0xd0];-[0xcb][0xc0][0xb7][0xca]c[0xf9][0xae][0xb2][0xc])[0x96]+)[0xbe][0x92][0xfe]([0xe9][0x8f][0x92][0xfe]lK[0xf6]J[0xf1]m[0xc7]i[0xb7]%[0xce][0x81][0x6][0xf2][0xad]LWf=[0x95][0xb]f[0x94][0x80]s[0x1e][0xf0]xv8[0xaf]G[0x8c]O[0x0][0xee]$[0xe1]g[0x93]o[0x95][0x85][0xf3][0xfe][0xf9][0xc9][0xe][0x7]A[0x82]s%[0xc6]Wb|%[0xc6]Wb[0xfc][0x3][0xc5][0xf8][0xba][0xdb][0xee]@[0x92][0x98][0x17][0xe3][0x9b]N[0xbb][0xe3]Z[0xc8][0xe5][0xdf][0x15]e[0xb1][0xbb][0xa6][0xb4]`Z[0x16][0xef][0xd1][0xa6][0xb6][0x82]iEQ[0x96][0xda][0xe4][0xf8][0x84][0xdd][0xeb][0xb4]*[0xbe]U[0x1a][0xc9]w[0xa6]U[0x11][0x92]+9[0xbe][0x9a][0x93][0xab]9[0xb9][0x9a][0x93]o[0xcf][0xc9][0xf7][0xca]9-[0xb3]-[0x93][0xe3][0xdb][0xba][0xeb][0x18][0xe6]n[0x10][0xb7][\n]"
21:59:32.446 [main] DEBUG org.apache.http.wire - http-outgoing-0 << "[0xdc][0xbc][0xb3] [0x9e][0xb4]y[0xce][0x9]y=[0x82]|[0x86][0xd9][0x1b]sq[0xa2][0x12][0xf6][0xba][0x1c]0[0xc2][0xb3][0xbc]o.[0xae][0x4][0xf9][\n]"
21:59:32.446 [main] DEBUG org.apache.http.wire - http-outgoing-0 << "[0xc1][0x15][0x82]+[0x4]:[0x82][0xdb]n[0xab][0xdd][0x91]$T[0xb5]M[0xfc][0xcf][0xdd][0x3][0xe1]f[0xd7][0x94][0xba][0xd5]d![0x1c]mj[0xb3][0xf3].[0x9a][0x87][0xaf][0xe1][0xf0][0xcb][0x9f]$[0xa5][0x8b][0x6][0xf0]U[0xbe]\[0xed][0xa2]Q[0x8a][0xab][0xd0][0x8b][0xdd][0x9b][0xb7][0xd0][0xe4][0xe2][0x80][0xd5]*[0xf2]y[0x87][0x19]E[0xfe][0x8f][0xc1]=W[0xe4][0xff][0x2][0xbf]g[0xd2][0x98]r[0xeb]gRyB[0xd8][0xea]E[0xf][0x10][0x96][0xdf]"
21:59:32.448 [main] DEBUG org.apache.http.wire - http-outgoing-0 << "A0>[0x9e][0xfa]C[0xf8]*[0x93]B7[0x82][0xc2][0x1e][0x2]Y[\r][0xca]Z[0xda][0xe3][0xa8]"Ce[0xd2]+[0x1a][0x6][0x9d]o[0x85]:NtX[0x9b][0x8e]s[0xdd]w-:N[0xca][0xc5] [0xdb]Pq][0xf6][0xe8]8[0xef]{<[0x80][0xb6][0xa5][0xe3][0xa4]n[0x94][0x8e]S[0xe9]8[0x95][0x8e]S[0xe9]8[0x97][0xfe][0xa5]7[0x9a][0x5][0xf3][0x17][0xdd][0xb1]7[0x8d][0xfd]'[0xea]8[0xf5][0xae][0x93][0xd4][0xd3][0xd8][0xa1][0xe3]D+[0xb7]k3[0xdb][0xe5]zt[0x9c]v+-[0x17][0x8a]E[0xe][0xb6]J.k[0xf4][0xfe][0xcd][0xae]r[0xa1][0x86]2T[0xce][0xc4][0x96]3YQ[0xaf]y[0xd6][0x92]/^[0x1f][0xdc]W[0x94][0x97][0xa0][0xaa][0x11]Q[0xbc]{[0x8a][0x83][0xf4][0xa7]h[0x1b]u[0xd2][0x9d][0xd3][0x8e][0x90][0xb2]sxG[0xd8][0xf9]s[0x93][0xd5][0xe][0xb9][0xa4][0xe3]}A[0xaf][0xcc]([0xfe][0x90][0x1e][0x95][0xc3][0xbc]r[0x98]G[0xbe][0x17]%{].[0xb7][0x97]6{[0x9][0xe3]V[0xc7]1-[0x89][0xf8][0xc7][0xb4][0xcc]][0xb][0x1b][0x8e][0x98]R[0xbf][0x9f]ta[0x93]iSOlj[0xdb]Py[0x1b][0x10]+[0x96]q[0xda][0xad][0xd4][0xf0][0x87][0x1]y[0x19][0xc3][0x1f][0x8a]O[0x1][0xc8]w[0x19][0xfe][0xd0][0xb8][0x95][0x8c]S[0xc9]8[0x95][0x8c]sW[0xfc]A[0xfe]qfQ[0x9]|B[0x91]5[0x8b]*J[0x87]|C[0xf9][0x9e][0x9f][0x9b][0xb][0xa4][0xff]z[0xc3][0x7][0xfa][0x1e]G[0xfe][0xd0]G.[0xf0][0xe8][0xf2][0xf0]^s][0xd0][0x92][0x96][0xe3][0xf3][0x5][0xbe][0xf9][0xd8][0x8a][0x83][0xed][0xa9][0xed][0xd7] [0xb9][0xdd]q[\r]W[0xc6][0x16][0xb7][0xdb][0x12][0xe7][0xb6][0x1c]J[0xb3][0xb9]o[0xbe][0xee][0xb3][0xac][0xcd]s"y[0xbd]*N[0xbb][0x95]z[0xff]0(/[0xe3][0xfd]#[0xa0]|[0x97][0xf7]O[\n]"
21:59:32.448 [main] DEBUG org.apache.http.wire - http-outgoing-0 << "[0xe5]J[0xc5][0xa9][0xf8][0x6][0xc5]7([0xbe][0xe1][0x80]I[0xb9][\r]b[0xb8]%q[0x0][0xb2];[0x96][0xa4]xh[0x16][0xa6];]}[0xb7][0x82][0x13][0x93][0xf2][0xa4][0xcd][0xb3]Cym[\n]"
21:59:32.448 [main] DEBUG org.apache.http.wire - http-outgoing-0 << "N[0xdb][0xcd][0xb2][0xc6][0xd8]*[0x1b]^9[0xdb][0xc3][0x1a]+;e5'Wsr5'?4[0xba]B6Km[0x4]{[0xf3][\n]"
21:59:32.448 [main] DEBUG org.apache.http.wire - http-outgoing-0 << "N[0xb][0xf8][0xbe]S[0xf9][0xa3][0xc3]W`[0x1f]m[0x9c][0xb6]yN [0xaf]S[0xbe]i[0xbb]i[0xb5]*[0x9a][0x91][0xbb]e[0xaa]U[0xb1][0x19][0xf9][0x19][0xf7][0x83])(;H3r%[0xdf]T[0x93]q5[0x19]W[0x93][0xf1][0xed][0xc9]x[0x9][0xf9]fG&[0xdf]l[0xe9][0x96][0xa4][0xb4]IF[0xd5][0x3]x[0xb6]J@8o[0xf3][0x9c][0x10]^[0x9b]x[0xd3]n'[0xfa][0xf]J[0xa4][0xc2]V[0xd9]ix[0xff][0xf1][0xf5][0xce]D*[0xe5][0xa6][0xbc]\([0xfc]V[0xf8][0xad][0xf0][0xfb][0xe9][0xf8]m;-[0x9b]J[0x97][0xe4][0xa7][0xe0]0E[0xed][0xec][0x8a][0x8b][0x1b]][0x1d]EM[0xf6][0xa5]P[0xa5]m[0x9e][0x19][0xc0][0xeb]1S[0xc6]L[0x19]4[0x0][0xbe][0x88]_[0xa3][0x5][0x15][0xbb][0xb]-(u(3S>[0x9d]/[0xa3]p[0xb4]"[0xab]["=[0x2][0xe6]p[0x1a][0x80][0xc7][0x86][0xbf]+[0xf3][\r][0x15]v[0xb2][0xe4]/[0xfb]6[0x98][0xaf][0xee][0x1b][0xcc][\n]"
21:59:32.449 [main] DEBUG org.apache.http.wire - http-outgoing-0 << "[0xf8]W[0x18][0x97][0x86]w[0xb1]f[0x99][0x8d][0x1]\Y[0x99][0xdc][0x13]^[0xa2]k[0xf3]Q[0xe1][0x9a][0x1c]3c[0xda][0x18][0x1e][0xc2][0x10][[0xf0]][0xe1]F[0xcc][0x9c]VI[0xe][0x8a]O [0xba][0x81][0xfd])H[0x18]a[0x0][0xcb][0xdd][0x9d][0xc9][0x15][0xd8][0xbf][0x7][0x9b][0xce]t[0xa5][0x1b][0x9d][0x8d][0xc9][0xf7][0x15][0xfb][0xc3][0x81]X[0xd8]5[0xff][0xf7][0xbf][0xff]+[0xc6]f8[0x98][0xd1][0xe8][0x87][0xd7]0[0xc0][0x85]U/[0x1b][0xe8]_+?z[0xa0][0xe6][0x1][0x14][0xa8][0xde]r[0x19][0x5][0xb0]=[0xf6][0xe3][0xff][0x80][0xe7]0[0xac]|[0xe3][0x0][0x16][0xb1][0x18][0x9][0x1c][0x89]'[0xd7]lDWMaF[0xdb][0xfc],[0xfe]r:[0xfa][0xd2][0x84][0xbb]o[0xf3]~0m~[0x16]G[0xa4][0xdf][0xd2][0x3]^&[0x7][0xbc]"+[0xd5][0xc4][0x1f][0x19]V[0xc9][0x5]C:[0xe4][0x10][0x83][0x87][0xcb]t[0xf0][0x1b][0x87][0xa1][0xb3]LN\[0xc]N[0x1b]<h[0x9e]F[0x8b]0v[0x5][0xd2][0xfd][0xf8][0xb5][0xe0]&[0xad][0xe9]M[0xf7][0xb4]+[0x9c]\w[0x1c]@[0xa6][0x1b][0xde][0x9f]-[0xe8]6[0xc4]Wp[0xb1][0x15][0x6][0xb1][0xf]tN[0xc3]U[0xc][0xf7][0xe1][0x0][0xba]]/5D[0x16]W[0xa7][0xfb][0xc7]\[0xd3][0x1a][0xda]9]:.[0xfa][0x85][0xab][0xf0][0x95][0x7][0xbb]C[0xfc]I[0x87][0xbf][0x82][0xdd][0xee]8[0x98][0xfa]W[0x1a][0x16][0xef][0xf4][0x8c]h[0xb8][0xa1][0xcb]k[0x98][0xd8][0xc2][0xbd][0x97][0x8e]F:al[0xf9][0xad][0xc0][0xfa]M[0xc9],[0x17]G[0xa4][[0x11][0xc2]U[0xf7]J[0xc][0xec]r[0xdd]w[0xf2]K[0xf6][0x18][0xc9]o[0xe9][0xb1][0xb2][0xee][0xb3][0x89]Q[0xef][0xb5]w[0xeb]3E2[0x4][0xd6]0A[0xc6][0x3][0x12][0xf9]3[0xb2][0x2][0xce][0x9c][0x2]L[0x81]7O[0x1e][0xae][0xe0]xn[0xb2]c[0x8d]W[0xf0]R[0xf6]b[0xed][0xea]3[0x1a]w[0xb5]?^,#o[0xe8][0xff][0xf1][0xe2][0xb][0xbb]/[0xfe][0x9c]\[0x87]5[0xf6][0x9b][0xb0]f[0x86][0xd6]y@[0xf]8Ns[0xae][0xfd]D[0xfe][0xc6][0x99][0x3].p[0xdd]7[0xaf][0xf7][0xd4][0xc7][0x93][0xfa][0x10][0xae]`[0xe7][0x8c]G[0xdd][0x97]9P[0xa7]Ol[0xf6]4[0xb9]eq[0x3][0xef]n[0xf2]B[0xb3][0xe7][0xb9][0xd1][0xb8][0xf3][0x7][0xdc]P[0xb9]A6[0xc3]W[0x1a].[0x1c][0xf3][0x5][0xa6][0x93][0xf0][0xb4][0xeb][0x0]v[0xea]x[0x8a][0xa6][0x1]6q[0x2][0xd8][0x81]5[0x93]xbWq3[0x92]kN[0xd7]b[0xec][0xdd][0x86][0xab][0x88][0x9c][0x89][0xd9]He[0xcf]a[0xe6][0x19][0x19][0xf9]Kx:[0x3][0xa7][0xbc][0x1]n[0x1a]{[0xb6][0xd0][0x7][0xed][0xc9][0x1d][0x88][0xf9][0xf9][0xb3][0x1b]J'1[0xf][0x1b][0xbe][0xa1][0xe3][0xd2][0x8e][0xa7][0xde][0x84]?[0x8a][[0xde][0xd2][0xe3]([0x9c][0x9][0x8d]:[0xec][0xc1][0xd9]s[0xb9][0xbe][0xde][0xb8][0xfc][0xcc]c{[0x86][0xff][0xb][0xf0]`1[0xb8][0x0][0x90][0x8]0[0x8b][0xb5][0x97]8T[0x14][0x5][0xf0][0xa3]^[0xb1][0xa0][),[0xc2][0x99][0x15][0xf2]q[0x10][0xb3]ga[0x11].[0x1a][0xab][0x85][0x6][0xcf][0xe4][0xe1]'[0xb8]Z[0x8b]A'[0xdd][0x8b]G[0x96]^[0xda][0xdc][0xac][0xe0][0xc6]}[0xc3][0x8c][0xa0][0x85]/[0xf7][0x7][0xbc]y[0x4][0xb][0x9c]y[0x94][0xa8][0xe6][0xe9]6A[0x8c]oj/[0x7][0xb8]&[0xaf][0xb4][0xa5]?[0xc3]-[0x3][0x0][0xe3]$[0x6][0xfe][0xd0][0x3]?O[0x17][0xf5]w<[0x8]+[0x1a][0x0][0xf8][0xdb]O4[0xc0][0xde]*[0xc6][0x83]/[0xa0]Z[0xea][0xf5][0x1c][0xe1]p[0x8d])[0x6][0xd1][0xa4][0xbf]5[0x83]8^[0xf9]q[0xd3][0xb2];m[0x97][0x9d][0xd2][0x7]1[0xc5][0x83]=[0xd2].[0xfd][0xf9][0xed]%9hC;[0x97]"
21:59:32.456 [main] DEBUG org.apache.http.wire - http-outgoing-0 << ":i[0x8f][0xbd]!yJ?$>[0xe6]>[0xac][0xc0][0xd1][0xe6]R[x[0xc3]O[0xde][0x4].[0xf2]4[0xb6][0x4][0xfb][0xaf]>\|<[0xbf]|{[0xf6][0x13]![0xc3]m[0x0]sm[0xf6]P[0xde][0xe2]<[0xf8]+[0x14][0xe2][0xd6][0xa0]o[0xf8][0x93]G[0x1a]{w[0xbd]9[0x80]m<F2[0x1][0x8d][0xe5]b1[0x82][0xf9]7[0xec][0xb3]q[0xcf]~[0xf5][0x7][0xc7][0xdc]3[0x9c]][0xb0]i0[0xc0][0xe5]`[0xd0]%[0x12][\r][0xc8][0xa4][0xdc]A[0xb6][0xc1][0x1f][0xf3][0xef][0xbe][0xfb][0xe][0xaf][0x94]H\x[0x13]F[0x90][0x7]P/t[0x8d]8|[0xb3][0x8f]QH[0xa0]4[0xd7][0xde][0xe0]][0x9][0xb5][0x19][0xae]2[0x8e][0xe5][0xd1]Q[0x91][0xea] ^f[0xf8]~Gp[0x1e][0xc7]cHO[0x18][0x1e][0xb9][0xdb][0xdf]o[0xff][0xbc]b[0x8f][0xd3]][0x18]}[0xc2][0xbb]5[0xf1][0x82][0xf9][0xf7][0xf8][0x0][0x92][0xe2]19k[0xa8]$[0xe8][\n]"
21:59:32.456 [main] DEBUG org.apache.http.wire - http-outgoing-0 << "[0xb2]S[0x15][0xf]~[0xfa]>.<$E[0xe0]>%[0xc3][0x17]O[\n]"
21:59:32.456 [main] DEBUG org.apache.http.wire - http-outgoing-0 << "[0x9e][0xab][0xdb][0x80]>l"y[0x82][0x86][0xf1]+[0x19][0x89][0xd3][0x99][0xff]|~[0xfe][0xee][0x98]Y[0x8a][0xb3][0xb7][0x97][0xf9][0x98][0xcf][0xcd][0xd6]1[0x82][0x8]O_[0x14].0[0x12][0xe1]cN[0xbb][0x90]|#[0xf3]|[0xf2]+[0x8][0xfb]r[0xf6][0x9][0xf6][0xa6][0xda][0x9d]?[0xc5][0x13][0xe7]k[0x17][0x1f][0xde]j/[0xaf]X[0x8f][0xab][0xc5][0xd1]5~BG[0xfe][0xa5][0xf8]g[0x12]x[0x1c][0xad][0xf7][0xba]z[0xa5][0xc5][0x4][0xdb]pb[0xf][0xc7][0xe3]`[0x18][0x0]d[0xf1]4F[0xb8]>[0xb8][0xba][0xc2][0x89]>[0x99]L[0x8c][0xe8][0xd6][0xc2][0xf6][0x9d][0x99][0xbf]3o[0xf7][0xe5]]H%[0x4]pN[0xde][0x80][0xe6][0x1f][0xda][0x18]f[0xea][0xd7]4x[0xfa]v[0xb0]y[0x85]x[0x9d]FZ2[0x12]-}[0xff]h[0xa4][0x91]?[0xc2]7[0x8c]}Q[0xe8]M[0x9e][0xd1]nKT/H[0xac][0xea][0xe3][0xe4]30[0xf3][0xbd]9[0x1][0x1f][0x8e][0xc4][0x8f][0x8d][0x89][0x84][0xb0][0xb3][0xa7]Q[0x5][0xc0]m[0xe1][0xb0]>[\n]"
21:59:32.457 [main] DEBUG org.apache.http.wire - http-outgoing-0 << "b[0xdc][0xac][0x7][0x8c][0x9f][0xf9][0xb6]O[0xbd][0x15]L[0xe0][0xd9][0xd4]C[0xa3][0xf9]IrR[0xe2][0x11][0xab]([0x95][0xc5][0x82][0xa7][0x80][0xce][0x2][0xb0][0x15][0xa5][0xb2][0x88][0xe]kIe[0xd9][0xec][0xbb][0x86]T[0x16][0x9d][0xcd][0x84])[0x95]E[0x1c][0xaa]8[0x95][0xa5]g[0x9d][0x9d]O[0xee]D[0x8]:[0x97][0xca][0xc2][0xbb]Q[0xa9],*[0x95]e[T[0xae][0x94][0xdb]J[0xb9][0x8d]O[0xac][0xf8][0xb8][0x8a][0xf4][0x16][0x19])[0xa8][0xbb][\r][0xdd]<7Md[0xa8]t-[0xa3][0xc8][0x92]|[0xdd][0xaa][0xd3]5Y[0xab][0x1a]RYt[0xd7][0xce]([0xa0][0xf9]V[0x89] /[0xd0][0xf1][0xfd][0x1e][0x5]4[0x90]RY[0x92]+[0xb1][0x85][0x12][([0xb1][0xc5][0xa1]b[0x8b][0xb6][0xd1]i[0xc9][0xea][0xe6][0xb9][0x8e]#e[0xea][0xb2][0x88]iK[0xab][0xe6][0xb5][0x1a][0xdb]m[0xea][0x8][0xf4][0x2][0xfc][0xb6][0x1c][0xc9][0xb7][0x1][0xb1][0xca]T[0x16][0x82]n'[0xad]-[0xc1][0xb7]J[0x3][0xf9][0xf9][0xae][0xda][0x12]4n&[0xdc]V[0xfa]gE[0xd9])[0xca]NQv[0xdb][0x94][0xdd][0xde][0xa4]D[0xac][0xb9][0xe1] [0xb1][0xcd][0xd9][0x99][0x8e]n[0x1b][0x8e]T[0x2][0xbd]1[0xfd]-[0xc8]f[0xd9]n[0xf3][0x9c]`[0x9e][0x3][0xc5][0xaa][0xd1][0xbc][0xbd][0x81][0xe6][0x94][0xf2][0xb3][0xd7]8[0x8b]O[0xcb]wV[\n]"
21:59:32.458 [main] DEBUG org.apache.http.wire - http-outgoing-0 << ""4W&[0xb6][0xca][0xc4]V[0x99][0xd8]*[0x13][0xdb][0xc3][0x12][0xcc]M [0xb9]+1[0xcf]r[0xf5]v[0xdb][0x94]z[0xd8][0xa6]0[0xed][0xa0][0x9a][0xb5]#OL[0xdc]n[0xf3][0x9c]P^[0x9b][0x8][0x9a]&[0xe2][0xed][0xd4]*[0x84]o[0x95][0x7][0xf2]]V![0x4][0xe4][0xca][0x1]Q[0xcd][0xc8][0xd5][0x8c]\[0xcd][0xc8][0xb7]g[0xe4][0xfb]D[0xd0][0x96][0xeb][0xea][0x8e]$[0x8f][0xc5][0xd1][\r][0x14][0x9c][0xd8][0x19][0xb4]F[0x85]L[0xbd]@[0x6][0xbd][0x6][0xf1][0xa4][0xcd]s[0x82]xm[0x6][0x88][0x9c][0xf4][0xab]PE[0xc7];[0xcc][0xa8][0xe8][0x84]J[0x83][0xa9][0x11][0xa0][0xb9]`J[0x91][0x86][0x90][0x8a][0xa4][0xf4][0xf0]K[0x92][0xa1][0xbc]"}[0x87][0x90]|@[0x8c][0x2][0xc9]M*[0x1b]X+U[0xc0][0xdf][0x83]rf[0xe2][0x7]h[0xea]HY [0x4]J[0xa4]gY[0x8b]Y2d8+[0xb][0xf][0x86][0x1c]k[0x9a][0x9][0xc9][0x9] [0xb6][0x9b][0xc5][0x99]C1U[0xc9][0xec]ay[0x1d][0xaf][0xe6][0xa4][0xb5][0xcb]h8[0xb4]K[0xe8][0xe]Hq[0xe0]_r[0x1a][0xfc]r8[0xf5][0x16][0x97]L[0xaf][0x97]([0x12]b(7[0x98]$aK8[0xf1]zI[0xa2][0x13]&[0xd5]BU[0xf8]iH[0x8a]3j[0x88][0xa1][0x13]a[0xf][0xfa][0x1e][0xca][0x9a][0xf3][0xc8][0xbb][0x5][0x95][0xce][0xc8][0xf3][0x99][0xc7]$(^V[0xc4][0xf0]S[0xe4][0xcd]f^[0x84]=[0xee][0x89][0xf2]Od<[0x95]T[0xf6][0xb6][0x9c][0x96][0xe1][0x9a]D[0x1e]WE[0xa3][0xf3][0xe][0xeb][0xa1][0xd1]7[0xfa][0xae][0x9e]F[0xef][0xac]Yt~[0xa4][0x1d],[0xba][0xd1][0xbf]9[0xb1]{7,[0x11]`[0x93]E[0xe7][0xbd]([0x12]][0x91][0xe8][0x8a]DW~[0x90][0xdb][0xa6]9[0xe5]H[0xf4]V[0xc3]B][0xef]V[0xd7]p`[0x9]YH[0xa2][0xf3]Vmdn[0xa1][0x0]x=$[0xba][0xd1]1[0x1d][0xc3]J[0xbc]g[0xc4][0xd6][0xfe]E[0xde][0x89][0xd3][0xbb][0xb9][0xb8][0xef]=[0xee][0xf0][0x9e][0x1]P*[0xe]]q[0xe8][0x8a]CW[0x1c][0xfa][0x81][0x1c][0xba][0x89][0xa4]{[0xbb][0x3][0xe3][0xc7]|[0xb6][0x94][0x83]0[0x9e]t[0x99][0x97][0xc0][0xaa]i[0x15]&K[0xe9][0xd9]6u[0xd5][0x9b][0x2][0xf6][0xe5])[0xf4]m8[0xac][0x90]s[0xe1][0xb8][0x9d]p.b[0xab]<[0x8a][0xef]`[0xd0]i[0xd8][0x8a]@W0[0xae]`\[0xc1][0xf8][0x81]0n[0x98]V[0xdb]0eI[0xaf]([0xb0][0xa4][0x93]Fj[0xbb]r`[0x16][0xa5][0xf9][0xd4]w[0xdb][0xe]r[0xa3][\r]cfj[0x8][0xd8][0x15] y}[0xf4]9[0x81][0xb7]if'[0xe4][0xd8]*[0x9][0xe5][0xf][0xbd][0x9b]=[0x13]rpEG[0x88]][0x1c]M[0x1e]q[0xb9][0xa6][0xde][0xc0][0x9f][0x82]I[0xc4]_W[0x88]^y#8[0x81]v?[0xbf]@[0xb2][0x12][0x19][0xdc][0xbf][0xd8][0xb6]-[0xa7][0xc][0x4][0xdc]I[0xc7][0xc8][0xf1][0xf9][0xef][[0xbf][0xfc][0xd6][0x9f][0xe]oN[0x1e][0xce][0x8e]/[0xee][0xcf]^[0xff]@a[0x13][0xef][0x16][0xc9]B[0xf0][0x14][0xdf]|o[0xd8][0x8f][0xb1]q[0xc4][0xed][0xd1])[0x9]G[0xb8][0x8c][0x1e]![0xdb][0xa6][0xb9]j[0xf2][0xee][0xff][0xf3][0xf6][0x7]r6F[0xf6]-[0xef][0x84][0xe][0xcc][0x86][0xf9][0xe4][0x97][0x10];]/g[0xf9]R2[0xca][0x9c]}D[0xbe][0xb2][0x94]z[0x84][0x8c][0xa1][0xfc]=Z[0x4][0xe2][0xf6][0xf0]{"5[0xa1][0x17][0xbb][0xc2]9[0xfe]n[0xe][0xd3][0xf8][0xcf]M2[0xbe]e}[0xae][0x6][0xf1]0[\n]"
21:59:32.458 [main] DEBUG org.apache.http.wire - http-outgoing-0 << "x[\n]"
21:59:32.463 [main] DEBUG org.apache.http.wire - http-outgoing-0 << "[0xed]A=g;@[0x87]a4[0xf1][0xe6][0xc1]#[0xcb][0xc3]>[0xc8]P[0x17][0x1d][0x90]#/s[0xe6]=d@[0xca][0xd2]7x[0xf4][0xf1][0xe2][0xeb][0x10][0xb4][0xba][0x12][0xda][0xa5][0xed][0xb4]M}7[0x8a][0xdb]v[0xd7]aY[0x0];P<m[0xf3]|([0x9e]A[0xc3][0x8a]'[0xe3][0xb6]m[0xe2]l[0x19]^[0x2][0xcf][0xb1]U[0x12][0xc1]a vZl>C[0x93]qE[0x9b]+[0xda]\[0xd1][0xe6][0x8a]6:mn[0xea]P[0xac]"n[0x92][0x8f][0xa6]tL[0xd7][0xb5][0x80][0xeb][0x85][0xb3]p[0x1e][0x80]fa[0xea]B[0xfc][0xce][0x4][0xa9][0x9f][0xf][0xbf][0xeb]"[0xcd]9[0xc7]W[0x1d]g[0xce][0xfb][0x93][0x19][0xcf][0xc0][0xe7][0x5]N[0xe][0xdc]/[0x0],2y[0x16][0xe4][0xfd]%r.$[0xc2][0xf][0x3]6[\n]"
21:59:32.464 [main] DEBUG org.apache.http.wire - http-outgoing-0 << "[0xdc][0x99][0x6]|w[0x92][0x82][0xcd]; v[L[0xdd][0x83]![0xcb]?[0x87]g[0x4]R[0xc2]Y[0xa2]|[0xe2][0xb7][0x90][0xec][0xb2][0xf0][0x90]v[0x1e][0x8c][0x91]+[0x9e][0xe6]{OPi[0x0][0xe][0x1]p_[0x88][0xc2]8n[0x8][0xdb][0x5][0xe2][0xb8][0x13][0xbb][0x1b][0xe2][0xe4]_[0xe8][0xdd][0xb6][0xb5][0x97]?[0xff][0xf8][0x8a]9[0x4][0x9c][0xb2][0xa3][0xe2]d[0x98][0xbb][0xc2][0x9b]$y[0xbf]1[0x80][0xe7][0x1]H~[0xcc][0x16][0x91]R[0x9e][0xba].l[0xee][0x2][0xcf][0x0]rKi[0xdc][0xd2][0x1f][0xcc],[0xa5][0xd1][0xc0][0x1a]D{{[0xf2][0xcb][0xc9][[0xee]\[0xc1][0xb2][0xfa][0x83]9=[0xa1][0xb8]B[0xcc]=[0x84]<[\r][0xb8][0x7]Ar[0xe8][0x9f][0xfc][0xa5]v2[0xe5][0xa6][0x2][0xef][0x90][0xef][0xef]G0a[0xf0][0xe7][0xa3]E[0x8]7[0x90][0xa4][0x11][0xa5][0xac][0xa3][0x91][0xad][0xce]{[0xd7]`b[0xc0][0xac][0x9][0x86][0xe1][0x82][0xbb][0xe4][0xcc]IB[0xc0][0xaf]/3[0x8f]I[0x8d][0x11][0xe8][0x1a][0xb2][0xf9] 3G[0x90][0xb8][0x83][0xf4]a|[0x80][0x15][0xcd][0x9c][0xd7]z[0xc][0xb1]k[0xf]V[0xe][0xb8][0xbc][0x90][\n]"
21:59:32.464 [main] DEBUG org.apache.http.wire - http-outgoing-0 << "PF>[0xa8][0xf4][0x8]Y[0x0][0xd9][0x8b]d4[\n]"
21:59:32.464 [main] DEBUG org.apache.http.wire - http-outgoing-0 << "L=[0xc1][0xbc][0x1c][0xe0]<[0x90]8[0x95][0x90][0xfd]D[0xea][0x83][0x0][0x85][0x1]N[0xc6][0x9f][0xf]q[0xd8][0x86][0xd6][0xb][0xc8][0x9a][0x88][0x8c][0x1f][0xf8]S#T[0x6]k%[0x2][0x9d][0xa8][0xc8][0xe6]d[0xc6][0x1][0x1f]|[0xee]o[0xe4][0xc1][0x1d][0x88][0xbb].[0x90]q[0x5]S54[0xb4][0x8c][0xff][0x91][0x7][0xe7] X_[0xf8]t[0x7]^[0x92]C[\r],/[0xaa][0xd1]"[0xd0]Z[0xbf]SauJ[0x8b]wX[0x8f][0x16]a[0xa3][0xef][0xea][0xb5][0x8][0xee]Z[0x8b][0xc0][0x8f][0xb4]C[0x8b][0xa0][0xf7][0x8e]'[0xf7]g[0xb2][0xe2][0x94][0xbc][0x97][0x12]Z[0x4]TB[0xe5]mG[0x91]7^[0xa6][0xd9][0xbd][0xd0][0xcd][0xc0][0xbe]C[0xad][0xf9]UA6O[0xad][0xf9]C[0x0]~R[0xa2][0x8f]E3[0xfe].e|[0xb2][0x8a][0x84]e[0xb4][0xf2][0xb]fzz[0x9b][0x4][0x9]V[0xa7][0xeb][0xb0]X[0xaa][0xac]@%"[0xae]z[0xe7][0xdc]0A[0xae]uu6[0x1f][0xac]>[0xab][0x9f][0xf4]j-[0xb3][0x93][0xac][0x9e][0xf9]V[0x89][0xd5]3[0xa9][0xb5][0xcc][0xde][0xcd][0xa7][0x82][0xd5]3[0x3][0xc0][0x94][0xc9][0xca][0x86]?[0xe7][0xab][0xe9]T[0x1e][0x0][0xbd][0xc1]'[0xf6][0xda][0x9b][0x89][0xa1][0x98][0xf0][0x0][0xcf]WXK[0x2][0x9f][0xa7]N[0xff]xb[0xf6][0xbf]&[0xf0][0xc9][0xbb][0xff][0x8a][0xc0][0xe7]z[0xb4][0xbb][0x3][0x9e][0xeb]vO[0xaa]B)vk[0x1e]\}r[0xb3][0x3]L<[0xe][0xae]:[0x99][0xf4][0xf4]U[0x9e]%I'[0xd5][0x5]2[0xd3][0x1e][0xbf]6[0x80][0x99]t[0xf4][0xd4][0xc0]e[0xb2][0xdf][0xd3][0xc1]+[0xd9][0xb3][0x9a][0xda]c[0xeb]ql[0x94]-[0xc3]{To[0xcd]1[0xd3][0xec][0xb4]LI[0xa2]f[0xb][0xee][0xaa][0xf2]4M[0x8e]g[0x16][0x82]t][0x9d]i[0x1][0xa4][0xeb][[0xc2]<[0xd6][0x86][0x17]A[0xa8]a}[0xb]l[0xda][0xd0][0xb]l[0xa1]U[0x95][0xe1]I@[0xaa]e[0xa6]Z[0x1][0xbe]U[0x12]`[0x1f]{7EZ[0x1]>[0xe4][0xb3][0x8f][0xbf]mpK[0xc5][0xe0][0xaa][0xd8][0xa5][0xa7][0x93]Y[0x87][0x83]o[0xee]j[0x8b][0x8e][0xbe][0x6][0x84][0xf3]=~[0x15][0x18][0xe7];[0xab][0xe][0x94][0xb7]z[0xfe]Zp[0xce]w[0xf8]T[0x90][0xce][0xef][0xff]t[0xb0][0xce][0xf7]P[\r]h[0xe7]{[0xad][0xb8]`[0xe4]}co[0x9e][0xbd][0xde]6ZD[0x94][0xe4][0xe3][0x93][0xa6]m[0xd8][0xf2][0xac][0x9e]t:[0xda][0xee][0x9a][0x5][0xde][0xd8][0xeb])k[0xbb]k[0xb3][\n]"
21:59:32.464 [main] DEBUG org.apache.http.wire - http-outgoing-0 << "[0xc1][0xcf][0x6][0xdf][0x2][0xb][0xab][0x86]n+[0xa9][0xf9]K3e[0x8b][0x8c][0x9][0xf6][0xa5][0xd6][0xb3]L[0x86][0xc7][0xde][0xe3][0x8e][0x9a][0xbf]49F[0x8][0xcc]2[0x8f]x[0xf2][0x95][0x90][0x6]([0xf8][0x86][0xe3][0xf3]zY[0x88][0xa7][0xe7]Is[0xe6][0xfc];u[0xf0][0xdc]Y[0xde][0x91][0x82]o%[0xe][0x80]fF[0xaa][0xcf][0xa8][0x1c][0xbe][0x81][0xb][0x8c][0xb][0x80]#m[0xec][0x8f][0xf0]&PL[0x1f][0xb2][0x80]D:[0xc4]~bB[0x1]Wo[0xb9][0x8e][0x84]g2[0x1d]d[0x1a][0x14][0x5][0x1f]xX[0xa1][0xd3]5[\n]"
21:59:32.465 [main] DEBUG org.apache.http.wire - http-outgoing-0 << "[0xaa][0xb8][0xaf]q[0x1c][0xd3][0xf0][0xba]d[0xbb][0xf9]i8[0xf][0x9b]f[0x80][0xf1][0xcb][0x9f][0x94][0xe][0x16]}MA[0x2][0xb1];[0x15]$[0xe0]![0xd9][0xea]h&[0xde][0x9f][0x94]f"[0xf3]e-^[0xf8][0xc3]`[0xcc][0x18][0xe][0xe8]~<x}[0x8f]3I[0x8e][0xa0][0xe][0xb2][0xc6][0xdf][0xdc]j[0x1e]?e[0xaa][0x2]l[0x98][0xce]gx)[0xa2][0x10][0xde]![0x14]D[0x89][0x92]0[0xdc]_[0xfa][0x11][0xf2][0x1d][0xc9][0xd0][0xb8][0xf][0x12][0xe2]#9[0x86][0xaf][0xcb][0x17]H8[0x13][0x9e]@J6[0xc7][0xa0]([0x96][0xdc][0xb3][0x1f][0xa3][0xb9][0xcc]8[0x95]_2[0xce][0x3]6[0xf4]"?R[0x9b][0x85]pu[0xf6][0xef][0xaf]a[0xa5][0xbd][0x4]aE[0xff][0xfc]~[0x85]|[0xd1][0x84][0xd8]b[0xe9][0x96]#[0xd4][0x2]`U[0x16][0x90][0x96][0xc9]G[0xb1][0x97]f[0xc9]4H[0x9][0x17]V[0xd2]![0xe7][0x99][\r][0xf3]l8[0x8e][0xc7]K[0xc6][0xad][0xfc]x[0x8a][0x8d][0x87][0x5]QT[0xdc]t[0x1a]f[0xd9]q[0xc][0x9b]h[0x96]G[0x9a][0x18]Z[0xc3]&=[0x8c][0xd0][0xbe][0x1a]6[0x5]k[0xda][0x16][0xab]pTUf'[0xef][0xb0][0x1e]6e[0xa3][0xef][0xea][0xd9][0x94][0xf6]QRq[0xd5][0xe2]G[0xda][0xc1][0xa6][0xdc][0xf7][0xcf]OLQ[0xe2]i3[0xb3][0x93][0xf7]R[0x8e]M[0xe1]m[0x15][0x9b]B[0xa2][0xcd][0xdc][0xe4]DM[0x92][0x9a][0x8a]M[0xd9][0x98]6{l[0x8a][0xdd]0[0xc1][0xa6][0xd8]][0xc3][0x5][0xa1]R[0xc8][0xa6]8[\r][0xdd]:7[0xe1]6[0xe1]v[0xed][0xba][0xd8][0x94][0x96][0xe5]8z[0xe2][0x1e]o[0xf0][0xad][0x12]+F[0xb3][0xf7]xa[0xf4][0x8e][0xb3][0x85][0xf0][0xee]PX n[0xe8]G[0x80][0xbe]'[0xf2]([0xdb][0x0][0xa1][0x84][0xe4][0x19][0x5][0xba]|[0x2]"
21:59:32.470 [main] DEBUG org.apache.http.wire - http-outgoing-0 << "[0xaf][0xd6][0x8a]JH[0x9e][0xff][0xb4]6[0xff]_[0x84][0xfa][0xf6][0x6][0xfa][0x8c]N[0xc7][0xd2]%&l[0xb6]k[0xe3]W[0x89][0xc][0x91][0x3][0xa5]Ipj[0x14][0xb9][0xf7]d[0xda]Xu[0xc5][0xf9][0x0]}[0xcd][0x2][0x18][0xac]2[0xca][0x7][0x94]6ZY[0xcc][0xc6]VI[0xcc][0xbe][0xef]s[0xcf][0x12]Q|:;XE[0xcd]t[0x9b]0[0x8e]\^[0xaf][0x6],[0xaf]e[0xfb][0xab][0xa4]b{*[0xf1][0xe7][0xef]*[0x2][0x12]Yv[0x97][0x82][0x81][0xf7][0x16][0x8b])[0xd4][0xc1][0x94]S[0xd5],C[0xcd][0xb4][0x90][0xc4][0x89][0x14][0x9f]-j[0xc6]j[0x83][0xb0])DlLm[][0xbb][0x88][0x99]I[0xa7][0xbf][0xed][0xae][0xce][0xdc]Mj`f[0xf2][0x88]][0x7]'[0xa3][0xb7][0x90][0xe3][0x83][0xe1][0xb3]I-[0x82][0x9f][0xd8]*[0x81][0xd6]v[0xef][0xf8]_Puf[0xb3]}8Z#0HSl[0xc5][0xc6][0xa8]*[0xd3][0xc4][0xa9]_[0x6]*U[0x93]2[0xbe]J[0xc5]T[0xbe][0x19]2[0xbd]<[0x1b][0xd3][0x86][0xb5][0xb1])[0x9b]lC,%[0x85]n[0x90][0xea][0xed]s[0x12]x[0xda][0xc5]V[0x99][0x99]6F[0xfd][0xd0][0xbd][0x85][0x88][0xd5][0xd2]0<[0x96][[0x1d][\r][0xc3][0xfb][0x93][0xd2]0H[0x90][0x11]U[0x9c])[0xa3][0x4][0xf4][0x0][0xd5][0xcc]$[0x8e][0x80][0x17][0x4]%wKV;[0xd7]G[0xd1][0xdf][0xb4]Z$[0x99]W[0xa2]D$[0xa5]?[0xa3][0xcc]j8[0x6]K3[0xb]C[0x96][0xa2][0xf3][0x9a][0xf1]: Nn[0x3]V[\r][0x9a][0x97]([0xe6][0x5]#[0xfd]i[0xca]Zd[0x1c]:[0xf9][0x1e] wX{[0xb0],[0xa8][0xfb]x[0xfa][0xee][0xb6]En[0x9c]D[0xed][0xe5]*[0xb0][0xfe]3[0xe3][0xd7])[0xd2]Zh[0xa7][0xeb][0x10][0x15]R[0xbd][0xc9][0x1c] [0xad][0x87]r[0x91][0xa6][0xf4]Sng[0xc6][0xd7]\[0xb1]l[0x9d]7[0xa8][0xaa][0x8d]J[0xd6][0xef]R~[0xe8]Jc[0x2][0xe3]aY[0xbe][0xe5][0xe3]_+[0xf][0xa5]0)#f[0x88][0xb2][0xaf]-[0xed][0xce][0x8b][0xe6]8[0x5]6`~[0xf5]P[0xa4]s[0xd4][0xed][0x82][0xb0][0xf2]=[0xfc][0x19]O}[0xf1]r[0xb4][0x8a][0xba][0xda][0xf1][0x8a]W[0xf1]~[0x85]r[0xbe][0x95][0x90]/[0xa6][0xdd]j[0xe9]6[0xe9]0*"_D[0x87][0xb5][0x90]/[0x9b]}WO[0xbe][0xb4][0x8e][0x92][0xc9][0x8f]8R1[0xf9]r[0x8a][0xb2]k[0xff][0xba][0xeb][0x1f]3![0xca]&[0xf9][0xc2]{)A[0xbe][0xe8]G[0xbc][0xe9]>[0xee]E[0x88]P[0xc5][0xbc]L[0x89][0xb7]I[0xc9]~[0xb8]~0[0x91][0xf4][0xa6]e|[0x95]x[0xbb]`J[0xf2]-[0x8b][0xb7]Ke[0x9a][0x18][\r][0x13][0xd6][0x97]&[0xd2]LD0O[0x9a]i[0x82]V[0xc6][0xb9][0xde][0xe9]Z-Qu[0xa1][0x86]L[0x13][0xd3][0xd2]Q[0xd2];Y[0xb9][0xf1][0xad][0x12]+[0xb7][0x87][0xde][0xe3]k[0xa7][0xbf]Q[0xa8]&[0x89][0xb3][0x1][0x9a][0x9e][0xc8][0x8d]([0x98][0xca][0x98][0xcc]l[0xa2][0xc]T$)[0x97][0x8c]/}[0x19][0xeb][0x16][0x5]SeMr[0xbe]e[0x98][0xda][0x11][0xb][0xdb][0xcb]][0xe8][0xb6][0xde][0x91][0xe5][0x98][0x18][0xb6]^[0x90]c[0x92]A2[0xa3]([0xc7]$[0x8b]v[0xcc]'[0xa7][0x86]P[0x18][0xb0])%/r8U%ya[0xa2][0xc0][0x8e][0x9b]J[0x94][0xf9]V9P}o[0xa3]0o&}/[0xb][0xaa][0x8a][0xbc]P[0xe4][0x85][\n]"
21:59:32.471 [main] DEBUG org.apache.http.wire - http-outgoing-0 << "[0x85][0x89][0xca]o*[0x14][0xf6][0x14][0xf2][0xc2]m[0x1b][0xba]L[0x8e]l[0xdb][0x86][0xdc][0xb4][0xc]`l[0xb2]$g[0x10][0xce]E[0x85]x3mx[0xe6][0xc9]3[0x0]v[\r][0xdc][0x85]i9[0x96]m[0xad]g[0xc0][0xb4]U[0xe][0xac]/[0x1e][0xfb][0xc7][0xbd][0x2][0xb0][0x6]u[0xa1][0xd2]H[0x14][0xd5][0xac][0x88][0x8b][0x85]".[0xba]/6[0xa9][0xe6][0xf2][0xc4][0x5][0xea][0xa7][0x83][0xa2][0x90][0x90][0xce][0x86][0x1]+J)u[0xc1]Q[0xd9][0xee]ZD<[0x17][0xa4]sg[0xda][0xd4][0xa6][0x13][0xca]O[0xb5][0x13]@[0xac][0x96][0xb7][0xe0]q[0xd0][0xea]x[0xb][0xde]_[0x11]o[0xf1][0xf6][0xf4][0xcd]I[0xff][0xe3]I[0xa6][0xb0][0xd5]?n[0xc2][0xf8]z[0x10][0xad]([0xc]Oa[0xfc][0x8f][0xc3]kxL[0xa1][0xec][0xd5]`[0x15]LG17[0xf9]"[0xcf][0xab][0xc5]*[0xbe][0xf6]cf[0xed][0xb5][0x80][0xd9][0x6]l[0xa9][0xfe]Z[0xf1][0xd4][0x9][0x9e]T[0x91][0xa1]'N@~[0xa0][0x87]7[0xef][0xce]~e[0x1d][0xac][0xcd][0xb3]*[0xb][0xdd][0x1b]NG'{[0xe5][0xca]B[0xf7][0xac][0xc3][0x9a]B[0xf7][0xd9][0xbe][0xeb][0x8][0xdd]'*3[0xe4][0xd8][0xd2]Y[0xec][\n]"
21:59:32.471 [main] DEBUG org.apache.http.wire - http-outgoing-0 << "[0xdd][0xf7][0xce]/[0x1c]h[0x16]d[0xa1]{[0xea][0xa5]D[0xe8][0x1e]<^[0x8b][0xf9]^[0xed][0x8b][0xdd]oK[0xb3][0x94]`X[0x9][0x86][0xcf][0x81][0x19]~[0xd4]T[0xde][0x0]\[0x18]Sj[0x15][0xf8]G0\[0x92][0x1b]0L[0xca][0x88][0xb0][0xc1][\r][0xb0][0xa5]W[0x1]7@[0xad][0xb0]@[0xb3][0x85][0xb8][0xac][0xe]n@G[0xf1][0x99][0xd4][0x85][0xca]d[[0xa5]VF[0xc7][0xef][0xed][0xde]c[0xd6][0x85]j[0x1d][0xc6][0x12][0xfe]S[0xca] E[0xa9]p[0x95][0xa6]K-[0x8d]6[0x97]F[0xfb][0x98][0x7][0xd7][0xb0],[0x3]6([[0x12]\[0xbd][0xc0][0xbb][0xd9]hp[0x94][0xb4][0xf5][0xae]U$[0xc1][0xcd][0xb4]qXbE-a,=[0xc3];d0[0xb0]R[0xd6]A[0xb7][0xdb][0xfa]:[0x90][0xc5][0xb6]J[0xc2][0xb5][0xd5]+[0x8]d[0xe9][0x8d]0[0xbe]W`[0xad][0xc0]Z[0x81][0xb5][0x2][0xeb]|[0x1c]k[0x1f]\[0xb7]u[0xd7]v%[0xb2][S[0xd7][0xe5]V[0xfb][0x9][0x14]cRk0[0x3]V[0x89][0x15]a[0xa6]Mm[0x1e](X[0xa1]o[0xc0][0xb5][0xc0][0xc0]J[0xc1][0xda][0x0]W[0xee][0xa4][0xac][0x3][0xdb]*[0x5][0xd6][0xe7][0xaf][0xef][0xfb][0xc7][0x17]R[0xd6][0x81][0xd9]W)[0xd6]A[0xb1][0xe][0x8a]uP[0xac][0x3]\[0xa9][0xe]f[0x1d]\[0xdd]r[0x9][0x8e][0xb6][0xe6][0xd9]n[n^[0x5]P[0xb6][0xcf][\r][0x83][0x94][0x8a][0x85][0x1e][0xb2][0x99]6[0xdc][0xf][0xe2][0x19][0xe6][0xd9]u[0x91][0xe][0x14][0xc0][0xad][0x92]t[0xa0][0xfe][0x8a]H[0x7]*[0xe9][0xf1][0x8e]|[0x94]>[0x86][0xab]h[0x8][0xc3][0xa7][0xb4][0x9a][0xc7][0x16]s[0xf0]3[0xe8][0x5]0[0x7][0xcc][0xd8][\n]"
21:59:32.472 [main] DEBUG org.apache.http.wire - http-outgoing-0 << "I[0x1]>[0xa5]7[0xc4][0xa8]X[0xa9][0x8d]#T[0xdb][0xc8][0xf2][0x8][0xa8]l[0x12][0xa2][0xec][0x1d][0x9c][0xa6][0x18]Q[0x81][0xe2]$[0xfe][0x82][0x91][\r][0x1f]N^[0x1f][0xf7]N[0xb2][0x16]Q[0xd7][0xde][0x92][0x92])[0xa8][0x94][0x8]L[0xa0][0xd0]9U[0xff][0xf0]F[0xbc]O[0xee][0xe7][0xc4][0xf][0x82]$[0x84][0xcd]C[0x88]Z[0x1e][0x9b][0x1e]R[0xd5]$[0x1f][0x98][0xad]V[0xc7][0xa9]2[0xf9][0x80]wX[0xf][0x83][0xb1][0xd1]w[0xf5][0xc][0x86][0x93][0xd6][0xd1]@[0x95]L[0xba],;[0x18][0x8c][0x7]$[0x1f]8[0xfd]sI[0xf2][0x1][0xef][0xa5][0x1c][0x83][0xc1][0xdb]*[0x6]"
21:59:32.474 [main] DEBUG org.apache.http.wire - http-outgoing-0 << "C[0xa5][0xd0][0xab][0xda][0x99][0xfb][0xcb][0x84][0xfe][0x9d][0x12]2[0xf7]3[0x18][0xe]Bn[\r][0x3][0xd9][\r][0xe][0xca]][\n]"
21:59:32.476 [main] DEBUG org.apache.http.wire - http-outgoing-0 << "[0x9][0xc2]6[0x83][0x91][0xb6]ju1mp[0x18][0xcf]Q[0x3][0x83]a[0x18]N{[0xed]"[0xc2][0xb7]J[0xac][0xb2][0xee][0xc1][0xf3]Zr[0x17][0x11]@[0x9f][0xca]n[0x80]s[0xc8]:g[0xe3]I[0x8e]!*[0xbb][0x1][0xf3][0xf2][0x9d][0x85][0x1b][0x93]+[0xb4]QC[0x18]o[0xc7][0x93]K[0x0][0xab][0xec][0x86][0xa5][0xcc][0xe9]c_[0xd0][0xca]E[0xf5]m*6[0xbe][0xb5][0xf6][0xc1][0xcc]j[p[0x95][0xc1]1[0xac]}l[0xa9]1S[0xae]M]U[0xda][0x81]Li[0xd0]*[0x87]RU[0x6][0xae][0x0][0xa2][0xad][0xb5][0xd5][0x7][0xdf]*[0x9][0xa9][0xa6][0xcc][0xea]C?[0xa2][0xc1]*[0x96]A[0xe5]6[0xa8][0xdc][0x6][0x95][0xdb][0xb0] 7[0xf5][0xa7][0x19]3[0x81]e`|[0xc2][0x16]`[0xa3][0xd4][0xef]N[0xc0][0xc6][0xc4][0x93]W[0xc3][0xc8][0xb3][0xc][0x9b][0x93]S[0xbb].[0xa7][0xf5]<`[0xd7][0xc0]2[0x0][0x9e]]3e[0x19][0xf8]VI[0xb0]F[0xbd][0x8c]m[0x96][0x1][0xea]EBkE3[0xa8][0xfa][0xeb][0xca][0x95]i[0xe7]4>_[0xad][0xe4][0xef][0x14][0x4][0xd8][0x91];|[0xdf]xBr[0x3]h[0x6][0x9b]|[0xe2][0xf2][0xc8][\r]C=I[0xa9][0xba][0x14][0x95]a[0x95]g[0xed]Cn[0xd6][0xc6][0xd1]k[0x92][0xf3][0xac][0x91];[0x7][0x88][0xd5]&7[0xf0]0ku<[0x3][0xef]/[0xc3]3d[0x92][0xe]D[0xac][0xde][0x8b]&T[0xaa][0x81][0x8a][0xa4]'[0x95][0xb6][0x93][0xea][0xda]o[0xf0]oa[0x86][0x18][0x10][0xb5]2[0xa6][0xa8][0x80][0x2][0xd7]#QL[0x9c][0xca]iP[0x5][0x8d]L[0xc1]o[0xd2]~[0x12][0x81][0xb0][0xc][0x87][0xe1]ts[0xb1][0xaf][0xbc][0xd8]w[0xa1]+R%[0xc][0x82][0xd1][0xd1]m[0x87][0xa9][0xa5]*[0xca][0x81][0x10][0x1d][0xd6][0xc2] l[0xf6]]=[0x83]`[0xa7][0xf6]E[0xe2]H[0xc5][0xc][0xc2][0x9][0xf2][0x1f][0xde][0xc3][0x15][0x9d][0xe5]=n[0xda][0x17][0xf1]^J0[0x8][0xd8]Sq[0x7][0x8a];P[0xdc][0x81][0xe2][0xe]|*,w[0xe9]-[0xb1][0xea]3u[0x3][0x9f]x[0xbd][0xa1]#[0xaf]Ag[0xac][0x0]K_[0x94]r[0x7]I+[0xdb][0x10]9[0x12][0xd5]s[0x7][0x1d][0xc3][0xb4][0xad]DM[0xcb]7[0xf6][0xaf][0x9c]>[0xdd][0xf7]n[0xde]?[0xf6][0xee]~[0x90][0xe8][0xb3][0x0][0x8f][0x8a]9P[0xcc]AR[0xac].[0x8d][0xf3][0xe3][0x83][0x19][0xf9]#x[0xc9][0xdd][0xcd][0xfd][0xe8][0xcb]gV([0xe6][0xb][0x1e][0xfc][\r][0x2][0xe0])[0xc6]O[0x8a]9[0xe0]5[0xeb]q%[0x9f][0xb5][0xf6][0xb6]k[0xdb][0xe][0xe9][0xa3][0xf2][0xcb][0x19][0xb3][0xe5]JL6R[0xac]#[0x87][\r]${[0xc9][0xe4][0xae][0xb9]6u[0x95]t[0x0]2[0xa5][0xcc]A[0xe][0xa5]*d[0xe][0x80][0xa1]F[0xea]4[0xc7]7[0xca][0x1][0xea][0x89]u[0xf6][0xba][0x8]P[0x15]o[0xa0]x[0x3][0xc5][0x1b]([0xde][0xe0][0x10][0xde][0xc0][0xb2]a[0xaf]![0x81]k[0xf8][0xe4]Jy[0x83]d[0xd2][0x89][0xdc]\K[0xea][0xac][0x91][0x99][0xbe][0xa2][0x8d]S[0x17][0xd1][0x9b][0x87][0xeb][0xea]y[0x3][0xa0]3[\n]"
21:59:32.477 [main] DEBUG org.apache.http.wire - http-outgoing-0 << "[0xd5]b[0xe]B[0x96][0x3]|[0xa3][0x1c]T[0x9f][0x1a][0xfd][0xf7]EP[0xad]H[0x3]E[0x1a]([0xd2]@[0x91][0x6][0xf][0x12][0xac]~[\n]"
21:59:32.477 [main] DEBUG org.apache.http.wire - http-outgoing-0 << "i[0xd0]1[0x98][0xc4]9?[0xcb]v[0x1c]WR[0xcb]![0x3][0xc9]6*L[0xee][0x83]m[0x1b][0x85][0xb5]Y[0x15][0xca][0x1a]r[0x13][0xf2][0xb0]]On[0x2][0xf][0xc2]V[0xc7][0x19][0xf0][0xfe][0xe4][0x9c][0xc1][0xc7]O[0xc1][0x82]j9,[0x2][0x14]r[0x98]h[0xe1][0x82][0xea]3xS-X[0xfa]3[0x96]Lp[0x8d]{[0x1d]UdZ[0x84][0xc8]4[0xb9]SW[0x1a][0xb0][0xa7][0xe][0xeb][\n]"
21:59:32.477 [main] DEBUG org.apache.http.wire - http-outgoing-0 << "[0xd8]g[0xfa][0xae]#`[0x9f][0x14]{[0x16][0x97]ew[0xc0][0xfe][0xf4][0xb1]w[0xcc][0xec]8[0xf2][0x1]{[0xea]E[0x5][0xec][0x11][0x82][0xe4][0xbe]:[0xb8][0x1a][0xd7][0xcb][0xd9]4[0x17]lQ[0xc9][0xdf]*[0xf9][0xfb][0x9b]L[0xfe].%[0xf6]g[0xab]"[0xc3][0xea][0x9a]D[0xb9][0xef][0xe][0xd8][0xa3][0x95][0xe5]v[0x9d][0x9a][0xca]<w[0xc]}[0xed]V[0xc4]7J-Z[0x8e]'[0x8f]g[0x5][0x8b][0x16]C[0xe9]R[0xd5][0x9a]E[0xad]Y[0xd4][0x9a]E[0xb6]f[0xd9][0x97]H[0xd0]v[0xdd][0x96]-[0x89]/![0x8][0xe][0xb][0xa3]|[0xbd][0xd0]d[0xa1][0xc2]1[0xd2][0xda]I[0x7][0xf0]6\[0xbb]Z[0xcb]Be][0xe1][0xd9]F[0x15][0xce]$[0xbe][0xf4]'[0x9b]+[0xe][0xbc]i~[0x82][0x94]s[0xe1]cR[0xb7][0xe6],|[0xc][0xa6]S[0xaf]9[0xa1][0xd2]g[0xa3]([0x80]@[0xa8])voB5[0x85][0x8e]1[0xdb][0xaa]r[0x9d]B[0xfd][0x89]u[0xca][0xd9]|[0xfa][0xa0][0xf5][0x83][0xc9][0xf5][0x12][0x92][0xe5][0xea][0xb1]{2[\n]"
21:59:32.478 [main] DEBUG org.apache.http.wire - http-outgoing-0 << "hy[0xc2][0xf2][0x97][0xc3][0xf1]8[0x18][0x6]X[0xa9][0xc4][0xab][0xc5]"[0x8c]0[0xff];[0xd2][0xce] [[0x8a][0x12][0x19]S[0xac][0xcd][0xbc][0x7][0xed].[0x8c]>!?z[0xc9][0xf6][0x99][0x87]K[0xcd][0xbf]'[0xd3][0xf5][0x80]z][0xef]Y[0xd5][0xfa][0xc6]m[0xc3][0xa4][0xbd]BSV[0x83]wX[0xcf][0xfa]f[0xa3][0xef]:[0xd6]7i[0xe9]o~[0xa4][0x1d][0xeb][0x1b][0xbb][0xff]8[0xbc][0x97][0x9a][0xb2][0xda],1[0xba][0xc4][0xfa][0x86]=[0x8f][0xca][0x94]UU[0x5][0x7][0xeb][0xce][0xe9][0xf8]2|{^[0xe2][0xab]LY[0xff][0xa6][0xa6][0xac]([0xd2][0xdd]i[0x98].[0xad]r[0xac]v[0x97][0xd7][0xba][0x90][0xc9][0x92][0xd2]V[0xb0][0x1b][0xb4][0x99][0xf6][0xb8][0x6]Y[0x92][0xae][m[0xfa]J0j[0x86]m[0x94]X[0xe5][0xdc]A[0xb0]i[0xf5]'rjF%4[0x93][0x16]S%4[0xc7](6[0x97]\[0x86][\n]"
21:59:32.479 [main] DEBUG org.apache.http.wire - http-outgoing-0 << "[0x1d][0xa6]UBss[0xb5]qi[0x9f]][0x96]duL[0x99]i[0xaa][0xe9]Jyn[0x8e]b [0xb0]Q[0xff][0x9a][0xe7][0xbe]m[0xe7][0xc7]e[0xdb][0xd4][0x96]e[0x81])YF[0x96][0xb4][0x81]R[0x15][0xca][0x92][0xdc]N[0xc7][0xb4][0x92][0xea][0xbd]|c?[0xa0]N[0x1c][0xa4]2?[0xf6][\n]"
21:59:32.481 [main] DEBUG org.apache.http.wire - http-outgoing-0 << "[0x1]U[0xc9][0x92][0x94],I[0xc9][0x92][0x94],IBu[0xef][0xf][0x1b][0xb5]-][0x2][0xd7][0x86]k[0xc2]Ju;l[0x94][0x9d]t[0x1a][0xac]nf[0x11]\c[0xfa][0x8a][0x89][0xa9][0xc9][0xbc]vj[0x9][0x1b]m[0xc2]u[0xf5][0xb2]$[0xa0][0xb3][0x93][0xba][0xf9][0xf0][0x8d]rP}a[0xf6][\n]"
21:59:32.482 [main] DEBUG org.apache.http.wire - http-outgoing-0 << "[0x14][0xa4]*[0x97][0x99][0xaf][0xd9][0x14][0xc7][0xa9]8[0xce]o[0x92][0xe3][0xac],[0x97][0xd9]u[0xda][0xa6][0xa4]P[0x9b]i[0xc8]J"[0xa7][0x11][0x5][0x98][0xa4][0x99][0x85][0xe2][0x1][0xed]h[0x3][0xe4][0xae][0xab]4A~[0x96]][0x97],[0xa9]Z[0xcb]T[0x1e][0xae][0xfd][0xdf][\n]"
21:59:32.483 [main] DEBUG org.apache.http.wire - http-outgoing-0 << "[0xf7][0xff][0xf9]?[0x8a],[0xf7]6[0xac]#[0x5][0x0]"
21:59:32.488 [main] DEBUG org.apache.http.impl.conn.PoolingHttpClientConnectionManager - Connection [id: 0][route: {s}->https://api.github.com:443] can be kept alive indefinitely
21:59:32.488 [main] DEBUG org.apache.http.impl.conn.DefaultManagedHttpClientConnection - http-outgoing-0: set socket timeout to 0
21:59:32.489 [main] DEBUG org.apache.http.impl.conn.PoolingHttpClientConnectionManager - Connection released: [id: 0][route: {s}->https://api.github.com:443][total kept alive: 1; route allocated: 1 of 2; total allocated: 1 of 20]
21:59:32.663 [main] INFO io.github.bonigarcia.wdm.WebDriverManager - Latest version of geckodriver is 0.26.0
21:59:32.767 [main] INFO io.github.bonigarcia.wdm.Downloader - Using binary driver previously downloaded
21:59:32.769 [main] INFO io.github.bonigarcia.wdm.WebDriverManager - Exporting webdriver.gecko.driver as C:\Users\Pascal.ZARAGOZA\.m2\repository\webdriver\geckodriver\win64\0.26.0\geckodriver.exe
21:59:38.765 [main] INFO com.codeborne.selenide.webdriver.BrowserResizer - Set browser size to 1366x768
21:59:38.844 [main] INFO com.codeborne.selenide.webdriver.WebDriverFactory - BrowserName=firefox Version=75.0 Platform=WINDOWS
21:59:38.844 [main] INFO com.codeborne.selenide.webdriver.WebDriverFactory - Selenide v. 5.10.0
21:59:38.844 [main] INFO com.codeborne.selenide.webdriver.WebDriverFactory - Selenium WebDriver v. 3.141.59 build time: 2018-11-14T08:17:03
21:59:38.844 [main] INFO com.codeborne.selenide.drivercommands.CreateDriverCommand - Create webdriver in current thread 1: FirefoxDriver -> FirefoxDriver: firefox on WINDOWS (0a4c5536-1409-490d-bdea-7bf3ffe5f281)
22:00:25.873 [main] DEBUG com.codeborne.selenide.impl.ScreenShotLaboratory - reportsUrl is not configured. Returning screenshot file name 'C:\Users\Pascal.ZARAGOZA\eclipse-workspace\000-testprint\frontend\build\reports\tests\org\mybatis\jpetstore\ScreenTransitionIT\emptyMethod\1587585625746.0.png'
]]></system-out>
    <system-err><![CDATA[avr. 22, 2020 9:59:38 PM org.openqa.selenium.remote.ProtocolHandshake createSession
INFO: Detected dialect: W3C
]]></system-err>
  </testcase>
  <testcase name="testRegistrationUser" classname="org.mybatis.jpetstore.ScreenTransitionIT" time="14.364"/>
  <testcase name="testLogoContent" classname="org.mybatis.jpetstore.ScreenTransitionIT" time="11.309">
    <failure type="com.codeborne.selenide.ex.InvalidStateException"><![CDATA[com.codeborne.selenide.ex.InvalidStateException: 
Invalid element state: Element <area href="Catalog.action?viewCategory=&categoryId=BIRDS"> could not be scrolled into view
Screenshot: file:/C:/Users/Pascal.ZARAGOZA/eclipse-workspace/000-testprint/frontend/build/reports/tests/org/mybatis/jpetstore/ScreenTransitionIT/emptyMethod/1587585652702.1.png
Page source: file:/C:/Users/Pascal.ZARAGOZA/eclipse-workspace/000-testprint/frontend/build/reports/tests/org/mybatis/jpetstore/ScreenTransitionIT/emptyMethod/1587585652702.1.html
Timeout: 10 s.
Caused by: ElementNotInteractableException: Element <area href="Catalog.action?viewCategory=&categoryId=BIRDS"> could not be scrolled into view
	at org.mybatis.jpetstore.ScreenTransitionIT.testLogoContent(ScreenTransitionIT.java:407)
Caused by: org.openqa.selenium.ElementNotInteractableException: 
Element <area href="Catalog.action?viewCategory=&categoryId=BIRDS"> could not be scrolled into view
Build info: version: '3.141.59', revision: 'e82be7d358', time: '2018-11-14T08:17:03'
System info: host: 'BLPP-4906', ip: '192.168.0.23', os.name: 'Windows 10', os.arch: 'amd64', os.version: '10.0', java.version: '13.0.2'
Driver info: org.openqa.selenium.firefox.FirefoxDriver
Capabilities {acceptInsecureCerts: true, browserName: firefox, browserVersion: 75.0, javascriptEnabled: true, moz:accessibilityChecks: false, moz:buildID: 20200403170909, moz:geckodriverVersion: 0.26.0, moz:headless: true, moz:processID: 14544, moz:profile: C:\Users\Pascal.ZARAGOZA\Ap..., moz:shutdownTimeout: 60000, moz:useNonSpecCompliantPointerOrigin: false, moz:webdriverClick: true, pageLoadStrategy: normal, platform: WINDOWS, platformName: WINDOWS, platformVersion: 10.0, rotatable: false, setWindowRect: true, strictFileInteractability: false, timeouts: {implicit: 0, pageLoad: 300000, script: 30000}, unhandledPromptBehavior: dismiss and notify}
Session ID: 0a4c5536-1409-490d-bdea-7bf3ffe5f281
	at org.mybatis.jpetstore.ScreenTransitionIT.testLogoContent(ScreenTransitionIT.java:407)
]]></failure>
    <system-out><![CDATA[22:00:52.838 [main] DEBUG com.codeborne.selenide.impl.ScreenShotLaboratory - reportsUrl is not configured. Returning screenshot file name 'C:\Users\Pascal.ZARAGOZA\eclipse-workspace\000-testprint\frontend\build\reports\tests\org\mybatis\jpetstore\ScreenTransitionIT\emptyMethod\1587585652702.1.png'
]]></system-out>
  </testcase>
  <testcase name="testSelectItems" classname="org.mybatis.jpetstore.ScreenTransitionIT" time="13.253"/>
  <testcase name="testUpdateProfile" classname="org.mybatis.jpetstore.ScreenTransitionIT" time="12.666"/>
  <testcase name="testMainImageContentOnTopPage" classname="org.mybatis.jpetstore.ScreenTransitionIT" time="11.323">
    <failure type="com.codeborne.selenide.ex.InvalidStateException"><![CDATA[com.codeborne.selenide.ex.InvalidStateException: 
Invalid element state: Element <area href="Catalog.action?viewCategory=&categoryId=BIRDS"> could not be scrolled into view
Screenshot: file:/C:/Users/Pascal.ZARAGOZA/eclipse-workspace/000-testprint/frontend/build/reports/tests/org/mybatis/jpetstore/ScreenTransitionIT/emptyMethod/1587585689925.2.png
Page source: file:/C:/Users/Pascal.ZARAGOZA/eclipse-workspace/000-testprint/frontend/build/reports/tests/org/mybatis/jpetstore/ScreenTransitionIT/emptyMethod/1587585689925.2.html
Timeout: 10 s.
Caused by: ElementNotInteractableException: Element <area href="Catalog.action?viewCategory=&categoryId=BIRDS"> could not be scrolled into view
	at org.mybatis.jpetstore.ScreenTransitionIT.testMainImageContentOnTopPage(ScreenTransitionIT.java:366)
Caused by: org.openqa.selenium.ElementNotInteractableException: 
Element <area href="Catalog.action?viewCategory=&categoryId=BIRDS"> could not be scrolled into view
Build info: version: '3.141.59', revision: 'e82be7d358', time: '2018-11-14T08:17:03'
System info: host: 'BLPP-4906', ip: '192.168.0.23', os.name: 'Windows 10', os.arch: 'amd64', os.version: '10.0', java.version: '13.0.2'
Driver info: org.openqa.selenium.firefox.FirefoxDriver
Capabilities {acceptInsecureCerts: true, browserName: firefox, browserVersion: 75.0, javascriptEnabled: true, moz:accessibilityChecks: false, moz:buildID: 20200403170909, moz:geckodriverVersion: 0.26.0, moz:headless: true, moz:processID: 14544, moz:profile: C:\Users\Pascal.ZARAGOZA\Ap..., moz:shutdownTimeout: 60000, moz:useNonSpecCompliantPointerOrigin: false, moz:webdriverClick: true, pageLoadStrategy: normal, platform: WINDOWS, platformName: WINDOWS, platformVersion: 10.0, rotatable: false, setWindowRect: true, strictFileInteractability: false, timeouts: {implicit: 0, pageLoad: 300000, script: 30000}, unhandledPromptBehavior: dismiss and notify}
Session ID: 0a4c5536-1409-490d-bdea-7bf3ffe5f281
	at org.mybatis.jpetstore.ScreenTransitionIT.testMainImageContentOnTopPage(ScreenTransitionIT.java:366)
]]></failure>
    <system-out><![CDATA[22:01:30.088 [main] DEBUG com.codeborne.selenide.impl.ScreenShotLaboratory - reportsUrl is not configured. Returning screenshot file name 'C:\Users\Pascal.ZARAGOZA\eclipse-workspace\000-testprint\frontend\build\reports\tests\org\mybatis\jpetstore\ScreenTransitionIT\emptyMethod\1587585689925.2.png'
]]></system-out>
  </testcase>
  <testcase name="testQuickLinks" classname="org.mybatis.jpetstore.ScreenTransitionIT" time="9.091"/>
  <testcase name="testSidebarContentOnTopPage" classname="org.mybatis.jpetstore.ScreenTransitionIT" time="13.912"/>
  <testcase name="testViewCart" classname="org.mybatis.jpetstore.ScreenTransitionIT" time="1.953"/>
  <testcase name="testViewHelp" classname="org.mybatis.jpetstore.ScreenTransitionIT" time="0.967"/>
</testsuite>