<?xml version="1.0" encoding="UTF-8"?>
<testsuite xmlns:xsi="http://www.w3.org/2001/XMLSchema-instance" xsi:noNamespaceSchemaLocation="https://maven.apache.org/surefire/maven-surefire-plugin/xsd/surefire-test-report-3.0.xsd" version="3.0" name="org.mybatis.jpetstore.web.actions.AccountActionBeanTest" time="3.595" tests="6" errors="0" skipped="0" failures="0">
  <properties>
    <property name="java.specification.version" value="13"/>
    <property name="sun.cpu.isalist" value="amd64"/>
    <property name="sun.jnu.encoding" value="Cp1252"/>
    <property name="java.class.path" value="C:\Users\Pascal.ZARAGOZA\eclipse-workspace\000-testprint\frontend\target\test-classes;C:\Users\Pascal.ZARAGOZA\eclipse-workspace\000-testprint\frontend\target\classes;C:\Users\Pascal.ZARAGOZA\.m2\repository\junit\junit\3.8.1\junit-3.8.1.jar;C:\Users\Pascal.ZARAGOZA\.m2\repository\org\mybatis\mybatis\3.5.4\mybatis-3.5.4.jar;C:\Users\Pascal.ZARAGOZA\.m2\repository\org\mybatis\mybatis-spring\2.0.4\mybatis-spring-2.0.4.jar;C:\Users\Pascal.ZARAGOZA\.m2\repository\org\springframework\spring-context\5.2.5.RELEASE\spring-context-5.2.5.RELEASE.jar;C:\Users\Pascal.ZARAGOZA\.m2\repository\org\springframework\spring-aop\5.2.5.RELEASE\spring-aop-5.2.5.RELEASE.jar;C:\Users\Pascal.ZARAGOZA\.m2\repository\org\springframework\spring-beans\5.2.5.RELEASE\spring-beans-5.2.5.RELEASE.jar;C:\Users\Pascal.ZARAGOZA\.m2\repository\org\springframework\spring-core\5.2.5.RELEASE\spring-core-5.2.5.RELEASE.jar;C:\Users\Pascal.ZARAGOZA\.m2\repository\org\springframework\spring-jcl\5.2.5.RELEASE\spring-jcl-5.2.5.RELEASE.jar;C:\Users\Pascal.ZARAGOZA\.m2\repository\org\springframework\spring-expression\5.2.5.RELEASE\spring-expression-5.2.5.RELEASE.jar;C:\Users\Pascal.ZARAGOZA\.m2\repository\org\springframework\spring-jdbc\5.2.5.RELEASE\spring-jdbc-5.2.5.RELEASE.jar;C:\Users\Pascal.ZARAGOZA\.m2\repository\org\springframework\spring-tx\5.2.5.RELEASE\spring-tx-5.2.5.RELEASE.jar;C:\Users\Pascal.ZARAGOZA\.m2\repository\net\sourceforge\stripes\stripes\1.6.0\stripes-1.6.0.jar;C:\Users\Pascal.ZARAGOZA\.m2\repository\commons-logging\commons-logging\1.1.3\commons-logging-1.1.3.jar;C:\Users\Pascal.ZARAGOZA\.m2\repository\org\apache\taglibs\taglibs-standard-spec\1.2.5\taglibs-standard-spec-1.2.5.jar;C:\Users\Pascal.ZARAGOZA\.m2\repository\org\apache\taglibs\taglibs-standard-impl\1.2.5\taglibs-standard-impl-1.2.5.jar;C:\Users\Pascal.ZARAGOZA\.m2\repository\javax\servlet\jsp\javax.servlet.jsp-api\2.3.3\javax.servlet.jsp-api-2.3.3.jar;C:\Users\Pascal.ZARAGOZA\.m2\repository\javax\servlet\javax.servlet-api\4.0.1\javax.servlet-api-4.0.1.jar;C:\Users\Pascal.ZARAGOZA\.m2\repository\log4j\log4j\1.2.17\log4j-1.2.17.jar;C:\Users\Pascal.ZARAGOZA\.m2\repository\org\hsqldb\hsqldb\2.5.0\hsqldb-2.5.0.jar;C:\Users\Pascal.ZARAGOZA\.m2\repository\org\junit\jupiter\junit-jupiter-engine\5.6.1\junit-jupiter-engine-5.6.1.jar;C:\Users\Pascal.ZARAGOZA\.m2\repository\org\apiguardian\apiguardian-api\1.1.0\apiguardian-api-1.1.0.jar;C:\Users\Pascal.ZARAGOZA\.m2\repository\org\junit\platform\junit-platform-engine\1.6.1\junit-platform-engine-1.6.1.jar;C:\Users\Pascal.ZARAGOZA\.m2\repository\org\opentest4j\opentest4j\1.2.0\opentest4j-1.2.0.jar;C:\Users\Pascal.ZARAGOZA\.m2\repository\org\junit\platform\junit-platform-commons\1.6.1\junit-platform-commons-1.6.1.jar;C:\Users\Pascal.ZARAGOZA\.m2\repository\org\junit\jupiter\junit-jupiter-api\5.6.1\junit-jupiter-api-5.6.1.jar;C:\Users\Pascal.ZARAGOZA\.m2\repository\org\mockito\mockito-core\3.3.3\mockito-core-3.3.3.jar;C:\Users\Pascal.ZARAGOZA\.m2\repository\net\bytebuddy\byte-buddy\1.10.5\byte-buddy-1.10.5.jar;C:\Users\Pascal.ZARAGOZA\.m2\repository\net\bytebuddy\byte-buddy-agent\1.10.5\byte-buddy-agent-1.10.5.jar;C:\Users\Pascal.ZARAGOZA\.m2\repository\org\objenesis\objenesis\2.6\objenesis-2.6.jar;C:\Users\Pascal.ZARAGOZA\.m2\repository\org\mockito\mockito-junit-jupiter\3.3.3\mockito-junit-jupiter-3.3.3.jar;C:\Users\Pascal.ZARAGOZA\.m2\repository\org\assertj\assertj-core\3.15.0\assertj-core-3.15.0.jar;C:\Users\Pascal.ZARAGOZA\.m2\repository\com\codeborne\selenide\5.10.0\selenide-5.10.0.jar;C:\Users\Pascal.ZARAGOZA\.m2\repository\org\seleniumhq\selenium\selenium-java\3.141.59\selenium-java-3.141.59.jar;C:\Users\Pascal.ZARAGOZA\.m2\repository\org\seleniumhq\selenium\selenium-chrome-driver\3.141.59\selenium-chrome-driver-3.141.59.jar;C:\Users\Pascal.ZARAGOZA\.m2\repository\org\seleniumhq\selenium\selenium-edge-driver\3.141.59\selenium-edge-driver-3.141.59.jar;C:\Users\Pascal.ZARAGOZA\.m2\repository\org\seleniumhq\selenium\selenium-firefox-driver\3.141.59\selenium-firefox-driver-3.141.59.jar;C:\Users\Pascal.ZARAGOZA\.m2\repository\org\seleniumhq\selenium\selenium-ie-driver\3.141.59\selenium-ie-driver-3.141.59.jar;C:\Users\Pascal.ZARAGOZA\.m2\repository\org\seleniumhq\selenium\selenium-opera-driver\3.141.59\selenium-opera-driver-3.141.59.jar;C:\Users\Pascal.ZARAGOZA\.m2\repository\org\seleniumhq\selenium\selenium-remote-driver\3.141.59\selenium-remote-driver-3.141.59.jar;C:\Users\Pascal.ZARAGOZA\.m2\repository\org\seleniumhq\selenium\selenium-safari-driver\3.141.59\selenium-safari-driver-3.141.59.jar;C:\Users\Pascal.ZARAGOZA\.m2\repository\org\apache\commons\commons-exec\1.3\commons-exec-1.3.jar;C:\Users\Pascal.ZARAGOZA\.m2\repository\com\google\guava\guava\25.0-jre\guava-25.0-jre.jar;C:\Users\Pascal.ZARAGOZA\.m2\repository\com\google\code\findbugs\jsr305\1.3.9\jsr305-1.3.9.jar;C:\Users\Pascal.ZARAGOZA\.m2\repository\org\checkerframework\checker-compat-qual\2.0.0\checker-compat-qual-2.0.0.jar;C:\Users\Pascal.ZARAGOZA\.m2\repository\com\google\errorprone\error_prone_annotations\2.1.3\error_prone_annotations-2.1.3.jar;C:\Users\Pascal.ZARAGOZA\.m2\repository\com\google\j2objc\j2objc-annotations\1.1\j2objc-annotations-1.1.jar;C:\Users\Pascal.ZARAGOZA\.m2\repository\org\codehaus\mojo\animal-sniffer-annotations\1.14\animal-sniffer-annotations-1.14.jar;C:\Users\Pascal.ZARAGOZA\.m2\repository\com\squareup\okhttp3\okhttp\3.11.0\okhttp-3.11.0.jar;C:\Users\Pascal.ZARAGOZA\.m2\repository\com\squareup\okio\okio\1.14.0\okio-1.14.0.jar;C:\Users\Pascal.ZARAGOZA\.m2\repository\io\github\bonigarcia\webdrivermanager\3.8.1\webdrivermanager-3.8.1.jar;C:\Users\Pascal.ZARAGOZA\.m2\repository\commons-io\commons-io\2.6\commons-io-2.6.jar;C:\Users\Pascal.ZARAGOZA\.m2\repository\com\google\code\gson\gson\2.8.5\gson-2.8.5.jar;C:\Users\Pascal.ZARAGOZA\.m2\repository\org\apache\commons\commons-lang3\3.8.1\commons-lang3-3.8.1.jar;C:\Users\Pascal.ZARAGOZA\.m2\repository\org\apache\httpcomponents\httpclient\4.5.6\httpclient-4.5.6.jar;C:\Users\Pascal.ZARAGOZA\.m2\repository\org\apache\httpcomponents\httpcore\4.4.10\httpcore-4.4.10.jar;C:\Users\Pascal.ZARAGOZA\.m2\repository\commons-codec\commons-codec\1.10\commons-codec-1.10.jar;C:\Users\Pascal.ZARAGOZA\.m2\repository\org\rauschig\jarchivelib\1.0.0\jarchivelib-1.0.0.jar;C:\Users\Pascal.ZARAGOZA\.m2\repository\org\apache\commons\commons-compress\1.18\commons-compress-1.18.jar;C:\Users\Pascal.ZARAGOZA\.m2\repository\org\jsoup\jsoup\1.11.3\jsoup-1.11.3.jar;C:\Users\Pascal.ZARAGOZA\.m2\repository\org\slf4j\slf4j-api\1.7.30\slf4j-api-1.7.30.jar;C:\Users\Pascal.ZARAGOZA\.m2\repository\org\seleniumhq\selenium\htmlunit-driver\2.38.0\htmlunit-driver-2.38.0.jar;C:\Users\Pascal.ZARAGOZA\.m2\repository\org\seleniumhq\selenium\selenium-api\3.141.59\selenium-api-3.141.59.jar;C:\Users\Pascal.ZARAGOZA\.m2\repository\org\seleniumhq\selenium\selenium-support\3.141.59\selenium-support-3.141.59.jar;C:\Users\Pascal.ZARAGOZA\.m2\repository\net\sourceforge\htmlunit\htmlunit\2.38.0\htmlunit-2.38.0.jar;C:\Users\Pascal.ZARAGOZA\.m2\repository\xalan\xalan\2.7.2\xalan-2.7.2.jar;C:\Users\Pascal.ZARAGOZA\.m2\repository\xalan\serializer\2.7.2\serializer-2.7.2.jar;C:\Users\Pascal.ZARAGOZA\.m2\repository\org\apache\commons\commons-text\1.8\commons-text-1.8.jar;C:\Users\Pascal.ZARAGOZA\.m2\repository\org\apache\httpcomponents\httpmime\4.5.12\httpmime-4.5.12.jar;C:\Users\Pascal.ZARAGOZA\.m2\repository\net\sourceforge\htmlunit\htmlunit-core-js\2.38.0\htmlunit-core-js-2.38.0.jar;C:\Users\Pascal.ZARAGOZA\.m2\repository\net\sourceforge\htmlunit\neko-htmlunit\2.38.0\neko-htmlunit-2.38.0.jar;C:\Users\Pascal.ZARAGOZA\.m2\repository\xerces\xercesImpl\2.12.0\xercesImpl-2.12.0.jar;C:\Users\Pascal.ZARAGOZA\.m2\repository\xml-apis\xml-apis\1.4.01\xml-apis-1.4.01.jar;C:\Users\Pascal.ZARAGOZA\.m2\repository\net\sourceforge\htmlunit\htmlunit-cssparser\1.5.0\htmlunit-cssparser-1.5.0.jar;C:\Users\Pascal.ZARAGOZA\.m2\repository\commons-net\commons-net\3.6\commons-net-3.6.jar;C:\Users\Pascal.ZARAGOZA\.m2\repository\org\brotli\dec\0.1.2\dec-0.1.2.jar;C:\Users\Pascal.ZARAGOZA\.m2\repository\org\eclipse\jetty\websocket\websocket-client\9.4.27.v20200227\websocket-client-9.4.27.v20200227.jar;C:\Users\Pascal.ZARAGOZA\.m2\repository\org\eclipse\jetty\jetty-client\9.4.27.v20200227\jetty-client-9.4.27.v20200227.jar;C:\Users\Pascal.ZARAGOZA\.m2\repository\org\eclipse\jetty\jetty-http\9.4.27.v20200227\jetty-http-9.4.27.v20200227.jar;C:\Users\Pascal.ZARAGOZA\.m2\repository\org\eclipse\jetty\jetty-xml\9.4.27.v20200227\jetty-xml-9.4.27.v20200227.jar;C:\Users\Pascal.ZARAGOZA\.m2\repository\org\eclipse\jetty\jetty-util\9.4.27.v20200227\jetty-util-9.4.27.v20200227.jar;C:\Users\Pascal.ZARAGOZA\.m2\repository\org\eclipse\jetty\jetty-io\9.4.27.v20200227\jetty-io-9.4.27.v20200227.jar;C:\Users\Pascal.ZARAGOZA\.m2\repository\org\eclipse\jetty\websocket\websocket-common\9.4.27.v20200227\websocket-common-9.4.27.v20200227.jar;C:\Users\Pascal.ZARAGOZA\.m2\repository\org\eclipse\jetty\websocket\websocket-api\9.4.27.v20200227\websocket-api-9.4.27.v20200227.jar;C:\Users\Pascal.ZARAGOZA\.m2\repository\org\springframework\spring-test\5.2.5.RELEASE\spring-test-5.2.5.RELEASE.jar;C:\Users\Pascal.ZARAGOZA\.m2\repository\org\springframework\cloud\spring-cloud-starter-netflix-ribbon\2.2.1.RELEASE\spring-cloud-starter-netflix-ribbon-2.2.1.RELEASE.jar;C:\Users\Pascal.ZARAGOZA\.m2\repository\org\springframework\cloud\spring-cloud-starter\2.2.1.RELEASE\spring-cloud-starter-2.2.1.RELEASE.jar;C:\Users\Pascal.ZARAGOZA\.m2\repository\org\springframework\boot\spring-boot-starter\2.2.2.RELEASE\spring-boot-starter-2.2.2.RELEASE.jar;C:\Users\Pascal.ZARAGOZA\.m2\repository\org\springframework\boot\spring-boot\2.2.2.RELEASE\spring-boot-2.2.2.RELEASE.jar;C:\Users\Pascal.ZARAGOZA\.m2\repository\org\springframework\boot\spring-boot-starter-logging\2.2.2.RELEASE\spring-boot-starter-logging-2.2.2.RELEASE.jar;C:\Users\Pascal.ZARAGOZA\.m2\repository\ch\qos\logback\logback-classic\1.2.3\logback-classic-1.2.3.jar;C:\Users\Pascal.ZARAGOZA\.m2\repository\ch\qos\logback\logback-core\1.2.3\logback-core-1.2.3.jar;C:\Users\Pascal.ZARAGOZA\.m2\repository\org\apache\logging\log4j\log4j-to-slf4j\2.12.1\log4j-to-slf4j-2.12.1.jar;C:\Users\Pascal.ZARAGOZA\.m2\repository\org\apache\logging\log4j\log4j-api\2.12.1\log4j-api-2.12.1.jar;C:\Users\Pascal.ZARAGOZA\.m2\repository\org\slf4j\jul-to-slf4j\1.7.29\jul-to-slf4j-1.7.29.jar;C:\Users\Pascal.ZARAGOZA\.m2\repository\jakarta\annotation\jakarta.annotation-api\1.3.5\jakarta.annotation-api-1.3.5.jar;C:\Users\Pascal.ZARAGOZA\.m2\repository\org\yaml\snakeyaml\1.25\snakeyaml-1.25.jar;C:\Users\Pascal.ZARAGOZA\.m2\repository\org\springframework\cloud\spring-cloud-context\2.2.1.RELEASE\spring-cloud-context-2.2.1.RELEASE.jar;C:\Users\Pascal.ZARAGOZA\.m2\repository\org\springframework\security\spring-security-rsa\1.0.9.RELEASE\spring-security-rsa-1.0.9.RELEASE.jar;C:\Users\Pascal.ZARAGOZA\.m2\repository\org\bouncycastle\bcpkix-jdk15on\1.64\bcpkix-jdk15on-1.64.jar;C:\Users\Pascal.ZARAGOZA\.m2\repository\org\bouncycastle\bcprov-jdk15on\1.64\bcprov-jdk15on-1.64.jar;C:\Users\Pascal.ZARAGOZA\.m2\repository\org\springframework\cloud\spring-cloud-netflix-ribbon\2.2.1.RELEASE\spring-cloud-netflix-ribbon-2.2.1.RELEASE.jar;C:\Users\Pascal.ZARAGOZA\.m2\repository\org\springframework\cloud\spring-cloud-netflix-archaius\2.2.1.RELEASE\spring-cloud-netflix-archaius-2.2.1.RELEASE.jar;C:\Users\Pascal.ZARAGOZA\.m2\repository\org\springframework\cloud\spring-cloud-starter-netflix-archaius\2.2.1.RELEASE\spring-cloud-starter-netflix-archaius-2.2.1.RELEASE.jar;C:\Users\Pascal.ZARAGOZA\.m2\repository\com\netflix\archaius\archaius-core\0.7.6\archaius-core-0.7.6.jar;C:\Users\Pascal.ZARAGOZA\.m2\repository\commons-configuration\commons-configuration\1.8\commons-configuration-1.8.jar;C:\Users\Pascal.ZARAGOZA\.m2\repository\com\netflix\ribbon\ribbon\2.3.0\ribbon-2.3.0.jar;C:\Users\Pascal.ZARAGOZA\.m2\repository\com\netflix\ribbon\ribbon-transport\2.3.0\ribbon-transport-2.3.0.jar;C:\Users\Pascal.ZARAGOZA\.m2\repository\io\reactivex\rxnetty-contexts\0.4.9\rxnetty-contexts-0.4.9.jar;C:\Users\Pascal.ZARAGOZA\.m2\repository\io\reactivex\rxnetty-servo\0.4.9\rxnetty-servo-0.4.9.jar;C:\Users\Pascal.ZARAGOZA\.m2\repository\com\netflix\hystrix\hystrix-core\1.4.3\hystrix-core-1.4.3.jar;C:\Users\Pascal.ZARAGOZA\.m2\repository\javax\inject\javax.inject\1\javax.inject-1.jar;C:\Users\Pascal.ZARAGOZA\.m2\repository\io\reactivex\rxnetty\0.4.9\rxnetty-0.4.9.jar;C:\Users\Pascal.ZARAGOZA\.m2\repository\com\netflix\ribbon\ribbon-core\2.3.0\ribbon-core-2.3.0.jar;C:\Users\Pascal.ZARAGOZA\.m2\repository\commons-lang\commons-lang\2.6\commons-lang-2.6.jar;C:\Users\Pascal.ZARAGOZA\.m2\repository\com\netflix\ribbon\ribbon-httpclient\2.3.0\ribbon-httpclient-2.3.0.jar;C:\Users\Pascal.ZARAGOZA\.m2\repository\commons-collections\commons-collections\3.2.2\commons-collections-3.2.2.jar;C:\Users\Pascal.ZARAGOZA\.m2\repository\com\sun\jersey\jersey-client\1.19.1\jersey-client-1.19.1.jar;C:\Users\Pascal.ZARAGOZA\.m2\repository\com\sun\jersey\contribs\jersey-apache-client4\1.19.1\jersey-apache-client4-1.19.1.jar;C:\Users\Pascal.ZARAGOZA\.m2\repository\com\netflix\servo\servo-core\0.10.1\servo-core-0.10.1.jar;C:\Users\Pascal.ZARAGOZA\.m2\repository\com\netflix\servo\servo-internal\0.10.1\servo-internal-0.10.1.jar;C:\Users\Pascal.ZARAGOZA\.m2\repository\com\netflix\netflix-commons\netflix-commons-util\0.1.1\netflix-commons-util-0.1.1.jar;C:\Users\Pascal.ZARAGOZA\.m2\repository\com\netflix\ribbon\ribbon-loadbalancer\2.3.0\ribbon-loadbalancer-2.3.0.jar;C:\Users\Pascal.ZARAGOZA\.m2\repository\com\netflix\netflix-commons\netflix-statistics\0.1.1\netflix-statistics-0.1.1.jar;C:\Users\Pascal.ZARAGOZA\.m2\repository\io\reactivex\rxjava\1.3.8\rxjava-1.3.8.jar;C:\Users\Pascal.ZARAGOZA\.m2\repository\org\springframework\cloud\spring-cloud-starter-openfeign\2.2.1.RELEASE\spring-cloud-starter-openfeign-2.2.1.RELEASE.jar;C:\Users\Pascal.ZARAGOZA\.m2\repository\org\springframework\cloud\spring-cloud-openfeign-core\2.2.1.RELEASE\spring-cloud-openfeign-core-2.2.1.RELEASE.jar;C:\Users\Pascal.ZARAGOZA\.m2\repository\org\springframework\boot\spring-boot-autoconfigure\2.2.2.RELEASE\spring-boot-autoconfigure-2.2.2.RELEASE.jar;C:\Users\Pascal.ZARAGOZA\.m2\repository\org\springframework\boot\spring-boot-starter-aop\2.2.2.RELEASE\spring-boot-starter-aop-2.2.2.RELEASE.jar;C:\Users\Pascal.ZARAGOZA\.m2\repository\org\aspectj\aspectjweaver\1.9.5\aspectjweaver-1.9.5.jar;C:\Users\Pascal.ZARAGOZA\.m2\repository\io\github\openfeign\form\feign-form-spring\3.8.0\feign-form-spring-3.8.0.jar;C:\Users\Pascal.ZARAGOZA\.m2\repository\io\github\openfeign\form\feign-form\3.8.0\feign-form-3.8.0.jar;C:\Users\Pascal.ZARAGOZA\.m2\repository\commons-fileupload\commons-fileupload\1.4\commons-fileupload-1.4.jar;C:\Users\Pascal.ZARAGOZA\.m2\repository\org\springframework\spring-web\5.2.2.RELEASE\spring-web-5.2.2.RELEASE.jar;C:\Users\Pascal.ZARAGOZA\.m2\repository\org\springframework\cloud\spring-cloud-commons\2.2.1.RELEASE\spring-cloud-commons-2.2.1.RELEASE.jar;C:\Users\Pascal.ZARAGOZA\.m2\repository\org\springframework\security\spring-security-crypto\5.2.1.RELEASE\spring-security-crypto-5.2.1.RELEASE.jar;C:\Users\Pascal.ZARAGOZA\.m2\repository\io\github\openfeign\feign-core\10.4.0\feign-core-10.4.0.jar;C:\Users\Pascal.ZARAGOZA\.m2\repository\io\github\openfeign\feign-slf4j\10.4.0\feign-slf4j-10.4.0.jar;C:\Users\Pascal.ZARAGOZA\.m2\repository\io\github\openfeign\feign-hystrix\10.4.0\feign-hystrix-10.4.0.jar;C:\Users\Pascal.ZARAGOZA\.m2\repository\org\springframework\cloud\spring-cloud-starter-netflix-eureka-client\2.2.1.RELEASE\spring-cloud-starter-netflix-eureka-client-2.2.1.RELEASE.jar;C:\Users\Pascal.ZARAGOZA\.m2\repository\org\springframework\cloud\spring-cloud-netflix-hystrix\2.2.1.RELEASE\spring-cloud-netflix-hystrix-2.2.1.RELEASE.jar;C:\Users\Pascal.ZARAGOZA\.m2\repository\org\springframework\cloud\spring-cloud-netflix-eureka-client\2.2.1.RELEASE\spring-cloud-netflix-eureka-client-2.2.1.RELEASE.jar;C:\Users\Pascal.ZARAGOZA\.m2\repository\com\netflix\eureka\eureka-client\1.9.13\eureka-client-1.9.13.jar;C:\Users\Pascal.ZARAGOZA\.m2\repository\org\codehaus\jettison\jettison\1.3.7\jettison-1.3.7.jar;C:\Users\Pascal.ZARAGOZA\.m2\repository\stax\stax-api\1.0.1\stax-api-1.0.1.jar;C:\Users\Pascal.ZARAGOZA\.m2\repository\com\netflix\netflix-commons\netflix-eventbus\0.3.0\netflix-eventbus-0.3.0.jar;C:\Users\Pascal.ZARAGOZA\.m2\repository\com\netflix\netflix-commons\netflix-infix\0.3.0\netflix-infix-0.3.0.jar;C:\Users\Pascal.ZARAGOZA\.m2\repository\commons-jxpath\commons-jxpath\1.3\commons-jxpath-1.3.jar;C:\Users\Pascal.ZARAGOZA\.m2\repository\joda-time\joda-time\2.3\joda-time-2.3.jar;C:\Users\Pascal.ZARAGOZA\.m2\repository\org\antlr\antlr-runtime\3.4\antlr-runtime-3.4.jar;C:\Users\Pascal.ZARAGOZA\.m2\repository\org\antlr\stringtemplate\3.2.1\stringtemplate-3.2.1.jar;C:\Users\Pascal.ZARAGOZA\.m2\repository\antlr\antlr\2.7.7\antlr-2.7.7.jar;C:\Users\Pascal.ZARAGOZA\.m2\repository\org\apache\commons\commons-math\2.2\commons-math-2.2.jar;C:\Users\Pascal.ZARAGOZA\.m2\repository\javax\ws\rs\jsr311-api\1.1.1\jsr311-api-1.1.1.jar;C:\Users\Pascal.ZARAGOZA\.m2\repository\com\sun\jersey\jersey-core\1.19.1\jersey-core-1.19.1.jar;C:\Users\Pascal.ZARAGOZA\.m2\repository\com\google\inject\guice\4.1.0\guice-4.1.0.jar;C:\Users\Pascal.ZARAGOZA\.m2\repository\aopalliance\aopalliance\1.0\aopalliance-1.0.jar;C:\Users\Pascal.ZARAGOZA\.m2\repository\com\netflix\eureka\eureka-core\1.9.13\eureka-core-1.9.13.jar;C:\Users\Pascal.ZARAGOZA\.m2\repository\com\fasterxml\woodstox\woodstox-core\5.2.1\woodstox-core-5.2.1.jar;C:\Users\Pascal.ZARAGOZA\.m2\repository\org\codehaus\woodstox\stax2-api\4.2\stax2-api-4.2.jar;C:\Users\Pascal.ZARAGOZA\.m2\repository\org\springframework\cloud\spring-cloud-starter-loadbalancer\2.2.1.RELEASE\spring-cloud-starter-loadbalancer-2.2.1.RELEASE.jar;C:\Users\Pascal.ZARAGOZA\.m2\repository\org\springframework\cloud\spring-cloud-loadbalancer\2.2.1.RELEASE\spring-cloud-loadbalancer-2.2.1.RELEASE.jar;C:\Users\Pascal.ZARAGOZA\.m2\repository\io\projectreactor\reactor-core\3.3.1.RELEASE\reactor-core-3.3.1.RELEASE.jar;C:\Users\Pascal.ZARAGOZA\.m2\repository\org\reactivestreams\reactive-streams\1.0.3\reactive-streams-1.0.3.jar;C:\Users\Pascal.ZARAGOZA\.m2\repository\io\projectreactor\addons\reactor-extra\3.3.1.RELEASE\reactor-extra-3.3.1.RELEASE.jar;C:\Users\Pascal.ZARAGOZA\.m2\repository\org\springframework\boot\spring-boot-starter-cache\2.2.2.RELEASE\spring-boot-starter-cache-2.2.2.RELEASE.jar;C:\Users\Pascal.ZARAGOZA\.m2\repository\org\springframework\spring-context-support\5.2.2.RELEASE\spring-context-support-5.2.2.RELEASE.jar;C:\Users\Pascal.ZARAGOZA\.m2\repository\com\stoyanr\evictor\1.0.0\evictor-1.0.0.jar;C:\Users\Pascal.ZARAGOZA\.m2\repository\com\netflix\ribbon\ribbon-eureka\2.3.0\ribbon-eureka-2.3.0.jar;C:\Users\Pascal.ZARAGOZA\.m2\repository\com\thoughtworks\xstream\xstream\1.4.11.1\xstream-1.4.11.1.jar;C:\Users\Pascal.ZARAGOZA\.m2\repository\xmlpull\xmlpull\1.1.3.1\xmlpull-1.1.3.1.jar;C:\Users\Pascal.ZARAGOZA\.m2\repository\xpp3\xpp3_min\1.1.4c\xpp3_min-1.1.4c.jar;C:\Users\Pascal.ZARAGOZA\.m2\repository\com\fasterxml\jackson\core\jackson-databind\2.10.3\jackson-databind-2.10.3.jar;C:\Users\Pascal.ZARAGOZA\.m2\repository\com\fasterxml\jackson\core\jackson-annotations\2.10.3\jackson-annotations-2.10.3.jar;C:\Users\Pascal.ZARAGOZA\.m2\repository\com\fasterxml\jackson\core\jackson-core\2.10.3\jackson-core-2.10.3.jar;"/>
    <property name="java.vm.vendor" value="Oracle Corporation"/>
    <property name="sun.arch.data.model" value="64"/>
    <property name="user.variant" value=""/>
    <property name="java.vendor.url" value="https://java.oracle.com/"/>
    <property name="user.timezone" value="Europe/Paris"/>
    <property name="os.name" value="Windows 10"/>
    <property name="java.vm.specification.version" value="13"/>
    <property name="sun.java.launcher" value="SUN_STANDARD"/>
    <property name="user.country" value="FR"/>
    <property name="sun.boot.library.path" value="C:\Program Files\Java\jdk-13.0.2\bin"/>
    <property name="sun.java.command" value="C:\Users\Pascal.ZARAGOZA\AppData\Local\Temp\surefire2146326530420366148\surefirebooter18239148693491540290.jar C:\Users\Pascal.ZARAGOZA\AppData\Local\Temp\surefire2146326530420366148 2020-04-22T00-21-28_763-jvmRun1 surefire3982781542855092634tmp surefire_08194035010460679753tmp"/>
    <property name="jdk.debug" value="release"/>
    <property name="surefire.test.class.path" value="C:\Users\Pascal.ZARAGOZA\eclipse-workspace\000-testprint\frontend\target\test-classes;C:\Users\Pascal.ZARAGOZA\eclipse-workspace\000-testprint\frontend\target\classes;C:\Users\Pascal.ZARAGOZA\.m2\repository\junit\junit\3.8.1\junit-3.8.1.jar;C:\Users\Pascal.ZARAGOZA\.m2\repository\org\mybatis\mybatis\3.5.4\mybatis-3.5.4.jar;C:\Users\Pascal.ZARAGOZA\.m2\repository\org\mybatis\mybatis-spring\2.0.4\mybatis-spring-2.0.4.jar;C:\Users\Pascal.ZARAGOZA\.m2\repository\org\springframework\spring-context\5.2.5.RELEASE\spring-context-5.2.5.RELEASE.jar;C:\Users\Pascal.ZARAGOZA\.m2\repository\org\springframework\spring-aop\5.2.5.RELEASE\spring-aop-5.2.5.RELEASE.jar;C:\Users\Pascal.ZARAGOZA\.m2\repository\org\springframework\spring-beans\5.2.5.RELEASE\spring-beans-5.2.5.RELEASE.jar;C:\Users\Pascal.ZARAGOZA\.m2\repository\org\springframework\spring-core\5.2.5.RELEASE\spring-core-5.2.5.RELEASE.jar;C:\Users\Pascal.ZARAGOZA\.m2\repository\org\springframework\spring-jcl\5.2.5.RELEASE\spring-jcl-5.2.5.RELEASE.jar;C:\Users\Pascal.ZARAGOZA\.m2\repository\org\springframework\spring-expression\5.2.5.RELEASE\spring-expression-5.2.5.RELEASE.jar;C:\Users\Pascal.ZARAGOZA\.m2\repository\org\springframework\spring-jdbc\5.2.5.RELEASE\spring-jdbc-5.2.5.RELEASE.jar;C:\Users\Pascal.ZARAGOZA\.m2\repository\org\springframework\spring-tx\5.2.5.RELEASE\spring-tx-5.2.5.RELEASE.jar;C:\Users\Pascal.ZARAGOZA\.m2\repository\net\sourceforge\stripes\stripes\1.6.0\stripes-1.6.0.jar;C:\Users\Pascal.ZARAGOZA\.m2\repository\commons-logging\commons-logging\1.1.3\commons-logging-1.1.3.jar;C:\Users\Pascal.ZARAGOZA\.m2\repository\org\apache\taglibs\taglibs-standard-spec\1.2.5\taglibs-standard-spec-1.2.5.jar;C:\Users\Pascal.ZARAGOZA\.m2\repository\org\apache\taglibs\taglibs-standard-impl\1.2.5\taglibs-standard-impl-1.2.5.jar;C:\Users\Pascal.ZARAGOZA\.m2\repository\javax\servlet\jsp\javax.servlet.jsp-api\2.3.3\javax.servlet.jsp-api-2.3.3.jar;C:\Users\Pascal.ZARAGOZA\.m2\repository\javax\servlet\javax.servlet-api\4.0.1\javax.servlet-api-4.0.1.jar;C:\Users\Pascal.ZARAGOZA\.m2\repository\log4j\log4j\1.2.17\log4j-1.2.17.jar;C:\Users\Pascal.ZARAGOZA\.m2\repository\org\hsqldb\hsqldb\2.5.0\hsqldb-2.5.0.jar;C:\Users\Pascal.ZARAGOZA\.m2\repository\org\junit\jupiter\junit-jupiter-engine\5.6.1\junit-jupiter-engine-5.6.1.jar;C:\Users\Pascal.ZARAGOZA\.m2\repository\org\apiguardian\apiguardian-api\1.1.0\apiguardian-api-1.1.0.jar;C:\Users\Pascal.ZARAGOZA\.m2\repository\org\junit\platform\junit-platform-engine\1.6.1\junit-platform-engine-1.6.1.jar;C:\Users\Pascal.ZARAGOZA\.m2\repository\org\opentest4j\opentest4j\1.2.0\opentest4j-1.2.0.jar;C:\Users\Pascal.ZARAGOZA\.m2\repository\org\junit\platform\junit-platform-commons\1.6.1\junit-platform-commons-1.6.1.jar;C:\Users\Pascal.ZARAGOZA\.m2\repository\org\junit\jupiter\junit-jupiter-api\5.6.1\junit-jupiter-api-5.6.1.jar;C:\Users\Pascal.ZARAGOZA\.m2\repository\org\mockito\mockito-core\3.3.3\mockito-core-3.3.3.jar;C:\Users\Pascal.ZARAGOZA\.m2\repository\net\bytebuddy\byte-buddy\1.10.5\byte-buddy-1.10.5.jar;C:\Users\Pascal.ZARAGOZA\.m2\repository\net\bytebuddy\byte-buddy-agent\1.10.5\byte-buddy-agent-1.10.5.jar;C:\Users\Pascal.ZARAGOZA\.m2\repository\org\objenesis\objenesis\2.6\objenesis-2.6.jar;C:\Users\Pascal.ZARAGOZA\.m2\repository\org\mockito\mockito-junit-jupiter\3.3.3\mockito-junit-jupiter-3.3.3.jar;C:\Users\Pascal.ZARAGOZA\.m2\repository\org\assertj\assertj-core\3.15.0\assertj-core-3.15.0.jar;C:\Users\Pascal.ZARAGOZA\.m2\repository\com\codeborne\selenide\5.10.0\selenide-5.10.0.jar;C:\Users\Pascal.ZARAGOZA\.m2\repository\org\seleniumhq\selenium\selenium-java\3.141.59\selenium-java-3.141.59.jar;C:\Users\Pascal.ZARAGOZA\.m2\repository\org\seleniumhq\selenium\selenium-chrome-driver\3.141.59\selenium-chrome-driver-3.141.59.jar;C:\Users\Pascal.ZARAGOZA\.m2\repository\org\seleniumhq\selenium\selenium-edge-driver\3.141.59\selenium-edge-driver-3.141.59.jar;C:\Users\Pascal.ZARAGOZA\.m2\repository\org\seleniumhq\selenium\selenium-firefox-driver\3.141.59\selenium-firefox-driver-3.141.59.jar;C:\Users\Pascal.ZARAGOZA\.m2\repository\org\seleniumhq\selenium\selenium-ie-driver\3.141.59\selenium-ie-driver-3.141.59.jar;C:\Users\Pascal.ZARAGOZA\.m2\repository\org\seleniumhq\selenium\selenium-opera-driver\3.141.59\selenium-opera-driver-3.141.59.jar;C:\Users\Pascal.ZARAGOZA\.m2\repository\org\seleniumhq\selenium\selenium-remote-driver\3.141.59\selenium-remote-driver-3.141.59.jar;C:\Users\Pascal.ZARAGOZA\.m2\repository\org\seleniumhq\selenium\selenium-safari-driver\3.141.59\selenium-safari-driver-3.141.59.jar;C:\Users\Pascal.ZARAGOZA\.m2\repository\org\apache\commons\commons-exec\1.3\commons-exec-1.3.jar;C:\Users\Pascal.ZARAGOZA\.m2\repository\com\google\guava\guava\25.0-jre\guava-25.0-jre.jar;C:\Users\Pascal.ZARAGOZA\.m2\repository\com\google\code\findbugs\jsr305\1.3.9\jsr305-1.3.9.jar;C:\Users\Pascal.ZARAGOZA\.m2\repository\org\checkerframework\checker-compat-qual\2.0.0\checker-compat-qual-2.0.0.jar;C:\Users\Pascal.ZARAGOZA\.m2\repository\com\google\errorprone\error_prone_annotations\2.1.3\error_prone_annotations-2.1.3.jar;C:\Users\Pascal.ZARAGOZA\.m2\repository\com\google\j2objc\j2objc-annotations\1.1\j2objc-annotations-1.1.jar;C:\Users\Pascal.ZARAGOZA\.m2\repository\org\codehaus\mojo\animal-sniffer-annotations\1.14\animal-sniffer-annotations-1.14.jar;C:\Users\Pascal.ZARAGOZA\.m2\repository\com\squareup\okhttp3\okhttp\3.11.0\okhttp-3.11.0.jar;C:\Users\Pascal.ZARAGOZA\.m2\repository\com\squareup\okio\okio\1.14.0\okio-1.14.0.jar;C:\Users\Pascal.ZARAGOZA\.m2\repository\io\github\bonigarcia\webdrivermanager\3.8.1\webdrivermanager-3.8.1.jar;C:\Users\Pascal.ZARAGOZA\.m2\repository\commons-io\commons-io\2.6\commons-io-2.6.jar;C:\Users\Pascal.ZARAGOZA\.m2\repository\com\google\code\gson\gson\2.8.5\gson-2.8.5.jar;C:\Users\Pascal.ZARAGOZA\.m2\repository\org\apache\commons\commons-lang3\3.8.1\commons-lang3-3.8.1.jar;C:\Users\Pascal.ZARAGOZA\.m2\repository\org\apache\httpcomponents\httpclient\4.5.6\httpclient-4.5.6.jar;C:\Users\Pascal.ZARAGOZA\.m2\repository\org\apache\httpcomponents\httpcore\4.4.10\httpcore-4.4.10.jar;C:\Users\Pascal.ZARAGOZA\.m2\repository\commons-codec\commons-codec\1.10\commons-codec-1.10.jar;C:\Users\Pascal.ZARAGOZA\.m2\repository\org\rauschig\jarchivelib\1.0.0\jarchivelib-1.0.0.jar;C:\Users\Pascal.ZARAGOZA\.m2\repository\org\apache\commons\commons-compress\1.18\commons-compress-1.18.jar;C:\Users\Pascal.ZARAGOZA\.m2\repository\org\jsoup\jsoup\1.11.3\jsoup-1.11.3.jar;C:\Users\Pascal.ZARAGOZA\.m2\repository\org\slf4j\slf4j-api\1.7.30\slf4j-api-1.7.30.jar;C:\Users\Pascal.ZARAGOZA\.m2\repository\org\seleniumhq\selenium\htmlunit-driver\2.38.0\htmlunit-driver-2.38.0.jar;C:\Users\Pascal.ZARAGOZA\.m2\repository\org\seleniumhq\selenium\selenium-api\3.141.59\selenium-api-3.141.59.jar;C:\Users\Pascal.ZARAGOZA\.m2\repository\org\seleniumhq\selenium\selenium-support\3.141.59\selenium-support-3.141.59.jar;C:\Users\Pascal.ZARAGOZA\.m2\repository\net\sourceforge\htmlunit\htmlunit\2.38.0\htmlunit-2.38.0.jar;C:\Users\Pascal.ZARAGOZA\.m2\repository\xalan\xalan\2.7.2\xalan-2.7.2.jar;C:\Users\Pascal.ZARAGOZA\.m2\repository\xalan\serializer\2.7.2\serializer-2.7.2.jar;C:\Users\Pascal.ZARAGOZA\.m2\repository\org\apache\commons\commons-text\1.8\commons-text-1.8.jar;C:\Users\Pascal.ZARAGOZA\.m2\repository\org\apache\httpcomponents\httpmime\4.5.12\httpmime-4.5.12.jar;C:\Users\Pascal.ZARAGOZA\.m2\repository\net\sourceforge\htmlunit\htmlunit-core-js\2.38.0\htmlunit-core-js-2.38.0.jar;C:\Users\Pascal.ZARAGOZA\.m2\repository\net\sourceforge\htmlunit\neko-htmlunit\2.38.0\neko-htmlunit-2.38.0.jar;C:\Users\Pascal.ZARAGOZA\.m2\repository\xerces\xercesImpl\2.12.0\xercesImpl-2.12.0.jar;C:\Users\Pascal.ZARAGOZA\.m2\repository\xml-apis\xml-apis\1.4.01\xml-apis-1.4.01.jar;C:\Users\Pascal.ZARAGOZA\.m2\repository\net\sourceforge\htmlunit\htmlunit-cssparser\1.5.0\htmlunit-cssparser-1.5.0.jar;C:\Users\Pascal.ZARAGOZA\.m2\repository\commons-net\commons-net\3.6\commons-net-3.6.jar;C:\Users\Pascal.ZARAGOZA\.m2\repository\org\brotli\dec\0.1.2\dec-0.1.2.jar;C:\Users\Pascal.ZARAGOZA\.m2\repository\org\eclipse\jetty\websocket\websocket-client\9.4.27.v20200227\websocket-client-9.4.27.v20200227.jar;C:\Users\Pascal.ZARAGOZA\.m2\repository\org\eclipse\jetty\jetty-client\9.4.27.v20200227\jetty-client-9.4.27.v20200227.jar;C:\Users\Pascal.ZARAGOZA\.m2\repository\org\eclipse\jetty\jetty-http\9.4.27.v20200227\jetty-http-9.4.27.v20200227.jar;C:\Users\Pascal.ZARAGOZA\.m2\repository\org\eclipse\jetty\jetty-xml\9.4.27.v20200227\jetty-xml-9.4.27.v20200227.jar;C:\Users\Pascal.ZARAGOZA\.m2\repository\org\eclipse\jetty\jetty-util\9.4.27.v20200227\jetty-util-9.4.27.v20200227.jar;C:\Users\Pascal.ZARAGOZA\.m2\repository\org\eclipse\jetty\jetty-io\9.4.27.v20200227\jetty-io-9.4.27.v20200227.jar;C:\Users\Pascal.ZARAGOZA\.m2\repository\org\eclipse\jetty\websocket\websocket-common\9.4.27.v20200227\websocket-common-9.4.27.v20200227.jar;C:\Users\Pascal.ZARAGOZA\.m2\repository\org\eclipse\jetty\websocket\websocket-api\9.4.27.v20200227\websocket-api-9.4.27.v20200227.jar;C:\Users\Pascal.ZARAGOZA\.m2\repository\org\springframework\spring-test\5.2.5.RELEASE\spring-test-5.2.5.RELEASE.jar;C:\Users\Pascal.ZARAGOZA\.m2\repository\org\springframework\cloud\spring-cloud-starter-netflix-ribbon\2.2.1.RELEASE\spring-cloud-starter-netflix-ribbon-2.2.1.RELEASE.jar;C:\Users\Pascal.ZARAGOZA\.m2\repository\org\springframework\cloud\spring-cloud-starter\2.2.1.RELEASE\spring-cloud-starter-2.2.1.RELEASE.jar;C:\Users\Pascal.ZARAGOZA\.m2\repository\org\springframework\boot\spring-boot-starter\2.2.2.RELEASE\spring-boot-starter-2.2.2.RELEASE.jar;C:\Users\Pascal.ZARAGOZA\.m2\repository\org\springframework\boot\spring-boot\2.2.2.RELEASE\spring-boot-2.2.2.RELEASE.jar;C:\Users\Pascal.ZARAGOZA\.m2\repository\org\springframework\boot\spring-boot-starter-logging\2.2.2.RELEASE\spring-boot-starter-logging-2.2.2.RELEASE.jar;C:\Users\Pascal.ZARAGOZA\.m2\repository\ch\qos\logback\logback-classic\1.2.3\logback-classic-1.2.3.jar;C:\Users\Pascal.ZARAGOZA\.m2\repository\ch\qos\logback\logback-core\1.2.3\logback-core-1.2.3.jar;C:\Users\Pascal.ZARAGOZA\.m2\repository\org\apache\logging\log4j\log4j-to-slf4j\2.12.1\log4j-to-slf4j-2.12.1.jar;C:\Users\Pascal.ZARAGOZA\.m2\repository\org\apache\logging\log4j\log4j-api\2.12.1\log4j-api-2.12.1.jar;C:\Users\Pascal.ZARAGOZA\.m2\repository\org\slf4j\jul-to-slf4j\1.7.29\jul-to-slf4j-1.7.29.jar;C:\Users\Pascal.ZARAGOZA\.m2\repository\jakarta\annotation\jakarta.annotation-api\1.3.5\jakarta.annotation-api-1.3.5.jar;C:\Users\Pascal.ZARAGOZA\.m2\repository\org\yaml\snakeyaml\1.25\snakeyaml-1.25.jar;C:\Users\Pascal.ZARAGOZA\.m2\repository\org\springframework\cloud\spring-cloud-context\2.2.1.RELEASE\spring-cloud-context-2.2.1.RELEASE.jar;C:\Users\Pascal.ZARAGOZA\.m2\repository\org\springframework\security\spring-security-rsa\1.0.9.RELEASE\spring-security-rsa-1.0.9.RELEASE.jar;C:\Users\Pascal.ZARAGOZA\.m2\repository\org\bouncycastle\bcpkix-jdk15on\1.64\bcpkix-jdk15on-1.64.jar;C:\Users\Pascal.ZARAGOZA\.m2\repository\org\bouncycastle\bcprov-jdk15on\1.64\bcprov-jdk15on-1.64.jar;C:\Users\Pascal.ZARAGOZA\.m2\repository\org\springframework\cloud\spring-cloud-netflix-ribbon\2.2.1.RELEASE\spring-cloud-netflix-ribbon-2.2.1.RELEASE.jar;C:\Users\Pascal.ZARAGOZA\.m2\repository\org\springframework\cloud\spring-cloud-netflix-archaius\2.2.1.RELEASE\spring-cloud-netflix-archaius-2.2.1.RELEASE.jar;C:\Users\Pascal.ZARAGOZA\.m2\repository\org\springframework\cloud\spring-cloud-starter-netflix-archaius\2.2.1.RELEASE\spring-cloud-starter-netflix-archaius-2.2.1.RELEASE.jar;C:\Users\Pascal.ZARAGOZA\.m2\repository\com\netflix\archaius\archaius-core\0.7.6\archaius-core-0.7.6.jar;C:\Users\Pascal.ZARAGOZA\.m2\repository\commons-configuration\commons-configuration\1.8\commons-configuration-1.8.jar;C:\Users\Pascal.ZARAGOZA\.m2\repository\com\netflix\ribbon\ribbon\2.3.0\ribbon-2.3.0.jar;C:\Users\Pascal.ZARAGOZA\.m2\repository\com\netflix\ribbon\ribbon-transport\2.3.0\ribbon-transport-2.3.0.jar;C:\Users\Pascal.ZARAGOZA\.m2\repository\io\reactivex\rxnetty-contexts\0.4.9\rxnetty-contexts-0.4.9.jar;C:\Users\Pascal.ZARAGOZA\.m2\repository\io\reactivex\rxnetty-servo\0.4.9\rxnetty-servo-0.4.9.jar;C:\Users\Pascal.ZARAGOZA\.m2\repository\com\netflix\hystrix\hystrix-core\1.4.3\hystrix-core-1.4.3.jar;C:\Users\Pascal.ZARAGOZA\.m2\repository\javax\inject\javax.inject\1\javax.inject-1.jar;C:\Users\Pascal.ZARAGOZA\.m2\repository\io\reactivex\rxnetty\0.4.9\rxnetty-0.4.9.jar;C:\Users\Pascal.ZARAGOZA\.m2\repository\com\netflix\ribbon\ribbon-core\2.3.0\ribbon-core-2.3.0.jar;C:\Users\Pascal.ZARAGOZA\.m2\repository\commons-lang\commons-lang\2.6\commons-lang-2.6.jar;C:\Users\Pascal.ZARAGOZA\.m2\repository\com\netflix\ribbon\ribbon-httpclient\2.3.0\ribbon-httpclient-2.3.0.jar;C:\Users\Pascal.ZARAGOZA\.m2\repository\commons-collections\commons-collections\3.2.2\commons-collections-3.2.2.jar;C:\Users\Pascal.ZARAGOZA\.m2\repository\com\sun\jersey\jersey-client\1.19.1\jersey-client-1.19.1.jar;C:\Users\Pascal.ZARAGOZA\.m2\repository\com\sun\jersey\contribs\jersey-apache-client4\1.19.1\jersey-apache-client4-1.19.1.jar;C:\Users\Pascal.ZARAGOZA\.m2\repository\com\netflix\servo\servo-core\0.10.1\servo-core-0.10.1.jar;C:\Users\Pascal.ZARAGOZA\.m2\repository\com\netflix\servo\servo-internal\0.10.1\servo-internal-0.10.1.jar;C:\Users\Pascal.ZARAGOZA\.m2\repository\com\netflix\netflix-commons\netflix-commons-util\0.1.1\netflix-commons-util-0.1.1.jar;C:\Users\Pascal.ZARAGOZA\.m2\repository\com\netflix\ribbon\ribbon-loadbalancer\2.3.0\ribbon-loadbalancer-2.3.0.jar;C:\Users\Pascal.ZARAGOZA\.m2\repository\com\netflix\netflix-commons\netflix-statistics\0.1.1\netflix-statistics-0.1.1.jar;C:\Users\Pascal.ZARAGOZA\.m2\repository\io\reactivex\rxjava\1.3.8\rxjava-1.3.8.jar;C:\Users\Pascal.ZARAGOZA\.m2\repository\org\springframework\cloud\spring-cloud-starter-openfeign\2.2.1.RELEASE\spring-cloud-starter-openfeign-2.2.1.RELEASE.jar;C:\Users\Pascal.ZARAGOZA\.m2\repository\org\springframework\cloud\spring-cloud-openfeign-core\2.2.1.RELEASE\spring-cloud-openfeign-core-2.2.1.RELEASE.jar;C:\Users\Pascal.ZARAGOZA\.m2\repository\org\springframework\boot\spring-boot-autoconfigure\2.2.2.RELEASE\spring-boot-autoconfigure-2.2.2.RELEASE.jar;C:\Users\Pascal.ZARAGOZA\.m2\repository\org\springframework\boot\spring-boot-starter-aop\2.2.2.RELEASE\spring-boot-starter-aop-2.2.2.RELEASE.jar;C:\Users\Pascal.ZARAGOZA\.m2\repository\org\aspectj\aspectjweaver\1.9.5\aspectjweaver-1.9.5.jar;C:\Users\Pascal.ZARAGOZA\.m2\repository\io\github\openfeign\form\feign-form-spring\3.8.0\feign-form-spring-3.8.0.jar;C:\Users\Pascal.ZARAGOZA\.m2\repository\io\github\openfeign\form\feign-form\3.8.0\feign-form-3.8.0.jar;C:\Users\Pascal.ZARAGOZA\.m2\repository\commons-fileupload\commons-fileupload\1.4\commons-fileupload-1.4.jar;C:\Users\Pascal.ZARAGOZA\.m2\repository\org\springframework\spring-web\5.2.2.RELEASE\spring-web-5.2.2.RELEASE.jar;C:\Users\Pascal.ZARAGOZA\.m2\repository\org\springframework\cloud\spring-cloud-commons\2.2.1.RELEASE\spring-cloud-commons-2.2.1.RELEASE.jar;C:\Users\Pascal.ZARAGOZA\.m2\repository\org\springframework\security\spring-security-crypto\5.2.1.RELEASE\spring-security-crypto-5.2.1.RELEASE.jar;C:\Users\Pascal.ZARAGOZA\.m2\repository\io\github\openfeign\feign-core\10.4.0\feign-core-10.4.0.jar;C:\Users\Pascal.ZARAGOZA\.m2\repository\io\github\openfeign\feign-slf4j\10.4.0\feign-slf4j-10.4.0.jar;C:\Users\Pascal.ZARAGOZA\.m2\repository\io\github\openfeign\feign-hystrix\10.4.0\feign-hystrix-10.4.0.jar;C:\Users\Pascal.ZARAGOZA\.m2\repository\org\springframework\cloud\spring-cloud-starter-netflix-eureka-client\2.2.1.RELEASE\spring-cloud-starter-netflix-eureka-client-2.2.1.RELEASE.jar;C:\Users\Pascal.ZARAGOZA\.m2\repository\org\springframework\cloud\spring-cloud-netflix-hystrix\2.2.1.RELEASE\spring-cloud-netflix-hystrix-2.2.1.RELEASE.jar;C:\Users\Pascal.ZARAGOZA\.m2\repository\org\springframework\cloud\spring-cloud-netflix-eureka-client\2.2.1.RELEASE\spring-cloud-netflix-eureka-client-2.2.1.RELEASE.jar;C:\Users\Pascal.ZARAGOZA\.m2\repository\com\netflix\eureka\eureka-client\1.9.13\eureka-client-1.9.13.jar;C:\Users\Pascal.ZARAGOZA\.m2\repository\org\codehaus\jettison\jettison\1.3.7\jettison-1.3.7.jar;C:\Users\Pascal.ZARAGOZA\.m2\repository\stax\stax-api\1.0.1\stax-api-1.0.1.jar;C:\Users\Pascal.ZARAGOZA\.m2\repository\com\netflix\netflix-commons\netflix-eventbus\0.3.0\netflix-eventbus-0.3.0.jar;C:\Users\Pascal.ZARAGOZA\.m2\repository\com\netflix\netflix-commons\netflix-infix\0.3.0\netflix-infix-0.3.0.jar;C:\Users\Pascal.ZARAGOZA\.m2\repository\commons-jxpath\commons-jxpath\1.3\commons-jxpath-1.3.jar;C:\Users\Pascal.ZARAGOZA\.m2\repository\joda-time\joda-time\2.3\joda-time-2.3.jar;C:\Users\Pascal.ZARAGOZA\.m2\repository\org\antlr\antlr-runtime\3.4\antlr-runtime-3.4.jar;C:\Users\Pascal.ZARAGOZA\.m2\repository\org\antlr\stringtemplate\3.2.1\stringtemplate-3.2.1.jar;C:\Users\Pascal.ZARAGOZA\.m2\repository\antlr\antlr\2.7.7\antlr-2.7.7.jar;C:\Users\Pascal.ZARAGOZA\.m2\repository\org\apache\commons\commons-math\2.2\commons-math-2.2.jar;C:\Users\Pascal.ZARAGOZA\.m2\repository\javax\ws\rs\jsr311-api\1.1.1\jsr311-api-1.1.1.jar;C:\Users\Pascal.ZARAGOZA\.m2\repository\com\sun\jersey\jersey-core\1.19.1\jersey-core-1.19.1.jar;C:\Users\Pascal.ZARAGOZA\.m2\repository\com\google\inject\guice\4.1.0\guice-4.1.0.jar;C:\Users\Pascal.ZARAGOZA\.m2\repository\aopalliance\aopalliance\1.0\aopalliance-1.0.jar;C:\Users\Pascal.ZARAGOZA\.m2\repository\com\netflix\eureka\eureka-core\1.9.13\eureka-core-1.9.13.jar;C:\Users\Pascal.ZARAGOZA\.m2\repository\com\fasterxml\woodstox\woodstox-core\5.2.1\woodstox-core-5.2.1.jar;C:\Users\Pascal.ZARAGOZA\.m2\repository\org\codehaus\woodstox\stax2-api\4.2\stax2-api-4.2.jar;C:\Users\Pascal.ZARAGOZA\.m2\repository\org\springframework\cloud\spring-cloud-starter-loadbalancer\2.2.1.RELEASE\spring-cloud-starter-loadbalancer-2.2.1.RELEASE.jar;C:\Users\Pascal.ZARAGOZA\.m2\repository\org\springframework\cloud\spring-cloud-loadbalancer\2.2.1.RELEASE\spring-cloud-loadbalancer-2.2.1.RELEASE.jar;C:\Users\Pascal.ZARAGOZA\.m2\repository\io\projectreactor\reactor-core\3.3.1.RELEASE\reactor-core-3.3.1.RELEASE.jar;C:\Users\Pascal.ZARAGOZA\.m2\repository\org\reactivestreams\reactive-streams\1.0.3\reactive-streams-1.0.3.jar;C:\Users\Pascal.ZARAGOZA\.m2\repository\io\projectreactor\addons\reactor-extra\3.3.1.RELEASE\reactor-extra-3.3.1.RELEASE.jar;C:\Users\Pascal.ZARAGOZA\.m2\repository\org\springframework\boot\spring-boot-starter-cache\2.2.2.RELEASE\spring-boot-starter-cache-2.2.2.RELEASE.jar;C:\Users\Pascal.ZARAGOZA\.m2\repository\org\springframework\spring-context-support\5.2.2.RELEASE\spring-context-support-5.2.2.RELEASE.jar;C:\Users\Pascal.ZARAGOZA\.m2\repository\com\stoyanr\evictor\1.0.0\evictor-1.0.0.jar;C:\Users\Pascal.ZARAGOZA\.m2\repository\com\netflix\ribbon\ribbon-eureka\2.3.0\ribbon-eureka-2.3.0.jar;C:\Users\Pascal.ZARAGOZA\.m2\repository\com\thoughtworks\xstream\xstream\1.4.11.1\xstream-1.4.11.1.jar;C:\Users\Pascal.ZARAGOZA\.m2\repository\xmlpull\xmlpull\1.1.3.1\xmlpull-1.1.3.1.jar;C:\Users\Pascal.ZARAGOZA\.m2\repository\xpp3\xpp3_min\1.1.4c\xpp3_min-1.1.4c.jar;C:\Users\Pascal.ZARAGOZA\.m2\repository\com\fasterxml\jackson\core\jackson-databind\2.10.3\jackson-databind-2.10.3.jar;C:\Users\Pascal.ZARAGOZA\.m2\repository\com\fasterxml\jackson\core\jackson-annotations\2.10.3\jackson-annotations-2.10.3.jar;C:\Users\Pascal.ZARAGOZA\.m2\repository\com\fasterxml\jackson\core\jackson-core\2.10.3\jackson-core-2.10.3.jar;"/>
    <property name="sun.cpu.endian" value="little"/>
    <property name="user.home" value="C:\Users\Pascal.ZARAGOZA"/>
    <property name="user.language" value="fr"/>
    <property name="java.specification.vendor" value="Oracle Corporation"/>
    <property name="java.version.date" value="2020-01-14"/>
    <property name="java.home" value="C:\Program Files\Java\jdk-13.0.2"/>
    <property name="file.separator" value="\"/>
    <property name="basedir" value="C:\Users\Pascal.ZARAGOZA\eclipse-workspace\000-testprint\frontend"/>
    <property name="java.vm.compressedOopsMode" value="Zero based"/>
    <property name="line.separator" value="&#10;"/>
    <property name="java.vm.specification.vendor" value="Oracle Corporation"/>
    <property name="jdk.attach.allowAttachSelf" value=""/>
    <property name="java.specification.name" value="Java Platform API Specification"/>
    <property name="surefire.real.class.path" value="C:\Users\Pascal.ZARAGOZA\AppData\Local\Temp\surefire2146326530420366148\surefirebooter18239148693491540290.jar"/>
    <property name="user.script" value=""/>
    <property name="sun.management.compiler" value="HotSpot 64-Bit Tiered Compilers"/>
    <property name="java.runtime.version" value="13.0.2+8"/>
    <property name="user.name" value="Pascal.ZARAGOZA"/>
    <property name="path.separator" value=";"/>
    <property name="os.version" value="10.0"/>
    <property name="java.runtime.name" value="Java(TM) SE Runtime Environment"/>
    <property name="file.encoding" value="Cp1252"/>
    <property name="java.vm.name" value="Java HotSpot(TM) 64-Bit Server VM"/>
    <property name="localRepository" value="C:\Users\Pascal.ZARAGOZA\.m2\repository"/>
    <property name="java.vendor.url.bug" value="https://bugreport.java.com/bugreport/"/>
    <property name="java.io.tmpdir" value="C:\Users\PASCAL~1.ZAR\AppData\Local\Temp\"/>
    <property name="java.version" value="13.0.2"/>
    <property name="user.dir" value="C:\Users\Pascal.ZARAGOZA\eclipse-workspace\000-testprint\frontend"/>
    <property name="os.arch" value="amd64"/>
    <property name="java.vm.specification.name" value="Java Virtual Machine Specification"/>
    <property name="sun.os.patch.level" value=""/>
    <property name="java.library.path" value="C:\Program Files\Java\jdk-13.0.2\bin;C:\WINDOWS\Sun\Java\bin;C:\WINDOWS\system32;C:\WINDOWS;%JAVA_HOME%\bin;C:\WINDOWS\system32;C:\WINDOWS;C:\WINDOWS\System32\Wbem;C:\WINDOWS\System32\WindowsPowerShell\v1.0\;C:\WINDOWS\System32\OpenSSH\;C:\Program Files (x86)\Druide\Antidote 9\Application\Bin64\;C:\Program Files (x86)\Druide\Antidote 9\Application\Bin32\;C:\Program Files\Git\cmd;C:\Program Files\TortoiseSVN\bin;C:\Program Files (x86)\Subversion\bin;C:\Program Files\PuTTY\;C:\Program Files\nodejs\;C:\Gradle\gradle-5.1.1\bin;C:\Strawberry\c\bin;C:\Strawberry\perl\site\bin;C:\Strawberry\perl\bin;C:\Program Files\MySQL\MySQL Server 8.0\bin;;C:\Program Files\Docker\Docker\resources\bin;C:\ProgramData\DockerDesktop\version-bin;C:\Program Files\MySQL\MySQL Shell 8.0\bin\;C:\Program Files\Java\jdk-13.0.2\bin;D:\developpement\maven-3.2.5\bin;C:\Users\Pascal.ZARAGOZA\AppData\Local\Microsoft\WindowsApps;C:\Users\Pascal.ZARAGOZA\AppData\Local\Programs\Microsoft VS Code\bin;C:\Program Files\TortoiseSVN\bin;C:\Users\Pascal.ZARAGOZA\AppData\Roaming\npm;C:\Users\Pascal.ZARAGOZA\AppData\Local\Programs\MiKTeX 2.9\miktex\bin\x64\;C:\Program Files\MySQL\MySQL Server 8.0\bin;C:\Program Files (x86)\Graphviz2.38\bin;;."/>
    <property name="java.vm.info" value="mixed mode, sharing"/>
    <property name="java.vendor" value="Oracle Corporation"/>
    <property name="java.vm.version" value="13.0.2+8"/>
    <property name="sun.io.unicode.encoding" value="UnicodeLittle"/>
    <property name="java.class.version" value="57.0"/>
  </properties>
  <testcase name="constructorOutputNotNull" classname="org.mybatis.jpetstore.web.actions.AccountActionBeanTest" time="1.158"/>
  <testcase name="getUsernameOutputNull" classname="org.mybatis.jpetstore.web.actions.AccountActionBeanTest" time="0.904"/>
  <testcase name="isAuthenticatedOutputFalse" classname="org.mybatis.jpetstore.web.actions.AccountActionBeanTest" time="0.154"/>
  <testcase name="getMyListOutputNull" classname="org.mybatis.jpetstore.web.actions.AccountActionBeanTest" time="0.177"/>
  <testcase name="getAccountOutputNotNull" classname="org.mybatis.jpetstore.web.actions.AccountActionBeanTest" time="0.644"/>
  <testcase name="getPasswordOutputNull" classname="org.mybatis.jpetstore.web.actions.AccountActionBeanTest" time="0.105"/>
</testsuite>